_________________________________________________________________
Layer (type)                 Output Shape              Param #   
=================================================================
input_2 (InputLayer)         (None, 1, 600, 1)         0         
_________________________________________________________________
conv2d_3 (Conv2D)            (None, 1, 600, 64)        256       
_________________________________________________________________
leaky_re_lu_5 (LeakyReLU)    (None, 1, 600, 64)        0         
_________________________________________________________________
conv2d_4 (Conv2D)            (None, 1, 600, 128)       24704     
_________________________________________________________________
leaky_re_lu_6 (LeakyReLU)    (None, 1, 600, 128)       0         
_________________________________________________________________
flatten_2 (Flatten)          (None, 76800)             0         
_________________________________________________________________
dense_3 (Dense)              (None, 512)               39322112  
_________________________________________________________________
leaky_re_lu_7 (LeakyReLU)    (None, 512)               0         
_________________________________________________________________
dense_4 (Dense)              (None, 512)               262656    
_________________________________________________________________
leaky_re_lu_8 (LeakyReLU)    (None, 512)               0         
_________________________________________________________________
D_A_Out (Dense)              (None, 1)                 513       
=================================================================
Total params: 79,220,482
Trainable params: 39,610,241
Non-trainable params: 39,610,241
_________________________________________________________________
_________________________________________________________________
Layer (type)                 Output Shape              Param #   
=================================================================
input_1 (InputLayer)         (None, 1, 600, 1)         0         
_________________________________________________________________
conv2d_1 (Conv2D)            (None, 1, 600, 64)        256       
_________________________________________________________________
leaky_re_lu_1 (LeakyReLU)    (None, 1, 600, 64)        0         
_________________________________________________________________
conv2d_2 (Conv2D)            (None, 1, 600, 128)       24704     
_________________________________________________________________
leaky_re_lu_2 (LeakyReLU)    (None, 1, 600, 128)       0         
_________________________________________________________________
flatten_1 (Flatten)          (None, 76800)             0         
_________________________________________________________________
dense_1 (Dense)              (None, 512)               39322112  
_________________________________________________________________
leaky_re_lu_3 (LeakyReLU)    (None, 512)               0         
_________________________________________________________________
dense_2 (Dense)              (None, 512)               262656    
_________________________________________________________________
leaky_re_lu_4 (LeakyReLU)    (None, 512)               0         
_________________________________________________________________
D_B_Out (Dense)              (None, 1)                 513       
=================================================================
Total params: 79,220,482
Trainable params: 39,610,241
Non-trainable params: 39,610,241
_________________________________________________________________
__________________________________________________________________________________________________
Layer (type)                    Output Shape         Param #     Connected to                     
==================================================================================================
ivec_b (InputLayer)             (None, 1, 600, 1)    0                                            
__________________________________________________________________________________________________
ivec_a (InputLayer)             (None, 1, 600, 1)    0                                            
__________________________________________________________________________________________________
model_4 (Model)                 (None, 1, 600, 1)    653345      ivec_b[0][0]                     
                                                                 model_3[1][0]                    
                                                                 ivec_a[0][0]                     
__________________________________________________________________________________________________
model_3 (Model)                 (None, 1, 600, 1)    653345      ivec_a[0][0]                     
                                                                 model_4[1][0]                    
                                                                 ivec_b[0][0]                     
__________________________________________________________________________________________________
model_2 (Model)                 (None, 1)            39610241    model_4[1][0]                    
__________________________________________________________________________________________________
model_1 (Model)                 (None, 1)            39610241    model_3[1][0]                    
==================================================================================================
Total params: 80,527,172
Trainable params: 1,306,690
Non-trainable params: 79,220,482
__________________________________________________________________________________________________
Start CycleGAN training.
[Epoch 1/50] [Batch 0/516] [D loss: 16.032249, acc:   0%] [G loss: 22.288811, adv: 0.159174, cyc: 0.915781, id: 0.930949] time: 0:02:03.469767 
[Epoch 1/50] [Batch 100/516] [D loss: 0.080015, acc:  92%] [G loss: 15.001221, adv: 0.965018, cyc: 0.563610, id: 0.481015] time: 0:03:12.227809 
[Epoch 1/50] [Batch 200/516] [D loss: 0.040800, acc:  97%] [G loss: 13.466299, adv: 0.958934, cyc: 0.497034, id: 0.429365] time: 0:04:20.948052 
[Epoch 1/50] [Batch 300/516] [D loss: 0.009979, acc: 100%] [G loss: 12.447042, adv: 0.875975, cyc: 0.459985, id: 0.408380] time: 0:05:29.641806 
[Epoch 1/50] [Batch 400/516] [D loss: 0.014836, acc:  99%] [G loss: 11.695197, adv: 0.812231, cyc: 0.432726, id: 0.386826] time: 0:06:38.327228 
[Epoch 1/50] [Batch 500/516] [D loss: 0.011232, acc: 100%] [G loss: 11.662781, adv: 0.868370, cyc: 0.424923, id: 0.396568] time: 0:07:46.996243 
[Epoch 2/50] [Batch 0/516] [D loss: 0.005150, acc: 100%] [G loss: 11.175476, adv: 0.763049, cyc: 0.413571, id: 0.358106] time: 0:07:57.981340 
[Epoch 2/50] [Batch 100/516] [D loss: 0.006931, acc:  99%] [G loss: 11.132202, adv: 0.891042, cyc: 0.401076, id: 0.361106] time: 0:09:06.646934 
[Epoch 2/50] [Batch 200/516] [D loss: 0.010840, acc: 100%] [G loss: 11.126276, adv: 0.952316, cyc: 0.395056, id: 0.357305] time: 0:10:15.306679 
[Epoch 2/50] [Batch 300/516] [D loss: 0.021295, acc:  98%] [G loss: 10.776956, adv: 0.951276, cyc: 0.380476, id: 0.351059] time: 0:11:23.970242 
[Epoch 2/50] [Batch 400/516] [D loss: 0.008090, acc: 100%] [G loss: 10.413148, adv: 0.879689, cyc: 0.369970, id: 0.346162] time: 0:12:32.646764 
[Epoch 2/50] [Batch 500/516] [D loss: 0.020610, acc:  98%] [G loss: 10.722488, adv: 1.038387, cyc: 0.370513, id: 0.348191] time: 0:13:41.306768 
[Epoch 3/50] [Batch 0/516] [D loss: 0.004009, acc: 100%] [G loss: 10.049996, adv: 0.868816, cyc: 0.355639, id: 0.317646] time: 0:13:52.290288 
[Epoch 3/50] [Batch 100/516] [D loss: 0.007636, acc: 100%] [G loss: 10.136141, adv: 0.962656, cyc: 0.352064, id: 0.315738] time: 0:15:00.938781 
[Epoch 3/50] [Batch 200/516] [D loss: 0.006777, acc: 100%] [G loss: 10.344728, adv: 1.013884, cyc: 0.355878, id: 0.322627] time: 0:16:09.594827 
[Epoch 3/50] [Batch 300/516] [D loss: 0.003407, acc: 100%] [G loss: 10.050051, adv: 0.973632, cyc: 0.346312, id: 0.328541] time: 0:17:18.262847 
[Epoch 3/50] [Batch 400/516] [D loss: 0.003101, acc: 100%] [G loss: 9.933672, adv: 1.022917, cyc: 0.337333, id: 0.319147] time: 0:18:26.913314 
[Epoch 3/50] [Batch 500/516] [D loss: 0.006317, acc: 100%] [G loss: 10.089018, adv: 1.024412, cyc: 0.343727, id: 0.331387] time: 0:19:35.546708 
[Epoch 4/50] [Batch 0/516] [D loss: 0.003323, acc: 100%] [G loss: 9.525373, adv: 0.916018, cyc: 0.329114, id: 0.295249] time: 0:19:46.527007 
[Epoch 4/50] [Batch 100/516] [D loss: 0.003240, acc: 100%] [G loss: 9.550990, adv: 0.947091, cyc: 0.327416, id: 0.299446] time: 0:20:55.169084 
[Epoch 4/50] [Batch 200/516] [D loss: 0.003056, acc: 100%] [G loss: 9.771608, adv: 0.973336, cyc: 0.334619, id: 0.305488] time: 0:22:03.802779 
[Epoch 4/50] [Batch 300/516] [D loss: 0.004303, acc: 100%] [G loss: 9.756593, adv: 1.040541, cyc: 0.328228, id: 0.310824] time: 0:23:12.436765 
[Epoch 4/50] [Batch 400/516] [D loss: 0.001772, acc: 100%] [G loss: 9.376828, adv: 0.926528, cyc: 0.321210, id: 0.305526] time: 0:24:21.076142 
[Epoch 4/50] [Batch 500/516] [D loss: 0.002382, acc: 100%] [G loss: 9.503506, adv: 0.925662, cyc: 0.326900, id: 0.317517] time: 0:25:29.708132 
[Epoch 5/50] [Batch 0/516] [D loss: 0.003776, acc: 100%] [G loss: 9.331745, adv: 1.006818, cyc: 0.312500, id: 0.281678] time: 0:25:40.690649 
[Epoch 5/50] [Batch 100/516] [D loss: 0.001549, acc: 100%] [G loss: 9.360649, adv: 0.982665, cyc: 0.316124, id: 0.289732] time: 0:26:49.330933 
[Epoch 5/50] [Batch 200/516] [D loss: 0.001091, acc: 100%] [G loss: 9.439361, adv: 0.962216, cyc: 0.321190, id: 0.296645] time: 0:27:57.974505 
[Epoch 5/50] [Batch 300/516] [D loss: 0.002550, acc: 100%] [G loss: 9.321861, adv: 0.987714, cyc: 0.313571, id: 0.303177] time: 0:29:06.604285 
[Epoch 5/50] [Batch 400/516] [D loss: 0.008852, acc:  99%] [G loss: 9.342592, adv: 1.050329, cyc: 0.309670, id: 0.294655] time: 0:30:15.241122 
[Epoch 5/50] [Batch 500/516] [D loss: 0.002721, acc: 100%] [G loss: 9.356062, adv: 0.960406, cyc: 0.317369, id: 0.311408] time: 0:31:23.892810 
[Epoch 6/50] [Batch 0/516] [D loss: 0.002810, acc: 100%] [G loss: 9.047637, adv: 0.983163, cyc: 0.302377, id: 0.277444] time: 0:31:40.554329 
[Epoch 6/50] [Batch 100/516] [D loss: 0.002265, acc: 100%] [G loss: 9.194267, adv: 1.017979, cyc: 0.305957, id: 0.283080] time: 0:32:49.189939 
[Epoch 6/50] [Batch 200/516] [D loss: 0.002692, acc: 100%] [G loss: 9.281723, adv: 0.974311, cyc: 0.313044, id: 0.291253] time: 0:33:57.831759 
[Epoch 6/50] [Batch 300/516] [D loss: 0.005858, acc:  99%] [G loss: 9.244010, adv: 1.010001, cyc: 0.308336, id: 0.299707] time: 0:35:06.466716 
[Epoch 6/50] [Batch 400/516] [D loss: 0.004543, acc: 100%] [G loss: 9.108317, adv: 1.016329, cyc: 0.302029, id: 0.291268] time: 0:36:15.105049 
[Epoch 6/50] [Batch 500/516] [D loss: 0.000557, acc: 100%] [G loss: 9.159694, adv: 0.964524, cyc: 0.308298, id: 0.308950] time: 0:37:23.733329 
[Epoch 7/50] [Batch 0/516] [D loss: 0.001890, acc: 100%] [G loss: 8.847486, adv: 0.971060, cyc: 0.294809, id: 0.271522] time: 0:37:34.715100 
[Epoch 7/50] [Batch 100/516] [D loss: 0.003186, acc: 100%] [G loss: 8.955197, adv: 0.985245, cyc: 0.298457, id: 0.279480] time: 0:38:43.340853 
[Epoch 7/50] [Batch 200/516] [D loss: 0.014233, acc: 100%] [G loss: 9.121914, adv: 0.975442, cyc: 0.305827, id: 0.284791] time: 0:39:51.980177 
[Epoch 7/50] [Batch 300/516] [D loss: 0.001021, acc: 100%] [G loss: 8.968767, adv: 0.970923, cyc: 0.299730, id: 0.293600] time: 0:41:00.629962 
[Epoch 7/50] [Batch 400/516] [D loss: 0.000589, acc: 100%] [G loss: 8.793862, adv: 0.934298, cyc: 0.295335, id: 0.290611] time: 0:42:09.278364 
[Epoch 7/50] [Batch 500/516] [D loss: 0.000805, acc: 100%] [G loss: 8.983892, adv: 0.949244, cyc: 0.301813, id: 0.305854] time: 0:43:17.930976 
[Epoch 8/50] [Batch 0/516] [D loss: 0.002004, acc: 100%] [G loss: 8.670225, adv: 0.965576, cyc: 0.287270, id: 0.268305] time: 0:43:28.912367 
[Epoch 8/50] [Batch 100/516] [D loss: 0.006012, acc:  99%] [G loss: 8.658656, adv: 0.920080, cyc: 0.291280, id: 0.274477] time: 0:44:37.558047 
[Epoch 8/50] [Batch 200/516] [D loss: 0.001844, acc: 100%] [G loss: 8.912791, adv: 0.932487, cyc: 0.300727, id: 0.280816] time: 0:45:46.195060 
[Epoch 8/50] [Batch 300/516] [D loss: 0.001506, acc: 100%] [G loss: 8.795478, adv: 0.961158, cyc: 0.292942, id: 0.289351] time: 0:46:54.832450 
[Epoch 8/50] [Batch 400/516] [D loss: 0.000789, acc: 100%] [G loss: 8.799412, adv: 1.002212, cyc: 0.289975, id: 0.285500] time: 0:48:03.474202 
[Epoch 8/50] [Batch 500/516] [D loss: 0.001221, acc: 100%] [G loss: 8.928875, adv: 0.999561, cyc: 0.295093, id: 0.299039] time: 0:49:12.107230 
[Epoch 9/50] [Batch 0/516] [D loss: 0.000556, acc: 100%] [G loss: 8.502522, adv: 0.947211, cyc: 0.281537, id: 0.263859] time: 0:49:23.087223 
[Epoch 9/50] [Batch 100/516] [D loss: 0.000594, acc: 100%] [G loss: 8.615347, adv: 0.954709, cyc: 0.286146, id: 0.273313] time: 0:50:31.728170 
[Epoch 9/50] [Batch 200/516] [D loss: 0.000807, acc: 100%] [G loss: 8.867712, adv: 0.998833, cyc: 0.292947, id: 0.277601] time: 0:51:40.359181 
[Epoch 9/50] [Batch 300/516] [D loss: 0.001238, acc: 100%] [G loss: 8.693909, adv: 0.952418, cyc: 0.288992, id: 0.290565] time: 0:52:48.972018 
[Epoch 9/50] [Batch 400/516] [D loss: 0.001206, acc: 100%] [G loss: 8.706200, adv: 0.996549, cyc: 0.286288, id: 0.280702] time: 0:53:57.590068 
[Epoch 9/50] [Batch 500/516] [D loss: 0.001369, acc: 100%] [G loss: 8.733705, adv: 0.943135, cyc: 0.291749, id: 0.295954] time: 0:55:06.192126 
[Epoch 10/50] [Batch 0/516] [D loss: 0.000534, acc: 100%] [G loss: 8.548629, adv: 1.014424, cyc: 0.277916, id: 0.262242] time: 0:55:17.165581 
[Epoch 10/50] [Batch 100/516] [D loss: 0.003372, acc: 100%] [G loss: 8.624575, adv: 1.012688, cyc: 0.281269, id: 0.271687] time: 0:56:25.740489 
[Epoch 10/50] [Batch 200/516] [D loss: 0.000759, acc: 100%] [G loss: 8.669531, adv: 0.927122, cyc: 0.290639, id: 0.276128] time: 0:57:34.305861 
[Epoch 10/50] [Batch 300/516] [D loss: 0.000370, acc: 100%] [G loss: 8.626364, adv: 0.965131, cyc: 0.285154, id: 0.284208] time: 0:58:42.878108 
[Epoch 10/50] [Batch 400/516] [D loss: 0.002194, acc: 100%] [G loss: 8.458962, adv: 0.948595, cyc: 0.279562, id: 0.276901] time: 0:59:51.446368 
[Epoch 10/50] [Batch 500/516] [D loss: 0.000487, acc: 100%] [G loss: 8.739006, adv: 0.981553, cyc: 0.288487, id: 0.293448] time: 1:01:00.015852 
[Epoch 11/50] [Batch 0/516] [D loss: 0.001704, acc: 100%] [G loss: 8.477337, adv: 1.023284, cyc: 0.273518, id: 0.263624] time: 1:01:12.050570 
[Epoch 11/50] [Batch 100/516] [D loss: 0.000236, acc: 100%] [G loss: 8.420824, adv: 0.962381, cyc: 0.276833, id: 0.267615] time: 1:02:20.613737 
[Epoch 11/50] [Batch 200/516] [D loss: 0.000896, acc: 100%] [G loss: 8.642094, adv: 0.968416, cyc: 0.285839, id: 0.272586] time: 1:03:29.178239 
[Epoch 11/50] [Batch 300/516] [D loss: 0.001467, acc: 100%] [G loss: 8.592913, adv: 0.997912, cyc: 0.280711, id: 0.282056] time: 1:04:37.744316 
[Epoch 11/50] [Batch 400/516] [D loss: 0.000193, acc: 100%] [G loss: 8.427108, adv: 0.958807, cyc: 0.277078, id: 0.275485] time: 1:05:46.307126 
[Epoch 11/50] [Batch 500/516] [D loss: 0.000594, acc: 100%] [G loss: 8.664933, adv: 0.992291, cyc: 0.284468, id: 0.288579] time: 1:06:54.873710 
[Epoch 12/50] [Batch 0/516] [D loss: 0.000968, acc: 100%] [G loss: 8.279628, adv: 0.955783, cyc: 0.271114, id: 0.260625] time: 1:07:05.841212 
[Epoch 12/50] [Batch 100/516] [D loss: 0.000927, acc: 100%] [G loss: 8.304499, adv: 0.937142, cyc: 0.274402, id: 0.262451] time: 1:08:14.412508 
[Epoch 12/50] [Batch 200/516] [D loss: 0.001045, acc: 100%] [G loss: 8.487875, adv: 0.934173, cyc: 0.281784, id: 0.269933] time: 1:09:22.977403 
[Epoch 12/50] [Batch 300/516] [D loss: 0.000815, acc: 100%] [G loss: 8.452964, adv: 0.952783, cyc: 0.278373, id: 0.281605] time: 1:10:31.542214 
[Epoch 12/50] [Batch 400/516] [D loss: 0.000566, acc: 100%] [G loss: 8.397030, adv: 0.984989, cyc: 0.273626, id: 0.271929] time: 1:11:40.128675 
[Epoch 12/50] [Batch 500/516] [D loss: 0.002123, acc: 100%] [G loss: 8.635562, adv: 1.024410, cyc: 0.280175, id: 0.288251] time: 1:12:48.709980 
[Epoch 13/50] [Batch 0/516] [D loss: 0.004024, acc: 100%] [G loss: 8.272966, adv: 1.012158, cyc: 0.265560, id: 0.256807] time: 1:12:59.681666 
[Epoch 13/50] [Batch 100/516] [D loss: 0.000998, acc: 100%] [G loss: 8.280412, adv: 0.961535, cyc: 0.270859, id: 0.261700] time: 1:14:08.243131 
[Epoch 13/50] [Batch 200/516] [D loss: 0.000327, acc: 100%] [G loss: 8.474599, adv: 0.963915, cyc: 0.278732, id: 0.266284] time: 1:15:16.815826 
[Epoch 13/50] [Batch 300/516] [D loss: 0.001032, acc: 100%] [G loss: 8.358092, adv: 0.961820, cyc: 0.273488, id: 0.277859] time: 1:16:25.377626 
[Epoch 13/50] [Batch 400/516] [D loss: 0.005675, acc:  99%] [G loss: 8.274524, adv: 0.966478, cyc: 0.270064, id: 0.271310] time: 1:17:33.945369 
[Epoch 13/50] [Batch 500/516] [D loss: 0.000418, acc: 100%] [G loss: 8.496423, adv: 0.975552, cyc: 0.278204, id: 0.288334] time: 1:18:42.501143 
[Epoch 14/50] [Batch 0/516] [D loss: 0.001108, acc: 100%] [G loss: 8.168830, adv: 0.970535, cyc: 0.264469, id: 0.257564] time: 1:18:53.472697 
[Epoch 14/50] [Batch 100/516] [D loss: 0.000506, acc: 100%] [G loss: 8.201293, adv: 0.952281, cyc: 0.268346, id: 0.257407] time: 1:20:02.029933 
[Epoch 14/50] [Batch 200/516] [D loss: 0.004305, acc: 100%] [G loss: 8.366926, adv: 0.922982, cyc: 0.277696, id: 0.266599] time: 1:21:10.599143 
[Epoch 14/50] [Batch 300/516] [D loss: 0.001022, acc: 100%] [G loss: 8.433989, adv: 1.018389, cyc: 0.271646, id: 0.277568] time: 1:22:19.167328 
[Epoch 14/50] [Batch 400/516] [D loss: 0.001751, acc: 100%] [G loss: 8.313891, adv: 1.005121, cyc: 0.267661, id: 0.274360] time: 1:23:27.730654 
[Epoch 14/50] [Batch 500/516] [D loss: 0.000736, acc: 100%] [G loss: 8.465855, adv: 0.991229, cyc: 0.275296, id: 0.288012] time: 1:24:36.302742 
[Epoch 15/50] [Batch 0/516] [D loss: 0.000409, acc: 100%] [G loss: 8.113462, adv: 0.983009, cyc: 0.261520, id: 0.250423] time: 1:24:47.274275 
[Epoch 15/50] [Batch 100/516] [D loss: 0.000182, acc: 100%] [G loss: 8.204142, adv: 0.989703, cyc: 0.265016, id: 0.257127] time: 1:25:55.843800 
[Epoch 15/50] [Batch 200/516] [D loss: 0.000541, acc: 100%] [G loss: 8.357303, adv: 0.958261, cyc: 0.273959, id: 0.263072] time: 1:27:04.415665 
[Epoch 15/50] [Batch 300/516] [D loss: 0.000224, acc: 100%] [G loss: 8.232289, adv: 0.941680, cyc: 0.269791, id: 0.275901] time: 1:28:12.988375 
[Epoch 15/50] [Batch 400/516] [D loss: 0.000562, acc: 100%] [G loss: 8.150205, adv: 0.948905, cyc: 0.265638, id: 0.270736] time: 1:29:21.556990 
[Epoch 15/50] [Batch 500/516] [D loss: 0.000539, acc: 100%] [G loss: 8.362566, adv: 0.985668, cyc: 0.271632, id: 0.281426] time: 1:30:30.132780 
[Epoch 16/50] [Batch 0/516] [D loss: 0.000460, acc: 100%] [G loss: 8.060765, adv: 0.981699, cyc: 0.259243, id: 0.250766] time: 1:30:42.572894 
[Epoch 16/50] [Batch 100/516] [D loss: 0.000258, acc: 100%] [G loss: 8.109358, adv: 0.976136, cyc: 0.261936, id: 0.258272] time: 1:31:51.161846 
[Epoch 16/50] [Batch 200/516] [D loss: 0.000516, acc: 100%] [G loss: 8.305018, adv: 0.957989, cyc: 0.271849, id: 0.261407] time: 1:32:59.743670 
[Epoch 16/50] [Batch 300/516] [D loss: 0.000747, acc: 100%] [G loss: 8.290702, adv: 1.019386, cyc: 0.264954, id: 0.277765] time: 1:34:08.325523 
[Epoch 16/50] [Batch 400/516] [D loss: 0.000320, acc: 100%] [G loss: 8.087509, adv: 0.949963, cyc: 0.262559, id: 0.271957] time: 1:35:16.895659 
[Epoch 16/50] [Batch 500/516] [D loss: 0.000298, acc: 100%] [G loss: 8.240929, adv: 0.950008, cyc: 0.269152, id: 0.280653] time: 1:36:25.468745 
[Epoch 17/50] [Batch 0/516] [D loss: 0.000195, acc: 100%] [G loss: 8.013306, adv: 0.976789, cyc: 0.257493, id: 0.249068] time: 1:36:36.441161 
[Epoch 17/50] [Batch 100/516] [D loss: 0.001516, acc: 100%] [G loss: 8.212424, adv: 1.029063, cyc: 0.261509, id: 0.259443] time: 1:37:45.010325 
[Epoch 17/50] [Batch 200/516] [D loss: 0.000900, acc: 100%] [G loss: 8.288617, adv: 0.978494, cyc: 0.269265, id: 0.262208] time: 1:38:53.589547 
[Epoch 17/50] [Batch 300/516] [D loss: 0.000123, acc: 100%] [G loss: 8.205335, adv: 0.981530, cyc: 0.264489, id: 0.274172] time: 1:40:02.169598 
[Epoch 17/50] [Batch 400/516] [D loss: 0.000724, acc: 100%] [G loss: 8.148331, adv: 0.996724, cyc: 0.261320, id: 0.267838] time: 1:41:10.745082 
[Epoch 17/50] [Batch 500/516] [D loss: 0.000156, acc: 100%] [G loss: 8.229836, adv: 0.973375, cyc: 0.266967, id: 0.276939] time: 1:42:19.322557 
[Epoch 18/50] [Batch 0/516] [D loss: 0.001145, acc: 100%] [G loss: 8.033582, adv: 1.017483, cyc: 0.254385, id: 0.250749] time: 1:42:30.292085 
[Epoch 18/50] [Batch 100/516] [D loss: 0.000364, acc: 100%] [G loss: 7.986027, adv: 0.970541, cyc: 0.257137, id: 0.254116] time: 1:43:38.858970 
[Epoch 18/50] [Batch 200/516] [D loss: 0.000324, acc: 100%] [G loss: 8.263911, adv: 0.998271, cyc: 0.266258, id: 0.259757] time: 1:44:47.429777 
[Epoch 18/50] [Batch 300/516] [D loss: 0.000356, acc: 100%] [G loss: 8.125788, adv: 0.967340, cyc: 0.262728, id: 0.272326] time: 1:45:55.998043 
[Epoch 18/50] [Batch 400/516] [D loss: 0.000481, acc: 100%] [G loss: 7.996342, adv: 0.968647, cyc: 0.257055, id: 0.265593] time: 1:47:04.562629 
[Epoch 18/50] [Batch 500/516] [D loss: 0.000262, acc: 100%] [G loss: 8.109784, adv: 0.936434, cyc: 0.264130, id: 0.281168] time: 1:48:13.135948 
[Epoch 19/50] [Batch 0/516] [D loss: 0.000218, acc: 100%] [G loss: 7.905089, adv: 0.979969, cyc: 0.251798, id: 0.251206] time: 1:48:24.108068 
[Epoch 19/50] [Batch 100/516] [D loss: 0.000449, acc: 100%] [G loss: 7.941312, adv: 0.960858, cyc: 0.256006, id: 0.252571] time: 1:49:32.678058 
[Epoch 19/50] [Batch 200/516] [D loss: 0.000281, acc: 100%] [G loss: 8.191312, adv: 0.976150, cyc: 0.265268, id: 0.256531] time: 1:50:41.251504 
[Epoch 19/50] [Batch 300/516] [D loss: 0.000451, acc: 100%] [G loss: 8.063754, adv: 0.972160, cyc: 0.259178, id: 0.271027] time: 1:51:49.822132 
[Epoch 19/50] [Batch 400/516] [D loss: 0.000369, acc: 100%] [G loss: 8.092940, adv: 1.013796, cyc: 0.257059, id: 0.271452] time: 1:52:58.394626 
[Epoch 19/50] [Batch 500/516] [D loss: 0.000519, acc: 100%] [G loss: 8.200682, adv: 0.986513, cyc: 0.264180, id: 0.279262] time: 1:54:06.972166 
[Epoch 20/50] [Batch 0/516] [D loss: 0.000695, acc: 100%] [G loss: 7.843768, adv: 0.970046, cyc: 0.250186, id: 0.245958] time: 1:54:17.943579 
[Epoch 20/50] [Batch 100/516] [D loss: 0.000241, acc: 100%] [G loss: 7.940589, adv: 0.993490, cyc: 0.252555, id: 0.255318] time: 1:55:26.521007 
[Epoch 20/50] [Batch 200/516] [D loss: 0.000138, acc: 100%] [G loss: 8.161459, adv: 1.004390, cyc: 0.260626, id: 0.257541] time: 1:56:35.105551 
[Epoch 20/50] [Batch 300/516] [D loss: 0.000143, acc: 100%] [G loss: 8.040549, adv: 0.969850, cyc: 0.258717, id: 0.265468] time: 1:57:43.681126 
[Epoch 20/50] [Batch 400/516] [D loss: 0.000140, acc: 100%] [G loss: 7.918393, adv: 0.969201, cyc: 0.253389, id: 0.263442] time: 1:58:52.255756 
[Epoch 20/50] [Batch 500/516] [D loss: 0.000261, acc: 100%] [G loss: 8.103971, adv: 0.972435, cyc: 0.261180, id: 0.274396] time: 2:00:00.833689 
[Epoch 21/50] [Batch 0/516] [D loss: 0.000166, acc: 100%] [G loss: 7.864193, adv: 0.990229, cyc: 0.249708, id: 0.239987] time: 2:00:13.300038 
[Epoch 21/50] [Batch 100/516] [D loss: 0.000141, acc: 100%] [G loss: 7.872282, adv: 0.962177, cyc: 0.252747, id: 0.249253] time: 2:01:21.891219 
[Epoch 21/50] [Batch 200/516] [D loss: 0.000183, acc: 100%] [G loss: 8.029542, adv: 0.958275, cyc: 0.259257, id: 0.253859] time: 2:02:30.467772 
[Epoch 21/50] [Batch 300/516] [D loss: 0.001224, acc: 100%] [G loss: 8.088378, adv: 1.013397, cyc: 0.256371, id: 0.273183] time: 2:03:39.034950 
[Epoch 21/50] [Batch 400/516] [D loss: 0.000148, acc: 100%] [G loss: 7.944232, adv: 0.995573, cyc: 0.252111, id: 0.265456] time: 2:04:47.610851 
[Epoch 21/50] [Batch 500/516] [D loss: 0.000709, acc: 100%] [G loss: 8.056288, adv: 0.954840, cyc: 0.260847, id: 0.272357] time: 2:05:56.185020 
[Epoch 22/50] [Batch 0/516] [D loss: 0.000648, acc: 100%] [G loss: 7.767257, adv: 0.980624, cyc: 0.245888, id: 0.242580] time: 2:06:07.155494 
[Epoch 22/50] [Batch 100/516] [D loss: 0.000400, acc: 100%] [G loss: 7.883414, adv: 0.992672, cyc: 0.250377, id: 0.252258] time: 2:07:15.731388 
[Epoch 22/50] [Batch 200/516] [D loss: 0.000509, acc: 100%] [G loss: 8.066920, adv: 0.984742, cyc: 0.258356, id: 0.256332] time: 2:08:24.311186 
[Epoch 22/50] [Batch 300/516] [D loss: 0.000149, acc: 100%] [G loss: 7.986210, adv: 0.974447, cyc: 0.255478, id: 0.268425] time: 2:09:32.878318 
[Epoch 22/50] [Batch 400/516] [D loss: 0.000563, acc: 100%] [G loss: 7.922399, adv: 1.009133, cyc: 0.250025, id: 0.263379] time: 2:10:41.454048 
[Epoch 22/50] [Batch 500/516] [D loss: 0.000074, acc: 100%] [G loss: 8.021221, adv: 0.952428, cyc: 0.259060, id: 0.273161] time: 2:11:50.032011 
[Epoch 23/50] [Batch 0/516] [D loss: 0.000213, acc: 100%] [G loss: 7.788614, adv: 1.007530, cyc: 0.244226, id: 0.247454] time: 2:12:01.004845 
[Epoch 23/50] [Batch 100/516] [D loss: 0.000282, acc: 100%] [G loss: 7.885364, adv: 1.000101, cyc: 0.249955, id: 0.246124] time: 2:13:09.576798 
[Epoch 23/50] [Batch 200/516] [D loss: 0.000084, acc: 100%] [G loss: 7.966498, adv: 0.948189, cyc: 0.257395, id: 0.254417] time: 2:14:18.149646 
[Epoch 23/50] [Batch 300/516] [D loss: 0.000194, acc: 100%] [G loss: 7.981888, adv: 1.000142, cyc: 0.252796, id: 0.269429] time: 2:15:26.721316 
[Epoch 23/50] [Batch 400/516] [D loss: 0.000081, acc: 100%] [G loss: 7.846837, adv: 0.969633, cyc: 0.249689, id: 0.263334] time: 2:16:35.294490 
[Epoch 23/50] [Batch 500/516] [D loss: 0.000383, acc: 100%] [G loss: 8.026115, adv: 0.993494, cyc: 0.255692, id: 0.273522] time: 2:17:43.874708 
[Epoch 24/50] [Batch 0/516] [D loss: 0.000199, acc: 100%] [G loss: 7.699007, adv: 0.980917, cyc: 0.242909, id: 0.240492] time: 2:17:54.845948 
[Epoch 24/50] [Batch 100/516] [D loss: 0.000214, acc: 100%] [G loss: 7.744069, adv: 0.976063, cyc: 0.245458, id: 0.247058] time: 2:19:03.421804 
[Epoch 24/50] [Batch 200/516] [D loss: 0.000146, acc: 100%] [G loss: 8.036874, adv: 0.985149, cyc: 0.257712, id: 0.250803] time: 2:20:11.998329 
[Epoch 24/50] [Batch 300/516] [D loss: 0.000049, acc: 100%] [G loss: 7.918309, adv: 0.978353, cyc: 0.252354, id: 0.264531] time: 2:21:20.574374 
[Epoch 24/50] [Batch 400/516] [D loss: 0.000238, acc: 100%] [G loss: 7.850307, adv: 1.005567, cyc: 0.247014, id: 0.258472] time: 2:22:29.150903 
[Epoch 24/50] [Batch 500/516] [D loss: 0.000189, acc: 100%] [G loss: 7.963301, adv: 0.969361, cyc: 0.255118, id: 0.271247] time: 2:23:37.733255 
[Epoch 25/50] [Batch 0/516] [D loss: 0.000175, acc: 100%] [G loss: 7.675561, adv: 0.980634, cyc: 0.241776, id: 0.242113] time: 2:23:48.706413 
[Epoch 25/50] [Batch 100/516] [D loss: 0.000110, acc: 100%] [G loss: 7.800774, adv: 1.004860, cyc: 0.245564, id: 0.248173] time: 2:24:57.282553 
[Epoch 25/50] [Batch 200/516] [D loss: 0.000249, acc: 100%] [G loss: 7.914798, adv: 0.971529, cyc: 0.253014, id: 0.252764] time: 2:26:05.853754 
[Epoch 25/50] [Batch 300/516] [D loss: 0.000139, acc: 100%] [G loss: 7.903939, adv: 0.992711, cyc: 0.250771, id: 0.261956] time: 2:27:14.424243 
[Epoch 25/50] [Batch 400/516] [D loss: 0.000211, acc: 100%] [G loss: 7.796180, adv: 0.992074, cyc: 0.245630, id: 0.261450] time: 2:28:22.990517 
[Epoch 25/50] [Batch 500/516] [D loss: 0.000093, acc: 100%] [G loss: 7.933854, adv: 0.984496, cyc: 0.253037, id: 0.263345] time: 2:29:31.567280 
[Epoch 26/50] [Batch 0/516] [D loss: 0.000192, acc: 100%] [G loss: 7.649082, adv: 0.977249, cyc: 0.241485, id: 0.237616] time: 2:29:43.633709 
[Epoch 26/50] [Batch 100/516] [D loss: 0.000241, acc: 100%] [G loss: 7.634538, adv: 0.959925, cyc: 0.242232, id: 0.245116] time: 2:30:52.219211 
[Epoch 26/50] [Batch 200/516] [D loss: 0.000315, acc: 100%] [G loss: 7.975860, adv: 0.977663, cyc: 0.256191, id: 0.245249] time: 2:32:00.793145 
[Epoch 26/50] [Batch 300/516] [D loss: 0.000145, acc: 100%] [G loss: 7.894433, adv: 0.995757, cyc: 0.249876, id: 0.262801] time: 2:33:09.366708 
[Epoch 26/50] [Batch 400/516] [D loss: 0.000253, acc: 100%] [G loss: 7.811208, adv: 1.004926, cyc: 0.245723, id: 0.258519] time: 2:34:17.943175 
[Epoch 26/50] [Batch 500/516] [D loss: 0.000095, acc: 100%] [G loss: 7.884553, adv: 0.972846, cyc: 0.251781, id: 0.267192] time: 2:35:26.521631 
[Epoch 27/50] [Batch 0/516] [D loss: 0.000396, acc: 100%] [G loss: 7.661821, adv: 1.001086, cyc: 0.239131, id: 0.242966] time: 2:35:37.491802 
[Epoch 27/50] [Batch 100/516] [D loss: 0.000096, acc: 100%] [G loss: 7.637619, adv: 0.976914, cyc: 0.240961, id: 0.243943] time: 2:36:46.073462 
[Epoch 27/50] [Batch 200/516] [D loss: 0.000118, acc: 100%] [G loss: 7.896502, adv: 0.978636, cyc: 0.251232, id: 0.254934] time: 2:37:54.655193 
[Epoch 27/50] [Batch 300/516] [D loss: 0.000066, acc: 100%] [G loss: 7.821644, adv: 1.005061, cyc: 0.245966, id: 0.257718] time: 2:39:03.234774 
[Epoch 27/50] [Batch 400/516] [D loss: 0.000233, acc: 100%] [G loss: 7.691937, adv: 0.968998, cyc: 0.244946, id: 0.245850] time: 2:40:11.813622 
[Epoch 27/50] [Batch 500/516] [D loss: 0.000251, acc: 100%] [G loss: 7.889016, adv: 0.979404, cyc: 0.251515, id: 0.262215] time: 2:41:20.390298 
[Epoch 28/50] [Batch 0/516] [D loss: 0.000262, acc: 100%] [G loss: 7.605786, adv: 0.991590, cyc: 0.238296, id: 0.229728] time: 2:41:31.363104 
[Epoch 28/50] [Batch 100/516] [D loss: 0.000235, acc: 100%] [G loss: 7.663388, adv: 0.994874, cyc: 0.240305, id: 0.242552] time: 2:42:39.949506 
[Epoch 28/50] [Batch 200/516] [D loss: 0.000130, acc: 100%] [G loss: 7.769407, adv: 0.957708, cyc: 0.247676, id: 0.248412] time: 2:43:48.519762 
[Epoch 28/50] [Batch 300/516] [D loss: 0.000477, acc: 100%] [G loss: 7.763899, adv: 0.962437, cyc: 0.247122, id: 0.259687] time: 2:44:57.093561 
[Epoch 28/50] [Batch 400/516] [D loss: 0.000167, acc: 100%] [G loss: 7.712329, adv: 0.992213, cyc: 0.242803, id: 0.251064] time: 2:46:05.668733 
[Epoch 28/50] [Batch 500/516] [D loss: 0.000081, acc: 100%] [G loss: 7.942248, adv: 1.009097, cyc: 0.250953, id: 0.267426] time: 2:47:14.237330 
[Epoch 29/50] [Batch 0/516] [D loss: 0.000360, acc: 100%] [G loss: 7.573405, adv: 0.991764, cyc: 0.237959, id: 0.226101] time: 2:47:25.210041 
[Epoch 29/50] [Batch 100/516] [D loss: 0.000065, acc: 100%] [G loss: 7.613913, adv: 0.970977, cyc: 0.240525, id: 0.240152] time: 2:48:33.789319 
[Epoch 29/50] [Batch 200/516] [D loss: 0.000150, acc: 100%] [G loss: 7.800236, adv: 0.990414, cyc: 0.246484, id: 0.245408] time: 2:49:42.371944 
[Epoch 29/50] [Batch 300/516] [D loss: 0.000207, acc: 100%] [G loss: 7.627504, adv: 0.935517, cyc: 0.243889, id: 0.252885] time: 2:50:50.952290 
[Epoch 29/50] [Batch 400/516] [D loss: 0.000140, acc: 100%] [G loss: 7.621872, adv: 0.970860, cyc: 0.240722, id: 0.249468] time: 2:51:59.544034 
[Epoch 29/50] [Batch 500/516] [D loss: 0.000226, acc: 100%] [G loss: 7.787606, adv: 0.966422, cyc: 0.248728, id: 0.258512] time: 2:53:08.111321 
[Epoch 30/50] [Batch 0/516] [D loss: 0.000050, acc: 100%] [G loss: 7.511499, adv: 0.988460, cyc: 0.234880, id: 0.229204] time: 2:53:19.080603 
[Epoch 30/50] [Batch 100/516] [D loss: 0.026412, acc:  97%] [G loss: 7.571474, adv: 0.957074, cyc: 0.241072, id: 0.232651] time: 2:54:27.660809 
[Epoch 30/50] [Batch 200/516] [D loss: 0.000367, acc: 100%] [G loss: 7.810008, adv: 0.972528, cyc: 0.249554, id: 0.241317] time: 2:55:36.242878 
[Epoch 30/50] [Batch 300/516] [D loss: 0.000269, acc: 100%] [G loss: 7.762086, adv: 0.995394, cyc: 0.244295, id: 0.254893] time: 2:56:44.820294 
[Epoch 30/50] [Batch 400/516] [D loss: 0.000588, acc: 100%] [G loss: 7.634027, adv: 0.997634, cyc: 0.239213, id: 0.245154] time: 2:57:53.397368 
[Epoch 30/50] [Batch 500/516] [D loss: 0.000552, acc: 100%] [G loss: 7.816981, adv: 0.990482, cyc: 0.248110, id: 0.255656] time: 2:59:01.996338 
[Epoch 31/50] [Batch 0/516] [D loss: 0.000431, acc: 100%] [G loss: 7.571166, adv: 1.018993, cyc: 0.234739, id: 0.226354] time: 2:59:14.136029 
[Epoch 31/50] [Batch 100/516] [D loss: 0.000158, acc: 100%] [G loss: 7.604644, adv: 0.993268, cyc: 0.238147, id: 0.239744] time: 3:00:22.756821 
[Epoch 31/50] [Batch 200/516] [D loss: 0.000092, acc: 100%] [G loss: 7.790870, adv: 0.975955, cyc: 0.248149, id: 0.241612] time: 3:01:31.335647 
[Epoch 31/50] [Batch 300/516] [D loss: 0.000672, acc: 100%] [G loss: 7.675752, adv: 0.979274, cyc: 0.242922, id: 0.245293] time: 3:02:39.916264 
[Epoch 31/50] [Batch 400/516] [D loss: 0.000093, acc: 100%] [G loss: 7.645078, adv: 0.995210, cyc: 0.239403, id: 0.251994] time: 3:03:48.491487 
[Epoch 31/50] [Batch 500/516] [D loss: 0.000114, acc: 100%] [G loss: 7.806690, adv: 1.013077, cyc: 0.244957, id: 0.259304] time: 3:04:57.056695 
[Epoch 32/50] [Batch 0/516] [D loss: 0.000268, acc: 100%] [G loss: 7.386112, adv: 0.940139, cyc: 0.234425, id: 0.222476] time: 3:05:08.028617 
[Epoch 32/50] [Batch 100/516] [D loss: 0.000112, acc: 100%] [G loss: 7.581175, adv: 0.997108, cyc: 0.237083, id: 0.236534] time: 3:06:16.605195 
[Epoch 32/50] [Batch 200/516] [D loss: 0.000050, acc: 100%] [G loss: 7.747675, adv: 0.997692, cyc: 0.243804, id: 0.241698] time: 3:07:25.173301 
[Epoch 32/50] [Batch 300/516] [D loss: 0.000111, acc: 100%] [G loss: 7.659106, adv: 0.984696, cyc: 0.241586, id: 0.245045] time: 3:08:33.751374 
[Epoch 32/50] [Batch 400/516] [D loss: 0.000205, acc: 100%] [G loss: 7.538769, adv: 0.981648, cyc: 0.236549, id: 0.243608] time: 3:09:42.323272 
[Epoch 32/50] [Batch 500/516] [D loss: 0.000123, acc: 100%] [G loss: 7.681549, adv: 0.953580, cyc: 0.244988, id: 0.254580] time: 3:10:50.911817 
[Epoch 33/50] [Batch 0/516] [D loss: 0.000138, acc: 100%] [G loss: 7.478731, adv: 0.998693, cyc: 0.232774, id: 0.222159] time: 3:11:01.881955 
[Epoch 33/50] [Batch 100/516] [D loss: 0.000097, acc: 100%] [G loss: 7.490543, adv: 0.963249, cyc: 0.235834, id: 0.232587] time: 3:12:10.453340 
[Epoch 33/50] [Batch 200/516] [D loss: 0.000120, acc: 100%] [G loss: 7.761530, adv: 1.011849, cyc: 0.243287, id: 0.239247] time: 3:13:19.023135 
[Epoch 33/50] [Batch 300/516] [D loss: 0.000157, acc: 100%] [G loss: 7.630106, adv: 0.985663, cyc: 0.239567, id: 0.250353] time: 3:14:27.598287 
[Epoch 33/50] [Batch 400/516] [D loss: 0.000118, acc: 100%] [G loss: 7.511095, adv: 0.965911, cyc: 0.236938, id: 0.239401] time: 3:15:36.168230 
[Epoch 33/50] [Batch 500/516] [D loss: 0.000369, acc: 100%] [G loss: 7.765222, adv: 1.003826, cyc: 0.244558, id: 0.254301] time: 3:16:44.736899 
[Epoch 34/50] [Batch 0/516] [D loss: 0.000095, acc: 100%] [G loss: 7.403392, adv: 0.980783, cyc: 0.230464, id: 0.225740] time: 3:16:55.707221 
[Epoch 34/50] [Batch 100/516] [D loss: 0.000099, acc: 100%] [G loss: 7.490119, adv: 0.979954, cyc: 0.234173, id: 0.234115] time: 3:18:04.280446 
[Epoch 34/50] [Batch 200/516] [D loss: 0.000048, acc: 100%] [G loss: 7.698938, adv: 0.985480, cyc: 0.242782, id: 0.240610] time: 3:19:12.853208 
[Epoch 34/50] [Batch 300/516] [D loss: 0.000263, acc: 100%] [G loss: 7.656600, adv: 1.005589, cyc: 0.239306, id: 0.246011] time: 3:20:21.432140 
[Epoch 34/50] [Batch 400/516] [D loss: 0.000136, acc: 100%] [G loss: 7.481844, adv: 0.958508, cyc: 0.235756, id: 0.242831] time: 3:21:30.015627 
[Epoch 34/50] [Batch 500/516] [D loss: 0.000051, acc: 100%] [G loss: 7.729465, adv: 0.997540, cyc: 0.243375, id: 0.254544] time: 3:22:38.586296 
[Epoch 35/50] [Batch 0/516] [D loss: 0.000092, acc: 100%] [G loss: 7.403343, adv: 0.990284, cyc: 0.230053, id: 0.224090] time: 3:22:49.557819 
[Epoch 35/50] [Batch 100/516] [D loss: 0.000086, acc: 100%] [G loss: 7.491721, adv: 1.000550, cyc: 0.232871, id: 0.230898] time: 3:23:58.135745 
[Epoch 35/50] [Batch 200/516] [D loss: 0.000109, acc: 100%] [G loss: 7.700506, adv: 1.008476, cyc: 0.240505, id: 0.241763] time: 3:25:06.701742 
[Epoch 35/50] [Batch 300/516] [D loss: 0.000126, acc: 100%] [G loss: 7.604184, adv: 0.973922, cyc: 0.239191, id: 0.248255] time: 3:26:15.277708 
[Epoch 35/50] [Batch 400/516] [D loss: 0.000120, acc: 100%] [G loss: 7.512381, adv: 0.976972, cyc: 0.235101, id: 0.245268] time: 3:27:23.857676 
[Epoch 35/50] [Batch 500/516] [D loss: 0.000060, acc: 100%] [G loss: 7.727560, adv: 1.006676, cyc: 0.242556, id: 0.253651] time: 3:28:32.433533 
[Epoch 36/50] [Batch 0/516] [D loss: 0.000034, acc: 100%] [G loss: 7.381350, adv: 0.993322, cyc: 0.228274, id: 0.228160] time: 3:28:44.621267 
[Epoch 36/50] [Batch 100/516] [D loss: 0.000113, acc: 100%] [G loss: 7.431611, adv: 0.962568, cyc: 0.233506, id: 0.233440] time: 3:29:53.194026 
[Epoch 36/50] [Batch 200/516] [D loss: 0.000055, acc: 100%] [G loss: 7.633276, adv: 0.984106, cyc: 0.240407, id: 0.237050] time: 3:31:01.776138 
[Epoch 36/50] [Batch 300/516] [D loss: 0.000087, acc: 100%] [G loss: 7.622810, adv: 0.991094, cyc: 0.238970, id: 0.246025] time: 3:32:10.355266 
[Epoch 36/50] [Batch 400/516] [D loss: 0.000034, acc: 100%] [G loss: 7.458208, adv: 0.983049, cyc: 0.233068, id: 0.237477] time: 3:33:18.935874 
[Epoch 36/50] [Batch 500/516] [D loss: 0.000113, acc: 100%] [G loss: 7.652511, adv: 0.981318, cyc: 0.241473, id: 0.252440] time: 3:34:27.521163 
[Epoch 37/50] [Batch 0/516] [D loss: 0.000347, acc: 100%] [G loss: 7.274258, adv: 0.946605, cyc: 0.227641, id: 0.222996] time: 3:34:38.494069 
[Epoch 37/50] [Batch 100/516] [D loss: 0.000049, acc: 100%] [G loss: 7.500308, adv: 1.000932, cyc: 0.233342, id: 0.229761] time: 3:35:47.083318 
[Epoch 37/50] [Batch 200/516] [D loss: 0.000077, acc: 100%] [G loss: 7.589853, adv: 0.946784, cyc: 0.241387, id: 0.237066] time: 3:36:55.663896 
[Epoch 37/50] [Batch 300/516] [D loss: 0.000057, acc: 100%] [G loss: 7.582695, adv: 0.977775, cyc: 0.238280, id: 0.244868] time: 3:38:04.239655 
[Epoch 37/50] [Batch 400/516] [D loss: 0.000109, acc: 100%] [G loss: 7.584861, adv: 1.003062, cyc: 0.235625, id: 0.246243] time: 3:39:12.814154 
[Epoch 37/50] [Batch 500/516] [D loss: 0.000137, acc: 100%] [G loss: 7.647880, adv: 0.996212, cyc: 0.239674, id: 0.252071] time: 3:40:21.400939 
[Epoch 38/50] [Batch 0/516] [D loss: 0.000133, acc: 100%] [G loss: 7.298952, adv: 0.976124, cyc: 0.226386, id: 0.222775] time: 3:40:32.375393 
[Epoch 38/50] [Batch 100/516] [D loss: 0.000077, acc: 100%] [G loss: 7.437775, adv: 0.985749, cyc: 0.232030, id: 0.229172] time: 3:41:40.959725 
[Epoch 38/50] [Batch 200/516] [D loss: 0.000074, acc: 100%] [G loss: 7.669575, adv: 1.005400, cyc: 0.239554, id: 0.236633] time: 3:42:49.536188 
[Epoch 38/50] [Batch 300/516] [D loss: 0.000093, acc: 100%] [G loss: 7.538705, adv: 0.983872, cyc: 0.236074, id: 0.243598] time: 3:43:58.111222 
[Epoch 38/50] [Batch 400/516] [D loss: 0.000097, acc: 100%] [G loss: 7.461634, adv: 0.987271, cyc: 0.232942, id: 0.237323] time: 3:45:06.687115 
[Epoch 38/50] [Batch 500/516] [D loss: 0.000145, acc: 100%] [G loss: 7.630123, adv: 0.985482, cyc: 0.239927, id: 0.251359] time: 3:46:15.272806 
[Epoch 39/50] [Batch 0/516] [D loss: 0.000075, acc: 100%] [G loss: 7.266910, adv: 0.954944, cyc: 0.226819, id: 0.225050] time: 3:46:26.244885 
[Epoch 39/50] [Batch 100/516] [D loss: 0.000215, acc: 100%] [G loss: 7.419610, adv: 0.994804, cyc: 0.230446, id: 0.228634] time: 3:47:34.820350 
[Epoch 39/50] [Batch 200/516] [D loss: 0.000096, acc: 100%] [G loss: 7.584025, adv: 0.972957, cyc: 0.238725, id: 0.237800] time: 3:48:43.396184 
[Epoch 39/50] [Batch 300/516] [D loss: 0.000035, acc: 100%] [G loss: 7.549060, adv: 1.005311, cyc: 0.234954, id: 0.241340] time: 3:49:51.973691 
[Epoch 39/50] [Batch 400/516] [D loss: 0.000146, acc: 100%] [G loss: 7.485593, adv: 0.985612, cyc: 0.233522, id: 0.239898] time: 3:51:00.560460 
[Epoch 39/50] [Batch 500/516] [D loss: 0.000151, acc: 100%] [G loss: 7.445282, adv: 0.889731, cyc: 0.240058, id: 0.250718] time: 3:52:09.133288 
[Epoch 40/50] [Batch 0/516] [D loss: 0.000013, acc: 100%] [G loss: 7.332711, adv: 0.977489, cyc: 0.227975, id: 0.217491] time: 3:52:20.108137 
[Epoch 40/50] [Batch 100/516] [D loss: 0.000226, acc: 100%] [G loss: 7.454212, adv: 1.008086, cyc: 0.230366, id: 0.231486] time: 3:53:28.688520 
[Epoch 40/50] [Batch 200/516] [D loss: 0.000081, acc: 100%] [G loss: 7.581733, adv: 0.985266, cyc: 0.237869, id: 0.234745] time: 3:54:37.262316 
[Epoch 40/50] [Batch 300/516] [D loss: 0.000099, acc: 100%] [G loss: 7.543993, adv: 0.987196, cyc: 0.235904, id: 0.240038] time: 3:55:45.838073 
[Epoch 40/50] [Batch 400/516] [D loss: 0.000057, acc: 100%] [G loss: 7.455251, adv: 1.005097, cyc: 0.231205, id: 0.234929] time: 3:56:54.412014 
[Epoch 40/50] [Batch 500/516] [D loss: 0.000164, acc: 100%] [G loss: 7.623115, adv: 1.007028, cyc: 0.237549, id: 0.250754] time: 3:58:02.996030 
[Epoch 41/50] [Batch 0/516] [D loss: 0.000046, acc: 100%] [G loss: 7.307158, adv: 0.998166, cyc: 0.225014, id: 0.219038] time: 3:58:15.314051 
[Epoch 41/50] [Batch 100/516] [D loss: 0.000071, acc: 100%] [G loss: 7.428232, adv: 0.964971, cyc: 0.232125, id: 0.227558] time: 3:59:23.892719 
[Epoch 41/50] [Batch 200/516] [D loss: 0.000098, acc: 100%] [G loss: 7.581409, adv: 0.983723, cyc: 0.237594, id: 0.234316] time: 4:00:32.470179 
[Epoch 41/50] [Batch 300/516] [D loss: 0.000216, acc: 100%] [G loss: 7.447907, adv: 0.953197, cyc: 0.234273, id: 0.242190] time: 4:01:41.057228 
[Epoch 41/50] [Batch 400/516] [D loss: 0.000132, acc: 100%] [G loss: 7.396671, adv: 0.994014, cyc: 0.229268, id: 0.236581] time: 4:02:49.635744 
[Epoch 41/50] [Batch 500/516] [D loss: 0.000120, acc: 100%] [G loss: 7.566175, adv: 0.978942, cyc: 0.237481, id: 0.249617] time: 4:03:58.210687 
[Epoch 42/50] [Batch 0/516] [D loss: 0.000278, acc: 100%] [G loss: 7.265716, adv: 0.966313, cyc: 0.225456, id: 0.218269] time: 4:04:09.182000 
[Epoch 42/50] [Batch 100/516] [D loss: 0.000109, acc: 100%] [G loss: 7.350370, adv: 0.966331, cyc: 0.229505, id: 0.231609] time: 4:05:17.756219 
[Epoch 42/50] [Batch 200/516] [D loss: 0.000153, acc: 100%] [G loss: 7.557521, adv: 0.988142, cyc: 0.236433, id: 0.234043] time: 4:06:26.333769 
[Epoch 42/50] [Batch 300/516] [D loss: 0.000196, acc: 100%] [G loss: 7.457690, adv: 0.979993, cyc: 0.232787, id: 0.240508] time: 4:07:34.908652 
[Epoch 42/50] [Batch 400/516] [D loss: 0.000063, acc: 100%] [G loss: 7.396974, adv: 0.995884, cyc: 0.229096, id: 0.236807] time: 4:08:43.484056 
[Epoch 42/50] [Batch 500/516] [D loss: 0.000059, acc: 100%] [G loss: 7.592353, adv: 0.997376, cyc: 0.237257, id: 0.247033] time: 4:09:52.060657 
[Epoch 43/50] [Batch 0/516] [D loss: 0.000067, acc: 100%] [G loss: 7.286313, adv: 0.972579, cyc: 0.225802, id: 0.216988] time: 4:10:03.032934 
[Epoch 43/50] [Batch 100/516] [D loss: 0.000117, acc: 100%] [G loss: 7.370946, adv: 1.006976, cyc: 0.226588, id: 0.228708] time: 4:11:11.624369 
[Epoch 43/50] [Batch 200/516] [D loss: 0.000072, acc: 100%] [G loss: 7.588465, adv: 1.012725, cyc: 0.235264, id: 0.237553] time: 4:12:20.208758 
[Epoch 43/50] [Batch 300/516] [D loss: 0.000072, acc: 100%] [G loss: 7.533742, adv: 1.013270, cyc: 0.233310, id: 0.240891] time: 4:13:28.788095 
[Epoch 43/50] [Batch 400/516] [D loss: 0.000057, acc: 100%] [G loss: 7.299994, adv: 0.913758, cyc: 0.230880, id: 0.233495] time: 4:14:37.366044 
[Epoch 43/50] [Batch 500/516] [D loss: 0.000120, acc: 100%] [G loss: 7.603202, adv: 1.008494, cyc: 0.236804, id: 0.248436] time: 4:15:45.948993 
[Epoch 44/50] [Batch 0/516] [D loss: 0.000463, acc: 100%] [G loss: 7.279319, adv: 0.969158, cyc: 0.225795, id: 0.217529] time: 4:15:56.921937 
[Epoch 44/50] [Batch 100/516] [D loss: 0.000057, acc: 100%] [G loss: 7.405111, adv: 1.016140, cyc: 0.227065, id: 0.228819] time: 4:17:05.498528 
[Epoch 44/50] [Batch 200/516] [D loss: 0.000092, acc: 100%] [G loss: 7.592491, adv: 1.012167, cyc: 0.235361, id: 0.233542] time: 4:18:14.069909 
[Epoch 44/50] [Batch 300/516] [D loss: 0.000072, acc: 100%] [G loss: 7.485514, adv: 0.989255, cyc: 0.232831, id: 0.243254] time: 4:19:22.645706 
[Epoch 44/50] [Batch 400/516] [D loss: 0.000094, acc: 100%] [G loss: 7.376866, adv: 0.973900, cyc: 0.228945, id: 0.233707] time: 4:20:31.220582 
[Epoch 44/50] [Batch 500/516] [D loss: 0.000041, acc: 100%] [G loss: 7.563458, adv: 0.994498, cyc: 0.236010, id: 0.248461] time: 4:21:39.806023 
[Epoch 45/50] [Batch 0/516] [D loss: 0.000069, acc: 100%] [G loss: 7.290705, adv: 1.015257, cyc: 0.222498, id: 0.218976] time: 4:21:50.777928 
[Epoch 45/50] [Batch 100/516] [D loss: 0.000055, acc: 100%] [G loss: 7.317284, adv: 0.980010, cyc: 0.226624, id: 0.229664] time: 4:22:59.356831 
[Epoch 45/50] [Batch 200/516] [D loss: 0.000043, acc: 100%] [G loss: 7.555244, adv: 1.002394, cyc: 0.235145, id: 0.233976] time: 4:24:07.926686 
[Epoch 45/50] [Batch 300/516] [D loss: 0.000083, acc: 100%] [G loss: 7.519542, adv: 1.018421, cyc: 0.232293, id: 0.239468] time: 4:25:16.502926 
[Epoch 45/50] [Batch 400/516] [D loss: 0.000114, acc: 100%] [G loss: 7.295467, adv: 0.942369, cyc: 0.228372, id: 0.232029] time: 4:26:25.082745 
[Epoch 45/50] [Batch 500/516] [D loss: 0.000141, acc: 100%] [G loss: 7.482666, adv: 0.947943, cyc: 0.235871, id: 0.247672] time: 4:27:33.660361 
[Epoch 46/50] [Batch 0/516] [D loss: 0.000038, acc: 100%] [G loss: 7.187956, adv: 0.949034, cyc: 0.222994, id: 0.216686] time: 4:27:45.893997 
[Epoch 46/50] [Batch 100/516] [D loss: 0.000090, acc: 100%] [G loss: 7.255402, adv: 0.955266, cyc: 0.226240, id: 0.225381] time: 4:28:54.476492 
[Epoch 46/50] [Batch 200/516] [D loss: 0.000048, acc: 100%] [G loss: 7.541228, adv: 1.003884, cyc: 0.233604, id: 0.231987] time: 4:30:03.053683 
[Epoch 46/50] [Batch 300/516] [D loss: 0.000053, acc: 100%] [G loss: 7.474976, adv: 1.008143, cyc: 0.231231, id: 0.239206] time: 4:31:11.633234 
[Epoch 46/50] [Batch 400/516] [D loss: 0.000066, acc: 100%] [G loss: 7.370133, adv: 0.998551, cyc: 0.227421, id: 0.230341] time: 4:32:20.211836 
[Epoch 46/50] [Batch 500/516] [D loss: 0.000067, acc: 100%] [G loss: 7.525887, adv: 0.991721, cyc: 0.234541, id: 0.247980] time: 4:33:28.791590 
[Epoch 47/50] [Batch 0/516] [D loss: 0.000158, acc: 100%] [G loss: 7.183939, adv: 0.989259, cyc: 0.220305, id: 0.217206] time: 4:33:39.761714 
[Epoch 47/50] [Batch 100/516] [D loss: 0.000024, acc: 100%] [G loss: 7.298524, adv: 0.987373, cyc: 0.225345, id: 0.224848] time: 4:34:48.352048 
[Epoch 47/50] [Batch 200/516] [D loss: 0.000067, acc: 100%] [G loss: 7.448562, adv: 0.943702, cyc: 0.234581, id: 0.230427] time: 4:35:56.924550 
[Epoch 47/50] [Batch 300/516] [D loss: 0.000063, acc: 100%] [G loss: 7.362205, adv: 0.958947, cyc: 0.229971, id: 0.239669] time: 4:37:05.490952 
[Epoch 47/50] [Batch 400/516] [D loss: 0.000116, acc: 100%] [G loss: 7.375617, adv: 1.007270, cyc: 0.226569, id: 0.240239] time: 4:38:14.065921 
[Epoch 47/50] [Batch 500/516] [D loss: 0.000063, acc: 100%] [G loss: 7.486770, adv: 0.982251, cyc: 0.234173, id: 0.245719] time: 4:39:22.638006 
[Epoch 48/50] [Batch 0/516] [D loss: 0.000071, acc: 100%] [G loss: 7.227448, adv: 1.000619, cyc: 0.220893, id: 0.215238] time: 4:39:33.610020 
[Epoch 48/50] [Batch 100/516] [D loss: 0.000108, acc: 100%] [G loss: 7.125296, adv: 0.903813, cyc: 0.225072, id: 0.225896] time: 4:40:42.182050 
[Epoch 48/50] [Batch 200/516] [D loss: 0.000053, acc: 100%] [G loss: 7.495438, adv: 1.003271, cyc: 0.231876, id: 0.234414] time: 4:41:50.751561 
[Epoch 48/50] [Batch 300/516] [D loss: 0.000123, acc: 100%] [G loss: 7.427359, adv: 0.994723, cyc: 0.229682, id: 0.242347] time: 4:42:59.331180 
[Epoch 48/50] [Batch 400/516] [D loss: 0.000022, acc: 100%] [G loss: 7.260442, adv: 0.966444, cyc: 0.225145, id: 0.232131] time: 4:44:07.916881 
[Epoch 48/50] [Batch 500/516] [D loss: 0.000047, acc: 100%] [G loss: 7.480451, adv: 0.978494, cyc: 0.234256, id: 0.245722] time: 4:45:16.490376 
[Epoch 49/50] [Batch 0/516] [D loss: 0.000047, acc: 100%] [G loss: 7.149573, adv: 0.961646, cyc: 0.220773, id: 0.214414] time: 4:45:27.464320 
[Epoch 49/50] [Batch 100/516] [D loss: 0.000044, acc: 100%] [G loss: 7.295083, adv: 1.004014, cyc: 0.223692, id: 0.225151] time: 4:46:36.036465 
[Epoch 49/50] [Batch 200/516] [D loss: 0.000037, acc: 100%] [G loss: 7.476407, adv: 0.983318, cyc: 0.232849, id: 0.231801] time: 4:47:44.612972 
[Epoch 49/50] [Batch 300/516] [D loss: 0.000037, acc: 100%] [G loss: 7.436405, adv: 1.004435, cyc: 0.230085, id: 0.236408] time: 4:48:53.190623 
[Epoch 49/50] [Batch 400/516] [D loss: 0.000054, acc: 100%] [G loss: 7.276413, adv: 0.982473, cyc: 0.224564, id: 0.233580] time: 4:50:01.777223 
[Epoch 49/50] [Batch 500/516] [D loss: 0.000029, acc: 100%] [G loss: 7.489951, adv: 1.003460, cyc: 0.231793, id: 0.247394] time: 4:51:10.356569 
[Epoch 50/50] [Batch 0/516] [D loss: 0.000066, acc: 100%] [G loss: 7.217259, adv: 1.000480, cyc: 0.220338, id: 0.214191] time: 4:51:21.327926 
[Epoch 50/50] [Batch 100/516] [D loss: 0.000145, acc: 100%] [G loss: 7.342348, adv: 1.011367, cyc: 0.225086, id: 0.225637] time: 4:52:29.902563 
[Epoch 50/50] [Batch 200/516] [D loss: 0.000087, acc: 100%] [G loss: 7.429299, adv: 0.981452, cyc: 0.231690, id: 0.230255] time: 4:53:38.481200 
[Epoch 50/50] [Batch 300/516] [D loss: 0.000027, acc: 100%] [G loss: 7.386475, adv: 0.992239, cyc: 0.228763, id: 0.236137] time: 4:54:47.058949 
[Epoch 50/50] [Batch 400/516] [D loss: 0.000023, acc: 100%] [G loss: 7.344966, adv: 1.004807, cyc: 0.226378, id: 0.232029] time: 4:55:55.634193 
[Epoch 50/50] [Batch 500/516] [D loss: 0.000062, acc: 100%] [G loss: 7.530927, adv: 1.004636, cyc: 0.233098, id: 0.245721] time: 4:57:04.223323 
Train Finished.
