_________________________________________________________________
Layer (type)                 Output Shape              Param #   
=================================================================
input_2 (InputLayer)         (None, 1, 600, 1)         0         
_________________________________________________________________
conv2d_3 (Conv2D)            (None, 1, 600, 64)        256       
_________________________________________________________________
leaky_re_lu_5 (LeakyReLU)    (None, 1, 600, 64)        0         
_________________________________________________________________
conv2d_4 (Conv2D)            (None, 1, 600, 128)       24704     
_________________________________________________________________
leaky_re_lu_6 (LeakyReLU)    (None, 1, 600, 128)       0         
_________________________________________________________________
flatten_2 (Flatten)          (None, 76800)             0         
_________________________________________________________________
dense_3 (Dense)              (None, 512)               39322112  
_________________________________________________________________
leaky_re_lu_7 (LeakyReLU)    (None, 512)               0         
_________________________________________________________________
dense_4 (Dense)              (None, 512)               262656    
_________________________________________________________________
leaky_re_lu_8 (LeakyReLU)    (None, 512)               0         
_________________________________________________________________
D_A_Out (Dense)              (None, 1)                 513       
=================================================================
Total params: 79,220,482
Trainable params: 39,610,241
Non-trainable params: 39,610,241
_________________________________________________________________
_________________________________________________________________
Layer (type)                 Output Shape              Param #   
=================================================================
input_1 (InputLayer)         (None, 1, 600, 1)         0         
_________________________________________________________________
conv2d_1 (Conv2D)            (None, 1, 600, 64)        256       
_________________________________________________________________
leaky_re_lu_1 (LeakyReLU)    (None, 1, 600, 64)        0         
_________________________________________________________________
conv2d_2 (Conv2D)            (None, 1, 600, 128)       24704     
_________________________________________________________________
leaky_re_lu_2 (LeakyReLU)    (None, 1, 600, 128)       0         
_________________________________________________________________
flatten_1 (Flatten)          (None, 76800)             0         
_________________________________________________________________
dense_1 (Dense)              (None, 512)               39322112  
_________________________________________________________________
leaky_re_lu_3 (LeakyReLU)    (None, 512)               0         
_________________________________________________________________
dense_2 (Dense)              (None, 512)               262656    
_________________________________________________________________
leaky_re_lu_4 (LeakyReLU)    (None, 512)               0         
_________________________________________________________________
D_B_Out (Dense)              (None, 1)                 513       
=================================================================
Total params: 79,220,482
Trainable params: 39,610,241
Non-trainable params: 39,610,241
_________________________________________________________________
__________________________________________________________________________________________________
Layer (type)                    Output Shape         Param #     Connected to                     
==================================================================================================
ivec_b (InputLayer)             (None, 1, 600, 1)    0                                            
__________________________________________________________________________________________________
ivec_a (InputLayer)             (None, 1, 600, 1)    0                                            
__________________________________________________________________________________________________
model_4 (Model)                 (None, 1, 600, 1)    653347      ivec_b[0][0]                     
                                                                 model_3[1][0]                    
                                                                 ivec_a[0][0]                     
__________________________________________________________________________________________________
model_3 (Model)                 (None, 1, 600, 1)    653347      ivec_a[0][0]                     
                                                                 model_4[1][0]                    
                                                                 ivec_b[0][0]                     
__________________________________________________________________________________________________
model_2 (Model)                 (None, 1)            39610241    model_4[1][0]                    
__________________________________________________________________________________________________
model_1 (Model)                 (None, 1)            39610241    model_3[1][0]                    
==================================================================================================
Total params: 80,527,176
Trainable params: 1,306,694
Non-trainable params: 79,220,482
__________________________________________________________________________________________________
Start CycleGAN training.
[Epoch 1/50] [Batch 0/1032] [D loss: 13.222637, acc:   0%] [G loss: 22.286203, adv: 0.409411, cyc: 0.976444, id: 0.995849] time: 0:01:49.938004 
[Epoch 1/50] [Batch 100/1032] [D loss: 0.277556, acc:  40%] [G loss: 14.603562, adv: 0.497918, cyc: 0.628883, id: 0.500783] time: 0:02:29.525323 
[Epoch 1/50] [Batch 200/1032] [D loss: 0.041855, acc: 100%] [G loss: 13.960390, adv: 1.107994, cyc: 0.543085, id: 0.449793] time: 0:03:09.095192 
[Epoch 1/50] [Batch 300/1032] [D loss: 0.023790, acc: 100%] [G loss: 12.709089, adv: 0.780970, cyc: 0.514730, id: 0.412687] time: 0:03:48.646789 
[Epoch 1/50] [Batch 400/1032] [D loss: 0.012963, acc: 100%] [G loss: 12.102586, adv: 0.742535, cyc: 0.490239, id: 0.410354] time: 0:04:28.166195 
[Epoch 1/50] [Batch 500/1032] [D loss: 0.008452, acc: 100%] [G loss: 11.613498, adv: 0.586383, cyc: 0.481260, id: 0.389431] time: 0:05:07.672204 
[Epoch 1/50] [Batch 600/1032] [D loss: 0.032238, acc:  96%] [G loss: 11.386940, adv: 0.669742, cyc: 0.463254, id: 0.389576] time: 0:05:47.195275 
[Epoch 1/50] [Batch 700/1032] [D loss: 0.008905, acc: 100%] [G loss: 10.896007, adv: 0.892273, cyc: 0.419853, id: 0.367240] time: 0:06:26.689952 
[Epoch 1/50] [Batch 800/1032] [D loss: 0.006903, acc: 100%] [G loss: 11.112470, adv: 0.942108, cyc: 0.425172, id: 0.366791] time: 0:07:06.173618 
[Epoch 1/50] [Batch 900/1032] [D loss: 0.010038, acc: 100%] [G loss: 11.189883, adv: 0.998141, cyc: 0.423084, id: 0.368737] time: 0:07:45.651003 
[Epoch 1/50] [Batch 1000/1032] [D loss: 0.007333, acc: 100%] [G loss: 10.811378, adv: 0.927569, cyc: 0.412086, id: 0.352379] time: 0:08:25.134917 
[Epoch 2/50] [Batch 0/1032] [D loss: 0.047578, acc:  95%] [G loss: 10.981105, adv: 1.070857, cyc: 0.407269, id: 0.353145] time: 0:08:43.634025 
[Epoch 2/50] [Batch 100/1032] [D loss: 0.025764, acc:  98%] [G loss: 11.096972, adv: 1.110207, cyc: 0.408066, id: 0.344501] time: 0:09:23.105763 
[Epoch 2/50] [Batch 200/1032] [D loss: 0.002977, acc: 100%] [G loss: 10.411290, adv: 0.943695, cyc: 0.392163, id: 0.355257] time: 0:10:02.574907 
[Epoch 2/50] [Batch 300/1032] [D loss: 0.008310, acc:  99%] [G loss: 10.743876, adv: 1.080960, cyc: 0.394812, id: 0.328640] time: 0:10:42.037017 
[Epoch 2/50] [Batch 400/1032] [D loss: 0.023546, acc:  97%] [G loss: 10.382145, adv: 1.043874, cyc: 0.381661, id: 0.331565] time: 0:11:21.503457 
[Epoch 2/50] [Batch 500/1032] [D loss: 0.004119, acc: 100%] [G loss: 10.534161, adv: 1.039094, cyc: 0.389255, id: 0.321638] time: 0:12:00.972712 
[Epoch 2/50] [Batch 600/1032] [D loss: 0.003188, acc: 100%] [G loss: 9.985159, adv: 0.967727, cyc: 0.370148, id: 0.313990] time: 0:12:40.429756 
[Epoch 2/50] [Batch 700/1032] [D loss: 0.004847, acc: 100%] [G loss: 9.431889, adv: 0.964068, cyc: 0.345709, id: 0.302998] time: 0:13:19.895925 
[Epoch 2/50] [Batch 800/1032] [D loss: 0.004269, acc: 100%] [G loss: 9.655399, adv: 0.878857, cyc: 0.363143, id: 0.329841] time: 0:13:59.364188 
[Epoch 2/50] [Batch 900/1032] [D loss: 0.003287, acc: 100%] [G loss: 9.889256, adv: 0.901960, cyc: 0.371796, id: 0.326448] time: 0:14:38.831205 
[Epoch 2/50] [Batch 1000/1032] [D loss: 0.004040, acc: 100%] [G loss: 9.972833, adv: 1.020418, cyc: 0.364831, id: 0.317294] time: 0:15:18.297887 
[Epoch 3/50] [Batch 0/1032] [D loss: 0.005544, acc:  99%] [G loss: 9.829597, adv: 0.958564, cyc: 0.363624, id: 0.335242] time: 0:15:32.021199 
[Epoch 3/50] [Batch 100/1032] [D loss: 0.002833, acc: 100%] [G loss: 9.948104, adv: 0.918341, cyc: 0.372354, id: 0.314547] time: 0:16:11.485022 
[Epoch 3/50] [Batch 200/1032] [D loss: 0.004082, acc: 100%] [G loss: 9.774606, adv: 1.015229, cyc: 0.355941, id: 0.318528] time: 0:16:50.952453 
[Epoch 3/50] [Batch 300/1032] [D loss: 0.008602, acc:  99%] [G loss: 9.770066, adv: 0.938502, cyc: 0.362901, id: 0.308380] time: 0:17:30.417891 
[Epoch 3/50] [Batch 400/1032] [D loss: 0.003511, acc: 100%] [G loss: 9.724085, adv: 1.036865, cyc: 0.351359, id: 0.319793] time: 0:18:09.880584 
[Epoch 3/50] [Batch 500/1032] [D loss: 0.004333, acc: 100%] [G loss: 9.925121, adv: 1.039750, cyc: 0.360971, id: 0.301265] time: 0:18:49.350705 
[Epoch 3/50] [Batch 600/1032] [D loss: 0.002399, acc: 100%] [G loss: 9.453931, adv: 0.939629, cyc: 0.348041, id: 0.295875] time: 0:19:28.808841 
[Epoch 3/50] [Batch 700/1032] [D loss: 0.001838, acc: 100%] [G loss: 9.071462, adv: 1.018096, cyc: 0.323996, id: 0.282647] time: 0:20:08.275569 
[Epoch 3/50] [Batch 800/1032] [D loss: 0.008799, acc: 100%] [G loss: 9.520177, adv: 1.025155, cyc: 0.343571, id: 0.312689] time: 0:20:47.745981 
[Epoch 3/50] [Batch 900/1032] [D loss: 0.007535, acc: 100%] [G loss: 9.729243, adv: 1.057033, cyc: 0.349540, id: 0.302190] time: 0:21:27.215158 
[Epoch 3/50] [Batch 1000/1032] [D loss: 0.002394, acc: 100%] [G loss: 9.595330, adv: 1.025306, cyc: 0.346490, id: 0.304380] time: 0:22:06.686413 
[Epoch 4/50] [Batch 0/1032] [D loss: 0.019077, acc: 100%] [G loss: 9.530732, adv: 1.031985, cyc: 0.343694, id: 0.309401] time: 0:22:20.374443 
[Epoch 4/50] [Batch 100/1032] [D loss: 0.012881, acc:  98%] [G loss: 9.746146, adv: 0.981727, cyc: 0.357112, id: 0.301380] time: 0:22:59.848509 
[Epoch 4/50] [Batch 200/1032] [D loss: 0.004680, acc: 100%] [G loss: 9.123242, adv: 0.896656, cyc: 0.336867, id: 0.301712] time: 0:23:39.322108 
[Epoch 4/50] [Batch 300/1032] [D loss: 0.000873, acc: 100%] [G loss: 9.475642, adv: 0.964340, cyc: 0.346518, id: 0.294850] time: 0:24:18.799921 
[Epoch 4/50] [Batch 400/1032] [D loss: 0.002724, acc: 100%] [G loss: 9.344711, adv: 0.959059, cyc: 0.340848, id: 0.313189] time: 0:24:58.285859 
[Epoch 4/50] [Batch 500/1032] [D loss: 0.001296, acc: 100%] [G loss: 9.375840, adv: 0.919020, cyc: 0.346194, id: 0.288713] time: 0:25:37.777977 
[Epoch 4/50] [Batch 600/1032] [D loss: 0.001600, acc: 100%] [G loss: 9.146081, adv: 0.954108, cyc: 0.332133, id: 0.285267] time: 0:26:17.265373 
[Epoch 4/50] [Batch 700/1032] [D loss: 0.001848, acc: 100%] [G loss: 8.526182, adv: 0.909946, cyc: 0.308517, id: 0.275670] time: 0:26:56.751285 
[Epoch 4/50] [Batch 800/1032] [D loss: 0.001017, acc: 100%] [G loss: 9.156558, adv: 0.965603, cyc: 0.331906, id: 0.299774] time: 0:27:36.241310 
[Epoch 4/50] [Batch 900/1032] [D loss: 0.001867, acc: 100%] [G loss: 9.178992, adv: 0.947670, cyc: 0.334047, id: 0.304194] time: 0:28:15.743048 
[Epoch 4/50] [Batch 1000/1032] [D loss: 0.005122, acc: 100%] [G loss: 9.181384, adv: 0.954144, cyc: 0.333505, id: 0.308478] time: 0:28:55.234296 
[Epoch 5/50] [Batch 0/1032] [D loss: 0.001966, acc: 100%] [G loss: 9.154069, adv: 0.966193, cyc: 0.331512, id: 0.312336] time: 0:29:09.113951 
[Epoch 5/50] [Batch 100/1032] [D loss: 0.001938, acc: 100%] [G loss: 9.371288, adv: 0.983808, cyc: 0.339809, id: 0.289186] time: 0:29:48.586115 
[Epoch 5/50] [Batch 200/1032] [D loss: 0.002518, acc: 100%] [G loss: 9.076884, adv: 0.973783, cyc: 0.327109, id: 0.307493] time: 0:30:28.054726 
[Epoch 5/50] [Batch 300/1032] [D loss: 0.000749, acc: 100%] [G loss: 9.185703, adv: 0.954103, cyc: 0.333757, id: 0.288417] time: 0:31:07.526785 
[Epoch 5/50] [Batch 400/1032] [D loss: 0.001718, acc: 100%] [G loss: 9.003286, adv: 0.969984, cyc: 0.324165, id: 0.300881] time: 0:31:46.998837 
[Epoch 5/50] [Batch 500/1032] [D loss: 0.001557, acc: 100%] [G loss: 9.375810, adv: 1.020961, cyc: 0.336846, id: 0.290176] time: 0:32:26.463639 
[Epoch 5/50] [Batch 600/1032] [D loss: 0.002146, acc: 100%] [G loss: 8.741530, adv: 0.892204, cyc: 0.319520, id: 0.282595] time: 0:33:05.926875 
[Epoch 5/50] [Batch 700/1032] [D loss: 0.001242, acc: 100%] [G loss: 8.419744, adv: 0.946097, cyc: 0.299862, id: 0.262394] time: 0:33:45.393808 
[Epoch 5/50] [Batch 800/1032] [D loss: 0.001780, acc: 100%] [G loss: 8.971049, adv: 1.026075, cyc: 0.317836, id: 0.294756] time: 0:34:24.854008 
[Epoch 5/50] [Batch 900/1032] [D loss: 0.005009, acc:  99%] [G loss: 9.207914, adv: 1.070189, cyc: 0.324226, id: 0.288686] time: 0:35:04.320878 
[Epoch 5/50] [Batch 1000/1032] [D loss: 0.001363, acc: 100%] [G loss: 8.933457, adv: 0.939623, cyc: 0.323611, id: 0.304469] time: 0:35:43.793962 
[Epoch 6/50] [Batch 0/1032] [D loss: 0.001125, acc: 100%] [G loss: 9.025246, adv: 1.009537, cyc: 0.321559, id: 0.294900] time: 0:35:57.598903 
[Epoch 6/50] [Batch 100/1032] [D loss: 0.000795, acc: 100%] [G loss: 9.140656, adv: 0.956761, cyc: 0.331118, id: 0.294715] time: 0:36:37.071398 
[Epoch 6/50] [Batch 200/1032] [D loss: 0.000573, acc: 100%] [G loss: 8.870173, adv: 0.990794, cyc: 0.316161, id: 0.290764] time: 0:37:16.549235 
[Epoch 6/50] [Batch 300/1032] [D loss: 0.001321, acc: 100%] [G loss: 8.953069, adv: 0.908872, cyc: 0.327369, id: 0.279897] time: 0:37:56.017819 
[Epoch 6/50] [Batch 400/1032] [D loss: 0.001005, acc: 100%] [G loss: 8.903780, adv: 0.984360, cyc: 0.318175, id: 0.298483] time: 0:38:35.482715 
[Epoch 6/50] [Batch 500/1032] [D loss: 0.001610, acc: 100%] [G loss: 8.977375, adv: 0.939189, cyc: 0.325641, id: 0.278638] time: 0:39:14.953891 
[Epoch 6/50] [Batch 600/1032] [D loss: 0.002618, acc: 100%] [G loss: 8.740479, adv: 0.976266, cyc: 0.311506, id: 0.273147] time: 0:39:54.405907 
[Epoch 6/50] [Batch 700/1032] [D loss: 0.002710, acc: 100%] [G loss: 8.322461, adv: 0.996333, cyc: 0.290827, id: 0.258123] time: 0:40:33.869344 
[Epoch 6/50] [Batch 800/1032] [D loss: 0.001122, acc: 100%] [G loss: 8.833872, adv: 0.977864, cyc: 0.315369, id: 0.307514] time: 0:41:13.330842 
[Epoch 6/50] [Batch 900/1032] [D loss: 0.000517, acc: 100%] [G loss: 8.790670, adv: 0.964801, cyc: 0.314454, id: 0.282055] time: 0:41:52.789466 
[Epoch 6/50] [Batch 1000/1032] [D loss: 0.000305, acc: 100%] [G loss: 8.741436, adv: 0.942608, cyc: 0.314190, id: 0.288231] time: 0:42:32.253275 
[Epoch 7/50] [Batch 0/1032] [D loss: 0.001026, acc: 100%] [G loss: 8.846650, adv: 0.994888, cyc: 0.314493, id: 0.296480] time: 0:42:45.960584 
[Epoch 7/50] [Batch 100/1032] [D loss: 0.001237, acc: 100%] [G loss: 9.100855, adv: 0.969435, cyc: 0.328185, id: 0.281280] time: 0:43:25.419823 
[Epoch 7/50] [Batch 200/1032] [D loss: 0.000873, acc: 100%] [G loss: 8.662915, adv: 0.900043, cyc: 0.314336, id: 0.285094] time: 0:44:04.881178 
[Epoch 7/50] [Batch 300/1032] [D loss: 0.001178, acc: 100%] [G loss: 8.948559, adv: 0.970406, cyc: 0.320716, id: 0.276384] time: 0:44:44.348759 
[Epoch 7/50] [Batch 400/1032] [D loss: 0.000565, acc: 100%] [G loss: 8.746763, adv: 0.906558, cyc: 0.317293, id: 0.321966] time: 0:45:23.822060 
[Epoch 7/50] [Batch 500/1032] [D loss: 0.000868, acc: 100%] [G loss: 8.960550, adv: 0.988287, cyc: 0.320183, id: 0.274303] time: 0:46:03.295842 
[Epoch 7/50] [Batch 600/1032] [D loss: 0.000736, acc: 100%] [G loss: 8.577531, adv: 0.874538, cyc: 0.312371, id: 0.265604] time: 0:46:42.765418 
[Epoch 7/50] [Batch 700/1032] [D loss: 0.000873, acc: 100%] [G loss: 8.123740, adv: 0.932608, cyc: 0.287391, id: 0.267003] time: 0:47:22.246470 
[Epoch 7/50] [Batch 800/1032] [D loss: 0.000310, acc: 100%] [G loss: 8.641785, adv: 0.979097, cyc: 0.306119, id: 0.304751] time: 0:48:01.712091 
[Epoch 7/50] [Batch 900/1032] [D loss: 0.001759, acc: 100%] [G loss: 8.697495, adv: 0.934263, cyc: 0.312550, id: 0.290662] time: 0:48:41.189652 
[Epoch 7/50] [Batch 1000/1032] [D loss: 0.001487, acc: 100%] [G loss: 8.806527, adv: 1.002356, cyc: 0.311432, id: 0.287664] time: 0:49:20.645331 
[Epoch 8/50] [Batch 0/1032] [D loss: 0.001881, acc: 100%] [G loss: 8.619431, adv: 0.950743, cyc: 0.307786, id: 0.299610] time: 0:49:34.319340 
[Epoch 8/50] [Batch 100/1032] [D loss: 0.004123, acc: 100%] [G loss: 8.977715, adv: 1.013132, cyc: 0.318082, id: 0.269391] time: 0:50:13.780464 
[Epoch 8/50] [Batch 200/1032] [D loss: 0.000981, acc: 100%] [G loss: 8.482683, adv: 0.901730, cyc: 0.305848, id: 0.292384] time: 0:50:53.236953 
[Epoch 8/50] [Batch 300/1032] [D loss: 0.001252, acc: 100%] [G loss: 8.641800, adv: 0.895369, cyc: 0.313685, id: 0.272833] time: 0:51:32.702183 
[Epoch 8/50] [Batch 400/1032] [D loss: 0.001569, acc: 100%] [G loss: 8.638454, adv: 0.965348, cyc: 0.306812, id: 0.307161] time: 0:52:12.164528 
[Epoch 8/50] [Batch 500/1032] [D loss: 0.001204, acc: 100%] [G loss: 8.858579, adv: 0.967054, cyc: 0.317449, id: 0.274694] time: 0:52:51.628917 
[Epoch 8/50] [Batch 600/1032] [D loss: 0.000377, acc: 100%] [G loss: 8.320089, adv: 0.891231, cyc: 0.299189, id: 0.267354] time: 0:53:31.092732 
[Epoch 8/50] [Batch 700/1032] [D loss: 0.000693, acc: 100%] [G loss: 8.068760, adv: 0.954611, cyc: 0.282505, id: 0.249072] time: 0:54:10.558165 
[Epoch 8/50] [Batch 800/1032] [D loss: 0.025457, acc:  96%] [G loss: 8.506024, adv: 0.908206, cyc: 0.307080, id: 0.295037] time: 0:54:50.024500 
[Epoch 8/50] [Batch 900/1032] [D loss: 0.001450, acc: 100%] [G loss: 8.639179, adv: 0.960493, cyc: 0.307287, id: 0.297836] time: 0:55:29.502628 
[Epoch 8/50] [Batch 1000/1032] [D loss: 0.000792, acc: 100%] [G loss: 8.510715, adv: 0.915987, cyc: 0.305365, id: 0.297457] time: 0:56:08.964467 
[Epoch 9/50] [Batch 0/1032] [D loss: 0.000449, acc: 100%] [G loss: 8.510695, adv: 0.925749, cyc: 0.304613, id: 0.306284] time: 0:56:22.759768 
[Epoch 9/50] [Batch 100/1032] [D loss: 0.000200, acc: 100%] [G loss: 8.807138, adv: 0.972683, cyc: 0.313635, id: 0.282734] time: 0:57:02.218388 
[Epoch 9/50] [Batch 200/1032] [D loss: 0.000225, acc: 100%] [G loss: 8.565048, adv: 1.001467, cyc: 0.300348, id: 0.291892] time: 0:57:41.679097 
[Epoch 9/50] [Batch 300/1032] [D loss: 0.002636, acc: 100%] [G loss: 8.722214, adv: 0.974475, cyc: 0.310510, id: 0.267542] time: 0:58:21.147002 
[Epoch 9/50] [Batch 400/1032] [D loss: 0.000239, acc: 100%] [G loss: 8.595261, adv: 0.898267, cyc: 0.310445, id: 0.329819] time: 0:59:00.612438 
[Epoch 9/50] [Batch 500/1032] [D loss: 0.000332, acc: 100%] [G loss: 8.763771, adv: 0.969606, cyc: 0.312328, id: 0.275304] time: 0:59:40.066019 
[Epoch 9/50] [Batch 600/1032] [D loss: 0.000221, acc: 100%] [G loss: 8.442436, adv: 0.966817, cyc: 0.297443, id: 0.263648] time: 1:00:19.530964 
[Epoch 9/50] [Batch 700/1032] [D loss: 0.000665, acc: 100%] [G loss: 7.963272, adv: 0.955230, cyc: 0.277411, id: 0.261249] time: 1:00:58.997294 
[Epoch 9/50] [Batch 800/1032] [D loss: 0.000719, acc: 100%] [G loss: 8.298971, adv: 0.876293, cyc: 0.299117, id: 0.310335] time: 1:01:38.457209 
[Epoch 9/50] [Batch 900/1032] [D loss: 0.000323, acc: 100%] [G loss: 8.588782, adv: 0.965979, cyc: 0.304163, id: 0.283063] time: 1:02:17.923353 
[Epoch 9/50] [Batch 1000/1032] [D loss: 0.000245, acc: 100%] [G loss: 8.514279, adv: 0.956427, cyc: 0.301819, id: 0.275507] time: 1:02:57.375433 
[Epoch 10/50] [Batch 0/1032] [D loss: 0.000253, acc: 100%] [G loss: 8.444181, adv: 0.929003, cyc: 0.300827, id: 0.308757] time: 1:03:11.036914 
[Epoch 10/50] [Batch 100/1032] [D loss: 0.000200, acc: 100%] [G loss: 8.664842, adv: 0.963578, cyc: 0.307937, id: 0.274065] time: 1:03:50.498715 
[Epoch 10/50] [Batch 200/1032] [D loss: 0.000132, acc: 100%] [G loss: 8.429376, adv: 0.952732, cyc: 0.298397, id: 0.286886] time: 1:04:29.955172 
[Epoch 10/50] [Batch 300/1032] [D loss: 0.000271, acc: 100%] [G loss: 8.646045, adv: 0.956313, cyc: 0.307531, id: 0.266914] time: 1:05:09.421607 
[Epoch 10/50] [Batch 400/1032] [D loss: 0.000105, acc: 100%] [G loss: 8.406318, adv: 0.953651, cyc: 0.296928, id: 0.294294] time: 1:05:48.888361 
[Epoch 10/50] [Batch 500/1032] [D loss: 0.000227, acc: 100%] [G loss: 8.532421, adv: 0.921852, cyc: 0.305596, id: 0.276870] time: 1:06:28.348865 
[Epoch 10/50] [Batch 600/1032] [D loss: 0.000802, acc: 100%] [G loss: 8.327213, adv: 0.931760, cyc: 0.295659, id: 0.270522] time: 1:07:07.817317 
[Epoch 10/50] [Batch 700/1032] [D loss: 0.000921, acc: 100%] [G loss: 7.744838, adv: 0.904490, cyc: 0.272162, id: 0.252708] time: 1:07:47.280091 
[Epoch 10/50] [Batch 800/1032] [D loss: 0.000153, acc: 100%] [G loss: 8.298632, adv: 0.917104, cyc: 0.295381, id: 0.285141] time: 1:08:26.745767 
[Epoch 10/50] [Batch 900/1032] [D loss: 0.000569, acc: 100%] [G loss: 8.274211, adv: 0.869202, cyc: 0.298473, id: 0.288987] time: 1:09:06.207200 
[Epoch 10/50] [Batch 1000/1032] [D loss: 0.000461, acc: 100%] [G loss: 8.396760, adv: 0.962189, cyc: 0.295961, id: 0.287654] time: 1:09:45.673027 
[Epoch 11/50] [Batch 0/1032] [D loss: 0.000464, acc: 100%] [G loss: 8.464965, adv: 0.997811, cyc: 0.295959, id: 0.291676] time: 1:09:59.543355 
[Epoch 11/50] [Batch 100/1032] [D loss: 0.000558, acc: 100%] [G loss: 8.599236, adv: 0.942635, cyc: 0.306064, id: 0.291175] time: 1:10:39.007510 
[Epoch 11/50] [Batch 200/1032] [D loss: 0.000693, acc: 100%] [G loss: 8.407687, adv: 0.956295, cyc: 0.296248, id: 0.314058] time: 1:11:18.460912 
[Epoch 11/50] [Batch 300/1032] [D loss: 0.000334, acc: 100%] [G loss: 8.469284, adv: 0.943930, cyc: 0.300526, id: 0.286377] time: 1:11:57.918970 
[Epoch 11/50] [Batch 400/1032] [D loss: 0.000394, acc: 100%] [G loss: 8.441912, adv: 0.910801, cyc: 0.301444, id: 0.305862] time: 1:12:37.376419 
[Epoch 11/50] [Batch 500/1032] [D loss: 0.000148, acc: 100%] [G loss: 8.619364, adv: 0.988835, cyc: 0.303177, id: 0.285101] time: 1:13:16.837973 
[Epoch 11/50] [Batch 600/1032] [D loss: 0.001042, acc: 100%] [G loss: 8.108458, adv: 0.888606, cyc: 0.289620, id: 0.255591] time: 1:13:56.295898 
[Epoch 11/50] [Batch 700/1032] [D loss: 0.001162, acc: 100%] [G loss: 8.046906, adv: 1.025811, cyc: 0.273745, id: 0.249048] time: 1:14:35.757781 
[Epoch 11/50] [Batch 800/1032] [D loss: 0.000376, acc: 100%] [G loss: 8.275620, adv: 0.985308, cyc: 0.288616, id: 0.276570] time: 1:15:15.210231 
[Epoch 11/50] [Batch 900/1032] [D loss: 0.000183, acc: 100%] [G loss: 8.478366, adv: 0.984809, cyc: 0.297125, id: 0.279108] time: 1:15:54.675737 
[Epoch 11/50] [Batch 1000/1032] [D loss: 0.000451, acc: 100%] [G loss: 8.262943, adv: 0.911983, cyc: 0.293574, id: 0.281809] time: 1:16:34.127086 
[Epoch 12/50] [Batch 0/1032] [D loss: 0.000116, acc: 100%] [G loss: 8.331717, adv: 0.981061, cyc: 0.291033, id: 0.285358] time: 1:16:47.903333 
[Epoch 12/50] [Batch 100/1032] [D loss: 0.000222, acc: 100%] [G loss: 8.582357, adv: 0.949319, cyc: 0.304520, id: 0.273403] time: 1:17:27.364651 
[Epoch 12/50] [Batch 200/1032] [D loss: 0.000345, acc: 100%] [G loss: 8.319242, adv: 0.963623, cyc: 0.291938, id: 0.272887] time: 1:18:06.826086 
[Epoch 12/50] [Batch 300/1032] [D loss: 0.000133, acc: 100%] [G loss: 8.494633, adv: 0.972271, cyc: 0.298745, id: 0.266764] time: 1:18:46.282988 
[Epoch 12/50] [Batch 400/1032] [D loss: 0.000203, acc: 100%] [G loss: 8.368248, adv: 0.959508, cyc: 0.293691, id: 0.314549] time: 1:19:25.748437 
[Epoch 12/50] [Batch 500/1032] [D loss: 0.000673, acc: 100%] [G loss: 8.390739, adv: 0.896804, cyc: 0.300630, id: 0.279540] time: 1:20:05.202661 
[Epoch 12/50] [Batch 600/1032] [D loss: 0.000734, acc: 100%] [G loss: 8.197145, adv: 0.959149, cyc: 0.286284, id: 0.260163] time: 1:20:44.658463 
[Epoch 12/50] [Batch 700/1032] [D loss: 0.000134, acc: 100%] [G loss: 7.676555, adv: 0.928544, cyc: 0.266007, id: 0.246215] time: 1:21:24.119659 
[Epoch 12/50] [Batch 800/1032] [D loss: 0.000529, acc: 100%] [G loss: 8.250145, adv: 0.958242, cyc: 0.290199, id: 0.283089] time: 1:22:03.581215 
[Epoch 12/50] [Batch 900/1032] [D loss: 0.004251, acc:  99%] [G loss: 8.257060, adv: 0.957318, cyc: 0.289840, id: 0.274502] time: 1:22:43.047168 
[Epoch 12/50] [Batch 1000/1032] [D loss: 0.000271, acc: 100%] [G loss: 8.178595, adv: 0.906527, cyc: 0.290028, id: 0.305782] time: 1:23:22.514269 
[Epoch 13/50] [Batch 0/1032] [D loss: 0.000120, acc: 100%] [G loss: 8.268007, adv: 0.956418, cyc: 0.289578, id: 0.288284] time: 1:23:36.392294 
[Epoch 13/50] [Batch 100/1032] [D loss: 0.000336, acc: 100%] [G loss: 8.620524, adv: 0.997296, cyc: 0.301559, id: 0.287468] time: 1:24:15.854733 
[Epoch 13/50] [Batch 200/1032] [D loss: 0.000491, acc: 100%] [G loss: 8.183156, adv: 0.924086, cyc: 0.289053, id: 0.287223] time: 1:24:55.305452 
[Epoch 13/50] [Batch 300/1032] [D loss: 0.000208, acc: 100%] [G loss: 8.432246, adv: 0.927947, cyc: 0.299403, id: 0.266372] time: 1:25:34.758442 
[Epoch 13/50] [Batch 400/1032] [D loss: 0.000180, acc: 100%] [G loss: 8.271500, adv: 0.923817, cyc: 0.292928, id: 0.282946] time: 1:26:14.222206 
[Epoch 13/50] [Batch 500/1032] [D loss: 0.000597, acc: 100%] [G loss: 8.539024, adv: 0.999310, cyc: 0.298107, id: 0.278105] time: 1:26:53.676652 
[Epoch 13/50] [Batch 600/1032] [D loss: 0.000252, acc: 100%] [G loss: 8.059239, adv: 0.909061, cyc: 0.284213, id: 0.249194] time: 1:27:33.140509 
[Epoch 13/50] [Batch 700/1032] [D loss: 0.000136, acc: 100%] [G loss: 7.635215, adv: 0.919654, cyc: 0.264187, id: 0.257687] time: 1:28:12.605769 
[Epoch 13/50] [Batch 800/1032] [D loss: 0.000176, acc: 100%] [G loss: 8.173924, adv: 0.974797, cyc: 0.284911, id: 0.279303] time: 1:28:52.063633 
[Epoch 13/50] [Batch 900/1032] [D loss: 0.000434, acc: 100%] [G loss: 8.273654, adv: 0.958767, cyc: 0.289793, id: 0.296512] time: 1:29:31.524100 
[Epoch 13/50] [Batch 1000/1032] [D loss: 0.000264, acc: 100%] [G loss: 8.317797, adv: 0.901542, cyc: 0.296172, id: 0.279343] time: 1:30:10.976745 
[Epoch 14/50] [Batch 0/1032] [D loss: 0.000364, acc: 100%] [G loss: 8.255021, adv: 0.965475, cyc: 0.287840, id: 0.292171] time: 1:30:25.072006 
[Epoch 14/50] [Batch 100/1032] [D loss: 0.000579, acc: 100%] [G loss: 8.404243, adv: 0.921357, cyc: 0.298747, id: 0.284666] time: 1:31:04.543078 
[Epoch 14/50] [Batch 200/1032] [D loss: 0.000255, acc: 100%] [G loss: 8.052390, adv: 0.878226, cyc: 0.287276, id: 0.277752] time: 1:31:44.005835 
[Epoch 14/50] [Batch 300/1032] [D loss: 0.000271, acc: 100%] [G loss: 8.368215, adv: 0.955956, cyc: 0.293397, id: 0.275733] time: 1:32:23.456944 
[Epoch 14/50] [Batch 400/1032] [D loss: 0.000109, acc: 100%] [G loss: 8.164380, adv: 0.882481, cyc: 0.289967, id: 0.311272] time: 1:33:02.918907 
[Epoch 14/50] [Batch 500/1032] [D loss: 0.000509, acc: 100%] [G loss: 8.498509, adv: 1.018647, cyc: 0.294517, id: 0.274674] time: 1:33:42.368003 
[Epoch 14/50] [Batch 600/1032] [D loss: 0.000340, acc: 100%] [G loss: 8.199564, adv: 0.986472, cyc: 0.282540, id: 0.275506] time: 1:34:21.817722 
[Epoch 14/50] [Batch 700/1032] [D loss: 0.000049, acc: 100%] [G loss: 7.675804, adv: 0.964454, cyc: 0.261930, id: 0.263850] time: 1:35:01.251483 
[Epoch 14/50] [Batch 800/1032] [D loss: 0.000123, acc: 100%] [G loss: 8.113889, adv: 0.976770, cyc: 0.280997, id: 0.281755] time: 1:35:40.683557 
[Epoch 14/50] [Batch 900/1032] [D loss: 0.000124, acc: 100%] [G loss: 8.190106, adv: 0.954045, cyc: 0.286211, id: 0.278424] time: 1:36:20.122260 
[Epoch 14/50] [Batch 1000/1032] [D loss: 0.000170, acc: 100%] [G loss: 8.233198, adv: 1.001219, cyc: 0.284138, id: 0.282995] time: 1:36:59.548318 
[Epoch 15/50] [Batch 0/1032] [D loss: 0.000288, acc: 100%] [G loss: 8.166361, adv: 0.977604, cyc: 0.283168, id: 0.294196] time: 1:37:13.317673 
[Epoch 15/50] [Batch 100/1032] [D loss: 0.000345, acc: 100%] [G loss: 8.308836, adv: 0.935744, cyc: 0.292696, id: 0.269781] time: 1:37:52.736945 
[Epoch 15/50] [Batch 200/1032] [D loss: 0.000417, acc: 100%] [G loss: 8.199195, adv: 1.000838, cyc: 0.282432, id: 0.277736] time: 1:38:32.135399 
[Epoch 15/50] [Batch 300/1032] [D loss: 0.000508, acc: 100%] [G loss: 8.399838, adv: 0.988191, cyc: 0.291302, id: 0.285502] time: 1:39:11.549995 
[Epoch 15/50] [Batch 400/1032] [D loss: 0.000272, acc: 100%] [G loss: 8.183205, adv: 0.964604, cyc: 0.284520, id: 0.289210] time: 1:39:50.935823 
[Epoch 15/50] [Batch 500/1032] [D loss: 0.000125, acc: 100%] [G loss: 8.360103, adv: 0.977886, cyc: 0.291787, id: 0.270405] time: 1:40:30.325500 
[Epoch 15/50] [Batch 600/1032] [D loss: 0.000047, acc: 100%] [G loss: 8.094137, adv: 0.964295, cyc: 0.280565, id: 0.246779] time: 1:41:09.706175 
[Epoch 15/50] [Batch 700/1032] [D loss: 0.000236, acc: 100%] [G loss: 7.572142, adv: 0.927095, cyc: 0.260368, id: 0.278408] time: 1:41:49.096544 
[Epoch 15/50] [Batch 800/1032] [D loss: 0.000053, acc: 100%] [G loss: 8.054437, adv: 0.984953, cyc: 0.277802, id: 0.273271] time: 1:42:28.480436 
[Epoch 15/50] [Batch 900/1032] [D loss: 0.000216, acc: 100%] [G loss: 8.284169, adv: 0.938810, cyc: 0.290950, id: 0.276600] time: 1:43:07.872903 
[Epoch 15/50] [Batch 1000/1032] [D loss: 0.000293, acc: 100%] [G loss: 8.095675, adv: 0.919790, cyc: 0.284467, id: 0.270435] time: 1:43:47.253016 
[Epoch 16/50] [Batch 0/1032] [D loss: 0.000363, acc: 100%] [G loss: 8.204673, adv: 0.969881, cyc: 0.285006, id: 0.277577] time: 1:44:01.047395 
[Epoch 16/50] [Batch 100/1032] [D loss: 0.000363, acc: 100%] [G loss: 8.340924, adv: 0.937995, cyc: 0.293391, id: 0.261871] time: 1:44:40.437146 
[Epoch 16/50] [Batch 200/1032] [D loss: 0.000178, acc: 100%] [G loss: 8.238982, adv: 1.028615, cyc: 0.281447, id: 0.275629] time: 1:45:19.828303 
[Epoch 16/50] [Batch 300/1032] [D loss: 0.000130, acc: 100%] [G loss: 8.165067, adv: 0.886112, cyc: 0.290395, id: 0.260281] time: 1:45:59.219993 
[Epoch 16/50] [Batch 400/1032] [D loss: 0.000075, acc: 100%] [G loss: 8.126100, adv: 0.978673, cyc: 0.280563, id: 0.300759] time: 1:46:38.602612 
[Epoch 16/50] [Batch 500/1032] [D loss: 0.000073, acc: 100%] [G loss: 8.263477, adv: 0.943867, cyc: 0.289472, id: 0.256493] time: 1:47:18.003732 
[Epoch 16/50] [Batch 600/1032] [D loss: 0.000119, acc: 100%] [G loss: 8.007455, adv: 0.989180, cyc: 0.274829, id: 0.261973] time: 1:47:57.386748 
[Epoch 16/50] [Batch 700/1032] [D loss: 0.000127, acc: 100%] [G loss: 7.631949, adv: 1.005441, cyc: 0.256315, id: 0.249663] time: 1:48:36.779889 
[Epoch 16/50] [Batch 800/1032] [D loss: 0.000391, acc: 100%] [G loss: 7.990228, adv: 0.982884, cyc: 0.274706, id: 0.287162] time: 1:49:16.171841 
[Epoch 16/50] [Batch 900/1032] [D loss: 0.000210, acc: 100%] [G loss: 8.222677, adv: 1.031413, cyc: 0.280677, id: 0.273248] time: 1:49:55.558720 
[Epoch 16/50] [Batch 1000/1032] [D loss: 0.000042, acc: 100%] [G loss: 8.149786, adv: 1.001632, cyc: 0.281143, id: 0.265427] time: 1:50:34.947826 
[Epoch 17/50] [Batch 0/1032] [D loss: 0.000241, acc: 100%] [G loss: 8.046902, adv: 0.967393, cyc: 0.279354, id: 0.273316] time: 1:50:49.302814 
[Epoch 17/50] [Batch 100/1032] [D loss: 0.000072, acc: 100%] [G loss: 8.303749, adv: 0.995211, cyc: 0.287470, id: 0.270306] time: 1:51:28.694585 
[Epoch 17/50] [Batch 200/1032] [D loss: 0.000170, acc: 100%] [G loss: 8.063294, adv: 0.998002, cyc: 0.276118, id: 0.288505] time: 1:52:08.080682 
[Epoch 17/50] [Batch 300/1032] [D loss: 0.000134, acc: 100%] [G loss: 8.263618, adv: 1.004521, cyc: 0.283929, id: 0.268731] time: 1:52:47.469298 
[Epoch 17/50] [Batch 400/1032] [D loss: 0.000104, acc: 100%] [G loss: 8.083564, adv: 0.965752, cyc: 0.279539, id: 0.298227] time: 1:53:26.852294 
[Epoch 17/50] [Batch 500/1032] [D loss: 0.000096, acc: 100%] [G loss: 8.240007, adv: 0.957558, cyc: 0.286895, id: 0.278116] time: 1:54:06.235413 
[Epoch 17/50] [Batch 600/1032] [D loss: 0.000154, acc: 100%] [G loss: 8.030341, adv: 1.029595, cyc: 0.271975, id: 0.256783] time: 1:54:45.613529 
[Epoch 17/50] [Batch 700/1032] [D loss: 0.000186, acc: 100%] [G loss: 7.461920, adv: 0.955108, cyc: 0.254088, id: 0.237237] time: 1:55:24.988442 
[Epoch 17/50] [Batch 800/1032] [D loss: 0.000338, acc: 100%] [G loss: 7.899391, adv: 0.960406, cyc: 0.273230, id: 0.266092] time: 1:56:04.379731 
[Epoch 17/50] [Batch 900/1032] [D loss: 0.000082, acc: 100%] [G loss: 8.028247, adv: 0.926312, cyc: 0.280713, id: 0.258104] time: 1:56:43.763840 
[Epoch 17/50] [Batch 1000/1032] [D loss: 0.000210, acc: 100%] [G loss: 7.941632, adv: 0.916437, cyc: 0.278080, id: 0.270309] time: 1:57:23.153719 
[Epoch 18/50] [Batch 0/1032] [D loss: 0.000110, acc: 100%] [G loss: 8.024441, adv: 0.981514, cyc: 0.275854, id: 0.278729] time: 1:57:37.237521 
[Epoch 18/50] [Batch 100/1032] [D loss: 0.000124, acc: 100%] [G loss: 8.261527, adv: 0.951713, cyc: 0.288213, id: 0.256365] time: 1:58:16.630345 
[Epoch 18/50] [Batch 200/1032] [D loss: 0.000133, acc: 100%] [G loss: 7.978518, adv: 0.959008, cyc: 0.275769, id: 0.274041] time: 1:58:56.022433 
[Epoch 18/50] [Batch 300/1032] [D loss: 0.000120, acc: 100%] [G loss: 8.137867, adv: 0.893731, cyc: 0.287324, id: 0.256584] time: 1:59:35.410958 
[Epoch 18/50] [Batch 400/1032] [D loss: 0.000186, acc: 100%] [G loss: 8.036636, adv: 0.903168, cyc: 0.282179, id: 0.265266] time: 2:00:14.803162 
[Epoch 18/50] [Batch 500/1032] [D loss: 0.000203, acc: 100%] [G loss: 8.238390, adv: 1.007156, cyc: 0.283538, id: 0.257873] time: 2:00:54.192081 
[Epoch 18/50] [Batch 600/1032] [D loss: 0.000097, acc: 100%] [G loss: 8.020173, adv: 1.005439, cyc: 0.272810, id: 0.251780] time: 2:01:33.575373 
[Epoch 18/50] [Batch 700/1032] [D loss: 0.000130, acc: 100%] [G loss: 7.491121, adv: 0.990382, cyc: 0.251705, id: 0.237218] time: 2:02:12.967116 
[Epoch 18/50] [Batch 800/1032] [D loss: 0.000143, acc: 100%] [G loss: 7.955074, adv: 1.002422, cyc: 0.271325, id: 0.271744] time: 2:02:52.346810 
[Epoch 18/50] [Batch 900/1032] [D loss: 0.000126, acc: 100%] [G loss: 8.013865, adv: 0.970334, cyc: 0.276459, id: 0.276649] time: 2:03:31.740471 
[Epoch 18/50] [Batch 1000/1032] [D loss: 0.000276, acc: 100%] [G loss: 8.055305, adv: 0.998704, cyc: 0.275534, id: 0.266681] time: 2:04:11.134599 
[Epoch 19/50] [Batch 0/1032] [D loss: 0.000149, acc: 100%] [G loss: 8.103821, adv: 0.979164, cyc: 0.278503, id: 0.266759] time: 2:04:25.921434 
[Epoch 19/50] [Batch 100/1032] [D loss: 0.000043, acc: 100%] [G loss: 8.214366, adv: 1.003538, cyc: 0.282256, id: 0.263912] time: 2:05:05.305829 
[Epoch 19/50] [Batch 200/1032] [D loss: 0.000206, acc: 100%] [G loss: 7.908765, adv: 0.973164, cyc: 0.271720, id: 0.264131] time: 2:05:44.694677 
[Epoch 19/50] [Batch 300/1032] [D loss: 0.000093, acc: 100%] [G loss: 8.127130, adv: 0.991825, cyc: 0.279806, id: 0.268281] time: 2:06:24.084212 
[Epoch 19/50] [Batch 400/1032] [D loss: 0.000202, acc: 100%] [G loss: 8.001300, adv: 0.993652, cyc: 0.273337, id: 0.284707] time: 2:07:03.478249 
[Epoch 19/50] [Batch 500/1032] [D loss: 0.000045, acc: 100%] [G loss: 7.994514, adv: 0.874851, cyc: 0.283259, id: 0.252421] time: 2:07:42.860094 
[Epoch 19/50] [Batch 600/1032] [D loss: 0.000312, acc: 100%] [G loss: 7.922618, adv: 0.986657, cyc: 0.270722, id: 0.243824] time: 2:08:22.257035 
[Epoch 19/50] [Batch 700/1032] [D loss: 0.000590, acc: 100%] [G loss: 7.498143, adv: 0.984041, cyc: 0.251285, id: 0.242184] time: 2:09:01.648176 
[Epoch 19/50] [Batch 800/1032] [D loss: 0.000082, acc: 100%] [G loss: 7.877505, adv: 0.975718, cyc: 0.269820, id: 0.269812] time: 2:09:41.037030 
[Epoch 19/50] [Batch 900/1032] [D loss: 0.000152, acc: 100%] [G loss: 7.833139, adv: 0.897560, cyc: 0.274060, id: 0.263588] time: 2:10:20.425452 
[Epoch 19/50] [Batch 1000/1032] [D loss: 0.000228, acc: 100%] [G loss: 7.956262, adv: 0.993234, cyc: 0.271911, id: 0.271314] time: 2:10:59.822511 
[Epoch 20/50] [Batch 0/1032] [D loss: 0.000194, acc: 100%] [G loss: 7.962761, adv: 0.977941, cyc: 0.273318, id: 0.287169] time: 2:11:14.080180 
[Epoch 20/50] [Batch 100/1032] [D loss: 0.000178, acc: 100%] [G loss: 8.212699, adv: 0.969426, cyc: 0.284242, id: 0.249070] time: 2:11:53.469723 
[Epoch 20/50] [Batch 200/1032] [D loss: 0.000099, acc: 100%] [G loss: 7.837825, adv: 0.948018, cyc: 0.270596, id: 0.268078] time: 2:12:32.856639 
[Epoch 20/50] [Batch 300/1032] [D loss: 0.000062, acc: 100%] [G loss: 8.112286, adv: 0.957952, cyc: 0.280823, id: 0.252975] time: 2:13:12.241515 
[Epoch 20/50] [Batch 400/1032] [D loss: 0.000037, acc: 100%] [G loss: 7.944084, adv: 0.969248, cyc: 0.273626, id: 0.280189] time: 2:13:51.627034 
[Epoch 20/50] [Batch 500/1032] [D loss: 0.000255, acc: 100%] [G loss: 8.204835, adv: 1.026379, cyc: 0.279017, id: 0.271357] time: 2:14:31.016484 
[Epoch 20/50] [Batch 600/1032] [D loss: 0.000053, acc: 100%] [G loss: 7.742414, adv: 0.934905, cyc: 0.266002, id: 0.261840] time: 2:15:10.394977 
[Epoch 20/50] [Batch 700/1032] [D loss: 0.001852, acc: 100%] [G loss: 7.268461, adv: 0.863439, cyc: 0.251297, id: 0.251098] time: 2:15:49.786320 
[Epoch 20/50] [Batch 800/1032] [D loss: 0.000047, acc: 100%] [G loss: 7.763206, adv: 0.884601, cyc: 0.271669, id: 0.253160] time: 2:16:29.169119 
[Epoch 20/50] [Batch 900/1032] [D loss: 0.000194, acc: 100%] [G loss: 8.009016, adv: 1.006834, cyc: 0.272106, id: 0.258126] time: 2:17:08.562132 
[Epoch 20/50] [Batch 1000/1032] [D loss: 0.000092, acc: 100%] [G loss: 7.919631, adv: 0.979640, cyc: 0.271171, id: 0.264808] time: 2:17:47.940864 
[Epoch 21/50] [Batch 0/1032] [D loss: 0.000400, acc: 100%] [G loss: 7.812644, adv: 0.922609, cyc: 0.270682, id: 0.261183] time: 2:18:01.684202 
[Epoch 21/50] [Batch 100/1032] [D loss: 0.000039, acc: 100%] [G loss: 8.112977, adv: 0.914297, cyc: 0.284027, id: 0.258751] time: 2:18:41.077850 
[Epoch 21/50] [Batch 200/1032] [D loss: 0.000305, acc: 100%] [G loss: 7.910357, adv: 1.001670, cyc: 0.268005, id: 0.270188] time: 2:19:20.463735 
[Epoch 21/50] [Batch 300/1032] [D loss: 0.000117, acc: 100%] [G loss: 8.124115, adv: 1.004950, cyc: 0.278501, id: 0.257671] time: 2:19:59.846161 
[Epoch 21/50] [Batch 400/1032] [D loss: 0.000070, acc: 100%] [G loss: 7.958138, adv: 1.015196, cyc: 0.269176, id: 0.280223] time: 2:20:39.232372 
[Epoch 21/50] [Batch 500/1032] [D loss: 0.000202, acc: 100%] [G loss: 8.053829, adv: 0.959253, cyc: 0.278209, id: 0.279279] time: 2:21:18.609904 
[Epoch 21/50] [Batch 600/1032] [D loss: 0.000082, acc: 100%] [G loss: 7.816675, adv: 0.934420, cyc: 0.268972, id: 0.241288] time: 2:21:57.993108 
[Epoch 21/50] [Batch 700/1032] [D loss: 0.001698, acc: 100%] [G loss: 7.244866, adv: 0.910838, cyc: 0.247198, id: 0.236649] time: 2:22:37.372463 
[Epoch 21/50] [Batch 800/1032] [D loss: 0.000401, acc: 100%] [G loss: 7.689868, adv: 0.950982, cyc: 0.263788, id: 0.264828] time: 2:23:16.760892 
[Epoch 21/50] [Batch 900/1032] [D loss: 0.000029, acc: 100%] [G loss: 7.894915, adv: 0.917172, cyc: 0.273998, id: 0.265161] time: 2:23:56.149239 
[Epoch 21/50] [Batch 1000/1032] [D loss: 0.000078, acc: 100%] [G loss: 7.969597, adv: 0.987182, cyc: 0.271856, id: 0.258901] time: 2:24:35.537288 
[Epoch 22/50] [Batch 0/1032] [D loss: 0.000147, acc: 100%] [G loss: 7.864309, adv: 0.962263, cyc: 0.269901, id: 0.260830] time: 2:24:49.219059 
[Epoch 22/50] [Batch 100/1032] [D loss: 0.000064, acc: 100%] [G loss: 8.081347, adv: 0.981545, cyc: 0.277594, id: 0.252629] time: 2:25:28.617282 
[Epoch 22/50] [Batch 200/1032] [D loss: 0.000122, acc: 100%] [G loss: 7.772206, adv: 0.954366, cyc: 0.267171, id: 0.254819] time: 2:26:08.015662 
[Epoch 22/50] [Batch 300/1032] [D loss: 0.000138, acc: 100%] [G loss: 8.014156, adv: 0.982849, cyc: 0.274716, id: 0.263476] time: 2:26:47.410393 
[Epoch 22/50] [Batch 400/1032] [D loss: 0.000039, acc: 100%] [G loss: 7.863042, adv: 0.960253, cyc: 0.269081, id: 0.272723] time: 2:27:26.804550 
[Epoch 22/50] [Batch 500/1032] [D loss: 0.000353, acc: 100%] [G loss: 8.030605, adv: 0.965412, cyc: 0.277653, id: 0.249180] time: 2:28:06.193926 
[Epoch 22/50] [Batch 600/1032] [D loss: 0.000115, acc: 100%] [G loss: 7.808100, adv: 0.995414, cyc: 0.265123, id: 0.239946] time: 2:28:45.574536 
[Epoch 22/50] [Batch 700/1032] [D loss: 0.000066, acc: 100%] [G loss: 7.241286, adv: 0.881792, cyc: 0.247897, id: 0.230598] time: 2:29:24.961526 
[Epoch 22/50] [Batch 800/1032] [D loss: 0.000169, acc: 100%] [G loss: 7.797456, adv: 1.009337, cyc: 0.262668, id: 0.262100] time: 2:30:04.357094 
[Epoch 22/50] [Batch 900/1032] [D loss: 0.000445, acc: 100%] [G loss: 7.869749, adv: 0.970706, cyc: 0.269762, id: 0.252387] time: 2:30:43.758634 
[Epoch 22/50] [Batch 1000/1032] [D loss: 0.000058, acc: 100%] [G loss: 7.818190, adv: 0.982907, cyc: 0.266889, id: 0.256843] time: 2:31:23.152344 
[Epoch 23/50] [Batch 0/1032] [D loss: 0.000088, acc: 100%] [G loss: 7.917699, adv: 1.015304, cyc: 0.268174, id: 0.267704] time: 2:31:37.038433 
[Epoch 23/50] [Batch 100/1032] [D loss: 0.000239, acc: 100%] [G loss: 8.013326, adv: 0.937311, cyc: 0.277607, id: 0.257293] time: 2:32:16.441079 
[Epoch 23/50] [Batch 200/1032] [D loss: 0.000121, acc: 100%] [G loss: 7.803871, adv: 0.987771, cyc: 0.265129, id: 0.259560] time: 2:32:55.838192 
[Epoch 23/50] [Batch 300/1032] [D loss: 0.000112, acc: 100%] [G loss: 7.910536, adv: 0.937399, cyc: 0.274667, id: 0.259170] time: 2:33:35.229715 
[Epoch 23/50] [Batch 400/1032] [D loss: 0.000042, acc: 100%] [G loss: 7.816502, adv: 0.981334, cyc: 0.265956, id: 0.262307] time: 2:34:14.618174 
[Epoch 23/50] [Batch 500/1032] [D loss: 0.000100, acc: 100%] [G loss: 7.975564, adv: 0.951643, cyc: 0.275249, id: 0.245968] time: 2:34:53.997855 
[Epoch 23/50] [Batch 600/1032] [D loss: 0.000027, acc: 100%] [G loss: 7.722913, adv: 0.980158, cyc: 0.261835, id: 0.253321] time: 2:35:33.388680 
[Epoch 23/50] [Batch 700/1032] [D loss: 0.000019, acc: 100%] [G loss: 7.298243, adv: 0.973525, cyc: 0.243250, id: 0.249071] time: 2:36:12.786399 
[Epoch 23/50] [Batch 800/1032] [D loss: 0.000161, acc: 100%] [G loss: 7.725849, adv: 0.963771, cyc: 0.263339, id: 0.269018] time: 2:36:52.172623 
[Epoch 23/50] [Batch 900/1032] [D loss: 0.000075, acc: 100%] [G loss: 7.711035, adv: 0.889235, cyc: 0.269257, id: 0.263855] time: 2:37:31.557498 
[Epoch 23/50] [Batch 1000/1032] [D loss: 0.000080, acc: 100%] [G loss: 7.824119, adv: 0.984198, cyc: 0.266464, id: 0.264028] time: 2:38:10.947793 
[Epoch 24/50] [Batch 0/1032] [D loss: 0.004098, acc: 100%] [G loss: 7.877386, adv: 1.021482, cyc: 0.265560, id: 0.269326] time: 2:38:24.975084 
[Epoch 24/50] [Batch 100/1032] [D loss: 0.000160, acc: 100%] [G loss: 7.931060, adv: 0.908580, cyc: 0.276429, id: 0.244850] time: 2:39:04.372662 
[Epoch 24/50] [Batch 200/1032] [D loss: 0.000031, acc: 100%] [G loss: 7.731915, adv: 0.946118, cyc: 0.265415, id: 0.253717] time: 2:39:43.763886 
[Epoch 24/50] [Batch 300/1032] [D loss: 0.000111, acc: 100%] [G loss: 7.975010, adv: 0.996816, cyc: 0.271554, id: 0.252414] time: 2:40:23.147396 
[Epoch 24/50] [Batch 400/1032] [D loss: 0.000072, acc: 100%] [G loss: 7.834532, adv: 0.990109, cyc: 0.264984, id: 0.265306] time: 2:41:02.548488 
[Epoch 24/50] [Batch 500/1032] [D loss: 0.000036, acc: 100%] [G loss: 7.952664, adv: 0.969287, cyc: 0.272921, id: 0.253799] time: 2:41:41.943362 
[Epoch 24/50] [Batch 600/1032] [D loss: 0.000097, acc: 100%] [G loss: 7.798790, adv: 1.024689, cyc: 0.261071, id: 0.242021] time: 2:42:21.349469 
[Epoch 24/50] [Batch 700/1032] [D loss: 0.000075, acc: 100%] [G loss: 7.221503, adv: 0.967432, cyc: 0.240013, id: 0.234837] time: 2:43:00.743902 
[Epoch 24/50] [Batch 800/1032] [D loss: 0.000094, acc: 100%] [G loss: 7.747366, adv: 1.029105, cyc: 0.259495, id: 0.257309] time: 2:43:40.138134 
[Epoch 24/50] [Batch 900/1032] [D loss: 0.000086, acc: 100%] [G loss: 7.843754, adv: 1.002516, cyc: 0.265089, id: 0.257899] time: 2:44:19.525763 
[Epoch 24/50] [Batch 1000/1032] [D loss: 0.000035, acc: 100%] [G loss: 7.768396, adv: 0.978116, cyc: 0.264096, id: 0.259740] time: 2:44:58.921283 
[Epoch 25/50] [Batch 0/1032] [D loss: 0.000099, acc: 100%] [G loss: 7.791581, adv: 1.006472, cyc: 0.263025, id: 0.264398] time: 2:45:12.775816 
[Epoch 25/50] [Batch 100/1032] [D loss: 0.000055, acc: 100%] [G loss: 8.003291, adv: 1.003006, cyc: 0.271599, id: 0.252824] time: 2:45:52.163831 
[Epoch 25/50] [Batch 200/1032] [D loss: 0.000040, acc: 100%] [G loss: 7.613094, adv: 0.886888, cyc: 0.265244, id: 0.261073] time: 2:46:31.557585 
[Epoch 25/50] [Batch 300/1032] [D loss: 0.000037, acc: 100%] [G loss: 7.942902, adv: 1.006197, cyc: 0.269467, id: 0.260800] time: 2:47:10.950633 
[Epoch 25/50] [Batch 400/1032] [D loss: 0.001786, acc: 100%] [G loss: 7.683661, adv: 0.938985, cyc: 0.264272, id: 0.253303] time: 2:47:50.339874 
[Epoch 25/50] [Batch 500/1032] [D loss: 0.000074, acc: 100%] [G loss: 7.907699, adv: 0.963103, cyc: 0.271721, id: 0.248222] time: 2:48:29.732706 
[Epoch 25/50] [Batch 600/1032] [D loss: 0.000018, acc: 100%] [G loss: 7.679044, adv: 0.998229, cyc: 0.258431, id: 0.238591] time: 2:49:09.120679 
[Epoch 25/50] [Batch 700/1032] [D loss: 0.003269, acc: 100%] [G loss: 7.205078, adv: 0.956460, cyc: 0.241278, id: 0.235920] time: 2:49:48.511364 
[Epoch 25/50] [Batch 800/1032] [D loss: 0.000104, acc: 100%] [G loss: 7.686465, adv: 0.986121, cyc: 0.260039, id: 0.271139] time: 2:50:27.898473 
[Epoch 25/50] [Batch 900/1032] [D loss: 0.000053, acc: 100%] [G loss: 7.862448, adv: 1.016212, cyc: 0.264411, id: 0.260896] time: 2:51:07.286432 
[Epoch 25/50] [Batch 1000/1032] [D loss: 0.000048, acc: 100%] [G loss: 7.865126, adv: 1.006059, cyc: 0.264952, id: 0.250235] time: 2:51:46.671847 
[Epoch 26/50] [Batch 0/1032] [D loss: 0.000044, acc: 100%] [G loss: 7.701086, adv: 0.950684, cyc: 0.262935, id: 0.259218] time: 2:52:00.517886 
[Epoch 26/50] [Batch 100/1032] [D loss: 0.000064, acc: 100%] [G loss: 7.930221, adv: 0.976414, cyc: 0.271889, id: 0.250565] time: 2:52:39.910944 
[Epoch 26/50] [Batch 200/1032] [D loss: 0.000051, acc: 100%] [G loss: 7.628659, adv: 0.948930, cyc: 0.260671, id: 0.256158] time: 2:53:19.293449 
[Epoch 26/50] [Batch 300/1032] [D loss: 0.000022, acc: 100%] [G loss: 7.865917, adv: 0.996926, cyc: 0.266872, id: 0.253374] time: 2:53:58.681254 
[Epoch 26/50] [Batch 400/1032] [D loss: 0.000031, acc: 100%] [G loss: 7.771003, adv: 1.004292, cyc: 0.261748, id: 0.266215] time: 2:54:38.067664 
[Epoch 26/50] [Batch 500/1032] [D loss: 0.000054, acc: 100%] [G loss: 7.923882, adv: 0.978425, cyc: 0.270357, id: 0.249854] time: 2:55:17.449128 
[Epoch 26/50] [Batch 600/1032] [D loss: 0.000026, acc: 100%] [G loss: 7.654999, adv: 0.992268, cyc: 0.257713, id: 0.238610] time: 2:55:56.833676 
[Epoch 26/50] [Batch 700/1032] [D loss: 0.000074, acc: 100%] [G loss: 7.258718, adv: 1.003630, cyc: 0.239312, id: 0.233921] time: 2:56:36.215155 
[Epoch 26/50] [Batch 800/1032] [D loss: 0.000060, acc: 100%] [G loss: 7.725896, adv: 1.014498, cyc: 0.259522, id: 0.254478] time: 2:57:15.602218 
[Epoch 26/50] [Batch 900/1032] [D loss: 0.000043, acc: 100%] [G loss: 7.814426, adv: 1.006532, cyc: 0.264287, id: 0.249416] time: 2:57:54.992775 
[Epoch 26/50] [Batch 1000/1032] [D loss: 0.000084, acc: 100%] [G loss: 7.728074, adv: 0.979406, cyc: 0.263382, id: 0.255077] time: 2:58:34.370662 
[Epoch 27/50] [Batch 0/1032] [D loss: 0.000101, acc: 100%] [G loss: 7.746436, adv: 1.002337, cyc: 0.261722, id: 0.259539] time: 2:58:48.084828 
[Epoch 27/50] [Batch 100/1032] [D loss: 0.000039, acc: 100%] [G loss: 7.940745, adv: 1.001390, cyc: 0.269938, id: 0.256627] time: 2:59:27.470550 
[Epoch 27/50] [Batch 200/1032] [D loss: 0.000032, acc: 100%] [G loss: 7.676838, adv: 0.990592, cyc: 0.258964, id: 0.259105] time: 3:00:06.860310 
[Epoch 27/50] [Batch 300/1032] [D loss: 0.000101, acc: 100%] [G loss: 7.736032, adv: 0.915936, cyc: 0.268534, id: 0.248847] time: 3:00:46.251075 
[Epoch 27/50] [Batch 400/1032] [D loss: 0.000024, acc: 100%] [G loss: 7.643728, adv: 0.949370, cyc: 0.260367, id: 0.264231] time: 3:01:25.626836 
[Epoch 27/50] [Batch 500/1032] [D loss: 0.000069, acc: 100%] [G loss: 7.891021, adv: 0.986645, cyc: 0.269786, id: 0.244142] time: 3:02:05.008616 
[Epoch 27/50] [Batch 600/1032] [D loss: 0.000053, acc: 100%] [G loss: 7.647038, adv: 0.991668, cyc: 0.257877, id: 0.231514] time: 3:02:44.392347 
[Epoch 27/50] [Batch 700/1032] [D loss: 0.000049, acc: 100%] [G loss: 7.183584, adv: 0.972700, cyc: 0.237491, id: 0.243512] time: 3:03:23.780722 
[Epoch 27/50] [Batch 800/1032] [D loss: 0.000035, acc: 100%] [G loss: 7.582927, adv: 0.971416, cyc: 0.256272, id: 0.255637] time: 3:04:03.158000 
[Epoch 27/50] [Batch 900/1032] [D loss: 0.000071, acc: 100%] [G loss: 7.778290, adv: 0.978443, cyc: 0.265523, id: 0.253176] time: 3:04:42.539783 
[Epoch 27/50] [Batch 1000/1032] [D loss: 0.000020, acc: 100%] [G loss: 7.774118, adv: 1.004893, cyc: 0.261720, id: 0.254298] time: 3:05:21.921280 
[Epoch 28/50] [Batch 0/1032] [D loss: 0.000256, acc: 100%] [G loss: 7.500679, adv: 0.921705, cyc: 0.257176, id: 0.262017] time: 3:05:36.087609 
[Epoch 28/50] [Batch 100/1032] [D loss: 0.000050, acc: 100%] [G loss: 7.925249, adv: 1.008021, cyc: 0.268489, id: 0.248430] time: 3:06:15.482060 
[Epoch 28/50] [Batch 200/1032] [D loss: 0.000034, acc: 100%] [G loss: 7.722502, adv: 1.010544, cyc: 0.259552, id: 0.253725] time: 3:06:54.863745 
[Epoch 28/50] [Batch 300/1032] [D loss: 0.004794, acc:  99%] [G loss: 8.097029, adv: 1.036435, cyc: 0.272251, id: 0.248985] time: 3:07:34.252562 
[Epoch 28/50] [Batch 400/1032] [D loss: 0.000041, acc: 100%] [G loss: 7.717039, adv: 0.984618, cyc: 0.260871, id: 0.274632] time: 3:08:13.642133 
[Epoch 28/50] [Batch 500/1032] [D loss: 0.000053, acc: 100%] [G loss: 7.862431, adv: 0.965920, cyc: 0.268340, id: 0.247679] time: 3:08:53.024314 
[Epoch 28/50] [Batch 600/1032] [D loss: 0.000031, acc: 100%] [G loss: 7.526065, adv: 0.965816, cyc: 0.253750, id: 0.248075] time: 3:09:32.405814 
[Epoch 28/50] [Batch 700/1032] [D loss: 0.000087, acc: 100%] [G loss: 7.202223, adv: 1.014213, cyc: 0.235606, id: 0.228023] time: 3:10:11.791800 
[Epoch 28/50] [Batch 800/1032] [D loss: 0.004009, acc: 100%] [G loss: 7.570312, adv: 0.992382, cyc: 0.254087, id: 0.258494] time: 3:10:51.183554 
[Epoch 28/50] [Batch 900/1032] [D loss: 0.000462, acc: 100%] [G loss: 7.791481, adv: 1.004031, cyc: 0.261966, id: 0.248476] time: 3:11:30.570773 
[Epoch 28/50] [Batch 1000/1032] [D loss: 0.000034, acc: 100%] [G loss: 7.715364, adv: 1.010141, cyc: 0.259367, id: 0.255853] time: 3:12:09.960529 
[Epoch 29/50] [Batch 0/1032] [D loss: 0.000030, acc: 100%] [G loss: 7.678813, adv: 0.996070, cyc: 0.258583, id: 0.265774] time: 3:12:24.408042 
[Epoch 29/50] [Batch 100/1032] [D loss: 0.000030, acc: 100%] [G loss: 7.909862, adv: 0.985476, cyc: 0.270026, id: 0.248571] time: 3:13:03.800174 
[Epoch 29/50] [Batch 200/1032] [D loss: 0.000075, acc: 100%] [G loss: 7.662877, adv: 1.010094, cyc: 0.256066, id: 0.252637] time: 3:13:43.180905 
[Epoch 29/50] [Batch 300/1032] [D loss: 0.000052, acc: 100%] [G loss: 7.815540, adv: 1.005424, cyc: 0.264276, id: 0.246239] time: 3:14:22.563681 
[Epoch 29/50] [Batch 400/1032] [D loss: 0.000068, acc: 100%] [G loss: 7.659990, adv: 0.977795, cyc: 0.258915, id: 0.271822] time: 3:15:01.945438 
[Epoch 29/50] [Batch 500/1032] [D loss: 0.000013, acc: 100%] [G loss: 7.788274, adv: 0.981638, cyc: 0.265112, id: 0.240397] time: 3:15:41.339688 
[Epoch 29/50] [Batch 600/1032] [D loss: 0.000047, acc: 100%] [G loss: 7.589190, adv: 1.006462, cyc: 0.253177, id: 0.250666] time: 3:16:20.817246 
[Epoch 29/50] [Batch 700/1032] [D loss: 0.000036, acc: 100%] [G loss: 7.086463, adv: 0.979098, cyc: 0.233726, id: 0.228271] time: 3:17:00.212095 
[Epoch 29/50] [Batch 800/1032] [D loss: 0.000069, acc: 100%] [G loss: 7.434814, adv: 0.919514, cyc: 0.253878, id: 0.246619] time: 3:17:39.601300 
[Epoch 29/50] [Batch 900/1032] [D loss: 0.000029, acc: 100%] [G loss: 7.658163, adv: 0.987771, cyc: 0.258433, id: 0.245584] time: 3:18:19.011361 
[Epoch 29/50] [Batch 1000/1032] [D loss: 0.000017, acc: 100%] [G loss: 7.668272, adv: 0.992541, cyc: 0.257827, id: 0.250931] time: 3:18:58.412040 
[Epoch 30/50] [Batch 0/1032] [D loss: 0.000969, acc: 100%] [G loss: 7.427063, adv: 0.893181, cyc: 0.256926, id: 0.251189] time: 3:19:12.197651 
[Epoch 30/50] [Batch 100/1032] [D loss: 0.000082, acc: 100%] [G loss: 7.636820, adv: 0.857295, cyc: 0.268319, id: 0.252577] time: 3:19:51.596835 
[Epoch 30/50] [Batch 200/1032] [D loss: 0.000063, acc: 100%] [G loss: 7.596673, adv: 0.978330, cyc: 0.256338, id: 0.252279] time: 3:20:30.992557 
[Epoch 30/50] [Batch 300/1032] [D loss: 0.000060, acc: 100%] [G loss: 7.793689, adv: 1.000899, cyc: 0.264071, id: 0.245136] time: 3:21:10.397006 
[Epoch 30/50] [Batch 400/1032] [D loss: 0.000045, acc: 100%] [G loss: 7.645316, adv: 0.986592, cyc: 0.257713, id: 0.256411] time: 3:21:49.796529 
[Epoch 30/50] [Batch 500/1032] [D loss: 0.000026, acc: 100%] [G loss: 7.838340, adv: 1.005069, cyc: 0.265712, id: 0.240041] time: 3:22:29.194491 
[Epoch 30/50] [Batch 600/1032] [D loss: 0.000051, acc: 100%] [G loss: 7.521938, adv: 0.975871, cyc: 0.254008, id: 0.237632] time: 3:23:08.591247 
[Epoch 30/50] [Batch 700/1032] [D loss: 0.000074, acc: 100%] [G loss: 7.173025, adv: 1.003095, cyc: 0.234055, id: 0.228809] time: 3:23:47.998145 
[Epoch 30/50] [Batch 800/1032] [D loss: 0.000035, acc: 100%] [G loss: 7.535032, adv: 0.992333, cyc: 0.252156, id: 0.252053] time: 3:24:27.397456 
[Epoch 30/50] [Batch 900/1032] [D loss: 0.000050, acc: 100%] [G loss: 7.494900, adv: 0.887420, cyc: 0.259266, id: 0.247231] time: 3:25:06.810144 
[Epoch 30/50] [Batch 1000/1032] [D loss: 0.000050, acc: 100%] [G loss: 7.608800, adv: 0.993928, cyc: 0.255898, id: 0.254469] time: 3:25:46.314292 
[Epoch 31/50] [Batch 0/1032] [D loss: 0.000026, acc: 100%] [G loss: 7.594540, adv: 0.992557, cyc: 0.255342, id: 0.255849] time: 3:26:00.102057 
[Epoch 31/50] [Batch 100/1032] [D loss: 0.000063, acc: 100%] [G loss: 7.797247, adv: 0.979531, cyc: 0.265591, id: 0.240403] time: 3:26:39.616227 
[Epoch 31/50] [Batch 200/1032] [D loss: 0.000052, acc: 100%] [G loss: 7.593580, adv: 1.001220, cyc: 0.254867, id: 0.251308] time: 3:27:19.121386 
[Epoch 31/50] [Batch 300/1032] [D loss: 0.000084, acc: 100%] [G loss: 7.725712, adv: 0.948551, cyc: 0.264023, id: 0.240646] time: 3:27:58.621922 
[Epoch 31/50] [Batch 400/1032] [D loss: 0.000020, acc: 100%] [G loss: 7.647110, adv: 0.991545, cyc: 0.256935, id: 0.257687] time: 3:28:38.126695 
[Epoch 31/50] [Batch 500/1032] [D loss: 0.000049, acc: 100%] [G loss: 7.775030, adv: 0.983430, cyc: 0.264333, id: 0.241204] time: 3:29:17.617451 
[Epoch 31/50] [Batch 600/1032] [D loss: 0.000261, acc: 100%] [G loss: 7.513360, adv: 0.953488, cyc: 0.253966, id: 0.234879] time: 3:29:57.113625 
[Epoch 31/50] [Batch 700/1032] [D loss: 0.000062, acc: 100%] [G loss: 7.086553, adv: 0.985938, cyc: 0.232439, id: 0.228787] time: 3:30:36.624612 
[Epoch 31/50] [Batch 800/1032] [D loss: 0.000030, acc: 100%] [G loss: 7.565125, adv: 0.978097, cyc: 0.254248, id: 0.263192] time: 3:31:16.124193 
[Epoch 31/50] [Batch 900/1032] [D loss: 0.000026, acc: 100%] [G loss: 7.693937, adv: 1.005589, cyc: 0.258134, id: 0.246435] time: 3:31:55.621456 
[Epoch 31/50] [Batch 1000/1032] [D loss: 0.000069, acc: 100%] [G loss: 7.520099, adv: 0.931246, cyc: 0.256929, id: 0.250167] time: 3:32:35.130432 
[Epoch 32/50] [Batch 0/1032] [D loss: 0.000032, acc: 100%] [G loss: 7.639956, adv: 1.005339, cyc: 0.256435, id: 0.257589] time: 3:32:49.005670 
[Epoch 32/50] [Batch 100/1032] [D loss: 0.000027, acc: 100%] [G loss: 7.781099, adv: 0.997015, cyc: 0.263305, id: 0.242431] time: 3:33:28.510684 
[Epoch 32/50] [Batch 200/1032] [D loss: 0.000023, acc: 100%] [G loss: 7.539183, adv: 0.947882, cyc: 0.255557, id: 0.258038] time: 3:34:08.012299 
[Epoch 32/50] [Batch 300/1032] [D loss: 0.000024, acc: 100%] [G loss: 7.725661, adv: 0.990414, cyc: 0.261800, id: 0.244794] time: 3:34:47.524972 
[Epoch 32/50] [Batch 400/1032] [D loss: 0.000053, acc: 100%] [G loss: 7.559235, adv: 0.974903, cyc: 0.255497, id: 0.252974] time: 3:35:27.027271 
[Epoch 32/50] [Batch 500/1032] [D loss: 0.000038, acc: 100%] [G loss: 7.759224, adv: 0.967546, cyc: 0.264199, id: 0.256774] time: 3:36:06.526065 
[Epoch 32/50] [Batch 600/1032] [D loss: 0.000039, acc: 100%] [G loss: 7.552788, adv: 1.009999, cyc: 0.252025, id: 0.232047] time: 3:36:46.041348 
[Epoch 32/50] [Batch 700/1032] [D loss: 0.000027, acc: 100%] [G loss: 7.088847, adv: 0.998412, cyc: 0.231850, id: 0.225533] time: 3:37:25.548786 
[Epoch 32/50] [Batch 800/1032] [D loss: 0.000104, acc: 100%] [G loss: 7.531340, adv: 1.015380, cyc: 0.249782, id: 0.254866] time: 3:38:05.054241 
[Epoch 32/50] [Batch 900/1032] [D loss: 0.001355, acc: 100%] [G loss: 7.691490, adv: 1.034192, cyc: 0.256034, id: 0.243022] time: 3:38:44.565441 
[Epoch 32/50] [Batch 1000/1032] [D loss: 0.000412, acc: 100%] [G loss: 7.581999, adv: 1.002487, cyc: 0.253749, id: 0.249101] time: 3:39:24.050755 
[Epoch 33/50] [Batch 0/1032] [D loss: 0.000043, acc: 100%] [G loss: 7.561048, adv: 0.990305, cyc: 0.253934, id: 0.255984] time: 3:39:37.856698 
[Epoch 33/50] [Batch 100/1032] [D loss: 0.000039, acc: 100%] [G loss: 7.773850, adv: 0.997938, cyc: 0.263109, id: 0.239382] time: 3:40:17.308917 
[Epoch 33/50] [Batch 200/1032] [D loss: 0.000066, acc: 100%] [G loss: 7.553104, adv: 0.999509, cyc: 0.252306, id: 0.247640] time: 3:40:56.762206 
[Epoch 33/50] [Batch 300/1032] [D loss: 0.000280, acc: 100%] [G loss: 7.679779, adv: 0.967450, cyc: 0.261471, id: 0.245096] time: 3:41:36.207539 
[Epoch 33/50] [Batch 400/1032] [D loss: 0.000033, acc: 100%] [G loss: 7.615327, adv: 0.999685, cyc: 0.254862, id: 0.252491] time: 3:42:15.655331 
[Epoch 33/50] [Batch 500/1032] [D loss: 0.000035, acc: 100%] [G loss: 7.734819, adv: 0.971652, cyc: 0.264198, id: 0.237273] time: 3:42:55.104848 
[Epoch 33/50] [Batch 600/1032] [D loss: 0.000029, acc: 100%] [G loss: 7.496277, adv: 0.992962, cyc: 0.249842, id: 0.240081] time: 3:43:34.547276 
[Epoch 33/50] [Batch 700/1032] [D loss: 0.000011, acc: 100%] [G loss: 7.043208, adv: 0.999949, cyc: 0.229350, id: 0.226702] time: 3:44:13.988383 
[Epoch 33/50] [Batch 800/1032] [D loss: 0.000069, acc: 100%] [G loss: 7.492452, adv: 0.994370, cyc: 0.250701, id: 0.250640] time: 3:44:53.436794 
[Epoch 33/50] [Batch 900/1032] [D loss: 0.004175, acc:  99%] [G loss: 7.475448, adv: 0.923501, cyc: 0.255069, id: 0.250175] time: 3:45:32.879485 
[Epoch 33/50] [Batch 1000/1032] [D loss: 0.000395, acc: 100%] [G loss: 7.576901, adv: 0.987873, cyc: 0.254920, id: 0.250313] time: 3:46:12.327151 
[Epoch 34/50] [Batch 0/1032] [D loss: 0.000092, acc: 100%] [G loss: 7.570404, adv: 0.999722, cyc: 0.253929, id: 0.251589] time: 3:46:25.974618 
[Epoch 34/50] [Batch 100/1032] [D loss: 0.000035, acc: 100%] [G loss: 7.755273, adv: 0.981453, cyc: 0.263070, id: 0.249186] time: 3:47:05.393492 
[Epoch 34/50] [Batch 200/1032] [D loss: 0.000132, acc: 100%] [G loss: 7.526753, adv: 0.993927, cyc: 0.251105, id: 0.248434] time: 3:47:44.827026 
[Epoch 34/50] [Batch 300/1032] [D loss: 0.000026, acc: 100%] [G loss: 7.761467, adv: 1.000667, cyc: 0.262457, id: 0.245452] time: 3:48:24.287076 
[Epoch 34/50] [Batch 400/1032] [D loss: 0.000077, acc: 100%] [G loss: 7.498860, adv: 0.957626, cyc: 0.253323, id: 0.257723] time: 3:49:03.748660 
[Epoch 34/50] [Batch 500/1032] [D loss: 0.000025, acc: 100%] [G loss: 7.728889, adv: 0.992963, cyc: 0.261076, id: 0.246900] time: 3:49:43.235030 
[Epoch 34/50] [Batch 600/1032] [D loss: 0.000052, acc: 100%] [G loss: 7.446297, adv: 0.979181, cyc: 0.249480, id: 0.234105] time: 3:50:22.682696 
[Epoch 34/50] [Batch 700/1032] [D loss: 0.000052, acc: 100%] [G loss: 7.010133, adv: 0.994363, cyc: 0.228394, id: 0.229726] time: 3:51:02.088759 
[Epoch 34/50] [Batch 800/1032] [D loss: 0.000024, acc: 100%] [G loss: 7.466889, adv: 0.983868, cyc: 0.249412, id: 0.258932] time: 3:51:41.491928 
[Epoch 34/50] [Batch 900/1032] [D loss: 0.000053, acc: 100%] [G loss: 7.622121, adv: 1.004704, cyc: 0.255088, id: 0.248884] time: 3:52:20.888073 
[Epoch 34/50] [Batch 1000/1032] [D loss: 0.000063, acc: 100%] [G loss: 7.515884, adv: 0.969433, cyc: 0.254220, id: 0.246367] time: 3:53:00.293563 
[Epoch 35/50] [Batch 0/1032] [D loss: 0.000040, acc: 100%] [G loss: 7.603236, adv: 1.018719, cyc: 0.252775, id: 0.266253] time: 3:53:13.942755 
[Epoch 35/50] [Batch 100/1032] [D loss: 0.000057, acc: 100%] [G loss: 7.780822, adv: 0.997002, cyc: 0.262930, id: 0.242297] time: 3:53:53.347961 
[Epoch 35/50] [Batch 200/1032] [D loss: 0.000032, acc: 100%] [G loss: 7.508799, adv: 0.973287, cyc: 0.252398, id: 0.248692] time: 3:54:32.753126 
[Epoch 35/50] [Batch 300/1032] [D loss: 0.000014, acc: 100%] [G loss: 7.624134, adv: 0.956975, cyc: 0.259425, id: 0.246495] time: 3:55:12.160325 
[Epoch 35/50] [Batch 400/1032] [D loss: 0.000014, acc: 100%] [G loss: 7.585750, adv: 0.996750, cyc: 0.254413, id: 0.253472] time: 3:55:51.572880 
[Epoch 35/50] [Batch 500/1032] [D loss: 0.000024, acc: 100%] [G loss: 7.716998, adv: 0.989892, cyc: 0.261407, id: 0.238289] time: 3:56:30.986848 
[Epoch 35/50] [Batch 600/1032] [D loss: 0.000089, acc: 100%] [G loss: 7.423871, adv: 0.990238, cyc: 0.247016, id: 0.242233] time: 3:57:10.385767 
[Epoch 35/50] [Batch 700/1032] [D loss: 0.000009, acc: 100%] [G loss: 7.050624, adv: 0.978648, cyc: 0.231682, id: 0.229025] time: 3:57:49.790760 
[Epoch 35/50] [Batch 800/1032] [D loss: 0.000078, acc: 100%] [G loss: 7.441546, adv: 0.972925, cyc: 0.249758, id: 0.249261] time: 3:58:29.187172 
[Epoch 35/50] [Batch 900/1032] [D loss: 0.000042, acc: 100%] [G loss: 7.409372, adv: 0.915166, cyc: 0.252857, id: 0.246421] time: 3:59:08.583879 
[Epoch 35/50] [Batch 1000/1032] [D loss: 0.000026, acc: 100%] [G loss: 7.506049, adv: 0.957599, cyc: 0.253317, id: 0.255754] time: 3:59:47.982188 
[Epoch 36/50] [Batch 0/1032] [D loss: 0.000215, acc: 100%] [G loss: 7.557540, adv: 1.003929, cyc: 0.251790, id: 0.258686] time: 4:00:01.612062 
[Epoch 36/50] [Batch 100/1032] [D loss: 0.000051, acc: 100%] [G loss: 7.764164, adv: 1.002176, cyc: 0.261766, id: 0.248419] time: 4:00:41.016927 
[Epoch 36/50] [Batch 200/1032] [D loss: 0.000007, acc: 100%] [G loss: 7.455593, adv: 0.933050, cyc: 0.252812, id: 0.244300] time: 4:01:20.408833 
[Epoch 36/50] [Batch 300/1032] [D loss: 0.000006, acc: 100%] [G loss: 7.633595, adv: 0.988122, cyc: 0.256924, id: 0.247518] time: 4:01:59.804588 
[Epoch 36/50] [Batch 400/1032] [D loss: 0.000180, acc: 100%] [G loss: 7.494025, adv: 0.981065, cyc: 0.251962, id: 0.251179] time: 4:02:39.195711 
[Epoch 36/50] [Batch 500/1032] [D loss: 0.000025, acc: 100%] [G loss: 7.682298, adv: 0.986332, cyc: 0.259929, id: 0.237844] time: 4:03:18.671673 
[Epoch 36/50] [Batch 600/1032] [D loss: 0.000036, acc: 100%] [G loss: 7.452341, adv: 0.998033, cyc: 0.248375, id: 0.234251] time: 4:03:58.169722 
[Epoch 36/50] [Batch 700/1032] [D loss: 0.000037, acc: 100%] [G loss: 6.999364, adv: 0.981655, cyc: 0.228894, id: 0.227432] time: 4:04:37.675803 
[Epoch 36/50] [Batch 800/1032] [D loss: 0.000026, acc: 100%] [G loss: 7.435956, adv: 0.992267, cyc: 0.248173, id: 0.248939] time: 4:05:17.182216 
[Epoch 36/50] [Batch 900/1032] [D loss: 0.000023, acc: 100%] [G loss: 7.597201, adv: 1.004259, cyc: 0.253579, id: 0.242824] time: 4:05:56.690263 
[Epoch 36/50] [Batch 1000/1032] [D loss: 0.000044, acc: 100%] [G loss: 7.547490, adv: 0.967841, cyc: 0.253957, id: 0.244006] time: 4:06:36.190227 
[Epoch 37/50] [Batch 0/1032] [D loss: 0.000070, acc: 100%] [G loss: 7.488111, adv: 0.980570, cyc: 0.251142, id: 0.253857] time: 4:06:49.907517 
[Epoch 37/50] [Batch 100/1032] [D loss: 0.000049, acc: 100%] [G loss: 7.682718, adv: 0.982990, cyc: 0.260260, id: 0.239466] time: 4:07:29.418285 
[Epoch 37/50] [Batch 200/1032] [D loss: 0.000119, acc: 100%] [G loss: 7.453654, adv: 0.969523, cyc: 0.251153, id: 0.244667] time: 4:08:08.930180 
[Epoch 37/50] [Batch 300/1032] [D loss: 0.000105, acc: 100%] [G loss: 7.643566, adv: 0.972469, cyc: 0.258459, id: 0.246767] time: 4:08:48.444118 
[Epoch 37/50] [Batch 400/1032] [D loss: 0.000065, acc: 100%] [G loss: 7.502112, adv: 0.977899, cyc: 0.251530, id: 0.254073] time: 4:09:27.962176 
[Epoch 37/50] [Batch 500/1032] [D loss: 0.000028, acc: 100%] [G loss: 7.641538, adv: 0.960623, cyc: 0.259489, id: 0.233862] time: 4:10:07.465660 
[Epoch 37/50] [Batch 600/1032] [D loss: 0.000028, acc: 100%] [G loss: 7.457854, adv: 1.000998, cyc: 0.247829, id: 0.234860] time: 4:10:46.974634 
[Epoch 37/50] [Batch 700/1032] [D loss: 0.000157, acc: 100%] [G loss: 7.019887, adv: 1.000190, cyc: 0.228092, id: 0.223288] time: 4:11:26.496117 
[Epoch 37/50] [Batch 800/1032] [D loss: 0.000030, acc: 100%] [G loss: 7.409069, adv: 0.999785, cyc: 0.246179, id: 0.248635] time: 4:12:06.007553 
[Epoch 37/50] [Batch 900/1032] [D loss: 0.000023, acc: 100%] [G loss: 7.547893, adv: 0.992369, cyc: 0.252683, id: 0.256759] time: 4:12:45.468656 
[Epoch 37/50] [Batch 1000/1032] [D loss: 0.000035, acc: 100%] [G loss: 7.517924, adv: 0.999678, cyc: 0.251276, id: 0.249199] time: 4:13:24.934549 
[Epoch 38/50] [Batch 0/1032] [D loss: 0.000014, acc: 100%] [G loss: 7.399485, adv: 0.938573, cyc: 0.249766, id: 0.261966] time: 4:13:38.624756 
[Epoch 38/50] [Batch 100/1032] [D loss: 0.000042, acc: 100%] [G loss: 7.723181, adv: 1.005505, cyc: 0.259369, id: 0.243351] time: 4:14:18.084200 
[Epoch 38/50] [Batch 200/1032] [D loss: 0.000061, acc: 100%] [G loss: 7.460694, adv: 1.000254, cyc: 0.248209, id: 0.245954] time: 4:14:57.541953 
[Epoch 38/50] [Batch 300/1032] [D loss: 0.000028, acc: 100%] [G loss: 7.660380, adv: 0.943208, cyc: 0.260761, id: 0.242071] time: 4:15:37.010325 
[Epoch 38/50] [Batch 400/1032] [D loss: 0.000065, acc: 100%] [G loss: 7.526995, adv: 0.998468, cyc: 0.251387, id: 0.256146] time: 4:16:16.461679 
[Epoch 38/50] [Batch 500/1032] [D loss: 0.000058, acc: 100%] [G loss: 7.627368, adv: 0.948613, cyc: 0.259204, id: 0.242933] time: 4:16:55.928364 
[Epoch 38/50] [Batch 600/1032] [D loss: 0.000028, acc: 100%] [G loss: 7.391186, adv: 0.977066, cyc: 0.246278, id: 0.227378] time: 4:17:35.382881 
[Epoch 38/50] [Batch 700/1032] [D loss: 0.000032, acc: 100%] [G loss: 6.994428, adv: 1.000181, cyc: 0.226822, id: 0.231279] time: 4:18:14.844677 
[Epoch 38/50] [Batch 800/1032] [D loss: 0.000029, acc: 100%] [G loss: 7.439007, adv: 1.005643, cyc: 0.247506, id: 0.243662] time: 4:18:54.306614 
[Epoch 38/50] [Batch 900/1032] [D loss: 0.000082, acc: 100%] [G loss: 7.533859, adv: 0.992347, cyc: 0.252373, id: 0.249178] time: 4:19:33.759247 
[Epoch 38/50] [Batch 1000/1032] [D loss: 0.000051, acc: 100%] [G loss: 7.480497, adv: 0.990411, cyc: 0.250754, id: 0.244699] time: 4:20:13.205933 
[Epoch 39/50] [Batch 0/1032] [D loss: 0.000023, acc: 100%] [G loss: 7.522411, adv: 1.003260, cyc: 0.250971, id: 0.254103] time: 4:20:26.976205 
[Epoch 39/50] [Batch 100/1032] [D loss: 0.000047, acc: 100%] [G loss: 7.675161, adv: 0.984967, cyc: 0.259276, id: 0.244833] time: 4:21:06.420116 
[Epoch 39/50] [Batch 200/1032] [D loss: 0.000042, acc: 100%] [G loss: 7.493577, adv: 0.999518, cyc: 0.249539, id: 0.252274] time: 4:21:45.882662 
[Epoch 39/50] [Batch 300/1032] [D loss: 0.000050, acc: 100%] [G loss: 7.673830, adv: 0.990930, cyc: 0.258664, id: 0.238945] time: 4:22:25.355535 
[Epoch 39/50] [Batch 400/1032] [D loss: 0.000035, acc: 100%] [G loss: 7.515400, adv: 1.003836, cyc: 0.250574, id: 0.250207] time: 4:23:04.839473 
[Epoch 39/50] [Batch 500/1032] [D loss: 0.000033, acc: 100%] [G loss: 7.701603, adv: 1.011861, cyc: 0.258783, id: 0.235671] time: 4:23:44.352494 
[Epoch 39/50] [Batch 600/1032] [D loss: 0.000014, acc: 100%] [G loss: 7.411561, adv: 1.003387, cyc: 0.246053, id: 0.226482] time: 4:24:23.836605 
[Epoch 39/50] [Batch 700/1032] [D loss: 0.000041, acc: 100%] [G loss: 6.953736, adv: 0.986441, cyc: 0.226372, id: 0.221802] time: 4:25:03.238587 
[Epoch 39/50] [Batch 800/1032] [D loss: 0.000029, acc: 100%] [G loss: 7.385355, adv: 0.954826, cyc: 0.247907, id: 0.242305] time: 4:25:42.648285 
[Epoch 39/50] [Batch 900/1032] [D loss: 0.000040, acc: 100%] [G loss: 7.492460, adv: 0.977668, cyc: 0.252363, id: 0.236336] time: 4:26:22.050829 
[Epoch 39/50] [Batch 1000/1032] [D loss: 0.000031, acc: 100%] [G loss: 7.462642, adv: 0.993196, cyc: 0.248840, id: 0.249442] time: 4:27:01.523899 
[Epoch 40/50] [Batch 0/1032] [D loss: 0.000242, acc: 100%] [G loss: 7.485352, adv: 0.994262, cyc: 0.249448, id: 0.267630] time: 4:27:15.221716 
[Epoch 40/50] [Batch 100/1032] [D loss: 0.000041, acc: 100%] [G loss: 7.689398, adv: 1.006168, cyc: 0.257787, id: 0.245175] time: 4:27:54.722645 
[Epoch 40/50] [Batch 200/1032] [D loss: 0.000029, acc: 100%] [G loss: 7.432164, adv: 0.992897, cyc: 0.247631, id: 0.245397] time: 4:28:34.243197 
[Epoch 40/50] [Batch 300/1032] [D loss: 0.000036, acc: 100%] [G loss: 7.586072, adv: 0.985690, cyc: 0.255435, id: 0.240190] time: 4:29:13.746144 
[Epoch 40/50] [Batch 400/1032] [D loss: 0.000063, acc: 100%] [G loss: 7.556011, adv: 1.019265, cyc: 0.250448, id: 0.255772] time: 4:29:53.251105 
[Epoch 40/50] [Batch 500/1032] [D loss: 0.000079, acc: 100%] [G loss: 7.576648, adv: 0.955838, cyc: 0.257215, id: 0.253386] time: 4:30:32.765562 
[Epoch 40/50] [Batch 600/1032] [D loss: 0.000035, acc: 100%] [G loss: 7.316239, adv: 0.932997, cyc: 0.246489, id: 0.230419] time: 4:31:12.267318 
[Epoch 40/50] [Batch 700/1032] [D loss: 0.000029, acc: 100%] [G loss: 6.949240, adv: 0.993035, cyc: 0.225954, id: 0.216525] time: 4:31:51.765994 
[Epoch 40/50] [Batch 800/1032] [D loss: 0.000045, acc: 100%] [G loss: 7.413161, adv: 0.994181, cyc: 0.245517, id: 0.254207] time: 4:32:31.281342 
[Epoch 40/50] [Batch 900/1032] [D loss: 0.000011, acc: 100%] [G loss: 7.536054, adv: 1.005772, cyc: 0.250892, id: 0.243804] time: 4:33:10.774723 
[Epoch 40/50] [Batch 1000/1032] [D loss: 0.000029, acc: 100%] [G loss: 7.487389, adv: 0.998385, cyc: 0.250247, id: 0.246140] time: 4:33:50.278655 
[Epoch 41/50] [Batch 0/1032] [D loss: 0.000048, acc: 100%] [G loss: 7.453205, adv: 1.000993, cyc: 0.248197, id: 0.251146] time: 4:34:04.041195 
[Epoch 41/50] [Batch 100/1032] [D loss: 0.000043, acc: 100%] [G loss: 7.640366, adv: 0.976564, cyc: 0.258592, id: 0.240628] time: 4:34:43.555450 
[Epoch 41/50] [Batch 200/1032] [D loss: 0.000030, acc: 100%] [G loss: 7.418271, adv: 0.991595, cyc: 0.247843, id: 0.241766] time: 4:35:23.063712 
[Epoch 41/50] [Batch 300/1032] [D loss: 0.000031, acc: 100%] [G loss: 7.550566, adv: 0.987141, cyc: 0.253820, id: 0.239218] time: 4:36:02.578907 
[Epoch 41/50] [Batch 400/1032] [D loss: 0.000007, acc: 100%] [G loss: 7.465747, adv: 1.001584, cyc: 0.247810, id: 0.251366] time: 4:36:42.079179 
[Epoch 41/50] [Batch 500/1032] [D loss: 0.000143, acc: 100%] [G loss: 7.665989, adv: 1.019837, cyc: 0.256105, id: 0.237380] time: 4:37:21.599136 
[Epoch 41/50] [Batch 600/1032] [D loss: 0.000016, acc: 100%] [G loss: 7.381902, adv: 1.001810, cyc: 0.245074, id: 0.228458] time: 4:38:01.111564 
[Epoch 41/50] [Batch 700/1032] [D loss: 0.000030, acc: 100%] [G loss: 6.944150, adv: 0.993705, cyc: 0.224854, id: 0.223276] time: 4:38:40.615874 
[Epoch 41/50] [Batch 800/1032] [D loss: 0.000035, acc: 100%] [G loss: 7.347161, adv: 0.982021, cyc: 0.245301, id: 0.241398] time: 4:39:20.139606 
[Epoch 41/50] [Batch 900/1032] [D loss: 0.000026, acc: 100%] [G loss: 7.487426, adv: 0.990457, cyc: 0.249778, id: 0.242858] time: 4:39:59.650777 
[Epoch 41/50] [Batch 1000/1032] [D loss: 0.000095, acc: 100%] [G loss: 7.457736, adv: 0.996788, cyc: 0.248281, id: 0.245304] time: 4:40:39.150872 
[Epoch 42/50] [Batch 0/1032] [D loss: 0.000033, acc: 100%] [G loss: 7.439085, adv: 1.004739, cyc: 0.246866, id: 0.251355] time: 4:40:52.897282 
[Epoch 42/50] [Batch 100/1032] [D loss: 0.000027, acc: 100%] [G loss: 7.653751, adv: 0.996704, cyc: 0.257395, id: 0.243297] time: 4:41:32.409152 
[Epoch 42/50] [Batch 200/1032] [D loss: 0.000023, acc: 100%] [G loss: 7.384528, adv: 0.988246, cyc: 0.245990, id: 0.246024] time: 4:42:11.908302 
[Epoch 42/50] [Batch 300/1032] [D loss: 0.000854, acc: 100%] [G loss: 7.577884, adv: 0.995554, cyc: 0.254152, id: 0.244227] time: 4:42:51.414299 
[Epoch 42/50] [Batch 400/1032] [D loss: 0.000018, acc: 100%] [G loss: 7.417564, adv: 0.973107, cyc: 0.247751, id: 0.250921] time: 4:43:30.919001 
[Epoch 42/50] [Batch 500/1032] [D loss: 0.000037, acc: 100%] [G loss: 7.639206, adv: 1.002447, cyc: 0.256417, id: 0.238780] time: 4:44:10.415631 
[Epoch 42/50] [Batch 600/1032] [D loss: 0.000008, acc: 100%] [G loss: 7.361452, adv: 0.993210, cyc: 0.244695, id: 0.229513] time: 4:44:49.916142 
[Epoch 42/50] [Batch 700/1032] [D loss: 0.000054, acc: 100%] [G loss: 6.936020, adv: 1.006150, cyc: 0.223832, id: 0.227876] time: 4:45:29.426981 
[Epoch 42/50] [Batch 800/1032] [D loss: 0.000028, acc: 100%] [G loss: 7.372834, adv: 1.002280, cyc: 0.244385, id: 0.247533] time: 4:46:08.894326 
[Epoch 42/50] [Batch 900/1032] [D loss: 0.000019, acc: 100%] [G loss: 7.500792, adv: 1.006266, cyc: 0.249610, id: 0.243617] time: 4:46:48.358070 
[Epoch 42/50] [Batch 1000/1032] [D loss: 0.000200, acc: 100%] [G loss: 7.444214, adv: 0.979055, cyc: 0.248780, id: 0.243610] time: 4:47:27.826229 
[Epoch 43/50] [Batch 0/1032] [D loss: 0.000021, acc: 100%] [G loss: 7.432778, adv: 0.995077, cyc: 0.247164, id: 0.258465] time: 4:47:41.840786 
[Epoch 43/50] [Batch 100/1032] [D loss: 0.000035, acc: 100%] [G loss: 7.675447, adv: 1.001933, cyc: 0.257810, id: 0.243152] time: 4:48:21.305517 
[Epoch 43/50] [Batch 200/1032] [D loss: 0.000016, acc: 100%] [G loss: 7.411214, adv: 0.992861, cyc: 0.246655, id: 0.247821] time: 4:49:00.772155 
[Epoch 43/50] [Batch 300/1032] [D loss: 0.000031, acc: 100%] [G loss: 7.584750, adv: 1.010839, cyc: 0.253072, id: 0.241595] time: 4:49:40.237268 
[Epoch 43/50] [Batch 400/1032] [D loss: 0.000021, acc: 100%] [G loss: 7.470738, adv: 0.994978, cyc: 0.249276, id: 0.256172] time: 4:50:19.706313 
[Epoch 43/50] [Batch 500/1032] [D loss: 0.000009, acc: 100%] [G loss: 7.506059, adv: 0.927356, cyc: 0.256468, id: 0.235434] time: 4:50:59.171119 
[Epoch 43/50] [Batch 600/1032] [D loss: 0.000008, acc: 100%] [G loss: 7.390877, adv: 0.996355, cyc: 0.245358, id: 0.227746] time: 4:51:38.629065 
[Epoch 43/50] [Batch 700/1032] [D loss: 0.000105, acc: 100%] [G loss: 6.894242, adv: 0.979016, cyc: 0.224813, id: 0.227337] time: 4:52:18.021613 
[Epoch 43/50] [Batch 800/1032] [D loss: 0.000031, acc: 100%] [G loss: 7.411889, adv: 1.009739, cyc: 0.245086, id: 0.257311] time: 4:52:57.411499 
[Epoch 43/50] [Batch 900/1032] [D loss: 0.000057, acc: 100%] [G loss: 7.473730, adv: 1.004763, cyc: 0.248992, id: 0.238478] time: 4:53:36.846247 
[Epoch 43/50] [Batch 1000/1032] [D loss: 0.000040, acc: 100%] [G loss: 7.408840, adv: 0.990756, cyc: 0.246369, id: 0.245591] time: 4:54:16.296927 
[Epoch 44/50] [Batch 0/1032] [D loss: 0.000020, acc: 100%] [G loss: 7.450200, adv: 1.000897, cyc: 0.246969, id: 0.250487] time: 4:54:30.100451 
[Epoch 44/50] [Batch 100/1032] [D loss: 0.000026, acc: 100%] [G loss: 7.629735, adv: 0.993223, cyc: 0.256510, id: 0.243039] time: 4:55:09.574679 
[Epoch 44/50] [Batch 200/1032] [D loss: 0.000017, acc: 100%] [G loss: 7.395451, adv: 1.000441, cyc: 0.244836, id: 0.247577] time: 4:55:49.069212 
[Epoch 44/50] [Batch 300/1032] [D loss: 0.000011, acc: 100%] [G loss: 7.575225, adv: 0.995837, cyc: 0.253261, id: 0.238917] time: 4:56:28.544000 
[Epoch 44/50] [Batch 400/1032] [D loss: 0.000024, acc: 100%] [G loss: 7.435073, adv: 0.993511, cyc: 0.247934, id: 0.245252] time: 4:57:08.076588 
[Epoch 44/50] [Batch 500/1032] [D loss: 0.000017, acc: 100%] [G loss: 7.606461, adv: 0.993916, cyc: 0.255172, id: 0.239095] time: 4:57:47.589585 
[Epoch 44/50] [Batch 600/1032] [D loss: 0.000023, acc: 100%] [G loss: 7.320605, adv: 0.981893, cyc: 0.242487, id: 0.234735] time: 4:58:27.113827 
[Epoch 44/50] [Batch 700/1032] [D loss: 0.000030, acc: 100%] [G loss: 6.891568, adv: 0.987475, cyc: 0.223501, id: 0.226274] time: 4:59:06.616569 
[Epoch 44/50] [Batch 800/1032] [D loss: 0.000025, acc: 100%] [G loss: 7.332472, adv: 0.991907, cyc: 0.242597, id: 0.245031] time: 4:59:46.126987 
[Epoch 44/50] [Batch 900/1032] [D loss: 0.000033, acc: 100%] [G loss: 7.457705, adv: 0.986957, cyc: 0.248722, id: 0.237623] time: 5:00:25.653762 
[Epoch 44/50] [Batch 1000/1032] [D loss: 0.000029, acc: 100%] [G loss: 7.420938, adv: 1.004824, cyc: 0.246512, id: 0.242321] time: 5:01:05.160812 
[Epoch 45/50] [Batch 0/1032] [D loss: 0.000898, acc: 100%] [G loss: 7.445493, adv: 1.015541, cyc: 0.246005, id: 0.265295] time: 5:01:18.890975 
[Epoch 45/50] [Batch 100/1032] [D loss: 0.000024, acc: 100%] [G loss: 7.563074, adv: 0.980949, cyc: 0.254932, id: 0.233866] time: 5:01:58.408528 
[Epoch 45/50] [Batch 200/1032] [D loss: 0.000024, acc: 100%] [G loss: 7.389263, adv: 1.003176, cyc: 0.244907, id: 0.247036] time: 5:02:37.936197 
[Epoch 45/50] [Batch 300/1032] [D loss: 0.000048, acc: 100%] [G loss: 7.577114, adv: 0.962641, cyc: 0.255571, id: 0.234582] time: 5:03:17.442733 
[Epoch 45/50] [Batch 400/1032] [D loss: 0.000022, acc: 100%] [G loss: 7.430658, adv: 0.979905, cyc: 0.248131, id: 0.249931] time: 5:03:56.949495 
[Epoch 45/50] [Batch 500/1032] [D loss: 0.000047, acc: 100%] [G loss: 7.592459, adv: 0.985837, cyc: 0.255098, id: 0.251839] time: 5:04:36.459485 
[Epoch 45/50] [Batch 600/1032] [D loss: 0.000008, acc: 100%] [G loss: 7.364499, adv: 1.002235, cyc: 0.243380, id: 0.240858] time: 5:05:15.979772 
[Epoch 45/50] [Batch 700/1032] [D loss: 0.000015, acc: 100%] [G loss: 6.863061, adv: 0.981916, cyc: 0.221739, id: 0.221355] time: 5:05:55.486685 
[Epoch 45/50] [Batch 800/1032] [D loss: 0.000074, acc: 100%] [G loss: 7.337170, adv: 0.995292, cyc: 0.242986, id: 0.248183] time: 5:06:34.997707 
[Epoch 45/50] [Batch 900/1032] [D loss: 0.000027, acc: 100%] [G loss: 7.450426, adv: 1.001747, cyc: 0.248078, id: 0.239726] time: 5:07:14.524138 
[Epoch 45/50] [Batch 1000/1032] [D loss: 0.000016, acc: 100%] [G loss: 7.436031, adv: 0.995539, cyc: 0.247405, id: 0.254036] time: 5:07:54.036753 
[Epoch 46/50] [Batch 0/1032] [D loss: 0.000055, acc: 100%] [G loss: 7.390521, adv: 0.983094, cyc: 0.246334, id: 0.247776] time: 5:08:08.021918 
[Epoch 46/50] [Batch 100/1032] [D loss: 0.000018, acc: 100%] [G loss: 7.611644, adv: 0.991043, cyc: 0.256160, id: 0.237830] time: 5:08:47.533746 
[Epoch 46/50] [Batch 200/1032] [D loss: 0.000044, acc: 100%] [G loss: 7.424152, adv: 1.010813, cyc: 0.246305, id: 0.245272] time: 5:09:27.052909 
[Epoch 46/50] [Batch 300/1032] [D loss: 0.000034, acc: 100%] [G loss: 7.606209, adv: 1.007688, cyc: 0.254345, id: 0.242646] time: 5:10:06.570002 
[Epoch 46/50] [Batch 400/1032] [D loss: 0.000044, acc: 100%] [G loss: 7.467252, adv: 1.010557, cyc: 0.247999, id: 0.247393] time: 5:10:46.089618 
[Epoch 46/50] [Batch 500/1032] [D loss: 0.000051, acc: 100%] [G loss: 7.497185, adv: 0.916741, cyc: 0.256214, id: 0.231491] time: 5:11:25.612881 
[Epoch 46/50] [Batch 600/1032] [D loss: 0.000033, acc: 100%] [G loss: 7.296460, adv: 0.999834, cyc: 0.240768, id: 0.231786] time: 5:12:05.123689 
[Epoch 46/50] [Batch 700/1032] [D loss: 0.000062, acc: 100%] [G loss: 6.726833, adv: 0.915768, cyc: 0.223064, id: 0.218908] time: 5:12:44.642557 
[Epoch 46/50] [Batch 800/1032] [D loss: 0.000013, acc: 100%] [G loss: 7.344309, adv: 0.981053, cyc: 0.243796, id: 0.240295] time: 5:13:24.167989 
[Epoch 46/50] [Batch 900/1032] [D loss: 0.000037, acc: 100%] [G loss: 7.464636, adv: 1.001834, cyc: 0.248367, id: 0.234326] time: 5:14:03.693520 
[Epoch 46/50] [Batch 1000/1032] [D loss: 0.000050, acc: 100%] [G loss: 7.391808, adv: 0.995525, cyc: 0.245992, id: 0.241680] time: 5:14:43.220045 
[Epoch 47/50] [Batch 0/1032] [D loss: 0.000047, acc: 100%] [G loss: 7.392601, adv: 0.994597, cyc: 0.246282, id: 0.245280] time: 5:14:57.055163 
[Epoch 47/50] [Batch 100/1032] [D loss: 0.000021, acc: 100%] [G loss: 7.641803, adv: 0.984602, cyc: 0.257054, id: 0.238072] time: 5:15:36.599032 
[Epoch 47/50] [Batch 200/1032] [D loss: 0.000036, acc: 100%] [G loss: 7.357212, adv: 1.001323, cyc: 0.243238, id: 0.245109] time: 5:16:16.115912 
[Epoch 47/50] [Batch 300/1032] [D loss: 0.000021, acc: 100%] [G loss: 7.538585, adv: 0.994787, cyc: 0.252135, id: 0.241956] time: 5:16:55.642574 
[Epoch 47/50] [Batch 400/1032] [D loss: 0.000015, acc: 100%] [G loss: 7.404787, adv: 0.995066, cyc: 0.245670, id: 0.256870] time: 5:17:35.173715 
[Epoch 47/50] [Batch 500/1032] [D loss: 0.000016, acc: 100%] [G loss: 7.612032, adv: 1.002466, cyc: 0.254260, id: 0.236801] time: 5:18:14.697627 
[Epoch 47/50] [Batch 600/1032] [D loss: 0.008690, acc:  99%] [G loss: 7.364341, adv: 1.016288, cyc: 0.241829, id: 0.226500] time: 5:18:54.196929 
[Epoch 47/50] [Batch 700/1032] [D loss: 0.000123, acc: 100%] [G loss: 6.880984, adv: 0.971920, cyc: 0.223788, id: 0.226884] time: 5:19:33.677865 
[Epoch 47/50] [Batch 800/1032] [D loss: 0.000019, acc: 100%] [G loss: 7.280072, adv: 0.986257, cyc: 0.240959, id: 0.248721] time: 5:20:13.152205 
[Epoch 47/50] [Batch 900/1032] [D loss: 0.001176, acc: 100%] [G loss: 7.462498, adv: 1.004403, cyc: 0.247911, id: 0.247369] time: 5:20:52.629036 
[Epoch 47/50] [Batch 1000/1032] [D loss: 0.000030, acc: 100%] [G loss: 7.394968, adv: 0.987374, cyc: 0.246006, id: 0.254329] time: 5:21:32.100330 
[Epoch 48/50] [Batch 0/1032] [D loss: 0.000059, acc: 100%] [G loss: 7.377754, adv: 0.996462, cyc: 0.244505, id: 0.256704] time: 5:21:45.775885 
[Epoch 48/50] [Batch 100/1032] [D loss: 0.000045, acc: 100%] [G loss: 7.607813, adv: 0.997352, cyc: 0.254803, id: 0.237276] time: 5:22:25.249471 
[Epoch 48/50] [Batch 200/1032] [D loss: 0.001908, acc: 100%] [G loss: 7.379044, adv: 0.991781, cyc: 0.245622, id: 0.247898] time: 5:23:04.713601 
[Epoch 48/50] [Batch 300/1032] [D loss: 0.000028, acc: 100%] [G loss: 7.599627, adv: 1.007809, cyc: 0.254642, id: 0.237198] time: 5:23:44.170553 
[Epoch 48/50] [Batch 400/1032] [D loss: 0.000047, acc: 100%] [G loss: 7.382550, adv: 0.991451, cyc: 0.246072, id: 0.247761] time: 5:24:23.641748 
[Epoch 48/50] [Batch 500/1032] [D loss: 0.000116, acc: 100%] [G loss: 7.531406, adv: 0.990177, cyc: 0.252499, id: 0.237212] time: 5:25:03.108164 
[Epoch 48/50] [Batch 600/1032] [D loss: 0.000030, acc: 100%] [G loss: 7.362113, adv: 0.997085, cyc: 0.242312, id: 0.234433] time: 5:25:42.580730 
[Epoch 48/50] [Batch 700/1032] [D loss: 0.000010, acc: 100%] [G loss: 6.896382, adv: 1.003335, cyc: 0.221982, id: 0.227048] time: 5:26:22.035723 
[Epoch 48/50] [Batch 800/1032] [D loss: 0.000038, acc: 100%] [G loss: 7.314951, adv: 1.005513, cyc: 0.241262, id: 0.246739] time: 5:27:01.489209 
[Epoch 48/50] [Batch 900/1032] [D loss: 0.000030, acc: 100%] [G loss: 7.422273, adv: 0.989786, cyc: 0.247179, id: 0.246901] time: 5:27:40.978606 
[Epoch 48/50] [Batch 1000/1032] [D loss: 0.000029, acc: 100%] [G loss: 7.399512, adv: 1.003024, cyc: 0.245437, id: 0.243381] time: 5:28:20.476715 
[Epoch 49/50] [Batch 0/1032] [D loss: 0.000030, acc: 100%] [G loss: 7.356339, adv: 1.001924, cyc: 0.243810, id: 0.245864] time: 5:28:34.160217 
[Epoch 49/50] [Batch 100/1032] [D loss: 0.000023, acc: 100%] [G loss: 7.548653, adv: 0.986624, cyc: 0.253654, id: 0.237888] time: 5:29:13.640864 
[Epoch 49/50] [Batch 200/1032] [D loss: 0.000017, acc: 100%] [G loss: 7.333916, adv: 0.994106, cyc: 0.243075, id: 0.245398] time: 5:29:53.032393 
[Epoch 49/50] [Batch 300/1032] [D loss: 0.000032, acc: 100%] [G loss: 7.517947, adv: 0.990993, cyc: 0.252195, id: 0.235893] time: 5:30:32.428762 
[Epoch 49/50] [Batch 400/1032] [D loss: 0.000011, acc: 100%] [G loss: 7.380849, adv: 1.000062, cyc: 0.245278, id: 0.244095] time: 5:31:11.920570 
[Epoch 49/50] [Batch 500/1032] [D loss: 0.000048, acc: 100%] [G loss: 7.591931, adv: 0.997995, cyc: 0.253411, id: 0.236205] time: 5:31:51.444493 
[Epoch 49/50] [Batch 600/1032] [D loss: 0.000016, acc: 100%] [G loss: 7.256261, adv: 0.988971, cyc: 0.239713, id: 0.233807] time: 5:32:30.966109 
[Epoch 49/50] [Batch 700/1032] [D loss: 0.000058, acc: 100%] [G loss: 6.921096, adv: 1.012913, cyc: 0.222145, id: 0.218674] time: 5:33:10.495161 
[Epoch 49/50] [Batch 800/1032] [D loss: 0.000065, acc: 100%] [G loss: 7.277456, adv: 0.995427, cyc: 0.240325, id: 0.247117] time: 5:33:50.016494 
[Epoch 49/50] [Batch 900/1032] [D loss: 0.000028, acc: 100%] [G loss: 7.434622, adv: 0.997804, cyc: 0.247563, id: 0.235847] time: 5:34:29.541279 
[Epoch 49/50] [Batch 1000/1032] [D loss: 0.000051, acc: 100%] [G loss: 7.390371, adv: 0.995889, cyc: 0.246379, id: 0.241516] time: 5:35:09.079174 
[Epoch 50/50] [Batch 0/1032] [D loss: 0.000038, acc: 100%] [G loss: 7.336710, adv: 0.989153, cyc: 0.243974, id: 0.246359] time: 5:35:22.914248 
[Epoch 50/50] [Batch 100/1032] [D loss: 0.000033, acc: 100%] [G loss: 7.552189, adv: 0.986558, cyc: 0.252864, id: 0.243189] time: 5:36:02.451679 
[Epoch 50/50] [Batch 200/1032] [D loss: 0.000027, acc: 100%] [G loss: 7.308665, adv: 0.993125, cyc: 0.242040, id: 0.245290] time: 5:36:41.978728 
[Epoch 50/50] [Batch 300/1032] [D loss: 0.000018, acc: 100%] [G loss: 7.498640, adv: 0.985724, cyc: 0.251107, id: 0.239492] time: 5:37:21.513367 
[Epoch 50/50] [Batch 400/1032] [D loss: 0.000029, acc: 100%] [G loss: 7.393218, adv: 0.992759, cyc: 0.245355, id: 0.259247] time: 5:38:01.042408 
[Epoch 50/50] [Batch 500/1032] [D loss: 0.000021, acc: 100%] [G loss: 7.562304, adv: 0.990026, cyc: 0.253300, id: 0.238224] time: 5:38:40.572812 
[Epoch 50/50] [Batch 600/1032] [D loss: 0.000060, acc: 100%] [G loss: 7.301236, adv: 0.995552, cyc: 0.240647, id: 0.239728] time: 5:39:20.110212 
[Epoch 50/50] [Batch 700/1032] [D loss: 0.000011, acc: 100%] [G loss: 6.852167, adv: 1.006478, cyc: 0.220147, id: 0.220661] time: 5:39:59.638884 
[Epoch 50/50] [Batch 800/1032] [D loss: 0.000007, acc: 100%] [G loss: 7.310210, adv: 1.003082, cyc: 0.241154, id: 0.244168] time: 5:40:39.166811 
[Epoch 50/50] [Batch 900/1032] [D loss: 0.000028, acc: 100%] [G loss: 7.418082, adv: 0.999011, cyc: 0.246505, id: 0.240962] time: 5:41:18.691263 
[Epoch 50/50] [Batch 1000/1032] [D loss: 0.000019, acc: 100%] [G loss: 7.403878, adv: 0.975342, cyc: 0.246965, id: 0.238168] time: 5:41:58.223646 
Train Finished.
