_________________________________________________________________
Layer (type)                 Output Shape              Param #   
=================================================================
input_2 (InputLayer)         (None, 1, 600, 1)         0         
_________________________________________________________________
conv2d_3 (Conv2D)            (None, 1, 600, 64)        256       
_________________________________________________________________
leaky_re_lu_5 (LeakyReLU)    (None, 1, 600, 64)        0         
_________________________________________________________________
conv2d_4 (Conv2D)            (None, 1, 600, 128)       24704     
_________________________________________________________________
leaky_re_lu_6 (LeakyReLU)    (None, 1, 600, 128)       0         
_________________________________________________________________
flatten_2 (Flatten)          (None, 76800)             0         
_________________________________________________________________
dense_3 (Dense)              (None, 512)               39322112  
_________________________________________________________________
leaky_re_lu_7 (LeakyReLU)    (None, 512)               0         
_________________________________________________________________
dense_4 (Dense)              (None, 512)               262656    
_________________________________________________________________
leaky_re_lu_8 (LeakyReLU)    (None, 512)               0         
_________________________________________________________________
D_A_Out (Dense)              (None, 1)                 513       
=================================================================
Total params: 79,220,482
Trainable params: 39,610,241
Non-trainable params: 39,610,241
_________________________________________________________________
_________________________________________________________________
Layer (type)                 Output Shape              Param #   
=================================================================
input_1 (InputLayer)         (None, 1, 600, 1)         0         
_________________________________________________________________
conv2d_1 (Conv2D)            (None, 1, 600, 64)        256       
_________________________________________________________________
leaky_re_lu_1 (LeakyReLU)    (None, 1, 600, 64)        0         
_________________________________________________________________
conv2d_2 (Conv2D)            (None, 1, 600, 128)       24704     
_________________________________________________________________
leaky_re_lu_2 (LeakyReLU)    (None, 1, 600, 128)       0         
_________________________________________________________________
flatten_1 (Flatten)          (None, 76800)             0         
_________________________________________________________________
dense_1 (Dense)              (None, 512)               39322112  
_________________________________________________________________
leaky_re_lu_3 (LeakyReLU)    (None, 512)               0         
_________________________________________________________________
dense_2 (Dense)              (None, 512)               262656    
_________________________________________________________________
leaky_re_lu_4 (LeakyReLU)    (None, 512)               0         
_________________________________________________________________
D_B_Out (Dense)              (None, 1)                 513       
=================================================================
Total params: 79,220,482
Trainable params: 39,610,241
Non-trainable params: 39,610,241
_________________________________________________________________
__________________________________________________________________________________________________
Layer (type)                    Output Shape         Param #     Connected to                     
==================================================================================================
ivec_b (InputLayer)             (None, 1, 600, 1)    0                                            
__________________________________________________________________________________________________
ivec_a (InputLayer)             (None, 1, 600, 1)    0                                            
__________________________________________________________________________________________________
model_4 (Model)                 (None, 1, 600, 1)    653347      ivec_b[0][0]                     
                                                                 model_3[1][0]                    
                                                                 ivec_a[0][0]                     
__________________________________________________________________________________________________
model_3 (Model)                 (None, 1, 600, 1)    653347      ivec_a[0][0]                     
                                                                 model_4[1][0]                    
                                                                 ivec_b[0][0]                     
__________________________________________________________________________________________________
model_2 (Model)                 (None, 1)            39610241    model_4[1][0]                    
__________________________________________________________________________________________________
model_1 (Model)                 (None, 1)            39610241    model_3[1][0]                    
==================================================================================================
Total params: 80,527,176
Trainable params: 1,306,694
Non-trainable params: 79,220,482
__________________________________________________________________________________________________
Start CycleGAN training.
[Epoch 1/50] [Batch 0/1032] [D loss: 26.772230, acc:   0%] [G loss: 39.862827, adv: 0.353088, cyc: 0.980816, id: 0.960813] time: 0:01:53.696120 
[Epoch 1/50] [Batch 100/1032] [D loss: 0.251496, acc:  53%] [G loss: 22.901047, adv: 0.468772, cyc: 0.605873, id: 0.495792] time: 0:02:33.803486 
[Epoch 1/50] [Batch 200/1032] [D loss: 0.033633, acc:  99%] [G loss: 21.168982, adv: 0.866857, cyc: 0.534168, id: 0.436605] time: 0:03:13.871933 
[Epoch 1/50] [Batch 300/1032] [D loss: 0.102530, acc:  91%] [G loss: 19.316063, adv: 0.958326, cyc: 0.479395, id: 0.394753] time: 0:03:53.932019 
[Epoch 1/50] [Batch 400/1032] [D loss: 0.012996, acc: 100%] [G loss: 18.996773, adv: 0.715925, cyc: 0.477793, id: 0.389029] time: 0:04:33.973019 
[Epoch 1/50] [Batch 500/1032] [D loss: 0.008461, acc: 100%] [G loss: 18.624651, adv: 0.677789, cyc: 0.467361, id: 0.392763] time: 0:05:14.017506 
[Epoch 1/50] [Batch 600/1032] [D loss: 0.016535, acc: 100%] [G loss: 17.591080, adv: 0.715504, cyc: 0.439857, id: 0.366201] time: 0:05:54.045291 
[Epoch 1/50] [Batch 700/1032] [D loss: 0.008026, acc: 100%] [G loss: 17.420807, adv: 0.816860, cyc: 0.427072, id: 0.349982] time: 0:06:34.060100 
[Epoch 1/50] [Batch 800/1032] [D loss: 0.009530, acc:  99%] [G loss: 16.600298, adv: 0.782855, cyc: 0.407305, id: 0.339917] time: 0:07:14.073694 
[Epoch 1/50] [Batch 900/1032] [D loss: 0.008620, acc: 100%] [G loss: 17.220276, adv: 1.003560, cyc: 0.410349, id: 0.361694] time: 0:07:54.082364 
[Epoch 1/50] [Batch 1000/1032] [D loss: 0.009433, acc: 100%] [G loss: 16.871778, adv: 0.944304, cyc: 0.404846, id: 0.358790] time: 0:08:34.089997 
[Epoch 2/50] [Batch 0/1032] [D loss: 0.009372, acc: 100%] [G loss: 16.818945, adv: 0.923564, cyc: 0.401899, id: 0.344764] time: 0:08:53.218677 
[Epoch 2/50] [Batch 100/1032] [D loss: 0.006119, acc: 100%] [G loss: 16.789219, adv: 0.903260, cyc: 0.404251, id: 0.346008] time: 0:09:33.215006 
[Epoch 2/50] [Batch 200/1032] [D loss: 0.059804, acc:  92%] [G loss: 16.566860, adv: 1.026171, cyc: 0.391057, id: 0.331149] time: 0:10:13.203108 
[Epoch 2/50] [Batch 300/1032] [D loss: 0.019629, acc:  98%] [G loss: 15.487846, adv: 0.948695, cyc: 0.370254, id: 0.310448] time: 0:10:53.188436 
[Epoch 2/50] [Batch 400/1032] [D loss: 0.004388, acc: 100%] [G loss: 16.159922, adv: 0.948833, cyc: 0.383420, id: 0.308740] time: 0:11:33.166381 
[Epoch 2/50] [Batch 500/1032] [D loss: 0.005819, acc: 100%] [G loss: 16.310825, adv: 1.022004, cyc: 0.382107, id: 0.321126] time: 0:12:13.152611 
[Epoch 2/50] [Batch 600/1032] [D loss: 0.003990, acc: 100%] [G loss: 15.491708, adv: 0.939943, cyc: 0.365640, id: 0.310403] time: 0:12:53.134335 
[Epoch 2/50] [Batch 700/1032] [D loss: 0.003850, acc: 100%] [G loss: 14.893484, adv: 0.770431, cyc: 0.360374, id: 0.297483] time: 0:13:33.113510 
[Epoch 2/50] [Batch 800/1032] [D loss: 0.053073, acc:  92%] [G loss: 14.948376, adv: 1.037133, cyc: 0.348031, id: 0.294390] time: 0:14:13.093289 
[Epoch 2/50] [Batch 900/1032] [D loss: 0.002022, acc: 100%] [G loss: 14.905276, adv: 0.870360, cyc: 0.354031, id: 0.311606] time: 0:14:53.084798 
[Epoch 2/50] [Batch 1000/1032] [D loss: 0.007117, acc: 100%] [G loss: 15.285223, adv: 1.029386, cyc: 0.356172, id: 0.318968] time: 0:15:33.059831 
[Epoch 3/50] [Batch 0/1032] [D loss: 0.044522, acc:  94%] [G loss: 15.397540, adv: 1.082806, cyc: 0.356328, id: 0.303438] time: 0:15:46.907970 
[Epoch 3/50] [Batch 100/1032] [D loss: 0.006645, acc: 100%] [G loss: 15.650733, adv: 1.073598, cyc: 0.362605, id: 0.313079] time: 0:16:26.891560 
[Epoch 3/50] [Batch 200/1032] [D loss: 0.002678, acc: 100%] [G loss: 15.086912, adv: 0.974610, cyc: 0.352931, id: 0.300298] time: 0:17:06.861528 
[Epoch 3/50] [Batch 300/1032] [D loss: 0.002627, acc: 100%] [G loss: 14.462935, adv: 0.993687, cyc: 0.338362, id: 0.286260] time: 0:17:46.846978 
[Epoch 3/50] [Batch 400/1032] [D loss: 0.004921, acc: 100%] [G loss: 14.948484, adv: 0.952401, cyc: 0.350167, id: 0.286322] time: 0:18:26.824902 
[Epoch 3/50] [Batch 500/1032] [D loss: 0.000875, acc: 100%] [G loss: 15.052611, adv: 0.907429, cyc: 0.353349, id: 0.296479] time: 0:19:06.807436 
[Epoch 3/50] [Batch 600/1032] [D loss: 0.005852, acc: 100%] [G loss: 14.471373, adv: 0.919026, cyc: 0.340185, id: 0.286601] time: 0:19:46.782896 
[Epoch 3/50] [Batch 700/1032] [D loss: 0.002636, acc: 100%] [G loss: 14.483238, adv: 1.000042, cyc: 0.336177, id: 0.279034] time: 0:20:26.770473 
[Epoch 3/50] [Batch 800/1032] [D loss: 0.002597, acc: 100%] [G loss: 14.156631, adv: 1.004565, cyc: 0.327605, id: 0.273086] time: 0:21:06.761710 
[Epoch 3/50] [Batch 900/1032] [D loss: 0.000909, acc: 100%] [G loss: 14.419310, adv: 0.979368, cyc: 0.336086, id: 0.293757] time: 0:21:46.754184 
[Epoch 3/50] [Batch 1000/1032] [D loss: 0.001465, acc: 100%] [G loss: 14.445621, adv: 0.898677, cyc: 0.337037, id: 0.308916] time: 0:22:26.737617 
[Epoch 4/50] [Batch 0/1032] [D loss: 0.002716, acc: 100%] [G loss: 14.415307, adv: 0.949226, cyc: 0.335572, id: 0.289376] time: 0:22:40.672243 
[Epoch 4/50] [Batch 100/1032] [D loss: 0.003254, acc: 100%] [G loss: 14.774746, adv: 0.890840, cyc: 0.345579, id: 0.300502] time: 0:23:20.660180 
[Epoch 4/50] [Batch 200/1032] [D loss: 0.001693, acc: 100%] [G loss: 14.594338, adv: 0.928059, cyc: 0.340186, id: 0.293545] time: 0:24:00.659012 
[Epoch 4/50] [Batch 300/1032] [D loss: 0.002358, acc: 100%] [G loss: 13.839027, adv: 0.933310, cyc: 0.321804, id: 0.274177] time: 0:24:40.648871 
[Epoch 4/50] [Batch 400/1032] [D loss: 0.000869, acc: 100%] [G loss: 14.357139, adv: 0.929770, cyc: 0.332111, id: 0.274327] time: 0:25:20.657258 
[Epoch 4/50] [Batch 500/1032] [D loss: 0.001978, acc: 100%] [G loss: 14.702713, adv: 1.012850, cyc: 0.336993, id: 0.288641] time: 0:26:00.661230 
[Epoch 4/50] [Batch 600/1032] [D loss: 0.010762, acc: 100%] [G loss: 14.176345, adv: 1.030249, cyc: 0.324110, id: 0.272832] time: 0:26:40.684729 
[Epoch 4/50] [Batch 700/1032] [D loss: 0.001034, acc: 100%] [G loss: 13.809647, adv: 0.922769, cyc: 0.320010, id: 0.270201] time: 0:27:20.697834 
[Epoch 4/50] [Batch 800/1032] [D loss: 0.002228, acc: 100%] [G loss: 13.508305, adv: 0.900961, cyc: 0.313081, id: 0.265524] time: 0:28:00.706752 
[Epoch 4/50] [Batch 900/1032] [D loss: 0.001018, acc: 100%] [G loss: 13.995548, adv: 0.990961, cyc: 0.322153, id: 0.287613] time: 0:28:40.724646 
[Epoch 4/50] [Batch 1000/1032] [D loss: 0.001702, acc: 100%] [G loss: 14.011377, adv: 0.924316, cyc: 0.326189, id: 0.296850] time: 0:29:20.750145 
[Epoch 5/50] [Batch 0/1032] [D loss: 0.001976, acc: 100%] [G loss: 13.998135, adv: 0.935526, cyc: 0.324107, id: 0.281244] time: 0:29:34.670918 
[Epoch 5/50] [Batch 100/1032] [D loss: 0.001029, acc: 100%] [G loss: 14.234879, adv: 0.904552, cyc: 0.331442, id: 0.289850] time: 0:30:14.684330 
[Epoch 5/50] [Batch 200/1032] [D loss: 0.000802, acc: 100%] [G loss: 13.984499, adv: 0.888909, cyc: 0.324450, id: 0.283256] time: 0:30:54.699488 
[Epoch 5/50] [Batch 300/1032] [D loss: 0.001820, acc: 100%] [G loss: 13.537249, adv: 0.907687, cyc: 0.314366, id: 0.264513] time: 0:31:34.704190 
[Epoch 5/50] [Batch 400/1032] [D loss: 0.000822, acc: 100%] [G loss: 14.023594, adv: 0.952173, cyc: 0.322941, id: 0.266166] time: 0:32:14.710159 
[Epoch 5/50] [Batch 500/1032] [D loss: 0.000897, acc: 100%] [G loss: 14.224154, adv: 0.913424, cyc: 0.328750, id: 0.281517] time: 0:32:54.716532 
[Epoch 5/50] [Batch 600/1032] [D loss: 0.001024, acc: 100%] [G loss: 13.635633, adv: 0.955290, cyc: 0.313531, id: 0.267258] time: 0:33:34.708990 
[Epoch 5/50] [Batch 700/1032] [D loss: 0.001768, acc: 100%] [G loss: 13.814350, adv: 0.989702, cyc: 0.313602, id: 0.260738] time: 0:34:14.711601 
[Epoch 5/50] [Batch 800/1032] [D loss: 0.000852, acc: 100%] [G loss: 13.208996, adv: 0.956328, cyc: 0.304353, id: 0.258489] time: 0:34:54.705651 
[Epoch 5/50] [Batch 900/1032] [D loss: 0.001112, acc: 100%] [G loss: 13.233908, adv: 0.788912, cyc: 0.310982, id: 0.279812] time: 0:35:34.699822 
[Epoch 5/50] [Batch 1000/1032] [D loss: 0.002128, acc: 100%] [G loss: 13.858168, adv: 0.992819, cyc: 0.318085, id: 0.289867] time: 0:36:14.697363 
[Epoch 6/50] [Batch 0/1032] [D loss: 0.000946, acc: 100%] [G loss: 13.774004, adv: 0.972547, cyc: 0.315771, id: 0.277010] time: 0:36:28.720539 
[Epoch 6/50] [Batch 100/1032] [D loss: 0.000897, acc: 100%] [G loss: 14.099068, adv: 0.977808, cyc: 0.322910, id: 0.285673] time: 0:37:08.708636 
[Epoch 6/50] [Batch 200/1032] [D loss: 0.006867, acc: 100%] [G loss: 13.924768, adv: 0.969973, cyc: 0.319166, id: 0.276501] time: 0:37:48.702181 
[Epoch 6/50] [Batch 300/1032] [D loss: 0.002647, acc: 100%] [G loss: 12.891566, adv: 0.856066, cyc: 0.298103, id: 0.260428] time: 0:38:28.695488 
[Epoch 6/50] [Batch 400/1032] [D loss: 0.000615, acc: 100%] [G loss: 13.805525, adv: 0.903056, cyc: 0.316312, id: 0.259974] time: 0:39:08.678195 
[Epoch 6/50] [Batch 500/1032] [D loss: 0.003237, acc: 100%] [G loss: 14.088047, adv: 0.946591, cyc: 0.321661, id: 0.283852] time: 0:39:48.679517 
[Epoch 6/50] [Batch 600/1032] [D loss: 0.001652, acc: 100%] [G loss: 13.521669, adv: 0.986791, cyc: 0.306926, id: 0.263794] time: 0:40:28.677793 
[Epoch 6/50] [Batch 700/1032] [D loss: 0.005195, acc: 100%] [G loss: 13.615215, adv: 1.053036, cyc: 0.303959, id: 0.260946] time: 0:41:08.679095 
[Epoch 6/50] [Batch 800/1032] [D loss: 0.000428, acc: 100%] [G loss: 12.873268, adv: 0.932066, cyc: 0.295202, id: 0.252032] time: 0:41:48.669406 
[Epoch 6/50] [Batch 900/1032] [D loss: 0.001307, acc: 100%] [G loss: 13.428219, adv: 0.879675, cyc: 0.307187, id: 0.292647] time: 0:42:28.674957 
[Epoch 6/50] [Batch 1000/1032] [D loss: 0.000464, acc: 100%] [G loss: 13.304651, adv: 0.846115, cyc: 0.307773, id: 0.283622] time: 0:43:08.687850 
[Epoch 7/50] [Batch 0/1032] [D loss: 0.000268, acc: 100%] [G loss: 13.599037, adv: 0.921945, cyc: 0.310149, id: 0.269000] time: 0:43:22.585337 
[Epoch 7/50] [Batch 100/1032] [D loss: 0.002378, acc: 100%] [G loss: 13.734076, adv: 0.860633, cyc: 0.316438, id: 0.276645] time: 0:44:02.599428 
[Epoch 7/50] [Batch 200/1032] [D loss: 0.001065, acc: 100%] [G loss: 13.754740, adv: 0.961217, cyc: 0.311305, id: 0.267198] time: 0:44:42.615142 
[Epoch 7/50] [Batch 300/1032] [D loss: 0.002956, acc: 100%] [G loss: 12.956388, adv: 0.982353, cyc: 0.291892, id: 0.262544] time: 0:45:22.628385 
[Epoch 7/50] [Batch 400/1032] [D loss: 0.000444, acc: 100%] [G loss: 13.585787, adv: 0.971912, cyc: 0.309198, id: 0.257510] time: 0:46:02.650611 
[Epoch 7/50] [Batch 500/1032] [D loss: 0.000729, acc: 100%] [G loss: 13.821478, adv: 0.925082, cyc: 0.315057, id: 0.276687] time: 0:46:42.680207 
[Epoch 7/50] [Batch 600/1032] [D loss: 0.000497, acc: 100%] [G loss: 13.226124, adv: 0.964682, cyc: 0.301963, id: 0.258935] time: 0:47:22.690610 
[Epoch 7/50] [Batch 700/1032] [D loss: 0.023418, acc:  99%] [G loss: 13.287190, adv: 1.035518, cyc: 0.299015, id: 0.254071] time: 0:48:02.718516 
[Epoch 7/50] [Batch 800/1032] [D loss: 0.000570, acc: 100%] [G loss: 12.644529, adv: 0.835679, cyc: 0.289842, id: 0.251531] time: 0:48:42.738223 
[Epoch 7/50] [Batch 900/1032] [D loss: 0.002744, acc: 100%] [G loss: 13.120992, adv: 0.913099, cyc: 0.301502, id: 0.273609] time: 0:49:22.742260 
[Epoch 7/50] [Batch 1000/1032] [D loss: 0.000407, acc: 100%] [G loss: 13.220134, adv: 0.897081, cyc: 0.302566, id: 0.285844] time: 0:50:02.751578 
[Epoch 8/50] [Batch 0/1032] [D loss: 0.000319, acc: 100%] [G loss: 13.289557, adv: 0.915683, cyc: 0.302437, id: 0.273713] time: 0:50:16.657893 
[Epoch 8/50] [Batch 100/1032] [D loss: 0.001061, acc: 100%] [G loss: 13.685509, adv: 0.994862, cyc: 0.311607, id: 0.275830] time: 0:50:56.662013 
[Epoch 8/50] [Batch 200/1032] [D loss: 0.001827, acc: 100%] [G loss: 13.366583, adv: 0.929787, cyc: 0.304160, id: 0.274672] time: 0:51:36.656298 
[Epoch 8/50] [Batch 300/1032] [D loss: 0.000869, acc: 100%] [G loss: 12.608372, adv: 0.908782, cyc: 0.290706, id: 0.252755] time: 0:52:16.659667 
[Epoch 8/50] [Batch 400/1032] [D loss: 0.000498, acc: 100%] [G loss: 13.484926, adv: 0.963228, cyc: 0.303716, id: 0.253857] time: 0:52:56.649067 
[Epoch 8/50] [Batch 500/1032] [D loss: 0.000524, acc: 100%] [G loss: 13.679939, adv: 0.952065, cyc: 0.309337, id: 0.272699] time: 0:53:36.651671 
[Epoch 8/50] [Batch 600/1032] [D loss: 0.001074, acc: 100%] [G loss: 12.885419, adv: 0.898400, cyc: 0.291931, id: 0.256877] time: 0:54:16.646508 
[Epoch 8/50] [Batch 700/1032] [D loss: 0.000385, acc: 100%] [G loss: 12.936738, adv: 0.934415, cyc: 0.292501, id: 0.253998] time: 0:54:56.642737 
[Epoch 8/50] [Batch 800/1032] [D loss: 0.000324, acc: 100%] [G loss: 12.433638, adv: 0.884353, cyc: 0.282815, id: 0.247412] time: 0:55:36.640100 
[Epoch 8/50] [Batch 900/1032] [D loss: 0.000669, acc: 100%] [G loss: 12.946363, adv: 0.914134, cyc: 0.294653, id: 0.268134] time: 0:56:16.637003 
[Epoch 8/50] [Batch 1000/1032] [D loss: 0.000377, acc: 100%] [G loss: 12.877323, adv: 0.801716, cyc: 0.296599, id: 0.281412] time: 0:56:56.631876 
[Epoch 9/50] [Batch 0/1032] [D loss: 0.000967, acc: 100%] [G loss: 13.148074, adv: 0.872508, cyc: 0.297919, id: 0.280329] time: 0:57:10.539701 
[Epoch 9/50] [Batch 100/1032] [D loss: 0.000410, acc: 100%] [G loss: 13.517313, adv: 0.976263, cyc: 0.308069, id: 0.270650] time: 0:57:50.527464 
[Epoch 9/50] [Batch 200/1032] [D loss: 0.000589, acc: 100%] [G loss: 13.174968, adv: 0.960843, cyc: 0.296343, id: 0.266345] time: 0:58:30.530855 
[Epoch 9/50] [Batch 300/1032] [D loss: 0.000345, acc: 100%] [G loss: 12.770975, adv: 0.981904, cyc: 0.285173, id: 0.265768] time: 0:59:10.517458 
[Epoch 9/50] [Batch 400/1032] [D loss: 0.013530, acc: 100%] [G loss: 13.401649, adv: 1.017269, cyc: 0.297730, id: 0.258744] time: 0:59:50.521637 
[Epoch 9/50] [Batch 500/1032] [D loss: 0.000156, acc: 100%] [G loss: 13.490747, adv: 0.915099, cyc: 0.303667, id: 0.278705] time: 1:00:30.517320 
[Epoch 9/50] [Batch 600/1032] [D loss: 0.000335, acc: 100%] [G loss: 12.769849, adv: 0.907168, cyc: 0.288384, id: 0.258723] time: 1:01:10.511709 
[Epoch 9/50] [Batch 700/1032] [D loss: 0.000559, acc: 100%] [G loss: 12.682358, adv: 0.867706, cyc: 0.287160, id: 0.255455] time: 1:01:50.508714 
[Epoch 9/50] [Batch 800/1032] [D loss: 0.000765, acc: 100%] [G loss: 12.295217, adv: 0.861948, cyc: 0.277822, id: 0.245173] time: 1:02:30.498463 
[Epoch 9/50] [Batch 900/1032] [D loss: 0.001947, acc: 100%] [G loss: 12.877567, adv: 0.946817, cyc: 0.295627, id: 0.262230] time: 1:03:10.501707 
[Epoch 9/50] [Batch 1000/1032] [D loss: 0.000283, acc: 100%] [G loss: 12.991234, adv: 0.931944, cyc: 0.293537, id: 0.269945] time: 1:03:50.497554 
[Epoch 10/50] [Batch 0/1032] [D loss: 0.000426, acc: 100%] [G loss: 12.786907, adv: 0.891175, cyc: 0.291393, id: 0.260174] time: 1:04:04.574559 
[Epoch 10/50] [Batch 100/1032] [D loss: 0.000815, acc: 100%] [G loss: 13.226439, adv: 0.932288, cyc: 0.299521, id: 0.265991] time: 1:04:44.563403 
[Epoch 10/50] [Batch 200/1032] [D loss: 0.000379, acc: 100%] [G loss: 12.934644, adv: 0.855419, cyc: 0.292845, id: 0.274000] time: 1:05:24.569664 
[Epoch 10/50] [Batch 300/1032] [D loss: 0.000228, acc: 100%] [G loss: 12.264682, adv: 0.912486, cyc: 0.279819, id: 0.244319] time: 1:06:04.570684 
[Epoch 10/50] [Batch 400/1032] [D loss: 0.000203, acc: 100%] [G loss: 13.110125, adv: 0.984823, cyc: 0.293199, id: 0.253789] time: 1:06:44.562683 
[Epoch 10/50] [Batch 500/1032] [D loss: 0.000224, acc: 100%] [G loss: 13.116210, adv: 0.874274, cyc: 0.297427, id: 0.256398] time: 1:07:24.560980 
[Epoch 10/50] [Batch 600/1032] [D loss: 0.000893, acc: 100%] [G loss: 12.668866, adv: 0.879116, cyc: 0.288658, id: 0.248679] time: 1:08:04.557924 
[Epoch 10/50] [Batch 700/1032] [D loss: 0.000174, acc: 100%] [G loss: 12.689095, adv: 0.958412, cyc: 0.285794, id: 0.244409] time: 1:08:44.569753 
[Epoch 10/50] [Batch 800/1032] [D loss: 0.000155, acc: 100%] [G loss: 12.289891, adv: 0.885268, cyc: 0.276376, id: 0.256360] time: 1:09:24.568098 
[Epoch 10/50] [Batch 900/1032] [D loss: 0.000320, acc: 100%] [G loss: 12.654505, adv: 0.909062, cyc: 0.286079, id: 0.269250] time: 1:10:04.585833 
[Epoch 10/50] [Batch 1000/1032] [D loss: 0.000141, acc: 100%] [G loss: 12.795994, adv: 0.957628, cyc: 0.288098, id: 0.269162] time: 1:10:44.606875 
[Epoch 11/50] [Batch 0/1032] [D loss: 0.000441, acc: 100%] [G loss: 12.615742, adv: 0.817166, cyc: 0.288958, id: 0.253267] time: 1:10:58.838397 
[Epoch 11/50] [Batch 100/1032] [D loss: 0.000168, acc: 100%] [G loss: 13.208938, adv: 0.908415, cyc: 0.299155, id: 0.263059] time: 1:11:38.852809 
[Epoch 11/50] [Batch 200/1032] [D loss: 0.000689, acc: 100%] [G loss: 13.160634, adv: 0.989081, cyc: 0.292410, id: 0.254464] time: 1:12:18.875095 
[Epoch 11/50] [Batch 300/1032] [D loss: 0.000344, acc: 100%] [G loss: 12.103603, adv: 0.859872, cyc: 0.273384, id: 0.242755] time: 1:12:58.892774 
[Epoch 11/50] [Batch 400/1032] [D loss: 0.000215, acc: 100%] [G loss: 12.799461, adv: 0.860683, cyc: 0.288706, id: 0.253117] time: 1:13:38.902641 
[Epoch 11/50] [Batch 500/1032] [D loss: 0.000309, acc: 100%] [G loss: 13.135454, adv: 0.946001, cyc: 0.294280, id: 0.262825] time: 1:14:18.912391 
[Epoch 11/50] [Batch 600/1032] [D loss: 0.000262, acc: 100%] [G loss: 12.623781, adv: 0.984423, cyc: 0.281915, id: 0.247424] time: 1:14:58.911593 
[Epoch 11/50] [Batch 700/1032] [D loss: 0.000180, acc: 100%] [G loss: 12.444901, adv: 0.953706, cyc: 0.278875, id: 0.241759] time: 1:15:38.916511 
[Epoch 11/50] [Batch 800/1032] [D loss: 0.000414, acc: 100%] [G loss: 12.001616, adv: 0.806797, cyc: 0.274041, id: 0.235250] time: 1:16:18.921009 
[Epoch 11/50] [Batch 900/1032] [D loss: 0.000391, acc: 100%] [G loss: 12.507749, adv: 0.854153, cyc: 0.284026, id: 0.257123] time: 1:16:58.920601 
[Epoch 11/50] [Batch 1000/1032] [D loss: 0.000397, acc: 100%] [G loss: 12.705208, adv: 0.923950, cyc: 0.285265, id: 0.273837] time: 1:17:38.922500 
[Epoch 12/50] [Batch 0/1032] [D loss: 0.000352, acc: 100%] [G loss: 12.616303, adv: 0.907476, cyc: 0.284282, id: 0.250335] time: 1:17:53.004247 
[Epoch 12/50] [Batch 100/1032] [D loss: 0.000233, acc: 100%] [G loss: 12.914616, adv: 0.893375, cyc: 0.292661, id: 0.261226] time: 1:18:33.008191 
[Epoch 12/50] [Batch 200/1032] [D loss: 0.000210, acc: 100%] [G loss: 12.959129, adv: 0.923117, cyc: 0.291164, id: 0.261610] time: 1:19:12.993334 
[Epoch 12/50] [Batch 300/1032] [D loss: 0.000139, acc: 100%] [G loss: 11.955500, adv: 0.830718, cyc: 0.272228, id: 0.241897] time: 1:19:52.987892 
[Epoch 12/50] [Batch 400/1032] [D loss: 0.000101, acc: 100%] [G loss: 12.616272, adv: 0.825067, cyc: 0.287314, id: 0.250853] time: 1:20:32.975659 
[Epoch 12/50] [Batch 500/1032] [D loss: 0.000288, acc: 100%] [G loss: 12.808969, adv: 0.897929, cyc: 0.289839, id: 0.254317] time: 1:21:12.966072 
[Epoch 12/50] [Batch 600/1032] [D loss: 0.000095, acc: 100%] [G loss: 12.312278, adv: 0.870472, cyc: 0.279010, id: 0.250394] time: 1:21:52.956400 
[Epoch 12/50] [Batch 700/1032] [D loss: 0.000117, acc: 100%] [G loss: 12.410041, adv: 0.973915, cyc: 0.275206, id: 0.242922] time: 1:22:32.946649 
[Epoch 12/50] [Batch 800/1032] [D loss: 0.000202, acc: 100%] [G loss: 11.972496, adv: 0.933782, cyc: 0.269542, id: 0.234325] time: 1:23:12.943554 
[Epoch 12/50] [Batch 900/1032] [D loss: 0.000801, acc: 100%] [G loss: 12.645355, adv: 0.992315, cyc: 0.281499, id: 0.263907] time: 1:23:52.933693 
[Epoch 12/50] [Batch 1000/1032] [D loss: 0.000266, acc: 100%] [G loss: 12.486816, adv: 0.913424, cyc: 0.282627, id: 0.261871] time: 1:24:32.929034 
[Epoch 13/50] [Batch 0/1032] [D loss: 0.000402, acc: 100%] [G loss: 12.555777, adv: 0.863863, cyc: 0.284072, id: 0.266790] time: 1:24:47.256396 
[Epoch 13/50] [Batch 100/1032] [D loss: 0.000374, acc: 100%] [G loss: 12.967361, adv: 0.980838, cyc: 0.294310, id: 0.259502] time: 1:25:27.249309 
[Epoch 13/50] [Batch 200/1032] [D loss: 0.000498, acc: 100%] [G loss: 12.664425, adv: 0.964546, cyc: 0.287524, id: 0.248608] time: 1:26:07.245999 
[Epoch 13/50] [Batch 300/1032] [D loss: 0.000236, acc: 100%] [G loss: 11.992969, adv: 0.962294, cyc: 0.267582, id: 0.237850] time: 1:26:47.242500 
[Epoch 13/50] [Batch 400/1032] [D loss: 0.000140, acc: 100%] [G loss: 12.714845, adv: 0.977041, cyc: 0.285133, id: 0.239713] time: 1:27:27.248262 
[Epoch 13/50] [Batch 500/1032] [D loss: 0.000112, acc: 100%] [G loss: 12.811125, adv: 0.949695, cyc: 0.287403, id: 0.249397] time: 1:28:07.253953 
[Epoch 13/50] [Batch 600/1032] [D loss: 0.000244, acc: 100%] [G loss: 12.233658, adv: 0.849681, cyc: 0.276674, id: 0.238830] time: 1:28:47.251789 
[Epoch 13/50] [Batch 700/1032] [D loss: 0.000066, acc: 100%] [G loss: 12.126539, adv: 0.812961, cyc: 0.275833, id: 0.250205] time: 1:29:27.259470 
[Epoch 13/50] [Batch 800/1032] [D loss: 0.000290, acc: 100%] [G loss: 11.912086, adv: 0.955425, cyc: 0.266574, id: 0.231795] time: 1:30:07.262992 
[Epoch 13/50] [Batch 900/1032] [D loss: 0.000680, acc: 100%] [G loss: 11.991959, adv: 0.714875, cyc: 0.278137, id: 0.260072] time: 1:30:47.267220 
[Epoch 13/50] [Batch 1000/1032] [D loss: 0.000402, acc: 100%] [G loss: 12.358306, adv: 0.880672, cyc: 0.281692, id: 0.260087] time: 1:31:27.267623 
[Epoch 14/50] [Batch 0/1032] [D loss: 0.000434, acc: 100%] [G loss: 12.254929, adv: 0.892407, cyc: 0.277037, id: 0.246403] time: 1:31:41.333597 
[Epoch 14/50] [Batch 100/1032] [D loss: 0.000232, acc: 100%] [G loss: 12.768803, adv: 0.957752, cyc: 0.289632, id: 0.256496] time: 1:32:21.336401 
[Epoch 14/50] [Batch 200/1032] [D loss: 0.000109, acc: 100%] [G loss: 12.502654, adv: 0.922799, cyc: 0.281366, id: 0.248783] time: 1:33:01.329185 
[Epoch 14/50] [Batch 300/1032] [D loss: 0.000759, acc: 100%] [G loss: 11.780088, adv: 0.882926, cyc: 0.265771, id: 0.241783] time: 1:33:41.334808 
[Epoch 14/50] [Batch 400/1032] [D loss: 0.000345, acc: 100%] [G loss: 12.533705, adv: 0.948350, cyc: 0.282004, id: 0.235891] time: 1:34:21.321448 
[Epoch 14/50] [Batch 500/1032] [D loss: 0.000839, acc: 100%] [G loss: 12.763652, adv: 0.983348, cyc: 0.286211, id: 0.248137] time: 1:35:01.320403 
[Epoch 14/50] [Batch 600/1032] [D loss: 0.000121, acc: 100%] [G loss: 12.191928, adv: 0.944723, cyc: 0.273064, id: 0.240029] time: 1:35:41.317552 
[Epoch 14/50] [Batch 700/1032] [D loss: 0.000061, acc: 100%] [G loss: 12.116516, adv: 0.938469, cyc: 0.271365, id: 0.232481] time: 1:36:21.309388 
[Epoch 14/50] [Batch 800/1032] [D loss: 0.000227, acc: 100%] [G loss: 11.821242, adv: 0.963907, cyc: 0.263053, id: 0.231674] time: 1:37:01.315401 
[Epoch 14/50] [Batch 900/1032] [D loss: 0.003835, acc: 100%] [G loss: 12.337090, adv: 0.996610, cyc: 0.273616, id: 0.253833] time: 1:37:41.303619 
[Epoch 14/50] [Batch 1000/1032] [D loss: 0.000269, acc: 100%] [G loss: 12.364502, adv: 0.947605, cyc: 0.276321, id: 0.261465] time: 1:38:21.304453 
[Epoch 15/50] [Batch 0/1032] [D loss: 0.000059, acc: 100%] [G loss: 12.383541, adv: 0.968206, cyc: 0.276068, id: 0.249754] time: 1:38:35.449927 
[Epoch 15/50] [Batch 100/1032] [D loss: 0.000103, acc: 100%] [G loss: 12.724295, adv: 0.982715, cyc: 0.285461, id: 0.253674] time: 1:39:15.445520 
[Epoch 15/50] [Batch 200/1032] [D loss: 0.000092, acc: 100%] [G loss: 12.447157, adv: 0.957784, cyc: 0.279110, id: 0.247025] time: 1:39:55.448372 
[Epoch 15/50] [Batch 300/1032] [D loss: 0.000198, acc: 100%] [G loss: 11.662291, adv: 0.866982, cyc: 0.262136, id: 0.239551] time: 1:40:35.450197 
[Epoch 15/50] [Batch 400/1032] [D loss: 0.000781, acc: 100%] [G loss: 12.497398, adv: 0.984054, cyc: 0.278357, id: 0.235898] time: 1:41:15.458386 
[Epoch 15/50] [Batch 500/1032] [D loss: 0.000127, acc: 100%] [G loss: 12.731101, adv: 0.981137, cyc: 0.284054, id: 0.248887] time: 1:41:55.449759 
[Epoch 15/50] [Batch 600/1032] [D loss: 0.001292, acc: 100%] [G loss: 12.421566, adv: 1.057218, cyc: 0.271826, id: 0.242371] time: 1:42:35.452213 
[Epoch 15/50] [Batch 700/1032] [D loss: 0.000292, acc: 100%] [G loss: 12.116247, adv: 0.965324, cyc: 0.269023, id: 0.231168] time: 1:43:15.446016 
[Epoch 15/50] [Batch 800/1032] [D loss: 0.000222, acc: 100%] [G loss: 11.743216, adv: 0.891710, cyc: 0.263321, id: 0.231368] time: 1:43:55.447078 
[Epoch 15/50] [Batch 900/1032] [D loss: 0.000170, acc: 100%] [G loss: 12.053535, adv: 0.854476, cyc: 0.271241, id: 0.251653] time: 1:44:35.447546 
[Epoch 15/50] [Batch 1000/1032] [D loss: 0.000193, acc: 100%] [G loss: 12.310989, adv: 0.968563, cyc: 0.273343, id: 0.256843] time: 1:45:15.443059 
[Epoch 16/50] [Batch 0/1032] [D loss: 0.000237, acc: 100%] [G loss: 12.261514, adv: 0.972909, cyc: 0.273553, id: 0.242231] time: 1:45:29.357896 
[Epoch 16/50] [Batch 100/1032] [D loss: 0.000238, acc: 100%] [G loss: 12.678255, adv: 0.986486, cyc: 0.284119, id: 0.253588] time: 1:46:09.355317 
[Epoch 16/50] [Batch 200/1032] [D loss: 0.000164, acc: 100%] [G loss: 12.351315, adv: 0.917605, cyc: 0.279200, id: 0.247594] time: 1:46:49.354750 
[Epoch 16/50] [Batch 300/1032] [D loss: 0.000289, acc: 100%] [G loss: 11.913383, adv: 1.023943, cyc: 0.260787, id: 0.234842] time: 1:47:29.355088 
[Epoch 16/50] [Batch 400/1032] [D loss: 0.000206, acc: 100%] [G loss: 12.484911, adv: 0.986702, cyc: 0.277820, id: 0.234575] time: 1:48:09.350366 
[Epoch 16/50] [Batch 500/1032] [D loss: 0.000360, acc: 100%] [G loss: 12.577616, adv: 0.958825, cyc: 0.281452, id: 0.244808] time: 1:48:49.343151 
[Epoch 16/50] [Batch 600/1032] [D loss: 0.000201, acc: 100%] [G loss: 11.912117, adv: 0.822849, cyc: 0.270307, id: 0.237328] time: 1:49:29.339519 
[Epoch 16/50] [Batch 700/1032] [D loss: 0.000301, acc: 100%] [G loss: 12.094396, adv: 0.981575, cyc: 0.267564, id: 0.228996] time: 1:50:09.330602 
[Epoch 16/50] [Batch 800/1032] [D loss: 0.000146, acc: 100%] [G loss: 11.659529, adv: 0.951410, cyc: 0.258950, id: 0.229394] time: 1:50:49.334490 
[Epoch 16/50] [Batch 900/1032] [D loss: 0.000055, acc: 100%] [G loss: 11.858800, adv: 0.814273, cyc: 0.268074, id: 0.245733] time: 1:51:29.323353 
[Epoch 16/50] [Batch 1000/1032] [D loss: 0.002857, acc: 100%] [G loss: 12.277088, adv: 0.978196, cyc: 0.272868, id: 0.256089] time: 1:52:09.309249 
[Epoch 17/50] [Batch 0/1032] [D loss: 0.000134, acc: 100%] [G loss: 12.184222, adv: 0.947533, cyc: 0.272899, id: 0.243372] time: 1:52:23.333207 
[Epoch 17/50] [Batch 100/1032] [D loss: 0.000143, acc: 100%] [G loss: 12.618134, adv: 0.985871, cyc: 0.281899, id: 0.252784] time: 1:53:03.324946 
[Epoch 17/50] [Batch 200/1032] [D loss: 0.000102, acc: 100%] [G loss: 12.343569, adv: 0.988312, cyc: 0.275282, id: 0.241457] time: 1:53:43.315278 
[Epoch 17/50] [Batch 300/1032] [D loss: 0.000233, acc: 100%] [G loss: 11.398716, adv: 0.822452, cyc: 0.260310, id: 0.229430] time: 1:54:23.306385 
[Epoch 17/50] [Batch 400/1032] [D loss: 0.000148, acc: 100%] [G loss: 12.340787, adv: 0.951839, cyc: 0.275551, id: 0.230252] time: 1:55:03.308764 
[Epoch 17/50] [Batch 500/1032] [D loss: 0.000163, acc: 100%] [G loss: 12.570826, adv: 0.964766, cyc: 0.279925, id: 0.245901] time: 1:55:43.304041 
[Epoch 17/50] [Batch 600/1032] [D loss: 0.000124, acc: 100%] [G loss: 11.845829, adv: 0.815040, cyc: 0.268906, id: 0.241106] time: 1:56:23.307261 
[Epoch 17/50] [Batch 700/1032] [D loss: 0.000157, acc: 100%] [G loss: 11.976885, adv: 0.971469, cyc: 0.263865, id: 0.232645] time: 1:57:03.302072 
[Epoch 17/50] [Batch 800/1032] [D loss: 0.000353, acc: 100%] [G loss: 11.382971, adv: 0.798321, cyc: 0.258029, id: 0.229461] time: 1:57:43.301695 
[Epoch 17/50] [Batch 900/1032] [D loss: 0.000215, acc: 100%] [G loss: 12.082306, adv: 0.989141, cyc: 0.265702, id: 0.248454] time: 1:58:23.298105 
[Epoch 17/50] [Batch 1000/1032] [D loss: 0.000075, acc: 100%] [G loss: 12.150433, adv: 0.955618, cyc: 0.271563, id: 0.253046] time: 1:59:03.297864 
[Epoch 18/50] [Batch 0/1032] [D loss: 0.002419, acc: 100%] [G loss: 12.296164, adv: 1.001854, cyc: 0.269648, id: 0.240900] time: 1:59:17.211779 
[Epoch 18/50] [Batch 100/1032] [D loss: 0.000087, acc: 100%] [G loss: 12.396299, adv: 0.870115, cyc: 0.279428, id: 0.257059] time: 1:59:57.217979 
[Epoch 18/50] [Batch 200/1032] [D loss: 0.000119, acc: 100%] [G loss: 12.159359, adv: 0.901152, cyc: 0.275517, id: 0.242175] time: 2:00:37.223423 
[Epoch 18/50] [Batch 300/1032] [D loss: 0.000193, acc: 100%] [G loss: 11.412254, adv: 0.852609, cyc: 0.256197, id: 0.228211] time: 2:01:17.233939 
[Epoch 18/50] [Batch 400/1032] [D loss: 0.000145, acc: 100%] [G loss: 12.326884, adv: 0.987882, cyc: 0.274130, id: 0.230345] time: 2:01:57.230792 
[Epoch 18/50] [Batch 500/1032] [D loss: 0.000093, acc: 100%] [G loss: 12.435216, adv: 0.921152, cyc: 0.279199, id: 0.244192] time: 2:02:37.232722 
[Epoch 18/50] [Batch 600/1032] [D loss: 0.000119, acc: 100%] [G loss: 11.964576, adv: 0.884934, cyc: 0.267952, id: 0.241602] time: 2:03:17.236675 
[Epoch 18/50] [Batch 700/1032] [D loss: 0.000217, acc: 100%] [G loss: 11.804981, adv: 0.923517, cyc: 0.264417, id: 0.227299] time: 2:03:57.230023 
[Epoch 18/50] [Batch 800/1032] [D loss: 0.000023, acc: 100%] [G loss: 11.585850, adv: 0.987949, cyc: 0.254959, id: 0.224273] time: 2:04:37.232451 
[Epoch 18/50] [Batch 900/1032] [D loss: 0.000205, acc: 100%] [G loss: 11.853175, adv: 0.881658, cyc: 0.263795, id: 0.245614] time: 2:05:17.229817 
[Epoch 18/50] [Batch 1000/1032] [D loss: 0.000038, acc: 100%] [G loss: 11.990438, adv: 0.900997, cyc: 0.268663, id: 0.253400] time: 2:05:57.224709 
[Epoch 19/50] [Batch 0/1032] [D loss: 0.000230, acc: 100%] [G loss: 11.953929, adv: 0.871204, cyc: 0.268274, id: 0.245113] time: 2:06:11.085558 
[Epoch 19/50] [Batch 100/1032] [D loss: 0.000107, acc: 100%] [G loss: 12.484315, adv: 0.993157, cyc: 0.278625, id: 0.250678] time: 2:06:51.080252 
[Epoch 19/50] [Batch 200/1032] [D loss: 0.000058, acc: 100%] [G loss: 12.234663, adv: 0.971841, cyc: 0.272227, id: 0.243132] time: 2:07:31.067221 
[Epoch 19/50] [Batch 300/1032] [D loss: 0.000127, acc: 100%] [G loss: 11.609539, adv: 0.979357, cyc: 0.256517, id: 0.228592] time: 2:08:11.043756 
[Epoch 19/50] [Batch 400/1032] [D loss: 0.000145, acc: 100%] [G loss: 12.294523, adv: 1.022095, cyc: 0.270267, id: 0.230445] time: 2:08:51.029139 
[Epoch 19/50] [Batch 500/1032] [D loss: 0.000075, acc: 100%] [G loss: 12.429923, adv: 0.927670, cyc: 0.276492, id: 0.252855] time: 2:09:31.010871 
[Epoch 19/50] [Batch 600/1032] [D loss: 0.000187, acc: 100%] [G loss: 11.605299, adv: 0.769448, cyc: 0.265213, id: 0.239286] time: 2:10:10.991164 
[Epoch 19/50] [Batch 700/1032] [D loss: 0.000152, acc: 100%] [G loss: 11.866637, adv: 0.959452, cyc: 0.263680, id: 0.229054] time: 2:10:50.974508 
[Epoch 19/50] [Batch 800/1032] [D loss: 0.000114, acc: 100%] [G loss: 11.360888, adv: 0.873487, cyc: 0.254362, id: 0.224958] time: 2:11:30.953701 
[Epoch 19/50] [Batch 900/1032] [D loss: 0.000073, acc: 100%] [G loss: 11.910458, adv: 0.965969, cyc: 0.263210, id: 0.247712] time: 2:12:10.932529 
[Epoch 19/50] [Batch 1000/1032] [D loss: 0.000052, acc: 100%] [G loss: 12.014485, adv: 0.961312, cyc: 0.266952, id: 0.250800] time: 2:12:50.905362 
[Epoch 20/50] [Batch 0/1032] [D loss: 0.000012, acc: 100%] [G loss: 12.030403, adv: 0.943346, cyc: 0.267722, id: 0.243080] time: 2:13:04.760526 
[Epoch 20/50] [Batch 100/1032] [D loss: 0.000088, acc: 100%] [G loss: 12.501196, adv: 1.008135, cyc: 0.276913, id: 0.250006] time: 2:13:44.745646 
[Epoch 20/50] [Batch 200/1032] [D loss: 0.000084, acc: 100%] [G loss: 12.050310, adv: 0.899186, cyc: 0.269562, id: 0.245510] time: 2:14:24.720283 
[Epoch 20/50] [Batch 300/1032] [D loss: 0.000113, acc: 100%] [G loss: 11.519329, adv: 0.962244, cyc: 0.254876, id: 0.227254] time: 2:15:04.711008 
[Epoch 20/50] [Batch 400/1032] [D loss: 0.000041, acc: 100%] [G loss: 12.168596, adv: 0.977132, cyc: 0.268686, id: 0.230778] time: 2:15:44.688231 
[Epoch 20/50] [Batch 500/1032] [D loss: 0.000885, acc: 100%] [G loss: 12.362928, adv: 0.974671, cyc: 0.273537, id: 0.241365] time: 2:16:24.669904 
[Epoch 20/50] [Batch 600/1032] [D loss: 0.000059, acc: 100%] [G loss: 11.718521, adv: 0.921876, cyc: 0.261655, id: 0.228231] time: 2:17:04.649760 
[Epoch 20/50] [Batch 700/1032] [D loss: 0.000129, acc: 100%] [G loss: 11.772432, adv: 0.954791, cyc: 0.260252, id: 0.226942] time: 2:17:44.640941 
[Epoch 20/50] [Batch 800/1032] [D loss: 0.000120, acc: 100%] [G loss: 11.426053, adv: 0.982098, cyc: 0.250961, id: 0.221324] time: 2:18:24.625326 
[Epoch 20/50] [Batch 900/1032] [D loss: 0.000036, acc: 100%] [G loss: 11.900747, adv: 0.961616, cyc: 0.263427, id: 0.245775] time: 2:19:04.472324 
[Epoch 20/50] [Batch 1000/1032] [D loss: 0.000067, acc: 100%] [G loss: 12.033211, adv: 0.974204, cyc: 0.268077, id: 0.250547] time: 2:19:44.135940 
[Epoch 21/50] [Batch 0/1032] [D loss: 0.000049, acc: 100%] [G loss: 11.928907, adv: 0.951630, cyc: 0.264626, id: 0.235535] time: 2:19:57.863394 
[Epoch 21/50] [Batch 100/1032] [D loss: 0.000094, acc: 100%] [G loss: 12.438716, adv: 0.991745, cyc: 0.276811, id: 0.248463] time: 2:20:37.476049 
[Epoch 21/50] [Batch 200/1032] [D loss: 0.000038, acc: 100%] [G loss: 12.176970, adv: 1.008266, cyc: 0.269792, id: 0.237814] time: 2:21:17.062105 
[Epoch 21/50] [Batch 300/1032] [D loss: 0.000038, acc: 100%] [G loss: 11.502609, adv: 0.945565, cyc: 0.253329, id: 0.231280] time: 2:21:56.636988 
[Epoch 21/50] [Batch 400/1032] [D loss: 0.000044, acc: 100%] [G loss: 12.079853, adv: 0.981995, cyc: 0.267346, id: 0.225430] time: 2:22:36.217427 
[Epoch 21/50] [Batch 500/1032] [D loss: 0.000076, acc: 100%] [G loss: 12.227325, adv: 0.915590, cyc: 0.274202, id: 0.241818] time: 2:23:15.801113 
[Epoch 21/50] [Batch 600/1032] [D loss: 0.000033, acc: 100%] [G loss: 11.847181, adv: 0.988768, cyc: 0.261564, id: 0.228320] time: 2:23:55.382315 
[Epoch 21/50] [Batch 700/1032] [D loss: 0.000122, acc: 100%] [G loss: 11.686408, adv: 0.924943, cyc: 0.259277, id: 0.226781] time: 2:24:34.966893 
[Epoch 21/50] [Batch 800/1032] [D loss: 0.000067, acc: 100%] [G loss: 11.416277, adv: 0.978405, cyc: 0.252133, id: 0.218898] time: 2:25:14.548399 
[Epoch 21/50] [Batch 900/1032] [D loss: 0.000053, acc: 100%] [G loss: 11.856030, adv: 0.993583, cyc: 0.259378, id: 0.243061] time: 2:25:54.135777 
[Epoch 21/50] [Batch 1000/1032] [D loss: 0.000137, acc: 100%] [G loss: 11.954593, adv: 0.938197, cyc: 0.264692, id: 0.249408] time: 2:26:33.714704 
[Epoch 22/50] [Batch 0/1032] [D loss: 0.000029, acc: 100%] [G loss: 11.991038, adv: 1.005615, cyc: 0.264080, id: 0.236582] time: 2:26:47.466922 
[Epoch 22/50] [Batch 100/1032] [D loss: 0.000057, acc: 100%] [G loss: 12.219146, adv: 0.930573, cyc: 0.272183, id: 0.245097] time: 2:27:27.049246 
[Epoch 22/50] [Batch 200/1032] [D loss: 0.000228, acc: 100%] [G loss: 12.070889, adv: 0.992663, cyc: 0.265853, id: 0.237150] time: 2:28:06.626376 
[Epoch 22/50] [Batch 300/1032] [D loss: 0.000114, acc: 100%] [G loss: 11.424700, adv: 0.968320, cyc: 0.252104, id: 0.225545] time: 2:28:46.200151 
[Epoch 22/50] [Batch 400/1032] [D loss: 0.000115, acc: 100%] [G loss: 12.191334, adv: 0.996792, cyc: 0.268232, id: 0.231898] time: 2:29:25.774587 
[Epoch 22/50] [Batch 500/1032] [D loss: 0.000088, acc: 100%] [G loss: 12.369598, adv: 1.016344, cyc: 0.271793, id: 0.238443] time: 2:30:05.350927 
[Epoch 22/50] [Batch 600/1032] [D loss: 0.000098, acc: 100%] [G loss: 11.673248, adv: 0.930229, cyc: 0.260519, id: 0.227362] time: 2:30:44.921481 
[Epoch 22/50] [Batch 700/1032] [D loss: 0.000064, acc: 100%] [G loss: 11.739828, adv: 0.996869, cyc: 0.256477, id: 0.223730] time: 2:31:24.511618 
[Epoch 22/50] [Batch 800/1032] [D loss: 0.000048, acc: 100%] [G loss: 11.391974, adv: 0.962512, cyc: 0.251764, id: 0.219020] time: 2:32:04.093869 
[Epoch 22/50] [Batch 900/1032] [D loss: 0.000055, acc: 100%] [G loss: 11.746553, adv: 0.895667, cyc: 0.260258, id: 0.250831] time: 2:32:43.669701 
[Epoch 22/50] [Batch 1000/1032] [D loss: 0.000093, acc: 100%] [G loss: 11.757053, adv: 0.885094, cyc: 0.262795, id: 0.249828] time: 2:33:23.241881 
[Epoch 23/50] [Batch 0/1032] [D loss: 0.000018, acc: 100%] [G loss: 11.912445, adv: 0.958186, cyc: 0.263372, id: 0.233893] time: 2:33:37.011997 
[Epoch 23/50] [Batch 100/1032] [D loss: 0.000057, acc: 100%] [G loss: 12.295288, adv: 0.986111, cyc: 0.272704, id: 0.247254] time: 2:34:16.600526 
[Epoch 23/50] [Batch 200/1032] [D loss: 0.000037, acc: 100%] [G loss: 12.022904, adv: 0.975062, cyc: 0.267164, id: 0.236257] time: 2:34:56.192760 
[Epoch 23/50] [Batch 300/1032] [D loss: 0.000049, acc: 100%] [G loss: 11.246048, adv: 0.891997, cyc: 0.249512, id: 0.226736] time: 2:35:35.785648 
[Epoch 23/50] [Batch 400/1032] [D loss: 0.000129, acc: 100%] [G loss: 12.009684, adv: 0.969806, cyc: 0.266930, id: 0.224557] time: 2:36:15.375541 
[Epoch 23/50] [Batch 500/1032] [D loss: 0.000099, acc: 100%] [G loss: 12.196776, adv: 0.960136, cyc: 0.272165, id: 0.235753] time: 2:36:54.958400 
[Epoch 23/50] [Batch 600/1032] [D loss: 0.000068, acc: 100%] [G loss: 11.710390, adv: 0.982458, cyc: 0.257130, id: 0.227152] time: 2:37:34.549078 
[Epoch 23/50] [Batch 700/1032] [D loss: 0.000032, acc: 100%] [G loss: 11.703989, adv: 0.988931, cyc: 0.256070, id: 0.222158] time: 2:38:14.142399 
[Epoch 23/50] [Batch 800/1032] [D loss: 0.000107, acc: 100%] [G loss: 11.388997, adv: 0.984677, cyc: 0.249479, id: 0.219672] time: 2:38:53.731728 
[Epoch 23/50] [Batch 900/1032] [D loss: 0.000049, acc: 100%] [G loss: 11.717197, adv: 0.973474, cyc: 0.257720, id: 0.238745] time: 2:39:33.312053 
[Epoch 23/50] [Batch 1000/1032] [D loss: 0.000046, acc: 100%] [G loss: 11.946615, adv: 0.995935, cyc: 0.263457, id: 0.247612] time: 2:40:12.896124 
[Epoch 24/50] [Batch 0/1032] [D loss: 0.000032, acc: 100%] [G loss: 11.851904, adv: 0.983962, cyc: 0.261052, id: 0.232387] time: 2:40:26.719999 
[Epoch 24/50] [Batch 100/1032] [D loss: 0.000080, acc: 100%] [G loss: 12.284042, adv: 0.989332, cyc: 0.272035, id: 0.247157] time: 2:41:06.305030 
[Epoch 24/50] [Batch 200/1032] [D loss: 0.000131, acc: 100%] [G loss: 11.966808, adv: 0.971212, cyc: 0.265816, id: 0.234563] time: 2:41:45.885086 
[Epoch 24/50] [Batch 300/1032] [D loss: 0.000088, acc: 100%] [G loss: 11.171058, adv: 0.893929, cyc: 0.249559, id: 0.223198] time: 2:42:25.478264 
[Epoch 24/50] [Batch 400/1032] [D loss: 0.000332, acc: 100%] [G loss: 12.101092, adv: 1.027408, cyc: 0.266009, id: 0.224343] time: 2:43:05.073116 
[Epoch 24/50] [Batch 500/1032] [D loss: 0.000042, acc: 100%] [G loss: 12.230270, adv: 0.990215, cyc: 0.269304, id: 0.236728] time: 2:43:44.651981 
[Epoch 24/50] [Batch 600/1032] [D loss: 0.001389, acc: 100%] [G loss: 11.616605, adv: 0.940275, cyc: 0.258536, id: 0.225637] time: 2:44:24.226141 
[Epoch 24/50] [Batch 700/1032] [D loss: 0.000389, acc: 100%] [G loss: 11.518144, adv: 0.923561, cyc: 0.255295, id: 0.220402] time: 2:45:03.799512 
[Epoch 24/50] [Batch 800/1032] [D loss: 0.000055, acc: 100%] [G loss: 11.262781, adv: 0.980418, cyc: 0.246903, id: 0.217164] time: 2:45:43.375765 
[Epoch 24/50] [Batch 900/1032] [D loss: 0.000047, acc: 100%] [G loss: 11.665984, adv: 0.933265, cyc: 0.257482, id: 0.239833] time: 2:46:22.952784 
[Epoch 24/50] [Batch 1000/1032] [D loss: 0.000028, acc: 100%] [G loss: 11.783408, adv: 0.931746, cyc: 0.262501, id: 0.246820] time: 2:47:02.521123 
[Epoch 25/50] [Batch 0/1032] [D loss: 0.000063, acc: 100%] [G loss: 11.883492, adv: 1.003237, cyc: 0.261293, id: 0.234791] time: 2:47:16.252453 
[Epoch 25/50] [Batch 100/1032] [D loss: 0.000045, acc: 100%] [G loss: 12.198248, adv: 0.983734, cyc: 0.271610, id: 0.243039] time: 2:47:55.819036 
[Epoch 25/50] [Batch 200/1032] [D loss: 0.000402, acc: 100%] [G loss: 11.924875, adv: 0.994595, cyc: 0.262592, id: 0.234016] time: 2:48:35.381896 
[Epoch 25/50] [Batch 300/1032] [D loss: 0.000039, acc: 100%] [G loss: 11.124307, adv: 0.857581, cyc: 0.248675, id: 0.225746] time: 2:49:14.936107 
[Epoch 25/50] [Batch 400/1032] [D loss: 0.000033, acc: 100%] [G loss: 12.039997, adv: 0.996917, cyc: 0.263542, id: 0.227150] time: 2:49:54.482324 
[Epoch 25/50] [Batch 500/1032] [D loss: 0.000180, acc: 100%] [G loss: 12.045547, adv: 0.880019, cyc: 0.269750, id: 0.243414] time: 2:50:34.016190 
[Epoch 25/50] [Batch 600/1032] [D loss: 0.000105, acc: 100%] [G loss: 11.671104, adv: 0.978683, cyc: 0.257149, id: 0.225132] time: 2:51:13.545442 
[Epoch 25/50] [Batch 700/1032] [D loss: 0.000050, acc: 100%] [G loss: 11.601277, adv: 0.981766, cyc: 0.255607, id: 0.221059] time: 2:51:53.066605 
[Epoch 25/50] [Batch 800/1032] [D loss: 0.000061, acc: 100%] [G loss: 11.131121, adv: 0.892243, cyc: 0.246302, id: 0.218161] time: 2:52:32.593368 
[Epoch 25/50] [Batch 900/1032] [D loss: 0.000049, acc: 100%] [G loss: 11.698630, adv: 0.939918, cyc: 0.258757, id: 0.244046] time: 2:53:12.108066 
[Epoch 25/50] [Batch 1000/1032] [D loss: 0.000039, acc: 100%] [G loss: 11.770764, adv: 0.964909, cyc: 0.259876, id: 0.245318] time: 2:53:51.621443 
[Epoch 26/50] [Batch 0/1032] [D loss: 0.000145, acc: 100%] [G loss: 11.691104, adv: 0.903068, cyc: 0.260979, id: 0.237658] time: 2:54:05.522495 
[Epoch 26/50] [Batch 100/1032] [D loss: 0.000050, acc: 100%] [G loss: 12.232294, adv: 0.966184, cyc: 0.269646, id: 0.252806] time: 2:54:45.041433 
[Epoch 26/50] [Batch 200/1032] [D loss: 0.000030, acc: 100%] [G loss: 11.973934, adv: 1.008390, cyc: 0.262966, id: 0.234302] time: 2:55:24.557436 
[Epoch 26/50] [Batch 300/1032] [D loss: 0.000121, acc: 100%] [G loss: 11.350474, adv: 0.979300, cyc: 0.248496, id: 0.226520] time: 2:56:04.077813 
[Epoch 26/50] [Batch 400/1032] [D loss: 0.000061, acc: 100%] [G loss: 11.927533, adv: 0.978417, cyc: 0.262072, id: 0.224094] time: 2:56:43.590384 
[Epoch 26/50] [Batch 500/1032] [D loss: 0.000052, acc: 100%] [G loss: 12.184031, adv: 1.009015, cyc: 0.268586, id: 0.234718] time: 2:57:23.105389 
[Epoch 26/50] [Batch 600/1032] [D loss: 0.000045, acc: 100%] [G loss: 11.629337, adv: 0.984312, cyc: 0.255321, id: 0.224211] time: 2:58:02.620986 
[Epoch 26/50] [Batch 700/1032] [D loss: 0.000030, acc: 100%] [G loss: 11.586524, adv: 0.991511, cyc: 0.252965, id: 0.222604] time: 2:58:42.132806 
[Epoch 26/50] [Batch 800/1032] [D loss: 0.000152, acc: 100%] [G loss: 11.245113, adv: 0.991749, cyc: 0.244969, id: 0.217414] time: 2:59:21.645271 
[Epoch 26/50] [Batch 900/1032] [D loss: 0.000066, acc: 100%] [G loss: 11.585255, adv: 0.949634, cyc: 0.256608, id: 0.236961] time: 3:00:01.157983 
[Epoch 26/50] [Batch 1000/1032] [D loss: 0.000034, acc: 100%] [G loss: 11.809406, adv: 0.978533, cyc: 0.260827, id: 0.245783] time: 3:00:40.678938 
[Epoch 27/50] [Batch 0/1032] [D loss: 0.000066, acc: 100%] [G loss: 11.750439, adv: 0.969477, cyc: 0.259606, id: 0.231039] time: 3:00:54.868519 
[Epoch 27/50] [Batch 100/1032] [D loss: 0.000090, acc: 100%] [G loss: 12.081120, adv: 0.969248, cyc: 0.266920, id: 0.241920] time: 3:01:34.393964 
[Epoch 27/50] [Batch 200/1032] [D loss: 0.000027, acc: 100%] [G loss: 11.909469, adv: 0.991762, cyc: 0.262593, id: 0.234284] time: 3:02:13.902609 
[Epoch 27/50] [Batch 300/1032] [D loss: 0.000028, acc: 100%] [G loss: 11.209021, adv: 0.928269, cyc: 0.248277, id: 0.223402] time: 3:02:53.423084 
[Epoch 27/50] [Batch 400/1032] [D loss: 0.000016, acc: 100%] [G loss: 11.897423, adv: 0.984847, cyc: 0.261450, id: 0.223300] time: 3:03:32.941315 
[Epoch 27/50] [Batch 500/1032] [D loss: 0.000013, acc: 100%] [G loss: 12.103231, adv: 0.987797, cyc: 0.266951, id: 0.233349] time: 3:04:12.457121 
[Epoch 27/50] [Batch 600/1032] [D loss: 0.000024, acc: 100%] [G loss: 11.581568, adv: 0.959728, cyc: 0.254729, id: 0.225576] time: 3:04:51.970731 
[Epoch 27/50] [Batch 700/1032] [D loss: 0.000054, acc: 100%] [G loss: 11.511333, adv: 0.980148, cyc: 0.252046, id: 0.220956] time: 3:05:31.489262 
[Epoch 27/50] [Batch 800/1032] [D loss: 0.000053, acc: 100%] [G loss: 11.184842, adv: 0.977118, cyc: 0.245210, id: 0.217155] time: 3:06:11.004526 
[Epoch 27/50] [Batch 900/1032] [D loss: 0.000038, acc: 100%] [G loss: 11.534022, adv: 0.928199, cyc: 0.255396, id: 0.239543] time: 3:06:50.523093 
[Epoch 27/50] [Batch 1000/1032] [D loss: 0.000077, acc: 100%] [G loss: 11.813430, adv: 0.983750, cyc: 0.259830, id: 0.248030] time: 3:07:30.052285 
[Epoch 28/50] [Batch 0/1032] [D loss: 0.000150, acc: 100%] [G loss: 11.746964, adv: 0.998790, cyc: 0.257469, id: 0.231720] time: 3:07:44.273896 
[Epoch 28/50] [Batch 100/1032] [D loss: 0.000074, acc: 100%] [G loss: 12.073619, adv: 0.970024, cyc: 0.266307, id: 0.244018] time: 3:08:23.784431 
[Epoch 28/50] [Batch 200/1032] [D loss: 0.000035, acc: 100%] [G loss: 11.862184, adv: 0.984992, cyc: 0.261096, id: 0.232803] time: 3:09:03.294921 
[Epoch 28/50] [Batch 300/1032] [D loss: 0.000015, acc: 100%] [G loss: 11.234272, adv: 0.982939, cyc: 0.245335, id: 0.221653] time: 3:09:42.805829 
[Epoch 28/50] [Batch 400/1032] [D loss: 0.000015, acc: 100%] [G loss: 11.873034, adv: 0.999965, cyc: 0.260389, id: 0.221469] time: 3:10:22.317378 
[Epoch 28/50] [Batch 500/1032] [D loss: 0.000114, acc: 100%] [G loss: 12.108200, adv: 0.998061, cyc: 0.265588, id: 0.235449] time: 3:11:01.842191 
[Epoch 28/50] [Batch 600/1032] [D loss: 0.000065, acc: 100%] [G loss: 11.489119, adv: 0.955659, cyc: 0.253599, id: 0.222963] time: 3:11:41.361639 
[Epoch 28/50] [Batch 700/1032] [D loss: 0.000028, acc: 100%] [G loss: 11.524794, adv: 0.974279, cyc: 0.253664, id: 0.218764] time: 3:12:20.875779 
[Epoch 28/50] [Batch 800/1032] [D loss: 0.000061, acc: 100%] [G loss: 11.210881, adv: 0.979950, cyc: 0.245401, id: 0.215033] time: 3:13:00.390872 
[Epoch 28/50] [Batch 900/1032] [D loss: 0.000038, acc: 100%] [G loss: 11.659027, adv: 1.014959, cyc: 0.254912, id: 0.235154] time: 3:13:39.914544 
[Epoch 28/50] [Batch 1000/1032] [D loss: 0.000022, acc: 100%] [G loss: 11.814071, adv: 0.997256, cyc: 0.259610, id: 0.244802] time: 3:14:19.440655 
[Epoch 29/50] [Batch 0/1032] [D loss: 0.000029, acc: 100%] [G loss: 11.743445, adv: 1.011602, cyc: 0.257436, id: 0.229858] time: 3:14:33.455987 
[Epoch 29/50] [Batch 100/1032] [D loss: 0.000032, acc: 100%] [G loss: 12.071880, adv: 0.996970, cyc: 0.265554, id: 0.241418] time: 3:15:12.977726 
[Epoch 29/50] [Batch 200/1032] [D loss: 0.000236, acc: 100%] [G loss: 11.830823, adv: 0.968864, cyc: 0.260094, id: 0.235556] time: 3:15:52.490243 
[Epoch 29/50] [Batch 300/1032] [D loss: 0.000078, acc: 100%] [G loss: 11.241941, adv: 0.991899, cyc: 0.244520, id: 0.220766] time: 3:16:32.013879 
[Epoch 29/50] [Batch 400/1032] [D loss: 0.000041, acc: 100%] [G loss: 11.916702, adv: 1.000211, cyc: 0.261023, id: 0.223864] time: 3:17:11.532629 
[Epoch 29/50] [Batch 500/1032] [D loss: 0.000029, acc: 100%] [G loss: 12.039392, adv: 0.972871, cyc: 0.264766, id: 0.234941] time: 3:17:51.043908 
[Epoch 29/50] [Batch 600/1032] [D loss: 0.000018, acc: 100%] [G loss: 11.575751, adv: 0.999426, cyc: 0.252970, id: 0.223484] time: 3:18:30.558451 
[Epoch 29/50] [Batch 700/1032] [D loss: 0.000016, acc: 100%] [G loss: 11.496440, adv: 1.003941, cyc: 0.250923, id: 0.217644] time: 3:19:10.073280 
[Epoch 29/50] [Batch 800/1032] [D loss: 0.000030, acc: 100%] [G loss: 11.174270, adv: 0.993568, cyc: 0.244502, id: 0.214541] time: 3:19:49.586142 
[Epoch 29/50] [Batch 900/1032] [D loss: 0.000032, acc: 100%] [G loss: 11.559336, adv: 0.940778, cyc: 0.255946, id: 0.239115] time: 3:20:29.097380 
[Epoch 29/50] [Batch 1000/1032] [D loss: 0.000044, acc: 100%] [G loss: 11.739410, adv: 0.996019, cyc: 0.257741, id: 0.242981] time: 3:21:08.610738 
[Epoch 30/50] [Batch 0/1032] [D loss: 0.000039, acc: 100%] [G loss: 11.703191, adv: 1.009808, cyc: 0.256665, id: 0.228744] time: 3:21:22.546626 
[Epoch 30/50] [Batch 100/1032] [D loss: 0.000020, acc: 100%] [G loss: 12.070694, adv: 0.994069, cyc: 0.266957, id: 0.240185] time: 3:22:02.066428 
[Epoch 30/50] [Batch 200/1032] [D loss: 0.000028, acc: 100%] [G loss: 11.818615, adv: 0.984484, cyc: 0.260324, id: 0.232028] time: 3:22:41.586064 
[Epoch 30/50] [Batch 300/1032] [D loss: 0.000165, acc: 100%] [G loss: 11.263885, adv: 1.000501, cyc: 0.244735, id: 0.222360] time: 3:23:21.102447 
[Epoch 30/50] [Batch 400/1032] [D loss: 0.000074, acc: 100%] [G loss: 11.784833, adv: 0.958512, cyc: 0.259004, id: 0.221749] time: 3:24:00.612884 
[Epoch 30/50] [Batch 500/1032] [D loss: 0.000015, acc: 100%] [G loss: 12.071429, adv: 1.009733, cyc: 0.264003, id: 0.233742] time: 3:24:40.125155 
[Epoch 30/50] [Batch 600/1032] [D loss: 0.000039, acc: 100%] [G loss: 11.573219, adv: 1.005310, cyc: 0.253216, id: 0.223521] time: 3:25:19.634098 
[Epoch 30/50] [Batch 700/1032] [D loss: 0.000023, acc: 100%] [G loss: 11.484545, adv: 1.016633, cyc: 0.250112, id: 0.217521] time: 3:25:59.146500 
[Epoch 30/50] [Batch 800/1032] [D loss: 0.000027, acc: 100%] [G loss: 11.175842, adv: 0.983598, cyc: 0.245337, id: 0.214952] time: 3:26:38.666719 
[Epoch 30/50] [Batch 900/1032] [D loss: 0.000018, acc: 100%] [G loss: 11.565458, adv: 0.987630, cyc: 0.254280, id: 0.234893] time: 3:27:18.180266 
[Epoch 30/50] [Batch 1000/1032] [D loss: 0.000062, acc: 100%] [G loss: 11.745171, adv: 1.002090, cyc: 0.256380, id: 0.244072] time: 3:27:57.692208 
[Epoch 31/50] [Batch 0/1032] [D loss: 0.000019, acc: 100%] [G loss: 11.672813, adv: 0.997047, cyc: 0.256367, id: 0.229407] time: 3:28:11.701686 
[Epoch 31/50] [Batch 100/1032] [D loss: 0.000046, acc: 100%] [G loss: 12.038631, adv: 0.982806, cyc: 0.266569, id: 0.239454] time: 3:28:51.217059 
[Epoch 31/50] [Batch 200/1032] [D loss: 0.000021, acc: 100%] [G loss: 11.754673, adv: 0.985341, cyc: 0.258105, id: 0.230648] time: 3:29:30.739798 
[Epoch 31/50] [Batch 300/1032] [D loss: 0.000034, acc: 100%] [G loss: 11.163063, adv: 0.999035, cyc: 0.243641, id: 0.218404] time: 3:30:10.256283 
[Epoch 31/50] [Batch 400/1032] [D loss: 0.000168, acc: 100%] [G loss: 11.784664, adv: 0.942007, cyc: 0.259873, id: 0.223116] time: 3:30:49.768612 
[Epoch 31/50] [Batch 500/1032] [D loss: 0.000137, acc: 100%] [G loss: 12.122293, adv: 1.022019, cyc: 0.264875, id: 0.237292] time: 3:31:29.295295 
[Epoch 31/50] [Batch 600/1032] [D loss: 0.000216, acc: 100%] [G loss: 11.440457, adv: 0.924038, cyc: 0.251965, id: 0.227072] time: 3:32:08.811396 
[Epoch 31/50] [Batch 700/1032] [D loss: 0.000038, acc: 100%] [G loss: 11.434087, adv: 0.987586, cyc: 0.249981, id: 0.217524] time: 3:32:48.322571 
[Epoch 31/50] [Batch 800/1032] [D loss: 0.000033, acc: 100%] [G loss: 11.133385, adv: 0.991205, cyc: 0.241779, id: 0.213628] time: 3:33:27.837025 
[Epoch 31/50] [Batch 900/1032] [D loss: 0.000034, acc: 100%] [G loss: 11.493723, adv: 0.994615, cyc: 0.251217, id: 0.233256] time: 3:34:07.350800 
[Epoch 31/50] [Batch 1000/1032] [D loss: 0.000019, acc: 100%] [G loss: 11.612513, adv: 0.934097, cyc: 0.257125, id: 0.243309] time: 3:34:46.860636 
[Epoch 32/50] [Batch 0/1032] [D loss: 0.000029, acc: 100%] [G loss: 11.672587, adv: 1.010526, cyc: 0.254552, id: 0.229831] time: 3:35:00.890835 
[Epoch 32/50] [Batch 100/1032] [D loss: 0.000054, acc: 100%] [G loss: 12.040543, adv: 1.013166, cyc: 0.263691, id: 0.240378] time: 3:35:40.403244 
[Epoch 32/50] [Batch 200/1032] [D loss: 0.000014, acc: 100%] [G loss: 11.756647, adv: 0.986551, cyc: 0.258693, id: 0.230952] time: 3:36:19.922145 
[Epoch 32/50] [Batch 300/1032] [D loss: 0.000031, acc: 100%] [G loss: 11.050276, adv: 0.942618, cyc: 0.243688, id: 0.218437] time: 3:36:59.438246 
[Epoch 32/50] [Batch 400/1032] [D loss: 0.000030, acc: 100%] [G loss: 11.799057, adv: 0.986456, cyc: 0.259826, id: 0.220103] time: 3:37:38.953723 
[Epoch 32/50] [Batch 500/1032] [D loss: 0.000059, acc: 100%] [G loss: 11.990902, adv: 0.950002, cyc: 0.265250, id: 0.233410] time: 3:38:18.472798 
[Epoch 32/50] [Batch 600/1032] [D loss: 0.000056, acc: 100%] [G loss: 11.437228, adv: 0.987553, cyc: 0.250105, id: 0.220727] time: 3:38:57.981727 
[Epoch 32/50] [Batch 700/1032] [D loss: 0.000033, acc: 100%] [G loss: 11.484298, adv: 1.007333, cyc: 0.248792, id: 0.220786] time: 3:39:37.491183 
[Epoch 32/50] [Batch 800/1032] [D loss: 0.000026, acc: 100%] [G loss: 11.065700, adv: 0.977510, cyc: 0.241332, id: 0.214930] time: 3:40:17.008551 
[Epoch 32/50] [Batch 900/1032] [D loss: 0.000024, acc: 100%] [G loss: 11.520796, adv: 0.992186, cyc: 0.251307, id: 0.236933] time: 3:40:56.520777 
[Epoch 32/50] [Batch 1000/1032] [D loss: 0.000025, acc: 100%] [G loss: 11.627186, adv: 0.986342, cyc: 0.255740, id: 0.241033] time: 3:41:36.035427 
[Epoch 33/50] [Batch 0/1032] [D loss: 0.000051, acc: 100%] [G loss: 11.547519, adv: 0.949452, cyc: 0.254754, id: 0.230705] time: 3:41:49.944170 
[Epoch 33/50] [Batch 100/1032] [D loss: 0.000025, acc: 100%] [G loss: 11.968928, adv: 0.994671, cyc: 0.263778, id: 0.238085] time: 3:42:29.467171 
[Epoch 33/50] [Batch 200/1032] [D loss: 0.000036, acc: 100%] [G loss: 11.691518, adv: 0.962257, cyc: 0.257039, id: 0.233148] time: 3:43:08.978094 
[Epoch 33/50] [Batch 300/1032] [D loss: 0.000036, acc: 100%] [G loss: 11.087826, adv: 0.973684, cyc: 0.242383, id: 0.218560] time: 3:43:48.500106 
[Epoch 33/50] [Batch 400/1032] [D loss: 0.000012, acc: 100%] [G loss: 11.792580, adv: 0.987005, cyc: 0.259028, id: 0.220210] time: 3:44:28.017629 
[Epoch 33/50] [Batch 500/1032] [D loss: 0.000028, acc: 100%] [G loss: 11.934405, adv: 0.969532, cyc: 0.262660, id: 0.231742] time: 3:45:07.528857 
[Epoch 33/50] [Batch 600/1032] [D loss: 0.000026, acc: 100%] [G loss: 11.540421, adv: 1.007724, cyc: 0.252197, id: 0.221557] time: 3:45:47.047987 
[Epoch 33/50] [Batch 700/1032] [D loss: 0.000034, acc: 100%] [G loss: 11.123855, adv: 0.857039, cyc: 0.248642, id: 0.217426] time: 3:46:26.563503 
[Epoch 33/50] [Batch 800/1032] [D loss: 0.004116, acc: 100%] [G loss: 11.004102, adv: 0.957922, cyc: 0.242438, id: 0.211996] time: 3:47:06.075465 
[Epoch 33/50] [Batch 900/1032] [D loss: 0.000036, acc: 100%] [G loss: 11.468283, adv: 0.995421, cyc: 0.250157, id: 0.232954] time: 3:47:45.588950 
[Epoch 33/50] [Batch 1000/1032] [D loss: 0.000103, acc: 100%] [G loss: 11.661318, adv: 1.016676, cyc: 0.253839, id: 0.242245] time: 3:48:25.110791 
[Epoch 34/50] [Batch 0/1032] [D loss: 0.000030, acc: 100%] [G loss: 11.573990, adv: 0.956880, cyc: 0.254814, id: 0.231396] time: 3:48:39.005182 
[Epoch 34/50] [Batch 100/1032] [D loss: 0.000035, acc: 100%] [G loss: 11.941997, adv: 0.998862, cyc: 0.262818, id: 0.237314] time: 3:49:18.537231 
[Epoch 34/50] [Batch 200/1032] [D loss: 0.000011, acc: 100%] [G loss: 11.737726, adv: 0.994886, cyc: 0.257045, id: 0.229544] time: 3:49:58.062607 
[Epoch 34/50] [Batch 300/1032] [D loss: 0.000025, acc: 100%] [G loss: 11.051864, adv: 0.980058, cyc: 0.241460, id: 0.217502] time: 3:50:37.589863 
[Epoch 34/50] [Batch 400/1032] [D loss: 0.000058, acc: 100%] [G loss: 11.723623, adv: 0.993108, cyc: 0.256359, id: 0.219958] time: 3:51:17.127309 
[Epoch 34/50] [Batch 500/1032] [D loss: 0.000024, acc: 100%] [G loss: 11.929420, adv: 0.999161, cyc: 0.262082, id: 0.229903] time: 3:51:56.641532 
[Epoch 34/50] [Batch 600/1032] [D loss: 0.000014, acc: 100%] [G loss: 11.421728, adv: 0.996509, cyc: 0.249088, id: 0.220375] time: 3:52:36.167901 
[Epoch 34/50] [Batch 700/1032] [D loss: 0.000007, acc: 100%] [G loss: 11.331441, adv: 0.962015, cyc: 0.248233, id: 0.215514] time: 3:53:15.694198 
[Epoch 34/50] [Batch 800/1032] [D loss: 0.000023, acc: 100%] [G loss: 11.009789, adv: 0.982587, cyc: 0.239280, id: 0.212062] time: 3:53:55.213248 
[Epoch 34/50] [Batch 900/1032] [D loss: 0.000052, acc: 100%] [G loss: 11.485919, adv: 0.994601, cyc: 0.250804, id: 0.232696] time: 3:54:34.737629 
[Epoch 34/50] [Batch 1000/1032] [D loss: 0.000072, acc: 100%] [G loss: 11.609839, adv: 0.995989, cyc: 0.253726, id: 0.241728] time: 3:55:14.254180 
[Epoch 35/50] [Batch 0/1032] [D loss: 0.000103, acc: 100%] [G loss: 11.553905, adv: 0.981504, cyc: 0.253007, id: 0.228258] time: 3:55:28.613254 
[Epoch 35/50] [Batch 100/1032] [D loss: 0.000034, acc: 100%] [G loss: 11.958798, adv: 1.002070, cyc: 0.262612, id: 0.238100] time: 3:56:08.140282 
[Epoch 35/50] [Batch 200/1032] [D loss: 0.000012, acc: 100%] [G loss: 11.667861, adv: 0.989717, cyc: 0.255151, id: 0.228957] time: 3:56:47.663392 
[Epoch 35/50] [Batch 300/1032] [D loss: 0.000026, acc: 100%] [G loss: 11.021155, adv: 0.956407, cyc: 0.240537, id: 0.219120] time: 3:57:27.181863 
[Epoch 35/50] [Batch 400/1032] [D loss: 0.000019, acc: 100%] [G loss: 11.742529, adv: 1.000234, cyc: 0.256050, id: 0.219117] time: 3:58:06.697822 
[Epoch 35/50] [Batch 500/1032] [D loss: 0.000088, acc: 100%] [G loss: 11.816942, adv: 0.965018, cyc: 0.260222, id: 0.229352] time: 3:58:46.208284 
[Epoch 35/50] [Batch 600/1032] [D loss: 0.000039, acc: 100%] [G loss: 11.351501, adv: 0.970202, cyc: 0.248117, id: 0.218835] time: 3:59:25.728588 
[Epoch 35/50] [Batch 700/1032] [D loss: 0.000034, acc: 100%] [G loss: 11.356455, adv: 0.997790, cyc: 0.247135, id: 0.216083] time: 4:00:05.239703 
[Epoch 35/50] [Batch 800/1032] [D loss: 0.000061, acc: 100%] [G loss: 10.975712, adv: 0.984107, cyc: 0.238923, id: 0.210621] time: 4:00:44.757025 
[Epoch 35/50] [Batch 900/1032] [D loss: 0.000023, acc: 100%] [G loss: 11.428271, adv: 0.982732, cyc: 0.249084, id: 0.234577] time: 4:01:24.281299 
[Epoch 35/50] [Batch 1000/1032] [D loss: 0.000021, acc: 100%] [G loss: 11.622967, adv: 1.013955, cyc: 0.253380, id: 0.240441] time: 4:02:03.798135 
[Epoch 36/50] [Batch 0/1032] [D loss: 0.000064, acc: 100%] [G loss: 11.527002, adv: 0.996097, cyc: 0.251413, id: 0.226384] time: 4:02:17.475289 
[Epoch 36/50] [Batch 100/1032] [D loss: 0.000069, acc: 100%] [G loss: 11.935448, adv: 0.995390, cyc: 0.262511, id: 0.238574] time: 4:02:56.989043 
[Epoch 36/50] [Batch 200/1032] [D loss: 0.000031, acc: 100%] [G loss: 11.712647, adv: 1.009720, cyc: 0.255563, id: 0.230165] time: 4:03:36.500067 
[Epoch 36/50] [Batch 300/1032] [D loss: 0.000045, acc: 100%] [G loss: 10.995740, adv: 0.974638, cyc: 0.240264, id: 0.216533] time: 4:04:16.015343 
[Epoch 36/50] [Batch 400/1032] [D loss: 0.000051, acc: 100%] [G loss: 11.706093, adv: 0.995544, cyc: 0.255710, id: 0.218263] time: 4:04:55.529538 
[Epoch 36/50] [Batch 500/1032] [D loss: 0.000026, acc: 100%] [G loss: 11.894989, adv: 1.007972, cyc: 0.258817, id: 0.231477] time: 4:05:35.036442 
[Epoch 36/50] [Batch 600/1032] [D loss: 0.000026, acc: 100%] [G loss: 11.345923, adv: 0.979733, cyc: 0.248350, id: 0.219302] time: 4:06:14.556439 
[Epoch 36/50] [Batch 700/1032] [D loss: 0.000068, acc: 100%] [G loss: 11.249938, adv: 0.982504, cyc: 0.244896, id: 0.213979] time: 4:06:54.069414 
[Epoch 36/50] [Batch 800/1032] [D loss: 0.000016, acc: 100%] [G loss: 10.946480, adv: 0.990261, cyc: 0.237036, id: 0.210318] time: 4:07:33.582748 
[Epoch 36/50] [Batch 900/1032] [D loss: 0.000029, acc: 100%] [G loss: 11.408995, adv: 0.998901, cyc: 0.247869, id: 0.232296] time: 4:08:13.104428 
[Epoch 36/50] [Batch 1000/1032] [D loss: 0.000006, acc: 100%] [G loss: 11.535423, adv: 0.978559, cyc: 0.251171, id: 0.241551] time: 4:08:52.625229 
[Epoch 37/50] [Batch 0/1032] [D loss: 0.000074, acc: 100%] [G loss: 11.572623, adv: 1.007839, cyc: 0.251556, id: 0.228027] time: 4:09:06.629566 
[Epoch 37/50] [Batch 100/1032] [D loss: 0.000017, acc: 100%] [G loss: 11.878205, adv: 0.999315, cyc: 0.259870, id: 0.236978] time: 4:09:46.149201 
[Epoch 37/50] [Batch 200/1032] [D loss: 0.000056, acc: 100%] [G loss: 11.630642, adv: 0.978971, cyc: 0.254737, id: 0.230281] time: 4:10:25.665794 
[Epoch 37/50] [Batch 300/1032] [D loss: 0.000034, acc: 100%] [G loss: 10.952263, adv: 0.968814, cyc: 0.237800, id: 0.218071] time: 4:11:05.193930 
[Epoch 37/50] [Batch 400/1032] [D loss: 0.000019, acc: 100%] [G loss: 11.674913, adv: 0.992957, cyc: 0.255490, id: 0.218259] time: 4:11:44.714322 
[Epoch 37/50] [Batch 500/1032] [D loss: 0.000016, acc: 100%] [G loss: 11.842318, adv: 0.995799, cyc: 0.258970, id: 0.229022] time: 4:12:24.233644 
[Epoch 37/50] [Batch 600/1032] [D loss: 0.000026, acc: 100%] [G loss: 11.321394, adv: 0.984333, cyc: 0.247231, id: 0.218621] time: 4:13:03.746876 
[Epoch 37/50] [Batch 700/1032] [D loss: 0.000030, acc: 100%] [G loss: 11.281369, adv: 0.997425, cyc: 0.244824, id: 0.214765] time: 4:13:43.263626 
[Epoch 37/50] [Batch 800/1032] [D loss: 0.000049, acc: 100%] [G loss: 10.927279, adv: 0.958317, cyc: 0.238562, id: 0.212221] time: 4:14:22.787520 
[Epoch 37/50] [Batch 900/1032] [D loss: 0.000070, acc: 100%] [G loss: 11.401260, adv: 1.001206, cyc: 0.248904, id: 0.231043] time: 4:15:02.301302 
[Epoch 37/50] [Batch 1000/1032] [D loss: 0.000028, acc: 100%] [G loss: 11.534254, adv: 1.007117, cyc: 0.249940, id: 0.240856] time: 4:15:41.818757 
[Epoch 38/50] [Batch 0/1032] [D loss: 0.000038, acc: 100%] [G loss: 11.459428, adv: 0.977494, cyc: 0.251111, id: 0.225683] time: 4:15:55.637529 
[Epoch 38/50] [Batch 100/1032] [D loss: 0.000015, acc: 100%] [G loss: 11.877697, adv: 1.002824, cyc: 0.260698, id: 0.236395] time: 4:16:35.155662 
[Epoch 38/50] [Batch 200/1032] [D loss: 0.000065, acc: 100%] [G loss: 11.547191, adv: 0.963351, cyc: 0.252452, id: 0.228292] time: 4:17:14.669890 
[Epoch 38/50] [Batch 300/1032] [D loss: 0.000031, acc: 100%] [G loss: 11.037271, adv: 1.011101, cyc: 0.238795, id: 0.216437] time: 4:17:54.178267 
[Epoch 38/50] [Batch 400/1032] [D loss: 0.000053, acc: 100%] [G loss: 11.603301, adv: 0.941138, cyc: 0.255970, id: 0.217552] time: 4:18:33.691201 
[Epoch 38/50] [Batch 500/1032] [D loss: 0.000664, acc: 100%] [G loss: 11.729886, adv: 0.945261, cyc: 0.258263, id: 0.228272] time: 4:19:13.211127 
[Epoch 38/50] [Batch 600/1032] [D loss: 0.000018, acc: 100%] [G loss: 11.391514, adv: 1.003425, cyc: 0.248753, id: 0.218798] time: 4:19:52.725667 
[Epoch 38/50] [Batch 700/1032] [D loss: 0.003677, acc: 100%] [G loss: 11.243795, adv: 0.980895, cyc: 0.244831, id: 0.214213] time: 4:20:32.245035 
[Epoch 38/50] [Batch 800/1032] [D loss: 0.000013, acc: 100%] [G loss: 10.934824, adv: 0.985668, cyc: 0.237569, id: 0.209949] time: 4:21:11.773652 
[Epoch 38/50] [Batch 900/1032] [D loss: 0.000043, acc: 100%] [G loss: 11.375035, adv: 0.992544, cyc: 0.248159, id: 0.230833] time: 4:21:51.286941 
[Epoch 38/50] [Batch 1000/1032] [D loss: 0.000052, acc: 100%] [G loss: 11.510941, adv: 0.984634, cyc: 0.251937, id: 0.240203] time: 4:22:30.806905 
[Epoch 39/50] [Batch 0/1032] [D loss: 0.000014, acc: 100%] [G loss: 11.512023, adv: 1.004152, cyc: 0.250801, id: 0.225673] time: 4:22:44.883832 
[Epoch 39/50] [Batch 100/1032] [D loss: 0.000058, acc: 100%] [G loss: 11.838678, adv: 0.996007, cyc: 0.258992, id: 0.235811] time: 4:23:24.403648 
[Epoch 39/50] [Batch 200/1032] [D loss: 0.000014, acc: 100%] [G loss: 11.534596, adv: 0.941131, cyc: 0.253793, id: 0.230345] time: 4:24:03.914834 
[Epoch 39/50] [Batch 300/1032] [D loss: 0.000052, acc: 100%] [G loss: 10.960052, adv: 1.000381, cyc: 0.237475, id: 0.213961] time: 4:24:43.430229 
[Epoch 39/50] [Batch 400/1032] [D loss: 0.000018, acc: 100%] [G loss: 11.643496, adv: 0.997542, cyc: 0.253713, id: 0.217490] time: 4:25:22.952059 
[Epoch 39/50] [Batch 500/1032] [D loss: 0.000040, acc: 100%] [G loss: 11.810653, adv: 0.997850, cyc: 0.258022, id: 0.228232] time: 4:26:02.461149 
[Epoch 39/50] [Batch 600/1032] [D loss: 0.000026, acc: 100%] [G loss: 11.331083, adv: 0.979142, cyc: 0.246618, id: 0.218698] time: 4:26:41.983620 
[Epoch 39/50] [Batch 700/1032] [D loss: 0.000016, acc: 100%] [G loss: 11.249134, adv: 1.001007, cyc: 0.243971, id: 0.213471] time: 4:27:21.498694 
[Epoch 39/50] [Batch 800/1032] [D loss: 0.000025, acc: 100%] [G loss: 10.896950, adv: 0.993098, cyc: 0.235647, id: 0.208972] time: 4:28:01.016043 
[Epoch 39/50] [Batch 900/1032] [D loss: 0.000050, acc: 100%] [G loss: 11.355592, adv: 0.989206, cyc: 0.247116, id: 0.231389] time: 4:28:40.532435 
[Epoch 39/50] [Batch 1000/1032] [D loss: 0.000017, acc: 100%] [G loss: 11.481159, adv: 0.975918, cyc: 0.251266, id: 0.239503] time: 4:29:20.050257 
[Epoch 40/50] [Batch 0/1032] [D loss: 0.000089, acc: 100%] [G loss: 11.407596, adv: 0.982624, cyc: 0.248234, id: 0.226169] time: 4:29:34.173752 
[Epoch 40/50] [Batch 100/1032] [D loss: 0.000021, acc: 100%] [G loss: 11.831383, adv: 0.993150, cyc: 0.258108, id: 0.236043] time: 4:30:13.688366 
[Epoch 40/50] [Batch 200/1032] [D loss: 0.000030, acc: 100%] [G loss: 11.614538, adv: 0.991520, cyc: 0.253348, id: 0.228434] time: 4:30:53.204650 
[Epoch 40/50] [Batch 300/1032] [D loss: 0.000015, acc: 100%] [G loss: 10.957683, adv: 0.993631, cyc: 0.236388, id: 0.216333] time: 4:31:32.724233 
[Epoch 40/50] [Batch 400/1032] [D loss: 0.000005, acc: 100%] [G loss: 11.656395, adv: 0.998451, cyc: 0.253606, id: 0.217753] time: 4:32:12.238769 
[Epoch 40/50] [Batch 500/1032] [D loss: 0.000013, acc: 100%] [G loss: 11.773659, adv: 0.979440, cyc: 0.257423, id: 0.227568] time: 4:32:51.753369 
[Epoch 40/50] [Batch 600/1032] [D loss: 0.000017, acc: 100%] [G loss: 11.295081, adv: 0.992565, cyc: 0.246563, id: 0.217002] time: 4:33:31.262703 
[Epoch 40/50] [Batch 700/1032] [D loss: 0.000016, acc: 100%] [G loss: 11.253904, adv: 0.998983, cyc: 0.244666, id: 0.213154] time: 4:34:10.771785 
[Epoch 40/50] [Batch 800/1032] [D loss: 0.000224, acc: 100%] [G loss: 10.892157, adv: 0.998325, cyc: 0.235789, id: 0.208863] time: 4:34:50.286995 
[Epoch 40/50] [Batch 900/1032] [D loss: 0.000065, acc: 100%] [G loss: 11.286656, adv: 0.987655, cyc: 0.245450, id: 0.229188] time: 4:35:29.794829 
[Epoch 40/50] [Batch 1000/1032] [D loss: 0.000278, acc: 100%] [G loss: 11.481702, adv: 0.997202, cyc: 0.251331, id: 0.237568] time: 4:36:09.303836 
[Epoch 41/50] [Batch 0/1032] [D loss: 0.000098, acc: 100%] [G loss: 11.408514, adv: 0.985666, cyc: 0.248472, id: 0.224056] time: 4:36:23.386717 
[Epoch 41/50] [Batch 100/1032] [D loss: 0.000056, acc: 100%] [G loss: 11.843882, adv: 1.001704, cyc: 0.258939, id: 0.236761] time: 4:37:02.898090 
[Epoch 41/50] [Batch 200/1032] [D loss: 0.000030, acc: 100%] [G loss: 11.560410, adv: 0.983263, cyc: 0.252563, id: 0.227219] time: 4:37:42.413813 
[Epoch 41/50] [Batch 300/1032] [D loss: 0.001541, acc: 100%] [G loss: 10.935617, adv: 0.975211, cyc: 0.238241, id: 0.216348] time: 4:38:21.924091 
[Epoch 41/50] [Batch 400/1032] [D loss: 0.000022, acc: 100%] [G loss: 11.606087, adv: 1.008774, cyc: 0.251835, id: 0.216112] time: 4:39:01.436509 
[Epoch 41/50] [Batch 500/1032] [D loss: 0.000160, acc: 100%] [G loss: 11.818537, adv: 1.007214, cyc: 0.257357, id: 0.227789] time: 4:39:40.953940 
[Epoch 41/50] [Batch 600/1032] [D loss: 0.000011, acc: 100%] [G loss: 11.281059, adv: 1.003888, cyc: 0.244964, id: 0.216891] time: 4:40:20.461705 
[Epoch 41/50] [Batch 700/1032] [D loss: 0.000070, acc: 100%] [G loss: 11.288388, adv: 1.016080, cyc: 0.244387, id: 0.213686] time: 4:40:59.978062 
[Epoch 41/50] [Batch 800/1032] [D loss: 0.000050, acc: 100%] [G loss: 10.900778, adv: 0.989479, cyc: 0.236177, id: 0.209219] time: 4:41:39.492948 
[Epoch 41/50] [Batch 900/1032] [D loss: 0.000050, acc: 100%] [G loss: 11.293374, adv: 0.984032, cyc: 0.245061, id: 0.231010] time: 4:42:19.008276 
[Epoch 41/50] [Batch 1000/1032] [D loss: 0.000046, acc: 100%] [G loss: 11.494373, adv: 1.005397, cyc: 0.250539, id: 0.237796] time: 4:42:58.525833 
[Epoch 42/50] [Batch 0/1032] [D loss: 0.000070, acc: 100%] [G loss: 11.389499, adv: 0.976814, cyc: 0.248535, id: 0.225661] time: 4:43:12.497353 
[Epoch 42/50] [Batch 100/1032] [D loss: 0.000022, acc: 100%] [G loss: 11.812375, adv: 1.004916, cyc: 0.257253, id: 0.235277] time: 4:43:52.018036 
[Epoch 42/50] [Batch 200/1032] [D loss: 0.000072, acc: 100%] [G loss: 11.546129, adv: 1.000002, cyc: 0.251534, id: 0.226391] time: 4:44:31.530319 
[Epoch 42/50] [Batch 300/1032] [D loss: 0.000022, acc: 100%] [G loss: 10.893974, adv: 0.998578, cyc: 0.234773, id: 0.215277] time: 4:45:11.041747 
[Epoch 42/50] [Batch 400/1032] [D loss: 0.000022, acc: 100%] [G loss: 11.598526, adv: 1.006054, cyc: 0.251993, id: 0.215747] time: 4:45:50.555471 
[Epoch 42/50] [Batch 500/1032] [D loss: 0.000020, acc: 100%] [G loss: 11.767398, adv: 0.989966, cyc: 0.257237, id: 0.227199] time: 4:46:30.070901 
[Epoch 42/50] [Batch 600/1032] [D loss: 0.000019, acc: 100%] [G loss: 11.279655, adv: 0.989776, cyc: 0.244511, id: 0.218132] time: 4:47:09.584996 
[Epoch 42/50] [Batch 700/1032] [D loss: 0.000028, acc: 100%] [G loss: 11.196898, adv: 0.987504, cyc: 0.243745, id: 0.211857] time: 4:47:49.097689 
[Epoch 42/50] [Batch 800/1032] [D loss: 0.000027, acc: 100%] [G loss: 10.951687, adv: 1.013415, cyc: 0.236679, id: 0.209536] time: 4:48:28.612538 
[Epoch 42/50] [Batch 900/1032] [D loss: 0.000042, acc: 100%] [G loss: 11.276211, adv: 0.993434, cyc: 0.244497, id: 0.230134] time: 4:49:08.118998 
[Epoch 42/50] [Batch 1000/1032] [D loss: 0.000074, acc: 100%] [G loss: 11.454521, adv: 1.004080, cyc: 0.249361, id: 0.237354] time: 4:49:47.633424 
[Epoch 43/50] [Batch 0/1032] [D loss: 0.000189, acc: 100%] [G loss: 11.457830, adv: 1.023863, cyc: 0.248188, id: 0.223639] time: 4:50:01.943795 
[Epoch 43/50] [Batch 100/1032] [D loss: 0.000015, acc: 100%] [G loss: 11.783507, adv: 1.003381, cyc: 0.257285, id: 0.235135] time: 4:50:41.456404 
[Epoch 43/50] [Batch 200/1032] [D loss: 0.000012, acc: 100%] [G loss: 11.546890, adv: 0.999976, cyc: 0.251031, id: 0.226151] time: 4:51:20.975995 
[Epoch 43/50] [Batch 300/1032] [D loss: 0.000022, acc: 100%] [G loss: 10.973921, adv: 1.006942, cyc: 0.237858, id: 0.214384] time: 4:52:00.499602 
[Epoch 43/50] [Batch 400/1032] [D loss: 0.000037, acc: 100%] [G loss: 11.572561, adv: 0.992896, cyc: 0.253366, id: 0.214237] time: 4:52:40.014645 
[Epoch 43/50] [Batch 500/1032] [D loss: 0.000063, acc: 100%] [G loss: 11.771164, adv: 1.006746, cyc: 0.255221, id: 0.228315] time: 4:53:19.534896 
[Epoch 43/50] [Batch 600/1032] [D loss: 0.000051, acc: 100%] [G loss: 11.231161, adv: 0.992198, cyc: 0.243605, id: 0.216708] time: 4:53:59.046159 
[Epoch 43/50] [Batch 700/1032] [D loss: 0.000026, acc: 100%] [G loss: 11.108852, adv: 0.960771, cyc: 0.241972, id: 0.213039] time: 4:54:38.566297 
[Epoch 43/50] [Batch 800/1032] [D loss: 0.000024, acc: 100%] [G loss: 10.857087, adv: 0.991551, cyc: 0.235543, id: 0.208265] time: 4:55:18.087091 
[Epoch 43/50] [Batch 900/1032] [D loss: 0.000088, acc: 100%] [G loss: 11.193042, adv: 0.919715, cyc: 0.246342, id: 0.233063] time: 4:55:57.617144 
[Epoch 43/50] [Batch 1000/1032] [D loss: 0.000074, acc: 100%] [G loss: 11.439097, adv: 1.004591, cyc: 0.248378, id: 0.237786] time: 4:56:37.147789 
[Epoch 44/50] [Batch 0/1032] [D loss: 0.000948, acc: 100%] [G loss: 11.391183, adv: 0.990533, cyc: 0.248058, id: 0.224301] time: 4:56:51.543335 
[Epoch 44/50] [Batch 100/1032] [D loss: 0.000023, acc: 100%] [G loss: 11.759016, adv: 0.993631, cyc: 0.257587, id: 0.234210] time: 4:57:31.067630 
[Epoch 44/50] [Batch 200/1032] [D loss: 0.000023, acc: 100%] [G loss: 11.432940, adv: 0.960269, cyc: 0.249348, id: 0.227104] time: 4:58:10.590928 
[Epoch 44/50] [Batch 300/1032] [D loss: 0.000017, acc: 100%] [G loss: 10.893107, adv: 1.011738, cyc: 0.234283, id: 0.213726] time: 4:58:50.103698 
[Epoch 44/50] [Batch 400/1032] [D loss: 0.000017, acc: 100%] [G loss: 11.527752, adv: 0.981922, cyc: 0.251293, id: 0.214629] time: 4:59:29.629519 
[Epoch 44/50] [Batch 500/1032] [D loss: 0.000043, acc: 100%] [G loss: 11.716882, adv: 0.985556, cyc: 0.255852, id: 0.225951] time: 5:00:09.148290 
[Epoch 44/50] [Batch 600/1032] [D loss: 0.000400, acc: 100%] [G loss: 11.242325, adv: 0.993259, cyc: 0.243312, id: 0.217533] time: 5:00:48.672044 
[Epoch 44/50] [Batch 700/1032] [D loss: 0.000016, acc: 100%] [G loss: 11.160850, adv: 0.989735, cyc: 0.242568, id: 0.210861] time: 5:01:28.190492 
[Epoch 44/50] [Batch 800/1032] [D loss: 0.000211, acc: 100%] [G loss: 10.858929, adv: 0.987301, cyc: 0.235442, id: 0.208504] time: 5:02:07.711394 
[Epoch 44/50] [Batch 900/1032] [D loss: 0.000041, acc: 100%] [G loss: 11.257897, adv: 0.979032, cyc: 0.244675, id: 0.229706] time: 5:02:47.231312 
[Epoch 44/50] [Batch 1000/1032] [D loss: 0.000052, acc: 100%] [G loss: 11.404050, adv: 0.989812, cyc: 0.248611, id: 0.236509] time: 5:03:26.751647 
[Epoch 45/50] [Batch 0/1032] [D loss: 0.000026, acc: 100%] [G loss: 11.350103, adv: 0.985914, cyc: 0.247041, id: 0.223082] time: 5:03:40.980250 
[Epoch 45/50] [Batch 100/1032] [D loss: 0.000025, acc: 100%] [G loss: 11.736550, adv: 1.000495, cyc: 0.255557, id: 0.234691] time: 5:04:20.492791 
[Epoch 45/50] [Batch 200/1032] [D loss: 0.000015, acc: 100%] [G loss: 11.481974, adv: 0.985414, cyc: 0.250745, id: 0.225593] time: 5:04:59.999035 
[Epoch 45/50] [Batch 300/1032] [D loss: 0.000036, acc: 100%] [G loss: 10.853160, adv: 0.998622, cyc: 0.233479, id: 0.214121] time: 5:05:39.513595 
[Epoch 45/50] [Batch 400/1032] [D loss: 0.000088, acc: 100%] [G loss: 11.508779, adv: 0.995104, cyc: 0.250712, id: 0.214007] time: 5:06:19.025421 
[Epoch 45/50] [Batch 500/1032] [D loss: 0.000014, acc: 100%] [G loss: 11.717743, adv: 1.001389, cyc: 0.254581, id: 0.226287] time: 5:06:58.527002 
[Epoch 45/50] [Batch 600/1032] [D loss: 0.000080, acc: 100%] [G loss: 11.247764, adv: 1.013543, cyc: 0.243960, id: 0.214939] time: 5:07:38.039465 
[Epoch 45/50] [Batch 700/1032] [D loss: 0.000015, acc: 100%] [G loss: 11.155675, adv: 1.005383, cyc: 0.241234, id: 0.211156] time: 5:08:17.549137 
[Epoch 45/50] [Batch 800/1032] [D loss: 0.000058, acc: 100%] [G loss: 10.791899, adv: 0.985724, cyc: 0.233045, id: 0.206948] time: 5:08:57.058077 
[Epoch 45/50] [Batch 900/1032] [D loss: 0.000054, acc: 100%] [G loss: 11.257490, adv: 0.957575, cyc: 0.244840, id: 0.234554] time: 5:09:36.568599 
[Epoch 45/50] [Batch 1000/1032] [D loss: 0.000026, acc: 100%] [G loss: 11.365470, adv: 0.987155, cyc: 0.247211, id: 0.237487] time: 5:10:16.083854 
[Epoch 46/50] [Batch 0/1032] [D loss: 0.000030, acc: 100%] [G loss: 11.434449, adv: 1.010639, cyc: 0.248027, id: 0.223710] time: 5:10:30.156943 
[Epoch 46/50] [Batch 100/1032] [D loss: 0.000013, acc: 100%] [G loss: 11.769583, adv: 1.007403, cyc: 0.257052, id: 0.233847] time: 5:11:09.685058 
[Epoch 46/50] [Batch 200/1032] [D loss: 0.000015, acc: 100%] [G loss: 11.488370, adv: 0.996064, cyc: 0.249708, id: 0.225043] time: 5:11:49.205832 
[Epoch 46/50] [Batch 300/1032] [D loss: 0.000022, acc: 100%] [G loss: 10.851279, adv: 0.981970, cyc: 0.234821, id: 0.214185] time: 5:12:28.730753 
[Epoch 46/50] [Batch 400/1032] [D loss: 0.000043, acc: 100%] [G loss: 11.553051, adv: 1.010488, cyc: 0.251108, id: 0.214020] time: 5:13:08.252837 
[Epoch 46/50] [Batch 500/1032] [D loss: 0.000040, acc: 100%] [G loss: 11.694057, adv: 0.981357, cyc: 0.255777, id: 0.226332] time: 5:13:47.777528 
[Epoch 46/50] [Batch 600/1032] [D loss: 0.000020, acc: 100%] [G loss: 11.195074, adv: 0.985370, cyc: 0.242348, id: 0.217674] time: 5:14:27.299643 
[Epoch 46/50] [Batch 700/1032] [D loss: 0.000008, acc: 100%] [G loss: 11.194574, adv: 1.001531, cyc: 0.241749, id: 0.212251] time: 5:15:06.824944 
[Epoch 46/50] [Batch 800/1032] [D loss: 0.000009, acc: 100%] [G loss: 10.823626, adv: 1.002180, cyc: 0.232954, id: 0.208109] time: 5:15:46.350716 
[Epoch 46/50] [Batch 900/1032] [D loss: 0.000031, acc: 100%] [G loss: 11.191370, adv: 0.987177, cyc: 0.243172, id: 0.227163] time: 5:16:25.878837 
[Epoch 46/50] [Batch 1000/1032] [D loss: 0.000149, acc: 100%] [G loss: 11.383850, adv: 0.978898, cyc: 0.247018, id: 0.237131] time: 5:17:05.402705 
[Epoch 47/50] [Batch 0/1032] [D loss: 0.000020, acc: 100%] [G loss: 11.328529, adv: 0.999090, cyc: 0.245092, id: 0.223420] time: 5:17:19.091711 
[Epoch 47/50] [Batch 100/1032] [D loss: 0.021649, acc:  96%] [G loss: 11.636965, adv: 0.973444, cyc: 0.254997, id: 0.233070] time: 5:17:58.620986 
[Epoch 47/50] [Batch 200/1032] [D loss: 0.000027, acc: 100%] [G loss: 11.470743, adv: 1.000609, cyc: 0.249377, id: 0.224174] time: 5:18:38.148272 
[Epoch 47/50] [Batch 300/1032] [D loss: 0.000047, acc: 100%] [G loss: 10.833488, adv: 0.998139, cyc: 0.233500, id: 0.212590] time: 5:19:17.663652 
[Epoch 47/50] [Batch 400/1032] [D loss: 0.000028, acc: 100%] [G loss: 11.492393, adv: 0.994034, cyc: 0.250223, id: 0.213504] time: 5:19:57.188155 
[Epoch 47/50] [Batch 500/1032] [D loss: 0.000017, acc: 100%] [G loss: 11.671556, adv: 0.997949, cyc: 0.254582, id: 0.225008] time: 5:20:36.704502 
[Epoch 47/50] [Batch 600/1032] [D loss: 0.000025, acc: 100%] [G loss: 11.126970, adv: 0.957273, cyc: 0.242423, id: 0.216858] time: 5:21:16.227021 
[Epoch 47/50] [Batch 700/1032] [D loss: 0.000021, acc: 100%] [G loss: 11.000899, adv: 0.948875, cyc: 0.240181, id: 0.209567] time: 5:21:55.741594 
[Epoch 47/50] [Batch 800/1032] [D loss: 0.000010, acc: 100%] [G loss: 10.835794, adv: 1.001318, cyc: 0.232810, id: 0.208619] time: 5:22:35.270553 
[Epoch 47/50] [Batch 900/1032] [D loss: 0.000013, acc: 100%] [G loss: 11.218021, adv: 0.983328, cyc: 0.243032, id: 0.228667] time: 5:23:14.798694 
[Epoch 47/50] [Batch 1000/1032] [D loss: 0.000049, acc: 100%] [G loss: 11.399552, adv: 1.009953, cyc: 0.247260, id: 0.235919] time: 5:23:54.338855 
[Epoch 48/50] [Batch 0/1032] [D loss: 0.000022, acc: 100%] [G loss: 11.331037, adv: 0.994196, cyc: 0.246592, id: 0.221958] time: 5:24:08.121259 
[Epoch 48/50] [Batch 100/1032] [D loss: 0.000045, acc: 100%] [G loss: 11.678881, adv: 0.982901, cyc: 0.254585, id: 0.233399] time: 5:24:47.648137 
[Epoch 48/50] [Batch 200/1032] [D loss: 0.000020, acc: 100%] [G loss: 11.453211, adv: 1.003568, cyc: 0.248709, id: 0.224541] time: 5:25:27.174514 
[Epoch 48/50] [Batch 300/1032] [D loss: 0.000025, acc: 100%] [G loss: 10.876665, adv: 1.007518, cyc: 0.234449, id: 0.212074] time: 5:26:06.709219 
[Epoch 48/50] [Batch 400/1032] [D loss: 0.000007, acc: 100%] [G loss: 11.525270, adv: 0.999660, cyc: 0.249228, id: 0.215246] time: 5:26:46.238366 
[Epoch 48/50] [Batch 500/1032] [D loss: 0.000020, acc: 100%] [G loss: 11.680488, adv: 0.993409, cyc: 0.254586, id: 0.225347] time: 5:27:25.775904 
[Epoch 48/50] [Batch 600/1032] [D loss: 0.000028, acc: 100%] [G loss: 11.174250, adv: 1.001803, cyc: 0.241614, id: 0.214792] time: 5:28:05.310704 
[Epoch 48/50] [Batch 700/1032] [D loss: 0.000015, acc: 100%] [G loss: 11.102174, adv: 1.002325, cyc: 0.239156, id: 0.210499] time: 5:28:44.834032 
[Epoch 48/50] [Batch 800/1032] [D loss: 0.000022, acc: 100%] [G loss: 10.816865, adv: 1.001034, cyc: 0.233001, id: 0.207205] time: 5:29:24.355664 
[Epoch 48/50] [Batch 900/1032] [D loss: 0.000071, acc: 100%] [G loss: 11.236175, adv: 1.017379, cyc: 0.242185, id: 0.227638] time: 5:30:03.876254 
[Epoch 48/50] [Batch 1000/1032] [D loss: 0.000025, acc: 100%] [G loss: 11.317442, adv: 0.994350, cyc: 0.245088, id: 0.236106] time: 5:30:43.400836 
[Epoch 49/50] [Batch 0/1032] [D loss: 0.000018, acc: 100%] [G loss: 11.293907, adv: 0.989359, cyc: 0.245422, id: 0.221229] time: 5:30:57.197200 
[Epoch 49/50] [Batch 100/1032] [D loss: 0.000013, acc: 100%] [G loss: 11.667900, adv: 0.995233, cyc: 0.253905, id: 0.232927] time: 5:31:36.728892 
[Epoch 49/50] [Batch 200/1032] [D loss: 0.001482, acc: 100%] [G loss: 11.437855, adv: 0.984962, cyc: 0.249600, id: 0.224520] time: 5:32:16.250816 
[Epoch 49/50] [Batch 300/1032] [D loss: 0.000093, acc: 100%] [G loss: 10.799316, adv: 0.982543, cyc: 0.232496, id: 0.213052] time: 5:32:55.768100 
[Epoch 49/50] [Batch 400/1032] [D loss: 0.000031, acc: 100%] [G loss: 11.452461, adv: 0.996906, cyc: 0.248654, id: 0.212189] time: 5:33:35.290063 
[Epoch 49/50] [Batch 500/1032] [D loss: 0.000014, acc: 100%] [G loss: 11.664183, adv: 1.004015, cyc: 0.253939, id: 0.224052] time: 5:34:14.801925 
[Epoch 49/50] [Batch 600/1032] [D loss: 0.046212, acc:  94%] [G loss: 11.169426, adv: 0.992563, cyc: 0.243295, id: 0.214079] time: 5:34:54.316309 
[Epoch 49/50] [Batch 700/1032] [D loss: 0.000027, acc: 100%] [G loss: 11.074425, adv: 0.983858, cyc: 0.239289, id: 0.211730] time: 5:35:33.842669 
[Epoch 49/50] [Batch 800/1032] [D loss: 0.000022, acc: 100%] [G loss: 10.802284, adv: 1.006428, cyc: 0.231326, id: 0.208055] time: 5:36:13.375228 
[Epoch 49/50] [Batch 900/1032] [D loss: 0.000071, acc: 100%] [G loss: 11.181448, adv: 0.990424, cyc: 0.242389, id: 0.227019] time: 5:36:52.892790 
[Epoch 49/50] [Batch 1000/1032] [D loss: 0.004126, acc: 100%] [G loss: 11.350307, adv: 1.023356, cyc: 0.244184, id: 0.235829] time: 5:37:32.415856 
[Epoch 50/50] [Batch 0/1032] [D loss: 0.154253, acc:  76%] [G loss: 11.350468, adv: 1.014413, cyc: 0.245053, id: 0.222620] time: 5:37:46.267704 
[Epoch 50/50] [Batch 100/1032] [D loss: 0.000029, acc: 100%] [G loss: 11.686638, adv: 0.999592, cyc: 0.254595, id: 0.232300] time: 5:38:25.792863 
[Epoch 50/50] [Batch 200/1032] [D loss: 0.000019, acc: 100%] [G loss: 11.434766, adv: 0.999691, cyc: 0.248272, id: 0.223764] time: 5:39:05.307552 
[Epoch 50/50] [Batch 300/1032] [D loss: 0.000026, acc: 100%] [G loss: 10.740046, adv: 0.968322, cyc: 0.232325, id: 0.211457] time: 5:39:44.827685 
[Epoch 50/50] [Batch 400/1032] [D loss: 0.000013, acc: 100%] [G loss: 11.454454, adv: 1.001398, cyc: 0.247925, id: 0.213342] time: 5:40:24.355112 
[Epoch 50/50] [Batch 500/1032] [D loss: 0.000048, acc: 100%] [G loss: 11.613677, adv: 0.992488, cyc: 0.253128, id: 0.223398] time: 5:41:03.887640 
[Epoch 50/50] [Batch 600/1032] [D loss: 0.000068, acc: 100%] [G loss: 11.157931, adv: 1.006377, cyc: 0.240871, id: 0.214545] time: 5:41:43.401005 
[Epoch 50/50] [Batch 700/1032] [D loss: 0.000043, acc: 100%] [G loss: 11.150015, adv: 1.010805, cyc: 0.239884, id: 0.213204] time: 5:42:22.922038 
[Epoch 50/50] [Batch 800/1032] [D loss: 0.000011, acc: 100%] [G loss: 10.782636, adv: 1.005487, cyc: 0.231867, id: 0.207074] time: 5:43:02.448757 
[Epoch 50/50] [Batch 900/1032] [D loss: 0.000014, acc: 100%] [G loss: 11.211395, adv: 0.998337, cyc: 0.242626, id: 0.227529] time: 5:43:42.115875 
[Epoch 50/50] [Batch 1000/1032] [D loss: 0.000046, acc: 100%] [G loss: 11.356437, adv: 1.012984, cyc: 0.244774, id: 0.236432] time: 5:44:21.765124 
Train Finished.
