_________________________________________________________________
Layer (type)                 Output Shape              Param #   
=================================================================
input_2 (InputLayer)         (None, 1, 600, 1)         0         
_________________________________________________________________
conv2d_3 (Conv2D)            (None, 1, 600, 64)        256       
_________________________________________________________________
leaky_re_lu_5 (LeakyReLU)    (None, 1, 600, 64)        0         
_________________________________________________________________
conv2d_4 (Conv2D)            (None, 1, 600, 128)       24704     
_________________________________________________________________
leaky_re_lu_6 (LeakyReLU)    (None, 1, 600, 128)       0         
_________________________________________________________________
flatten_2 (Flatten)          (None, 76800)             0         
_________________________________________________________________
dense_3 (Dense)              (None, 512)               39322112  
_________________________________________________________________
leaky_re_lu_7 (LeakyReLU)    (None, 512)               0         
_________________________________________________________________
dense_4 (Dense)              (None, 512)               262656    
_________________________________________________________________
leaky_re_lu_8 (LeakyReLU)    (None, 512)               0         
_________________________________________________________________
D_A_Out (Dense)              (None, 1)                 513       
=================================================================
Total params: 79,220,482
Trainable params: 39,610,241
Non-trainable params: 39,610,241
_________________________________________________________________
_________________________________________________________________
Layer (type)                 Output Shape              Param #   
=================================================================
input_1 (InputLayer)         (None, 1, 600, 1)         0         
_________________________________________________________________
conv2d_1 (Conv2D)            (None, 1, 600, 64)        256       
_________________________________________________________________
leaky_re_lu_1 (LeakyReLU)    (None, 1, 600, 64)        0         
_________________________________________________________________
conv2d_2 (Conv2D)            (None, 1, 600, 128)       24704     
_________________________________________________________________
leaky_re_lu_2 (LeakyReLU)    (None, 1, 600, 128)       0         
_________________________________________________________________
flatten_1 (Flatten)          (None, 76800)             0         
_________________________________________________________________
dense_1 (Dense)              (None, 512)               39322112  
_________________________________________________________________
leaky_re_lu_3 (LeakyReLU)    (None, 512)               0         
_________________________________________________________________
dense_2 (Dense)              (None, 512)               262656    
_________________________________________________________________
leaky_re_lu_4 (LeakyReLU)    (None, 512)               0         
_________________________________________________________________
D_B_Out (Dense)              (None, 1)                 513       
=================================================================
Total params: 79,220,482
Trainable params: 39,610,241
Non-trainable params: 39,610,241
_________________________________________________________________
__________________________________________________________________________________________________
Layer (type)                    Output Shape         Param #     Connected to                     
==================================================================================================
ivec_b (InputLayer)             (None, 1, 600, 1)    0                                            
__________________________________________________________________________________________________
ivec_a (InputLayer)             (None, 1, 600, 1)    0                                            
__________________________________________________________________________________________________
model_4 (Model)                 (None, 1, 600, 1)    653345      ivec_b[0][0]                     
                                                                 model_3[1][0]                    
                                                                 ivec_a[0][0]                     
__________________________________________________________________________________________________
model_3 (Model)                 (None, 1, 600, 1)    653345      ivec_a[0][0]                     
                                                                 model_4[1][0]                    
                                                                 ivec_b[0][0]                     
__________________________________________________________________________________________________
model_2 (Model)                 (None, 1)            39610241    model_4[1][0]                    
__________________________________________________________________________________________________
model_1 (Model)                 (None, 1)            39610241    model_3[1][0]                    
==================================================================================================
Total params: 80,527,172
Trainable params: 1,306,690
Non-trainable params: 79,220,482
__________________________________________________________________________________________________
Start CycleGAN training.
[Epoch 1/50] [Batch 0/516] [D loss: 11.969431, acc:   0%] [G loss: 29.470520, adv: 0.659042, cyc: 0.940075, id: 0.962780] time: 0:02:20.061479 
[Epoch 1/50] [Batch 100/516] [D loss: 0.150326, acc:  81%] [G loss: 18.008989, adv: 1.135020, cyc: 0.562630, id: 0.465040] time: 0:03:29.220621 
[Epoch 1/50] [Batch 200/516] [D loss: 0.041616, acc:  95%] [G loss: 15.897219, adv: 1.001504, cyc: 0.496341, id: 0.424592] time: 0:04:38.304452 
[Epoch 1/50] [Batch 300/516] [D loss: 0.014370, acc: 100%] [G loss: 14.956653, adv: 0.919813, cyc: 0.467110, id: 0.399216] time: 0:05:47.418236 
[Epoch 1/50] [Batch 400/516] [D loss: 0.024116, acc: 100%] [G loss: 13.932772, adv: 0.809080, cyc: 0.438264, id: 0.384894] time: 0:06:56.518672 
[Epoch 1/50] [Batch 500/516] [D loss: 0.008940, acc: 100%] [G loss: 13.692117, adv: 0.806302, cyc: 0.427133, id: 0.382741] time: 0:08:05.579298 
[Epoch 2/50] [Batch 0/516] [D loss: 0.011849, acc: 100%] [G loss: 13.519241, adv: 0.828409, cyc: 0.419880, id: 0.371786] time: 0:08:16.637723 
[Epoch 2/50] [Batch 100/516] [D loss: 0.010114, acc: 100%] [G loss: 13.129618, adv: 0.907829, cyc: 0.401677, id: 0.342475] time: 0:09:25.712752 
[Epoch 2/50] [Batch 200/516] [D loss: 0.003008, acc: 100%] [G loss: 12.748187, adv: 0.857230, cyc: 0.389851, id: 0.349718] time: 0:10:34.776408 
[Epoch 2/50] [Batch 300/516] [D loss: 0.003381, acc: 100%] [G loss: 12.664951, adv: 0.863912, cyc: 0.385465, id: 0.342981] time: 0:11:43.850716 
[Epoch 2/50] [Batch 400/516] [D loss: 0.006957, acc: 100%] [G loss: 12.343606, adv: 0.863216, cyc: 0.375108, id: 0.342106] time: 0:12:52.890431 
[Epoch 2/50] [Batch 500/516] [D loss: 0.007623, acc: 100%] [G loss: 12.574826, adv: 1.014384, cyc: 0.371754, id: 0.340424] time: 0:14:01.858067 
[Epoch 3/50] [Batch 0/516] [D loss: 0.011735, acc:  99%] [G loss: 12.506135, adv: 1.063324, cyc: 0.366814, id: 0.329015] time: 0:14:12.819469 
[Epoch 3/50] [Batch 100/516] [D loss: 0.006173, acc: 100%] [G loss: 11.998146, adv: 0.966200, cyc: 0.354589, id: 0.314076] time: 0:15:21.547454 
[Epoch 3/50] [Batch 200/516] [D loss: 0.003353, acc: 100%] [G loss: 11.971168, adv: 0.977184, cyc: 0.352664, id: 0.322413] time: 0:16:30.559601 
[Epoch 3/50] [Batch 300/516] [D loss: 0.005822, acc: 100%] [G loss: 11.702493, adv: 0.808307, cyc: 0.353821, id: 0.319597] time: 0:17:39.584584 
[Epoch 3/50] [Batch 400/516] [D loss: 0.004557, acc: 100%] [G loss: 11.719287, adv: 0.985376, cyc: 0.344349, id: 0.319009] time: 0:18:48.581322 
[Epoch 3/50] [Batch 500/516] [D loss: 0.006525, acc: 100%] [G loss: 11.831371, adv: 1.012488, cyc: 0.345175, id: 0.323027] time: 0:19:57.621534 
[Epoch 4/50] [Batch 0/516] [D loss: 0.004811, acc: 100%] [G loss: 11.669872, adv: 0.986851, cyc: 0.341026, id: 0.311101] time: 0:20:08.653569 
[Epoch 4/50] [Batch 100/516] [D loss: 0.005404, acc: 100%] [G loss: 11.309366, adv: 0.943385, cyc: 0.331680, id: 0.296222] time: 0:21:17.677370 
[Epoch 4/50] [Batch 200/516] [D loss: 0.002328, acc: 100%] [G loss: 11.166658, adv: 0.848300, cyc: 0.332680, id: 0.307417] time: 0:22:26.695317 
[Epoch 4/50] [Batch 300/516] [D loss: 0.002366, acc: 100%] [G loss: 11.522509, adv: 1.022234, cyc: 0.332610, id: 0.304426] time: 0:23:35.683199 
[Epoch 4/50] [Batch 400/516] [D loss: 0.003506, acc: 100%] [G loss: 11.368572, adv: 1.048645, cyc: 0.326499, id: 0.306404] time: 0:24:44.676674 
[Epoch 4/50] [Batch 500/516] [D loss: 0.002797, acc: 100%] [G loss: 11.244123, adv: 0.934656, cyc: 0.329284, id: 0.311030] time: 0:25:53.703405 
[Epoch 5/50] [Batch 0/516] [D loss: 0.002279, acc: 100%] [G loss: 11.156648, adv: 0.942622, cyc: 0.326143, id: 0.301097] time: 0:26:04.752483 
[Epoch 5/50] [Batch 100/516] [D loss: 0.001479, acc: 100%] [G loss: 10.981520, adv: 0.955666, cyc: 0.319129, id: 0.284993] time: 0:27:13.791259 
[Epoch 5/50] [Batch 200/516] [D loss: 0.003446, acc: 100%] [G loss: 11.109766, adv: 0.983237, cyc: 0.320541, id: 0.297516] time: 0:28:22.831437 
[Epoch 5/50] [Batch 300/516] [D loss: 0.001323, acc: 100%] [G loss: 11.060351, adv: 0.925687, cyc: 0.322874, id: 0.299483] time: 0:29:31.922629 
[Epoch 5/50] [Batch 400/516] [D loss: 0.002791, acc: 100%] [G loss: 10.860051, adv: 0.922532, cyc: 0.317815, id: 0.299696] time: 0:30:40.976742 
[Epoch 5/50] [Batch 500/516] [D loss: 0.002028, acc: 100%] [G loss: 11.133234, adv: 0.974842, cyc: 0.321442, id: 0.307460] time: 0:31:49.459897 
[Epoch 6/50] [Batch 0/516] [D loss: 0.001900, acc: 100%] [G loss: 11.055844, adv: 1.001003, cyc: 0.318057, id: 0.294807] time: 0:32:06.291451 
[Epoch 6/50] [Batch 100/516] [D loss: 0.003233, acc: 100%] [G loss: 10.707552, adv: 0.964723, cyc: 0.308425, id: 0.280247] time: 0:33:15.277866 
[Epoch 6/50] [Batch 200/516] [D loss: 0.025233, acc:  99%] [G loss: 11.137199, adv: 1.111208, cyc: 0.313225, id: 0.293478] time: 0:34:24.274063 
[Epoch 6/50] [Batch 300/516] [D loss: 0.002738, acc: 100%] [G loss: 10.874130, adv: 0.976168, cyc: 0.312820, id: 0.292785] time: 0:35:33.280896 
[Epoch 6/50] [Batch 400/516] [D loss: 0.002106, acc: 100%] [G loss: 10.747524, adv: 0.996766, cyc: 0.307323, id: 0.294536] time: 0:36:42.262157 
[Epoch 6/50] [Batch 500/516] [D loss: 0.002741, acc: 100%] [G loss: 11.042648, adv: 1.056228, cyc: 0.312502, id: 0.300313] time: 0:37:51.299150 
[Epoch 7/50] [Batch 0/516] [D loss: 0.002346, acc: 100%] [G loss: 10.779448, adv: 0.988018, cyc: 0.308364, id: 0.292165] time: 0:38:02.357047 
[Epoch 7/50] [Batch 100/516] [D loss: 0.005047, acc: 100%] [G loss: 10.668125, adv: 1.053562, cyc: 0.301144, id: 0.273375] time: 0:39:11.474762 
[Epoch 7/50] [Batch 200/516] [D loss: 0.001051, acc: 100%] [G loss: 10.567884, adv: 0.956717, cyc: 0.303865, id: 0.285628] time: 0:40:20.582529 
[Epoch 7/50] [Batch 300/516] [D loss: 0.000609, acc: 100%] [G loss: 10.649378, adv: 0.930790, cyc: 0.306967, id: 0.286482] time: 0:41:29.688978 
[Epoch 7/50] [Batch 400/516] [D loss: 0.002096, acc: 100%] [G loss: 10.352872, adv: 0.876778, cyc: 0.302085, id: 0.290944] time: 0:42:38.808197 
[Epoch 7/50] [Batch 500/516] [D loss: 0.001147, acc: 100%] [G loss: 10.622457, adv: 0.922524, cyc: 0.307541, id: 0.297297] time: 0:43:47.913974 
[Epoch 8/50] [Batch 0/516] [D loss: 0.001893, acc: 100%] [G loss: 10.565180, adv: 0.966865, cyc: 0.302553, id: 0.286013] time: 0:43:58.959935 
[Epoch 8/50] [Batch 100/516] [D loss: 0.000792, acc: 100%] [G loss: 10.350488, adv: 0.970665, cyc: 0.294489, id: 0.272499] time: 0:45:08.047146 
[Epoch 8/50] [Batch 200/516] [D loss: 0.002000, acc: 100%] [G loss: 10.420274, adv: 0.937891, cyc: 0.299724, id: 0.286590] time: 0:46:17.113993 
[Epoch 8/50] [Batch 300/516] [D loss: 0.002441, acc: 100%] [G loss: 10.471421, adv: 0.956289, cyc: 0.299979, id: 0.284043] time: 0:47:25.553974 
[Epoch 8/50] [Batch 400/516] [D loss: 0.000938, acc: 100%] [G loss: 10.500443, adv: 1.026810, cyc: 0.295916, id: 0.288021] time: 0:48:34.631561 
[Epoch 8/50] [Batch 500/516] [D loss: 0.001549, acc: 100%] [G loss: 10.526202, adv: 0.953394, cyc: 0.301533, id: 0.292659] time: 0:49:43.726373 
[Epoch 9/50] [Batch 0/516] [D loss: 0.001438, acc: 100%] [G loss: 10.291919, adv: 0.912846, cyc: 0.296638, id: 0.281781] time: 0:49:54.795970 
[Epoch 9/50] [Batch 100/516] [D loss: 0.011620, acc:  98%] [G loss: 10.251282, adv: 0.996058, cyc: 0.289712, id: 0.268711] time: 0:51:03.898757 
[Epoch 9/50] [Batch 200/516] [D loss: 0.000718, acc: 100%] [G loss: 10.420807, adv: 1.026883, cyc: 0.292318, id: 0.282913] time: 0:52:13.027661 
[Epoch 9/50] [Batch 300/516] [D loss: 0.009864, acc:  99%] [G loss: 10.437480, adv: 0.991658, cyc: 0.295500, id: 0.281128] time: 0:53:22.160543 
[Epoch 9/50] [Batch 400/516] [D loss: 0.000867, acc: 100%] [G loss: 10.204123, adv: 0.944569, cyc: 0.292492, id: 0.282313] time: 0:54:31.256361 
[Epoch 9/50] [Batch 500/516] [D loss: 0.005662, acc: 100%] [G loss: 10.514509, adv: 1.021266, cyc: 0.295820, id: 0.290140] time: 0:55:40.379347 
[Epoch 10/50] [Batch 0/516] [D loss: 0.000759, acc: 100%] [G loss: 10.293428, adv: 0.937550, cyc: 0.294545, id: 0.280932] time: 0:55:51.438100 
[Epoch 10/50] [Batch 100/516] [D loss: 0.000544, acc: 100%] [G loss: 10.117558, adv: 0.972604, cyc: 0.285807, id: 0.268062] time: 0:57:00.521012 
[Epoch 10/50] [Batch 200/516] [D loss: 0.001881, acc: 100%] [G loss: 10.188795, adv: 0.981385, cyc: 0.287778, id: 0.277816] time: 0:58:09.648395 
[Epoch 10/50] [Batch 300/516] [D loss: 0.001526, acc: 100%] [G loss: 10.315727, adv: 0.992852, cyc: 0.290697, id: 0.280030] time: 0:59:18.767363 
[Epoch 10/50] [Batch 400/516] [D loss: 0.002823, acc: 100%] [G loss: 10.161901, adv: 0.982002, cyc: 0.287383, id: 0.281024] time: 1:00:27.856640 
[Epoch 10/50] [Batch 500/516] [D loss: 0.001037, acc: 100%] [G loss: 10.196413, adv: 0.934850, cyc: 0.291214, id: 0.287146] time: 1:01:36.325580 
[Epoch 11/50] [Batch 0/516] [D loss: 0.001321, acc: 100%] [G loss: 10.198137, adv: 0.957893, cyc: 0.288966, id: 0.278816] time: 1:01:48.371470 
[Epoch 11/50] [Batch 100/516] [D loss: 0.001018, acc: 100%] [G loss: 9.994444, adv: 0.960515, cyc: 0.282941, id: 0.263505] time: 1:02:57.305870 
[Epoch 11/50] [Batch 200/516] [D loss: 0.000669, acc: 100%] [G loss: 10.171391, adv: 0.996665, cyc: 0.285345, id: 0.276383] time: 1:04:06.373515 
[Epoch 11/50] [Batch 300/516] [D loss: 0.000480, acc: 100%] [G loss: 10.187188, adv: 0.966712, cyc: 0.288557, id: 0.277274] time: 1:05:15.476485 
[Epoch 11/50] [Batch 400/516] [D loss: 0.002134, acc: 100%] [G loss: 10.022692, adv: 0.954713, cyc: 0.284190, id: 0.279782] time: 1:06:24.555071 
[Epoch 11/50] [Batch 500/516] [D loss: 0.001025, acc: 100%] [G loss: 10.192081, adv: 0.956850, cyc: 0.288517, id: 0.284223] time: 1:07:33.639267 
[Epoch 12/50] [Batch 0/516] [D loss: 0.001400, acc: 100%] [G loss: 10.048672, adv: 0.967783, cyc: 0.283318, id: 0.273264] time: 1:07:44.686346 
[Epoch 12/50] [Batch 100/516] [D loss: 0.000805, acc: 100%] [G loss: 9.866488, adv: 0.950196, cyc: 0.277684, id: 0.261890] time: 1:08:53.691166 
[Epoch 12/50] [Batch 200/516] [D loss: 0.001037, acc: 100%] [G loss: 10.008226, adv: 0.944570, cyc: 0.283042, id: 0.276897] time: 1:10:02.711895 
[Epoch 12/50] [Batch 300/516] [D loss: 0.001305, acc: 100%] [G loss: 10.080778, adv: 0.983718, cyc: 0.282425, id: 0.275079] time: 1:11:11.685913 
[Epoch 12/50] [Batch 400/516] [D loss: 0.000507, acc: 100%] [G loss: 9.982416, adv: 0.976658, cyc: 0.281576, id: 0.277673] time: 1:12:20.665930 
[Epoch 12/50] [Batch 500/516] [D loss: 0.003965, acc: 100%] [G loss: 10.095757, adv: 0.957476, cyc: 0.285598, id: 0.282339] time: 1:13:29.650839 
[Epoch 13/50] [Batch 0/516] [D loss: 0.000979, acc: 100%] [G loss: 9.986494, adv: 0.965617, cyc: 0.281079, id: 0.273989] time: 1:13:40.684814 
[Epoch 13/50] [Batch 100/516] [D loss: 0.000719, acc: 100%] [G loss: 9.758884, adv: 0.931019, cyc: 0.275166, id: 0.261089] time: 1:14:49.631630 
[Epoch 13/50] [Batch 200/516] [D loss: 0.000265, acc: 100%] [G loss: 9.896469, adv: 0.960101, cyc: 0.278796, id: 0.272608] time: 1:15:58.150124 
[Epoch 13/50] [Batch 300/516] [D loss: 0.000389, acc: 100%] [G loss: 9.978361, adv: 0.964219, cyc: 0.280862, id: 0.271205] time: 1:17:06.959077 
[Epoch 13/50] [Batch 400/516] [D loss: 0.000386, acc: 100%] [G loss: 9.884129, adv: 0.992156, cyc: 0.275415, id: 0.277331] time: 1:18:15.942790 
[Epoch 13/50] [Batch 500/516] [D loss: 0.000490, acc: 100%] [G loss: 10.075190, adv: 0.964962, cyc: 0.283910, id: 0.281309] time: 1:19:24.927700 
[Epoch 14/50] [Batch 0/516] [D loss: 0.001039, acc: 100%] [G loss: 9.887171, adv: 0.941037, cyc: 0.279289, id: 0.273320] time: 1:19:35.956185 
[Epoch 14/50] [Batch 100/516] [D loss: 0.000460, acc: 100%] [G loss: 9.746147, adv: 0.975169, cyc: 0.272772, id: 0.255950] time: 1:20:44.878135 
[Epoch 14/50] [Batch 200/516] [D loss: 0.000964, acc: 100%] [G loss: 9.978907, adv: 1.014821, cyc: 0.275965, id: 0.275334] time: 1:21:53.858971 
[Epoch 14/50] [Batch 300/516] [D loss: 0.001248, acc: 100%] [G loss: 9.983959, adv: 0.983355, cyc: 0.279434, id: 0.271397] time: 1:23:02.800814 
[Epoch 14/50] [Batch 400/516] [D loss: 0.001113, acc: 100%] [G loss: 9.794371, adv: 0.979759, cyc: 0.274159, id: 0.272210] time: 1:24:11.694052 
[Epoch 14/50] [Batch 500/516] [D loss: 0.000578, acc: 100%] [G loss: 10.049686, adv: 1.011688, cyc: 0.280356, id: 0.277859] time: 1:25:20.575394 
[Epoch 15/50] [Batch 0/516] [D loss: 0.001039, acc: 100%] [G loss: 9.899209, adv: 0.967461, cyc: 0.277220, id: 0.270166] time: 1:25:31.619866 
[Epoch 15/50] [Batch 100/516] [D loss: 0.000988, acc: 100%] [G loss: 9.692939, adv: 1.004077, cyc: 0.268166, id: 0.255912] time: 1:26:40.517222 
[Epoch 15/50] [Batch 200/516] [D loss: 0.000544, acc: 100%] [G loss: 9.701047, adv: 0.953285, cyc: 0.272850, id: 0.264923] time: 1:27:49.427309 
[Epoch 15/50] [Batch 300/516] [D loss: 0.000284, acc: 100%] [G loss: 9.794865, adv: 0.945511, cyc: 0.276190, id: 0.263820] time: 1:28:58.373881 
[Epoch 15/50] [Batch 400/516] [D loss: 0.002178, acc: 100%] [G loss: 9.749893, adv: 0.975573, cyc: 0.273673, id: 0.268018] time: 1:30:07.305410 
[Epoch 15/50] [Batch 500/516] [D loss: 0.000250, acc: 100%] [G loss: 9.789604, adv: 0.942029, cyc: 0.276430, id: 0.274774] time: 1:31:15.797245 
[Epoch 16/50] [Batch 0/516] [D loss: 0.000185, acc: 100%] [G loss: 9.808728, adv: 0.965000, cyc: 0.274405, id: 0.269333] time: 1:31:28.075875 
[Epoch 16/50] [Batch 100/516] [D loss: 0.001040, acc: 100%] [G loss: 9.568104, adv: 0.955741, cyc: 0.266886, id: 0.255523] time: 1:32:36.807304 
[Epoch 16/50] [Batch 200/516] [D loss: 0.000429, acc: 100%] [G loss: 9.696164, adv: 0.960809, cyc: 0.271351, id: 0.262836] time: 1:33:45.732246 
[Epoch 16/50] [Batch 300/516] [D loss: 0.000212, acc: 100%] [G loss: 9.726061, adv: 0.976577, cyc: 0.271012, id: 0.263713] time: 1:34:54.666253 
[Epoch 16/50] [Batch 400/516] [D loss: 0.000366, acc: 100%] [G loss: 9.649570, adv: 0.986883, cyc: 0.267831, id: 0.268146] time: 1:36:03.624590 
[Epoch 16/50] [Batch 500/516] [D loss: 0.000401, acc: 100%] [G loss: 9.860496, adv: 0.974001, cyc: 0.276460, id: 0.272358] time: 1:37:12.582577 
[Epoch 17/50] [Batch 0/516] [D loss: 0.000396, acc: 100%] [G loss: 9.657825, adv: 0.934567, cyc: 0.271509, id: 0.261772] time: 1:37:23.588833 
[Epoch 17/50] [Batch 100/516] [D loss: 0.000475, acc: 100%] [G loss: 9.512897, adv: 0.980367, cyc: 0.263866, id: 0.250400] time: 1:38:32.526879 
[Epoch 17/50] [Batch 200/516] [D loss: 0.000642, acc: 100%] [G loss: 9.695630, adv: 1.001464, cyc: 0.268640, id: 0.262603] time: 1:39:41.476490 
[Epoch 17/50] [Batch 300/516] [D loss: 0.000188, acc: 100%] [G loss: 9.705786, adv: 0.981187, cyc: 0.270376, id: 0.261128] time: 1:40:50.405217 
[Epoch 17/50] [Batch 400/516] [D loss: 0.000484, acc: 100%] [G loss: 9.584687, adv: 0.971322, cyc: 0.267681, id: 0.264384] time: 1:41:59.290193 
[Epoch 17/50] [Batch 500/516] [D loss: 0.000570, acc: 100%] [G loss: 9.726616, adv: 0.950449, cyc: 0.273881, id: 0.270989] time: 1:43:08.225747 
[Epoch 18/50] [Batch 0/516] [D loss: 0.000493, acc: 100%] [G loss: 9.747555, adv: 0.992676, cyc: 0.270536, id: 0.263551] time: 1:43:19.253780 
[Epoch 18/50] [Batch 100/516] [D loss: 0.000822, acc: 100%] [G loss: 9.538153, adv: 1.012596, cyc: 0.262576, id: 0.248619] time: 1:44:28.172496 
[Epoch 18/50] [Batch 200/516] [D loss: 0.000275, acc: 100%] [G loss: 9.588684, adv: 0.977401, cyc: 0.266441, id: 0.260190] time: 1:45:37.029742 
[Epoch 18/50] [Batch 300/516] [D loss: 0.000216, acc: 100%] [G loss: 9.618016, adv: 0.952213, cyc: 0.269147, id: 0.259340] time: 1:46:45.435719 
[Epoch 18/50] [Batch 400/516] [D loss: 0.000447, acc: 100%] [G loss: 9.514742, adv: 0.967288, cyc: 0.264792, id: 0.262822] time: 1:47:54.353775 
[Epoch 18/50] [Batch 500/516] [D loss: 0.000389, acc: 100%] [G loss: 9.710687, adv: 0.980614, cyc: 0.270472, id: 0.269938] time: 1:49:03.291206 
[Epoch 19/50] [Batch 0/516] [D loss: 0.000241, acc: 100%] [G loss: 9.649133, adv: 0.947488, cyc: 0.269819, id: 0.261225] time: 1:49:14.334653 
[Epoch 19/50] [Batch 100/516] [D loss: 0.000830, acc: 100%] [G loss: 9.465367, adv: 0.983418, cyc: 0.260821, id: 0.252010] time: 1:50:23.265778 
[Epoch 19/50] [Batch 200/516] [D loss: 0.000352, acc: 100%] [G loss: 9.562253, adv: 0.998262, cyc: 0.263436, id: 0.259998] time: 1:51:32.217438 
[Epoch 19/50] [Batch 300/516] [D loss: 0.000576, acc: 100%] [G loss: 9.525764, adv: 0.965352, cyc: 0.264935, id: 0.256178] time: 1:52:41.149806 
[Epoch 19/50] [Batch 400/516] [D loss: 0.000384, acc: 100%] [G loss: 9.505335, adv: 0.988595, cyc: 0.263269, id: 0.260463] time: 1:53:50.061577 
[Epoch 19/50] [Batch 500/516] [D loss: 0.000320, acc: 100%] [G loss: 9.682945, adv: 0.944217, cyc: 0.270681, id: 0.268975] time: 1:54:58.996264 
[Epoch 20/50] [Batch 0/516] [D loss: 0.000324, acc: 100%] [G loss: 9.641761, adv: 0.967056, cyc: 0.266871, id: 0.257596] time: 1:55:10.021104 
[Epoch 20/50] [Batch 100/516] [D loss: 0.000350, acc: 100%] [G loss: 9.332668, adv: 0.965716, cyc: 0.258010, id: 0.244963] time: 1:56:18.942682 
[Epoch 20/50] [Batch 200/516] [D loss: 0.000331, acc: 100%] [G loss: 9.401798, adv: 0.952073, cyc: 0.261038, id: 0.258006] time: 1:57:27.888027 
[Epoch 20/50] [Batch 300/516] [D loss: 0.000250, acc: 100%] [G loss: 9.577981, adv: 0.983832, cyc: 0.264651, id: 0.257005] time: 1:58:36.833351 
[Epoch 20/50] [Batch 400/516] [D loss: 0.000383, acc: 100%] [G loss: 9.324460, adv: 0.941963, cyc: 0.259456, id: 0.260400] time: 1:59:45.751343 
[Epoch 20/50] [Batch 500/516] [D loss: 0.000417, acc: 100%] [G loss: 9.553194, adv: 0.955088, cyc: 0.266212, id: 0.265382] time: 2:00:54.656891 
[Epoch 21/50] [Batch 0/516] [D loss: 0.000949, acc: 100%] [G loss: 9.498946, adv: 0.968666, cyc: 0.262742, id: 0.257129] time: 2:01:06.947892 
[Epoch 21/50] [Batch 100/516] [D loss: 0.000593, acc: 100%] [G loss: 9.378788, adv: 0.997079, cyc: 0.256938, id: 0.246822] time: 2:02:15.336593 
[Epoch 21/50] [Batch 200/516] [D loss: 0.000451, acc: 100%] [G loss: 9.404771, adv: 0.978316, cyc: 0.258909, id: 0.254140] time: 2:03:23.747211 
[Epoch 21/50] [Batch 300/516] [D loss: 0.000436, acc: 100%] [G loss: 9.383871, adv: 0.931472, cyc: 0.261940, id: 0.254056] time: 2:04:32.162868 
[Epoch 21/50] [Batch 400/516] [D loss: 0.000264, acc: 100%] [G loss: 9.408963, adv: 1.004219, cyc: 0.258270, id: 0.259224] time: 2:05:40.585646 
[Epoch 21/50] [Batch 500/516] [D loss: 0.000134, acc: 100%] [G loss: 9.521500, adv: 0.968551, cyc: 0.264507, id: 0.263911] time: 2:06:48.972492 
[Epoch 22/50] [Batch 0/516] [D loss: 0.000306, acc: 100%] [G loss: 9.461487, adv: 0.951649, cyc: 0.262633, id: 0.255330] time: 2:06:59.914466 
[Epoch 22/50] [Batch 100/516] [D loss: 0.000943, acc: 100%] [G loss: 9.170800, adv: 0.937626, cyc: 0.253306, id: 0.246302] time: 2:08:08.290687 
[Epoch 22/50] [Batch 200/516] [D loss: 0.000530, acc: 100%] [G loss: 9.338068, adv: 0.956055, cyc: 0.258392, id: 0.256825] time: 2:09:16.665278 
[Epoch 22/50] [Batch 300/516] [D loss: 0.000063, acc: 100%] [G loss: 9.427012, adv: 0.953755, cyc: 0.261140, id: 0.255686] time: 2:10:25.050944 
[Epoch 22/50] [Batch 400/516] [D loss: 0.000148, acc: 100%] [G loss: 9.289954, adv: 0.972216, cyc: 0.255908, id: 0.257187] time: 2:11:33.420808 
[Epoch 22/50] [Batch 500/516] [D loss: 0.000139, acc: 100%] [G loss: 9.435875, adv: 0.946901, cyc: 0.262095, id: 0.263761] time: 2:12:41.763069 
[Epoch 23/50] [Batch 0/516] [D loss: 0.000480, acc: 100%] [G loss: 9.315287, adv: 0.914046, cyc: 0.259717, id: 0.253331] time: 2:12:52.694617 
[Epoch 23/50] [Batch 100/516] [D loss: 0.000454, acc: 100%] [G loss: 9.208687, adv: 0.974352, cyc: 0.252862, id: 0.242342] time: 2:14:01.035408 
[Epoch 23/50] [Batch 200/516] [D loss: 0.000465, acc: 100%] [G loss: 9.347889, adv: 0.971510, cyc: 0.256802, id: 0.253846] time: 2:15:09.372773 
[Epoch 23/50] [Batch 300/516] [D loss: 0.000209, acc: 100%] [G loss: 9.441005, adv: 0.999220, cyc: 0.258365, id: 0.256133] time: 2:16:17.709801 
[Epoch 23/50] [Batch 400/516] [D loss: 0.000289, acc: 100%] [G loss: 9.332612, adv: 0.985002, cyc: 0.256382, id: 0.256719] time: 2:17:26.043842 
[Epoch 23/50] [Batch 500/516] [D loss: 0.000200, acc: 100%] [G loss: 9.566229, adv: 1.008441, cyc: 0.261709, id: 0.266087] time: 2:18:34.387166 
[Epoch 24/50] [Batch 0/516] [D loss: 0.000685, acc: 100%] [G loss: 9.273602, adv: 0.936238, cyc: 0.258108, id: 0.253028] time: 2:18:45.320856 
[Epoch 24/50] [Batch 100/516] [D loss: 0.000093, acc: 100%] [G loss: 9.173953, adv: 1.000125, cyc: 0.249410, id: 0.241601] time: 2:19:53.665693 
[Epoch 24/50] [Batch 200/516] [D loss: 0.000171, acc: 100%] [G loss: 9.244063, adv: 0.964498, cyc: 0.254699, id: 0.253451] time: 2:21:02.005011 
[Epoch 24/50] [Batch 300/516] [D loss: 0.000371, acc: 100%] [G loss: 9.393547, adv: 0.995613, cyc: 0.257312, id: 0.251860] time: 2:22:10.340397 
[Epoch 24/50] [Batch 400/516] [D loss: 0.000440, acc: 100%] [G loss: 9.256395, adv: 0.992476, cyc: 0.253033, id: 0.257427] time: 2:23:18.677409 
[Epoch 24/50] [Batch 500/516] [D loss: 0.000244, acc: 100%] [G loss: 9.359620, adv: 0.969525, cyc: 0.258306, id: 0.261071] time: 2:24:27.027698 
[Epoch 25/50] [Batch 0/516] [D loss: 0.000099, acc: 100%] [G loss: 9.272885, adv: 0.941597, cyc: 0.255628, id: 0.251452] time: 2:24:37.961776 
[Epoch 25/50] [Batch 100/516] [D loss: 0.000403, acc: 100%] [G loss: 9.103617, adv: 0.951826, cyc: 0.249451, id: 0.244311] time: 2:25:46.304877 
[Epoch 25/50] [Batch 200/516] [D loss: 0.000150, acc: 100%] [G loss: 9.141916, adv: 0.942577, cyc: 0.251570, id: 0.250425] time: 2:26:54.649839 
[Epoch 25/50] [Batch 300/516] [D loss: 0.000384, acc: 100%] [G loss: 9.122028, adv: 0.859847, cyc: 0.257360, id: 0.251566] time: 2:28:02.992136 
[Epoch 25/50] [Batch 400/516] [D loss: 0.000134, acc: 100%] [G loss: 9.188117, adv: 0.962204, cyc: 0.252478, id: 0.256630] time: 2:29:11.337516 
[Epoch 25/50] [Batch 500/516] [D loss: 0.000185, acc: 100%] [G loss: 9.373647, adv: 0.981696, cyc: 0.257611, id: 0.260234] time: 2:30:19.689524 
[Epoch 26/50] [Batch 0/516] [D loss: 0.000448, acc: 100%] [G loss: 9.279895, adv: 0.969511, cyc: 0.254690, id: 0.251369] time: 2:30:31.928355 
[Epoch 26/50] [Batch 100/516] [D loss: 0.000225, acc: 100%] [G loss: 9.139595, adv: 0.990894, cyc: 0.248062, id: 0.242514] time: 2:31:40.277470 
[Epoch 26/50] [Batch 200/516] [D loss: 0.000065, acc: 100%] [G loss: 9.175236, adv: 0.963396, cyc: 0.251078, id: 0.250296] time: 2:32:48.621412 
[Epoch 26/50] [Batch 300/516] [D loss: 0.000077, acc: 100%] [G loss: 9.278520, adv: 0.977982, cyc: 0.253464, id: 0.251478] time: 2:33:56.961588 
[Epoch 26/50] [Batch 400/516] [D loss: 0.000134, acc: 100%] [G loss: 9.144807, adv: 0.970985, cyc: 0.249553, id: 0.254837] time: 2:35:05.297245 
[Epoch 26/50] [Batch 500/516] [D loss: 0.000083, acc: 100%] [G loss: 9.251791, adv: 0.951606, cyc: 0.254756, id: 0.258539] time: 2:36:13.633320 
[Epoch 27/50] [Batch 0/516] [D loss: 0.000168, acc: 100%] [G loss: 9.303687, adv: 0.982325, cyc: 0.254295, id: 0.250210] time: 2:36:24.568908 
[Epoch 27/50] [Batch 100/516] [D loss: 0.000117, acc: 100%] [G loss: 9.095744, adv: 0.988179, cyc: 0.247370, id: 0.237959] time: 2:37:32.902704 
[Epoch 27/50] [Batch 200/516] [D loss: 0.000071, acc: 100%] [G loss: 9.088845, adv: 0.958703, cyc: 0.247886, id: 0.249840] time: 2:38:41.234418 
[Epoch 27/50] [Batch 300/516] [D loss: 0.000169, acc: 100%] [G loss: 9.189693, adv: 0.975412, cyc: 0.251121, id: 0.248422] time: 2:39:49.569891 
[Epoch 27/50] [Batch 400/516] [D loss: 0.000120, acc: 100%] [G loss: 9.206577, adv: 0.986903, cyc: 0.251316, id: 0.254808] time: 2:40:57.912254 
[Epoch 27/50] [Batch 500/516] [D loss: 0.000857, acc: 100%] [G loss: 9.332576, adv: 1.015944, cyc: 0.253083, id: 0.258591] time: 2:42:06.246843 
[Epoch 28/50] [Batch 0/516] [D loss: 0.000182, acc: 100%] [G loss: 9.245487, adv: 1.002175, cyc: 0.252021, id: 0.249005] time: 2:42:17.177193 
[Epoch 28/50] [Batch 100/516] [D loss: 0.001777, acc: 100%] [G loss: 8.995927, adv: 0.954858, cyc: 0.247159, id: 0.235674] time: 2:43:25.502559 
[Epoch 28/50] [Batch 200/516] [D loss: 0.000194, acc: 100%] [G loss: 9.019708, adv: 0.912798, cyc: 0.248393, id: 0.251386] time: 2:44:33.830911 
[Epoch 28/50] [Batch 300/516] [D loss: 0.000410, acc: 100%] [G loss: 9.261422, adv: 0.994025, cyc: 0.251489, id: 0.252296] time: 2:45:42.160463 
[Epoch 28/50] [Batch 400/516] [D loss: 0.000152, acc: 100%] [G loss: 9.080218, adv: 0.983191, cyc: 0.246144, id: 0.251735] time: 2:46:50.484257 
[Epoch 28/50] [Batch 500/516] [D loss: 0.000211, acc: 100%] [G loss: 9.245766, adv: 0.980620, cyc: 0.251711, id: 0.257564] time: 2:47:58.812367 
[Epoch 29/50] [Batch 0/516] [D loss: 0.000278, acc: 100%] [G loss: 9.225130, adv: 1.002452, cyc: 0.249521, id: 0.248509] time: 2:48:09.745375 
[Epoch 29/50] [Batch 100/516] [D loss: 0.000144, acc: 100%] [G loss: 8.856503, adv: 0.927469, cyc: 0.243157, id: 0.234587] time: 2:49:18.079265 
[Epoch 29/50] [Batch 200/516] [D loss: 0.000134, acc: 100%] [G loss: 9.026479, adv: 0.966465, cyc: 0.245205, id: 0.248868] time: 2:50:26.413743 
[Epoch 29/50] [Batch 300/516] [D loss: 0.000252, acc: 100%] [G loss: 9.150633, adv: 0.977810, cyc: 0.248711, id: 0.247487] time: 2:51:34.753850 
[Epoch 29/50] [Batch 400/516] [D loss: 0.000164, acc: 100%] [G loss: 9.121564, adv: 0.999193, cyc: 0.246002, id: 0.249787] time: 2:52:43.097694 
[Epoch 29/50] [Batch 500/516] [D loss: 0.000655, acc: 100%] [G loss: 9.262061, adv: 0.966663, cyc: 0.253251, id: 0.260622] time: 2:53:51.434514 
[Epoch 30/50] [Batch 0/516] [D loss: 0.000137, acc: 100%] [G loss: 9.133492, adv: 0.981256, cyc: 0.248292, id: 0.245697] time: 2:54:02.368996 
[Epoch 30/50] [Batch 100/516] [D loss: 0.000152, acc: 100%] [G loss: 8.971190, adv: 0.990248, cyc: 0.242346, id: 0.237216] time: 2:55:10.703115 
[Epoch 30/50] [Batch 200/516] [D loss: 0.000124, acc: 100%] [G loss: 8.863248, adv: 0.898747, cyc: 0.244384, id: 0.245483] time: 2:56:19.033515 
[Epoch 30/50] [Batch 300/516] [D loss: 0.000138, acc: 100%] [G loss: 9.095286, adv: 0.960340, cyc: 0.247505, id: 0.248965] time: 2:57:27.364293 
[Epoch 30/50] [Batch 400/516] [D loss: 0.000083, acc: 100%] [G loss: 8.916725, adv: 0.945717, cyc: 0.244144, id: 0.247867] time: 2:58:35.697189 
[Epoch 30/50] [Batch 500/516] [D loss: 0.000259, acc: 100%] [G loss: 9.174535, adv: 0.968354, cyc: 0.250813, id: 0.256059] time: 2:59:44.043371 
[Epoch 31/50] [Batch 0/516] [D loss: 0.000284, acc: 100%] [G loss: 9.150856, adv: 0.984151, cyc: 0.248410, id: 0.246047] time: 2:59:56.221429 
[Epoch 31/50] [Batch 100/516] [D loss: 0.000214, acc: 100%] [G loss: 8.961314, adv: 1.005397, cyc: 0.240328, id: 0.236997] time: 3:01:04.559616 
[Epoch 31/50] [Batch 200/516] [D loss: 0.000197, acc: 100%] [G loss: 9.025764, adv: 0.971836, cyc: 0.244100, id: 0.244049] time: 3:02:12.887063 
[Epoch 31/50] [Batch 300/516] [D loss: 0.000275, acc: 100%] [G loss: 9.144741, adv: 0.972221, cyc: 0.248851, id: 0.244968] time: 3:03:21.225748 
[Epoch 31/50] [Batch 400/516] [D loss: 0.000146, acc: 100%] [G loss: 8.956350, adv: 0.980896, cyc: 0.243042, id: 0.248510] time: 3:04:29.554745 
[Epoch 31/50] [Batch 500/516] [D loss: 0.000264, acc: 100%] [G loss: 9.084272, adv: 0.965364, cyc: 0.247757, id: 0.253337] time: 3:05:37.896022 
[Epoch 32/50] [Batch 0/516] [D loss: 0.000092, acc: 100%] [G loss: 9.124765, adv: 0.994943, cyc: 0.247339, id: 0.246350] time: 3:05:48.828160 
[Epoch 32/50] [Batch 100/516] [D loss: 0.000049, acc: 100%] [G loss: 8.871474, adv: 0.976257, cyc: 0.239388, id: 0.235134] time: 3:06:57.161261 
[Epoch 32/50] [Batch 200/516] [D loss: 0.000051, acc: 100%] [G loss: 8.926566, adv: 0.972827, cyc: 0.241524, id: 0.244277] time: 3:08:05.492071 
[Epoch 32/50] [Batch 300/516] [D loss: 0.000091, acc: 100%] [G loss: 9.045363, adv: 0.980690, cyc: 0.244994, id: 0.241767] time: 3:09:13.831701 
[Epoch 32/50] [Batch 400/516] [D loss: 0.000220, acc: 100%] [G loss: 8.905687, adv: 0.973421, cyc: 0.240789, id: 0.247735] time: 3:10:22.176819 
[Epoch 32/50] [Batch 500/516] [D loss: 0.000130, acc: 100%] [G loss: 9.094765, adv: 0.946264, cyc: 0.249206, id: 0.253314] time: 3:11:30.521796 
[Epoch 33/50] [Batch 0/516] [D loss: 0.000122, acc: 100%] [G loss: 9.116972, adv: 1.022629, cyc: 0.245589, id: 0.243749] time: 3:11:41.454619 
[Epoch 33/50] [Batch 100/516] [D loss: 0.000122, acc: 100%] [G loss: 8.877346, adv: 0.968039, cyc: 0.240045, id: 0.231864] time: 3:12:49.783953 
[Epoch 33/50] [Batch 200/516] [D loss: 0.000150, acc: 100%] [G loss: 8.962893, adv: 0.989112, cyc: 0.241325, id: 0.243909] time: 3:13:58.128210 
[Epoch 33/50] [Batch 300/516] [D loss: 0.000137, acc: 100%] [G loss: 9.047987, adv: 1.002037, cyc: 0.243826, id: 0.242136] time: 3:15:06.477413 
[Epoch 33/50] [Batch 400/516] [D loss: 0.000111, acc: 100%] [G loss: 8.861375, adv: 0.957152, cyc: 0.240100, id: 0.246254] time: 3:16:14.817204 
[Epoch 33/50] [Batch 500/516] [D loss: 0.000116, acc: 100%] [G loss: 8.904712, adv: 0.897154, cyc: 0.246037, id: 0.251780] time: 3:17:23.161111 
[Epoch 34/50] [Batch 0/516] [D loss: 0.000069, acc: 100%] [G loss: 8.983965, adv: 0.975042, cyc: 0.243046, id: 0.245493] time: 3:17:34.096080 
[Epoch 34/50] [Batch 100/516] [D loss: 0.000214, acc: 100%] [G loss: 8.779905, adv: 0.945455, cyc: 0.238711, id: 0.229451] time: 3:18:42.431928 
[Epoch 34/50] [Batch 200/516] [D loss: 0.000164, acc: 100%] [G loss: 8.938634, adv: 0.991155, cyc: 0.239983, id: 0.244451] time: 3:19:50.780506 
[Epoch 34/50] [Batch 300/516] [D loss: 0.000050, acc: 100%] [G loss: 9.041772, adv: 1.009636, cyc: 0.243843, id: 0.240622] time: 3:20:59.120225 
[Epoch 34/50] [Batch 400/516] [D loss: 0.000047, acc: 100%] [G loss: 8.920650, adv: 0.993587, cyc: 0.240769, id: 0.246251] time: 3:22:07.501114 
[Epoch 34/50] [Batch 500/516] [D loss: 0.000084, acc: 100%] [G loss: 9.078888, adv: 0.989580, cyc: 0.245299, id: 0.251590] time: 3:23:15.844238 
[Epoch 35/50] [Batch 0/516] [D loss: 0.000183, acc: 100%] [G loss: 9.007433, adv: 0.985162, cyc: 0.244627, id: 0.241519] time: 3:23:26.777097 
[Epoch 35/50] [Batch 100/516] [D loss: 0.000125, acc: 100%] [G loss: 8.877535, adv: 1.024169, cyc: 0.237348, id: 0.230892] time: 3:24:35.125843 
[Epoch 35/50] [Batch 200/516] [D loss: 0.000111, acc: 100%] [G loss: 8.857442, adv: 0.970892, cyc: 0.239457, id: 0.241612] time: 3:25:43.468365 
[Epoch 35/50] [Batch 300/516] [D loss: 0.000153, acc: 100%] [G loss: 8.966632, adv: 0.979376, cyc: 0.242308, id: 0.240059] time: 3:26:51.806492 
[Epoch 35/50] [Batch 400/516] [D loss: 0.000171, acc: 100%] [G loss: 8.897514, adv: 0.964540, cyc: 0.241655, id: 0.243982] time: 3:28:00.169474 
[Epoch 35/50] [Batch 500/516] [D loss: 0.000124, acc: 100%] [G loss: 9.025512, adv: 0.950874, cyc: 0.246102, id: 0.249724] time: 3:29:08.511347 
[Epoch 36/50] [Batch 0/516] [D loss: 0.000279, acc: 100%] [G loss: 8.863070, adv: 0.931359, cyc: 0.241509, id: 0.239927] time: 3:29:20.518966 
[Epoch 36/50] [Batch 100/516] [D loss: 0.000076, acc: 100%] [G loss: 8.772639, adv: 0.983469, cyc: 0.235954, id: 0.229222] time: 3:30:28.869251 
[Epoch 36/50] [Batch 200/516] [D loss: 0.000203, acc: 100%] [G loss: 8.870048, adv: 0.988902, cyc: 0.238491, id: 0.240142] time: 3:31:37.216543 
[Epoch 36/50] [Batch 300/516] [D loss: 0.000161, acc: 100%] [G loss: 8.941934, adv: 0.990245, cyc: 0.240594, id: 0.240181] time: 3:32:45.556748 
[Epoch 36/50] [Batch 400/516] [D loss: 0.000080, acc: 100%] [G loss: 8.838000, adv: 1.001404, cyc: 0.237034, id: 0.244043] time: 3:33:53.891019 
[Epoch 36/50] [Batch 500/516] [D loss: 0.000076, acc: 100%] [G loss: 9.002814, adv: 0.976968, cyc: 0.243647, id: 0.248656] time: 3:35:02.216636 
[Epoch 37/50] [Batch 0/516] [D loss: 0.000057, acc: 100%] [G loss: 8.985381, adv: 0.998900, cyc: 0.240983, id: 0.240868] time: 3:35:13.148897 
[Epoch 37/50] [Batch 100/516] [D loss: 0.000164, acc: 100%] [G loss: 8.795224, adv: 0.997092, cyc: 0.235630, id: 0.230440] time: 3:36:21.492348 
[Epoch 37/50] [Batch 200/516] [D loss: 0.000089, acc: 100%] [G loss: 8.744691, adv: 0.915452, cyc: 0.237944, id: 0.239084] time: 3:37:29.832968 
[Epoch 37/50] [Batch 300/516] [D loss: 0.000243, acc: 100%] [G loss: 8.836052, adv: 0.944065, cyc: 0.240313, id: 0.237489] time: 3:38:38.181093 
[Epoch 37/50] [Batch 400/516] [D loss: 0.000240, acc: 100%] [G loss: 8.731432, adv: 0.944663, cyc: 0.236540, id: 0.242999] time: 3:39:46.532036 
[Epoch 37/50] [Batch 500/516] [D loss: 0.000054, acc: 100%] [G loss: 8.991451, adv: 0.991385, cyc: 0.242701, id: 0.250169] time: 3:40:54.886761 
[Epoch 38/50] [Batch 0/516] [D loss: 0.000101, acc: 100%] [G loss: 8.977303, adv: 1.008373, cyc: 0.240785, id: 0.239407] time: 3:41:05.824336 
[Epoch 38/50] [Batch 100/516] [D loss: 0.000263, acc: 100%] [G loss: 8.748032, adv: 1.002621, cyc: 0.234256, id: 0.226901] time: 3:42:14.176430 
[Epoch 38/50] [Batch 200/516] [D loss: 0.000194, acc: 100%] [G loss: 8.860110, adv: 1.012793, cyc: 0.236578, id: 0.238509] time: 3:43:22.527394 
[Epoch 38/50] [Batch 300/516] [D loss: 0.000061, acc: 100%] [G loss: 8.883276, adv: 1.002176, cyc: 0.238594, id: 0.236904] time: 3:44:30.872065 
[Epoch 38/50] [Batch 400/516] [D loss: 0.000075, acc: 100%] [G loss: 8.751559, adv: 0.942846, cyc: 0.238119, id: 0.240492] time: 3:45:39.217841 
[Epoch 38/50] [Batch 500/516] [D loss: 0.000106, acc: 100%] [G loss: 8.916269, adv: 0.968026, cyc: 0.241618, id: 0.247954] time: 3:46:47.561571 
[Epoch 39/50] [Batch 0/516] [D loss: 0.000177, acc: 100%] [G loss: 8.814512, adv: 0.956976, cyc: 0.238396, id: 0.238510] time: 3:46:58.495666 
[Epoch 39/50] [Batch 100/516] [D loss: 0.000108, acc: 100%] [G loss: 8.764577, adv: 1.015269, cyc: 0.233531, id: 0.228334] time: 3:48:06.835187 
[Epoch 39/50] [Batch 200/516] [D loss: 0.000308, acc: 100%] [G loss: 8.859492, adv: 0.991323, cyc: 0.237141, id: 0.240401] time: 3:49:15.173919 
[Epoch 39/50] [Batch 300/516] [D loss: 0.000137, acc: 100%] [G loss: 8.886744, adv: 0.972460, cyc: 0.239672, id: 0.238260] time: 3:50:23.517175 
[Epoch 39/50] [Batch 400/516] [D loss: 0.000124, acc: 100%] [G loss: 8.791940, adv: 1.007408, cyc: 0.234500, id: 0.243589] time: 3:51:31.858011 
[Epoch 39/50] [Batch 500/516] [D loss: 0.000230, acc: 100%] [G loss: 9.003706, adv: 0.993804, cyc: 0.241947, id: 0.247136] time: 3:52:40.193618 
[Epoch 40/50] [Batch 0/516] [D loss: 0.000125, acc: 100%] [G loss: 8.870767, adv: 0.994655, cyc: 0.238575, id: 0.236889] time: 3:52:51.126169 
[Epoch 40/50] [Batch 100/516] [D loss: 0.000058, acc: 100%] [G loss: 8.643458, adv: 0.962459, cyc: 0.232453, id: 0.225994] time: 3:53:59.461806 
[Epoch 40/50] [Batch 200/516] [D loss: 0.000142, acc: 100%] [G loss: 8.746313, adv: 0.985467, cyc: 0.234283, id: 0.236626] time: 3:55:07.806468 
[Epoch 40/50] [Batch 300/516] [D loss: 0.000091, acc: 100%] [G loss: 8.861544, adv: 0.989144, cyc: 0.237805, id: 0.235843] time: 3:56:16.136191 
[Epoch 40/50] [Batch 400/516] [D loss: 0.000031, acc: 100%] [G loss: 8.761630, adv: 1.008615, cyc: 0.233592, id: 0.241419] time: 3:57:24.472583 
[Epoch 40/50] [Batch 500/516] [D loss: 0.000039, acc: 100%] [G loss: 8.855883, adv: 0.959020, cyc: 0.239426, id: 0.245843] time: 3:58:32.805724 
[Epoch 41/50] [Batch 0/516] [D loss: 0.015904, acc: 100%] [G loss: 8.872901, adv: 1.002918, cyc: 0.237507, id: 0.236930] time: 3:58:44.764977 
[Epoch 41/50] [Batch 100/516] [D loss: 0.000229, acc: 100%] [G loss: 8.728148, adv: 1.009113, cyc: 0.233304, id: 0.226331] time: 3:59:53.106258 
[Epoch 41/50] [Batch 200/516] [D loss: 0.000170, acc: 100%] [G loss: 8.742631, adv: 0.994511, cyc: 0.233330, id: 0.236949] time: 4:01:01.438595 
[Epoch 41/50] [Batch 300/516] [D loss: 0.000105, acc: 100%] [G loss: 8.797688, adv: 0.970382, cyc: 0.236743, id: 0.236322] time: 4:02:09.777985 
[Epoch 41/50] [Batch 400/516] [D loss: 0.000039, acc: 100%] [G loss: 8.705945, adv: 0.987718, cyc: 0.233411, id: 0.240411] time: 4:03:18.126662 
[Epoch 41/50] [Batch 500/516] [D loss: 0.000079, acc: 100%] [G loss: 8.912321, adv: 1.008121, cyc: 0.239120, id: 0.245088] time: 4:04:26.461179 
[Epoch 42/50] [Batch 0/516] [D loss: 0.000036, acc: 100%] [G loss: 8.872224, adv: 1.004115, cyc: 0.236951, id: 0.236385] time: 4:04:37.398282 
[Epoch 42/50] [Batch 100/516] [D loss: 0.000354, acc: 100%] [G loss: 8.524960, adv: 0.938422, cyc: 0.231054, id: 0.224279] time: 4:05:45.727765 
[Epoch 42/50] [Batch 200/516] [D loss: 0.000204, acc: 100%] [G loss: 8.616282, adv: 0.919705, cyc: 0.234176, id: 0.235009] time: 4:06:54.061964 
[Epoch 42/50] [Batch 300/516] [D loss: 0.000075, acc: 100%] [G loss: 8.774102, adv: 0.974953, cyc: 0.235615, id: 0.234018] time: 4:08:02.396270 
[Epoch 42/50] [Batch 400/516] [D loss: 0.000085, acc: 100%] [G loss: 8.666002, adv: 0.961554, cyc: 0.233282, id: 0.239404] time: 4:09:10.723151 
[Epoch 42/50] [Batch 500/516] [D loss: 0.000059, acc: 100%] [G loss: 8.909638, adv: 1.002766, cyc: 0.239587, id: 0.245057] time: 4:10:19.056170 
[Epoch 43/50] [Batch 0/516] [D loss: 0.000147, acc: 100%] [G loss: 8.786114, adv: 0.989195, cyc: 0.235677, id: 0.235148] time: 4:10:29.992192 
[Epoch 43/50] [Batch 100/516] [D loss: 0.000063, acc: 100%] [G loss: 8.576609, adv: 0.967271, cyc: 0.229664, id: 0.223404] time: 4:11:38.321664 
[Epoch 43/50] [Batch 200/516] [D loss: 0.000037, acc: 100%] [G loss: 8.695194, adv: 0.976772, cyc: 0.233198, id: 0.236136] time: 4:12:46.653522 
[Epoch 43/50] [Batch 300/516] [D loss: 0.000058, acc: 100%] [G loss: 8.825528, adv: 0.992415, cyc: 0.237015, id: 0.235963] time: 4:13:54.981416 
[Epoch 43/50] [Batch 400/516] [D loss: 0.000070, acc: 100%] [G loss: 8.646542, adv: 0.981936, cyc: 0.231565, id: 0.239364] time: 4:15:03.308994 
[Epoch 43/50] [Batch 500/516] [D loss: 0.000067, acc: 100%] [G loss: 8.851211, adv: 0.953617, cyc: 0.239939, id: 0.245004] time: 4:16:11.638183 
[Epoch 44/50] [Batch 0/516] [D loss: 0.000069, acc: 100%] [G loss: 8.765676, adv: 0.984090, cyc: 0.234645, id: 0.236228] time: 4:16:22.569208 
[Epoch 44/50] [Batch 100/516] [D loss: 0.000057, acc: 100%] [G loss: 8.640083, adv: 1.016488, cyc: 0.229452, id: 0.223066] time: 4:17:30.902871 
[Epoch 44/50] [Batch 200/516] [D loss: 0.000131, acc: 100%] [G loss: 8.686380, adv: 0.999457, cyc: 0.231578, id: 0.234181] time: 4:18:39.227117 
[Epoch 44/50] [Batch 300/516] [D loss: 0.000015, acc: 100%] [G loss: 8.737755, adv: 0.967214, cyc: 0.234669, id: 0.234055] time: 4:19:47.567903 
[Epoch 44/50] [Batch 400/516] [D loss: 0.000125, acc: 100%] [G loss: 8.663750, adv: 0.989790, cyc: 0.231551, id: 0.238406] time: 4:20:55.900315 
[Epoch 44/50] [Batch 500/516] [D loss: 0.000072, acc: 100%] [G loss: 8.812669, adv: 0.983500, cyc: 0.236563, id: 0.243186] time: 4:22:04.252208 
[Epoch 45/50] [Batch 0/516] [D loss: 0.000050, acc: 100%] [G loss: 8.757813, adv: 0.987102, cyc: 0.234144, id: 0.233983] time: 4:22:15.184923 
[Epoch 45/50] [Batch 100/516] [D loss: 0.000096, acc: 100%] [G loss: 8.524729, adv: 0.958979, cyc: 0.229166, id: 0.223033] time: 4:23:23.526486 
[Epoch 45/50] [Batch 200/516] [D loss: 0.000043, acc: 100%] [G loss: 8.653957, adv: 0.969921, cyc: 0.232911, id: 0.233927] time: 4:24:31.876325 
[Epoch 45/50] [Batch 300/516] [D loss: 0.000074, acc: 100%] [G loss: 8.769087, adv: 0.987962, cyc: 0.234826, id: 0.232989] time: 4:25:40.212339 
[Epoch 45/50] [Batch 400/516] [D loss: 0.000019, acc: 100%] [G loss: 8.620886, adv: 0.963540, cyc: 0.231395, id: 0.239376] time: 4:26:48.553117 
[Epoch 45/50] [Batch 500/516] [D loss: 0.000107, acc: 100%] [G loss: 8.870206, adv: 1.014029, cyc: 0.237251, id: 0.243390] time: 4:27:56.893453 
[Epoch 46/50] [Batch 0/516] [D loss: 0.000043, acc: 100%] [G loss: 8.730944, adv: 0.982800, cyc: 0.233808, id: 0.235714] time: 4:28:09.069907 
[Epoch 46/50] [Batch 100/516] [D loss: 0.000493, acc: 100%] [G loss: 8.678413, adv: 1.033202, cyc: 0.229067, id: 0.223986] time: 4:29:17.416984 
[Epoch 46/50] [Batch 200/516] [D loss: 0.000045, acc: 100%] [G loss: 8.656453, adv: 0.991480, cyc: 0.231025, id: 0.233363] time: 4:30:25.757167 
[Epoch 46/50] [Batch 300/516] [D loss: 0.000076, acc: 100%] [G loss: 8.740047, adv: 0.995832, cyc: 0.232737, id: 0.234319] time: 4:31:34.095469 
[Epoch 46/50] [Batch 400/516] [D loss: 0.000186, acc: 100%] [G loss: 8.645328, adv: 1.003253, cyc: 0.229747, id: 0.238351] time: 4:32:42.430297 
[Epoch 46/50] [Batch 500/516] [D loss: 0.000054, acc: 100%] [G loss: 8.815978, adv: 0.998967, cyc: 0.236073, id: 0.242415] time: 4:33:50.768525 
[Epoch 47/50] [Batch 0/516] [D loss: 0.000067, acc: 100%] [G loss: 8.686332, adv: 0.936234, cyc: 0.234272, id: 0.234138] time: 4:34:01.701377 
[Epoch 47/50] [Batch 100/516] [D loss: 0.000039, acc: 100%] [G loss: 8.569171, adv: 1.004757, cyc: 0.227089, id: 0.223113] time: 4:35:10.032553 
[Epoch 47/50] [Batch 200/516] [D loss: 0.000050, acc: 100%] [G loss: 8.658635, adv: 0.995310, cyc: 0.230354, id: 0.235393] time: 4:36:18.359609 
[Epoch 47/50] [Batch 300/516] [D loss: 0.000051, acc: 100%] [G loss: 8.701559, adv: 0.975139, cyc: 0.232567, id: 0.234050] time: 4:37:26.693628 
[Epoch 47/50] [Batch 400/516] [D loss: 0.000074, acc: 100%] [G loss: 8.549824, adv: 0.943529, cyc: 0.229874, id: 0.236961] time: 4:38:35.028769 
[Epoch 47/50] [Batch 500/516] [D loss: 0.000052, acc: 100%] [G loss: 8.792896, adv: 0.976220, cyc: 0.236233, id: 0.245225] time: 4:39:43.366497 
[Epoch 48/50] [Batch 0/516] [D loss: 0.000089, acc: 100%] [G loss: 8.638265, adv: 0.955776, cyc: 0.232927, id: 0.232532] time: 4:39:54.303405 
[Epoch 48/50] [Batch 100/516] [D loss: 0.000192, acc: 100%] [G loss: 8.536394, adv: 0.973558, cyc: 0.228389, id: 0.222869] time: 4:41:02.645706 
[Epoch 48/50] [Batch 200/516] [D loss: 0.000116, acc: 100%] [G loss: 8.629787, adv: 1.005704, cyc: 0.229145, id: 0.231874] time: 4:42:10.985465 
[Epoch 48/50] [Batch 300/516] [D loss: 0.000144, acc: 100%] [G loss: 8.705673, adv: 0.996963, cyc: 0.232481, id: 0.230914] time: 4:43:19.313092 
[Epoch 48/50] [Batch 400/516] [D loss: 0.000203, acc: 100%] [G loss: 8.572056, adv: 0.989525, cyc: 0.228447, id: 0.236237] time: 4:44:27.632740 
[Epoch 48/50] [Batch 500/516] [D loss: 0.000064, acc: 100%] [G loss: 8.752789, adv: 0.994436, cyc: 0.234207, id: 0.240881] time: 4:45:35.959906 
[Epoch 49/50] [Batch 0/516] [D loss: 0.000161, acc: 100%] [G loss: 8.706328, adv: 0.987524, cyc: 0.232309, id: 0.233029] time: 4:45:46.892077 
[Epoch 49/50] [Batch 100/516] [D loss: 0.000057, acc: 100%] [G loss: 8.568442, adv: 1.010005, cyc: 0.226567, id: 0.223550] time: 4:46:55.214226 
[Epoch 49/50] [Batch 200/516] [D loss: 0.000059, acc: 100%] [G loss: 8.526548, adv: 0.959612, cyc: 0.228344, id: 0.231191] time: 4:48:03.541978 
[Epoch 49/50] [Batch 300/516] [D loss: 0.000035, acc: 100%] [G loss: 8.678918, adv: 0.982132, cyc: 0.232817, id: 0.231124] time: 4:49:11.875339 
[Epoch 49/50] [Batch 400/516] [D loss: 0.000031, acc: 100%] [G loss: 8.559647, adv: 0.988977, cyc: 0.228109, id: 0.235264] time: 4:50:20.203949 
[Epoch 49/50] [Batch 500/516] [D loss: 0.000034, acc: 100%] [G loss: 8.786334, adv: 1.010177, cyc: 0.234197, id: 0.241443] time: 4:51:28.544603 
[Epoch 50/50] [Batch 0/516] [D loss: 0.000184, acc: 100%] [G loss: 8.731997, adv: 1.020668, cyc: 0.231470, id: 0.232786] time: 4:51:39.476419 
[Epoch 50/50] [Batch 100/516] [D loss: 0.000073, acc: 100%] [G loss: 8.464855, adv: 0.983491, cyc: 0.225215, id: 0.220556] time: 4:52:47.813824 
[Epoch 50/50] [Batch 200/516] [D loss: 0.000067, acc: 100%] [G loss: 8.648679, adv: 1.019647, cyc: 0.228260, id: 0.231943] time: 4:53:56.143858 
[Epoch 50/50] [Batch 300/516] [D loss: 0.000045, acc: 100%] [G loss: 8.704748, adv: 0.993369, cyc: 0.232224, id: 0.231604] time: 4:55:04.474887 
[Epoch 50/50] [Batch 400/516] [D loss: 0.000025, acc: 100%] [G loss: 8.613168, adv: 1.017654, cyc: 0.228039, id: 0.234588] time: 4:56:12.814912 
[Epoch 50/50] [Batch 500/516] [D loss: 0.000090, acc: 100%] [G loss: 8.711731, adv: 0.976399, cyc: 0.233410, id: 0.241872] time: 4:57:21.142798 
Train Finished.
