_________________________________________________________________
Layer (type)                 Output Shape              Param #   
=================================================================
input_2 (InputLayer)         (None, 1, 600, 1)         0         
_________________________________________________________________
flatten_2 (Flatten)          (None, 600)               0         
_________________________________________________________________
dense_5 (Dense)              (None, 512)               307712    
_________________________________________________________________
leaky_re_lu_5 (LeakyReLU)    (None, 512)               0         
_________________________________________________________________
dense_6 (Dense)              (None, 512)               262656    
_________________________________________________________________
leaky_re_lu_6 (LeakyReLU)    (None, 512)               0         
_________________________________________________________________
dense_7 (Dense)              (None, 512)               262656    
_________________________________________________________________
leaky_re_lu_7 (LeakyReLU)    (None, 512)               0         
_________________________________________________________________
dense_8 (Dense)              (None, 512)               262656    
_________________________________________________________________
leaky_re_lu_8 (LeakyReLU)    (None, 512)               0         
_________________________________________________________________
D_A_Out (Dense)              (None, 1)                 513       
=================================================================
Total params: 2,192,386
Trainable params: 1,096,193
Non-trainable params: 1,096,193
_________________________________________________________________
_________________________________________________________________
Layer (type)                 Output Shape              Param #   
=================================================================
input_1 (InputLayer)         (None, 1, 600, 1)         0         
_________________________________________________________________
flatten_1 (Flatten)          (None, 600)               0         
_________________________________________________________________
dense_1 (Dense)              (None, 512)               307712    
_________________________________________________________________
leaky_re_lu_1 (LeakyReLU)    (None, 512)               0         
_________________________________________________________________
dense_2 (Dense)              (None, 512)               262656    
_________________________________________________________________
leaky_re_lu_2 (LeakyReLU)    (None, 512)               0         
_________________________________________________________________
dense_3 (Dense)              (None, 512)               262656    
_________________________________________________________________
leaky_re_lu_3 (LeakyReLU)    (None, 512)               0         
_________________________________________________________________
dense_4 (Dense)              (None, 512)               262656    
_________________________________________________________________
leaky_re_lu_4 (LeakyReLU)    (None, 512)               0         
_________________________________________________________________
D_B_Out (Dense)              (None, 1)                 513       
=================================================================
Total params: 2,192,386
Trainable params: 1,096,193
Non-trainable params: 1,096,193
_________________________________________________________________
__________________________________________________________________________________________________
Layer (type)                    Output Shape         Param #     Connected to                     
==================================================================================================
ivec_b (InputLayer)             (None, 1, 600, 1)    0                                            
__________________________________________________________________________________________________
ivec_a (InputLayer)             (None, 1, 600, 1)    0                                            
__________________________________________________________________________________________________
model_4 (Model)                 (None, 1, 600, 1)    1140824     ivec_b[0][0]                     
                                                                 model_3[1][0]                    
                                                                 ivec_a[0][0]                     
__________________________________________________________________________________________________
model_3 (Model)                 (None, 1, 600, 1)    1140824     ivec_a[0][0]                     
                                                                 model_4[1][0]                    
                                                                 ivec_b[0][0]                     
__________________________________________________________________________________________________
model_2 (Model)                 (None, 1)            1096193     model_4[1][0]                    
__________________________________________________________________________________________________
model_1 (Model)                 (None, 1)            1096193     model_3[1][0]                    
==================================================================================================
Total params: 4,474,034
Trainable params: 2,281,648
Non-trainable params: 2,192,386
__________________________________________________________________________________________________
Start CycleGAN training.
[Epoch 1/50] [Batch 0/516] [D loss: 0.092236, acc:  32%] [G loss: 15.923780, adv: -0.000424, cyc: 0.720440, id: 0.816813] time: 0:01:25.674108 
[Epoch 1/50] [Batch 100/516] [D loss: -0.302414, acc:   3%] [G loss: 15.234096, adv: -0.225513, cyc: 0.709898, id: 0.806384] time: 0:01:29.628133 
[Epoch 1/50] [Batch 200/516] [D loss: -1.966227, acc:   0%] [G loss: 11.464977, adv: -2.110516, cyc: 0.708023, id: 0.831112] time: 0:01:33.583684 
[Epoch 1/50] [Batch 300/516] [D loss: -3.455098, acc:   0%] [G loss: 6.266445, adv: -4.824982, cyc: 0.717586, id: 0.855045] time: 0:01:37.578488 
[Epoch 1/50] [Batch 400/516] [D loss: -3.417259, acc:   0%] [G loss: 6.239377, adv: -4.774709, cyc: 0.711602, id: 0.838746] time: 0:01:41.577065 
[Epoch 1/50] [Batch 500/516] [D loss: -3.100570, acc:   0%] [G loss: 5.854423, adv: -5.160958, cyc: 0.728629, id: 0.858119] time: 0:01:45.548373 
[Epoch 2/50] [Batch 0/516] [D loss: -3.112575, acc:   0%] [G loss: 6.112632, adv: -4.872506, cyc: 0.713642, id: 0.857192] time: 0:01:46.183165 
[Epoch 2/50] [Batch 100/516] [D loss: -3.113179, acc:   0%] [G loss: 6.863310, adv: -4.659356, cyc: 0.728122, id: 0.874339] time: 0:01:50.160990 
[Epoch 2/50] [Batch 200/516] [D loss: -3.511001, acc:   0%] [G loss: 8.985394, adv: -3.677263, cyc: 0.735406, id: 0.882290] time: 0:01:54.129320 
[Epoch 2/50] [Batch 300/516] [D loss: -3.534291, acc:   0%] [G loss: 9.668468, adv: -3.378278, cyc: 0.738878, id: 0.893554] time: 0:01:58.097850 
[Epoch 2/50] [Batch 400/516] [D loss: -3.275842, acc:   0%] [G loss: 9.049315, adv: -3.595431, cyc: 0.731371, id: 0.865323] time: 0:02:02.071287 
[Epoch 2/50] [Batch 500/516] [D loss: -3.365037, acc:   0%] [G loss: 9.193728, adv: -3.638650, cyc: 0.741307, id: 0.880259] time: 0:02:06.038050 
[Epoch 3/50] [Batch 0/516] [D loss: -3.016007, acc:   0%] [G loss: 8.272282, adv: -3.880557, cyc: 0.720554, id: 0.876360] time: 0:02:06.675174 
[Epoch 3/50] [Batch 100/516] [D loss: -3.044318, acc:   0%] [G loss: 8.230069, adv: -4.044969, cyc: 0.733697, id: 0.887312] time: 0:02:10.647521 
[Epoch 3/50] [Batch 200/516] [D loss: -3.430566, acc:   0%] [G loss: 9.958287, adv: -3.214252, cyc: 0.736692, id: 0.893507] time: 0:02:14.617037 
[Epoch 3/50] [Batch 300/516] [D loss: -3.529656, acc:   0%] [G loss: 10.652324, adv: -2.896852, cyc: 0.739319, id: 0.898384] time: 0:02:18.582184 
[Epoch 3/50] [Batch 400/516] [D loss: -3.292316, acc:   0%] [G loss: 10.284534, adv: -2.935809, cyc: 0.726322, id: 0.873958] time: 0:02:22.550455 
[Epoch 3/50] [Batch 500/516] [D loss: -3.760430, acc:   0%] [G loss: 11.723306, adv: -2.373214, cyc: 0.740426, id: 0.886258] time: 0:02:26.512479 
[Epoch 4/50] [Batch 0/516] [D loss: -3.231995, acc:   0%] [G loss: 9.654874, adv: -3.238994, cyc: 0.724745, id: 0.883742] time: 0:02:27.149451 
[Epoch 4/50] [Batch 100/516] [D loss: -3.033617, acc:   0%] [G loss: 10.083061, adv: -3.160037, cyc: 0.737164, id: 0.895135] time: 0:02:31.119237 
[Epoch 4/50] [Batch 200/516] [D loss: -2.874002, acc:   0%] [G loss: 9.940740, adv: -3.189983, cyc: 0.732851, id: 0.901304] time: 0:02:35.097413 
[Epoch 4/50] [Batch 300/516] [D loss: -3.768423, acc:   0%] [G loss: 11.744443, adv: -2.308404, cyc: 0.734532, id: 0.906105] time: 0:02:39.068268 
[Epoch 4/50] [Batch 400/516] [D loss: -3.602675, acc:   0%] [G loss: 11.798928, adv: -2.174291, cyc: 0.725532, id: 0.879831] time: 0:02:43.059559 
[Epoch 4/50] [Batch 500/516] [D loss: -3.169166, acc:   0%] [G loss: 10.297495, adv: -3.028314, cyc: 0.734277, id: 0.892940] time: 0:02:47.043719 
[Epoch 5/50] [Batch 0/516] [D loss: -2.710213, acc:   0%] [G loss: 9.154679, adv: -3.475441, cyc: 0.723040, id: 0.890445] time: 0:02:47.688499 
[Epoch 5/50] [Batch 100/516] [D loss: -2.316477, acc:   0%] [G loss: 8.214179, adv: -4.042048, cyc: 0.731696, id: 0.898351] time: 0:02:51.680288 
[Epoch 5/50] [Batch 200/516] [D loss: -3.876371, acc:   0%] [G loss: 12.406372, adv: -1.941116, cyc: 0.731062, id: 0.904751] time: 0:02:55.671591 
[Epoch 5/50] [Batch 300/516] [D loss: -3.687883, acc:   0%] [G loss: 11.832969, adv: -2.262673, cyc: 0.734279, id: 0.910514] time: 0:02:59.657648 
[Epoch 5/50] [Batch 400/516] [D loss: -3.263341, acc:   0%] [G loss: 11.323797, adv: -2.342013, cyc: 0.718192, id: 0.884757] time: 0:03:03.642941 
[Epoch 5/50] [Batch 500/516] [D loss: -3.345784, acc:   0%] [G loss: 11.616890, adv: -2.355613, cyc: 0.732817, id: 0.897808] time: 0:03:07.633124 
[Epoch 6/50] [Batch 0/516] [D loss: -3.732533, acc:   0%] [G loss: 12.232320, adv: -1.887417, cyc: 0.717773, id: 0.897420] time: 0:03:08.891746 
[Epoch 6/50] [Batch 100/516] [D loss: -3.176509, acc:   0%] [G loss: 10.803839, adv: -2.769097, cyc: 0.733781, id: 0.905000] time: 0:03:12.897574 
[Epoch 6/50] [Batch 200/516] [D loss: -3.208494, acc:   0%] [G loss: 11.494900, adv: -2.434823, cyc: 0.734359, id: 0.912614] time: 0:03:16.909675 
[Epoch 6/50] [Batch 300/516] [D loss: -2.730948, acc:   0%] [G loss: 9.440744, adv: -3.440633, cyc: 0.732407, id: 0.915646] time: 0:03:20.907401 
[Epoch 6/50] [Batch 400/516] [D loss: -3.185023, acc:   0%] [G loss: 11.458969, adv: -2.327818, cyc: 0.723147, id: 0.891365] time: 0:03:24.904463 
[Epoch 6/50] [Batch 500/516] [D loss: -3.923696, acc:   0%] [G loss: 13.111613, adv: -1.596613, cyc: 0.731512, id: 0.906547] time: 0:03:28.907677 
[Epoch 7/50] [Batch 0/516] [D loss: -3.423024, acc:   0%] [G loss: 11.974122, adv: -2.000547, cyc: 0.715957, id: 0.901086] time: 0:03:29.547103 
[Epoch 7/50] [Batch 100/516] [D loss: -2.932577, acc:   0%] [G loss: 10.022753, adv: -3.114345, cyc: 0.729208, id: 0.909950] time: 0:03:33.550002 
[Epoch 7/50] [Batch 200/516] [D loss: -2.938810, acc:   0%] [G loss: 11.152580, adv: -2.575135, cyc: 0.730923, id: 0.920155] time: 0:03:37.546180 
[Epoch 7/50] [Batch 300/516] [D loss: -3.250838, acc:   0%] [G loss: 10.825655, adv: -2.716956, cyc: 0.729123, id: 0.918727] time: 0:03:41.548465 
[Epoch 7/50] [Batch 400/516] [D loss: -2.848659, acc:   0%] [G loss: 10.221544, adv: -2.835667, cyc: 0.712279, id: 0.895110] time: 0:03:45.548508 
[Epoch 7/50] [Batch 500/516] [D loss: -3.385194, acc:   0%] [G loss: 12.340552, adv: -1.947793, cyc: 0.727675, id: 0.915381] time: 0:03:49.552457 
[Epoch 8/50] [Batch 0/516] [D loss: -2.314953, acc:   0%] [G loss: 9.075538, adv: -3.513634, cyc: 0.722221, id: 0.907714] time: 0:03:50.193806 
[Epoch 8/50] [Batch 100/516] [D loss: -3.183171, acc:   0%] [G loss: 10.489853, adv: -2.764659, cyc: 0.717574, id: 0.916733] time: 0:03:54.191959 
[Epoch 8/50] [Batch 200/516] [D loss: -2.291188, acc:   0%] [G loss: 9.037947, adv: -3.493864, cyc: 0.717332, id: 0.923997] time: 0:03:58.206794 
[Epoch 8/50] [Batch 300/516] [D loss: -3.525509, acc:   0%] [G loss: 12.203023, adv: -1.973608, cyc: 0.723128, id: 0.929989] time: 0:04:02.257760 
[Epoch 8/50] [Batch 400/516] [D loss: -3.172792, acc:   0%] [G loss: 11.591959, adv: -2.178997, cyc: 0.714867, id: 0.901012] time: 0:04:06.266086 
[Epoch 8/50] [Batch 500/516] [D loss: -3.338007, acc:   0%] [G loss: 11.391276, adv: -2.436950, cyc: 0.728895, id: 0.921287] time: 0:04:10.261048 
[Epoch 9/50] [Batch 0/516] [D loss: -2.558903, acc:   0%] [G loss: 9.242861, adv: -3.321314, cyc: 0.711210, id: 0.916850] time: 0:04:10.900398 
[Epoch 9/50] [Batch 100/516] [D loss: -3.116945, acc:   0%] [G loss: 11.004257, adv: -2.522610, cyc: 0.718863, id: 0.920452] time: 0:04:14.899161 
[Epoch 9/50] [Batch 200/516] [D loss: -2.920530, acc:   0%] [G loss: 10.816266, adv: -2.626420, cyc: 0.719223, id: 0.926011] time: 0:04:18.901744 
[Epoch 9/50] [Batch 300/516] [D loss: -2.769851, acc:   0%] [G loss: 9.731149, adv: -3.182556, cyc: 0.720616, id: 0.933423] time: 0:04:22.897189 
[Epoch 9/50] [Batch 400/516] [D loss: -2.631643, acc:   0%] [G loss: 9.323548, adv: -3.291957, cyc: 0.712463, id: 0.909450] time: 0:04:26.897682 
[Epoch 9/50] [Batch 500/516] [D loss: -3.173885, acc:   0%] [G loss: 11.330890, adv: -2.383585, cyc: 0.720747, id: 0.923921] time: 0:04:30.890604 
[Epoch 10/50] [Batch 0/516] [D loss: -4.081573, acc:   0%] [G loss: 13.708139, adv: -1.075626, cyc: 0.709690, id: 0.922069] time: 0:04:31.529120 
[Epoch 10/50] [Batch 100/516] [D loss: -3.560880, acc:   0%] [G loss: 13.246805, adv: -1.400797, cyc: 0.718808, id: 0.922140] time: 0:04:35.526456 
[Epoch 10/50] [Batch 200/516] [D loss: -2.978074, acc:   0%] [G loss: 11.155344, adv: -2.477075, cyc: 0.721099, id: 0.933865] time: 0:04:39.524015 
[Epoch 10/50] [Batch 300/516] [D loss: -3.418159, acc:   0%] [G loss: 12.396687, adv: -1.860047, cyc: 0.721255, id: 0.942074] time: 0:04:43.523176 
[Epoch 10/50] [Batch 400/516] [D loss: -2.909702, acc:   0%] [G loss: 10.616248, adv: -2.662028, cyc: 0.714034, id: 0.913361] time: 0:04:47.522482 
[Epoch 10/50] [Batch 500/516] [D loss: -3.375541, acc:   0%] [G loss: 11.640176, adv: -2.249538, cyc: 0.722118, id: 0.938219] time: 0:04:51.520139 
[Epoch 11/50] [Batch 0/516] [D loss: -2.769333, acc:   0%] [G loss: 10.827733, adv: -2.521716, cyc: 0.710218, id: 0.929008] time: 0:04:52.544865 
[Epoch 11/50] [Batch 100/516] [D loss: -3.155282, acc:   0%] [G loss: 11.160237, adv: -2.415170, cyc: 0.715701, id: 0.932203] time: 0:04:56.545619 
[Epoch 11/50] [Batch 200/516] [D loss: -2.971211, acc:   0%] [G loss: 11.359398, adv: -2.385222, cyc: 0.721796, id: 0.939919] time: 0:05:00.548584 
[Epoch 11/50] [Batch 300/516] [D loss: -3.275758, acc:   0%] [G loss: 11.908111, adv: -2.095556, cyc: 0.720132, id: 0.950784] time: 0:05:04.544935 
[Epoch 11/50] [Batch 400/516] [D loss: -3.032333, acc:   0%] [G loss: 11.293994, adv: -2.356491, cyc: 0.716985, id: 0.924745] time: 0:05:08.541019 
[Epoch 11/50] [Batch 500/516] [D loss: -3.153046, acc:   0%] [G loss: 11.538794, adv: -2.247135, cyc: 0.716733, id: 0.941710] time: 0:05:12.539735 
[Epoch 12/50] [Batch 0/516] [D loss: -3.161666, acc:   0%] [G loss: 11.938119, adv: -1.947231, cyc: 0.708052, id: 0.937347] time: 0:05:13.179705 
[Epoch 12/50] [Batch 100/516] [D loss: -3.408774, acc:   0%] [G loss: 12.517028, adv: -1.779237, cyc: 0.719502, id: 0.937153] time: 0:05:17.181461 
[Epoch 12/50] [Batch 200/516] [D loss: -3.100667, acc:   0%] [G loss: 11.552477, adv: -2.310939, cyc: 0.723931, id: 0.946473] time: 0:05:21.179335 
[Epoch 12/50] [Batch 300/516] [D loss: -3.164521, acc:   0%] [G loss: 11.088276, adv: -2.503724, cyc: 0.719532, id: 0.959998] time: 0:05:25.183533 
[Epoch 12/50] [Batch 400/516] [D loss: -2.938254, acc:   0%] [G loss: 11.437029, adv: -2.218962, cyc: 0.709905, id: 0.931741] time: 0:05:29.176891 
[Epoch 12/50] [Batch 500/516] [D loss: -2.576234, acc:   0%] [G loss: 9.681548, adv: -3.153396, cyc: 0.714374, id: 0.947282] time: 0:05:33.170276 
[Epoch 13/50] [Batch 0/516] [D loss: -3.318771, acc:   1%] [G loss: 12.318292, adv: -1.736086, cyc: 0.705881, id: 0.936975] time: 0:05:33.809651 
[Epoch 13/50] [Batch 100/516] [D loss: -3.098351, acc:   0%] [G loss: 10.881082, adv: -2.500403, cyc: 0.709650, id: 0.943180] time: 0:05:37.808365 
[Epoch 13/50] [Batch 200/516] [D loss: -3.311351, acc:   0%] [G loss: 11.707708, adv: -2.099721, cyc: 0.710551, id: 0.947832] time: 0:05:41.803715 
[Epoch 13/50] [Batch 300/516] [D loss: -2.962629, acc:   0%] [G loss: 10.979831, adv: -2.499689, cyc: 0.713570, id: 0.962831] time: 0:05:45.813405 
[Epoch 13/50] [Batch 400/516] [D loss: -3.436800, acc:   0%] [G loss: 12.584394, adv: -1.604150, cyc: 0.705812, id: 0.935275] time: 0:05:49.806719 
[Epoch 13/50] [Batch 500/516] [D loss: -3.620697, acc:   0%] [G loss: 12.528100, adv: -1.691165, cyc: 0.710169, id: 0.957704] time: 0:05:53.808740 
[Epoch 14/50] [Batch 0/516] [D loss: -3.140410, acc:   0%] [G loss: 11.810699, adv: -2.020407, cyc: 0.708069, id: 0.955229] time: 0:05:54.447546 
[Epoch 14/50] [Batch 100/516] [D loss: -3.003683, acc:   0%] [G loss: 11.480022, adv: -2.157797, cyc: 0.704978, id: 0.949487] time: 0:05:58.439178 
[Epoch 14/50] [Batch 200/516] [D loss: -3.258421, acc:   0%] [G loss: 11.585965, adv: -2.251343, cyc: 0.719124, id: 0.959977] time: 0:06:02.429834 
[Epoch 14/50] [Batch 300/516] [D loss: -2.896696, acc:   0%] [G loss: 10.578526, adv: -2.708467, cyc: 0.714108, id: 0.971595] time: 0:06:06.424763 
[Epoch 14/50] [Batch 400/516] [D loss: -3.517284, acc:   0%] [G loss: 12.721582, adv: -1.542697, cyc: 0.705821, id: 0.947103] time: 0:06:10.419357 
[Epoch 14/50] [Batch 500/516] [D loss: -3.198203, acc:   0%] [G loss: 11.627703, adv: -2.126796, cyc: 0.707971, id: 0.970017] time: 0:06:14.414165 
[Epoch 15/50] [Batch 0/516] [D loss: -2.986557, acc:   0%] [G loss: 11.681526, adv: -2.049700, cyc: 0.704452, id: 0.959247] time: 0:06:15.053310 
[Epoch 15/50] [Batch 100/516] [D loss: -2.851534, acc:   0%] [G loss: 10.704229, adv: -2.570351, cyc: 0.707171, id: 0.958117] time: 0:06:19.048429 
[Epoch 15/50] [Batch 200/516] [D loss: -2.029835, acc:   0%] [G loss: 7.861047, adv: -4.061948, cyc: 0.713880, id: 0.964717] time: 0:06:23.048598 
[Epoch 15/50] [Batch 300/516] [D loss: -3.016324, acc:   0%] [G loss: 10.848747, adv: -2.594954, cyc: 0.715943, id: 0.979044] time: 0:06:27.042855 
[Epoch 15/50] [Batch 400/516] [D loss: -3.071080, acc:   0%] [G loss: 11.361385, adv: -2.155585, cyc: 0.698694, id: 0.958706] time: 0:06:31.034935 
[Epoch 15/50] [Batch 500/516] [D loss: -2.783450, acc:   0%] [G loss: 10.480488, adv: -2.703396, cyc: 0.708306, id: 0.968870] time: 0:06:35.034396 
[Epoch 16/50] [Batch 0/516] [D loss: -2.987711, acc:   1%] [G loss: 11.230853, adv: -2.264475, cyc: 0.702956, id: 0.967932] time: 0:06:35.908184 
[Epoch 16/50] [Batch 100/516] [D loss: -2.936995, acc:   0%] [G loss: 10.450645, adv: -2.663943, cyc: 0.703180, id: 0.970227] time: 0:06:39.906149 
[Epoch 16/50] [Batch 200/516] [D loss: -2.886716, acc:   0%] [G loss: 10.436769, adv: -2.730751, cyc: 0.709019, id: 0.977482] time: 0:06:43.914020 
[Epoch 16/50] [Batch 300/516] [D loss: -2.957133, acc:   2%] [G loss: 11.217303, adv: -2.395112, cyc: 0.713699, id: 0.992744] time: 0:06:47.907614 
[Epoch 16/50] [Batch 400/516] [D loss: -3.265505, acc:   3%] [G loss: 11.973429, adv: -1.819180, cyc: 0.695400, id: 0.965582] time: 0:06:51.904047 
[Epoch 16/50] [Batch 500/516] [D loss: -2.930645, acc:   0%] [G loss: 11.269753, adv: -2.327831, cyc: 0.709670, id: 0.981597] time: 0:06:55.902374 
[Epoch 17/50] [Batch 0/516] [D loss: -3.234618, acc:   3%] [G loss: 11.980887, adv: -1.839128, cyc: 0.697530, id: 0.974795] time: 0:06:56.541009 
[Epoch 17/50] [Batch 100/516] [D loss: -2.328702, acc:   0%] [G loss: 9.247554, adv: -3.273830, cyc: 0.703858, id: 0.974446] time: 0:07:00.537017 
[Epoch 17/50] [Batch 200/516] [D loss: -2.961942, acc:   0%] [G loss: 11.289609, adv: -2.276798, cyc: 0.705943, id: 0.984876] time: 0:07:04.538358 
[Epoch 17/50] [Batch 300/516] [D loss: -1.784672, acc:   0%] [G loss: 7.072805, adv: -4.454030, cyc: 0.711879, id: 1.002684] time: 0:07:08.537109 
[Epoch 17/50] [Batch 400/516] [D loss: -2.706419, acc:   1%] [G loss: 10.393372, adv: -2.600520, cyc: 0.693768, id: 0.981256] time: 0:07:12.537112 
[Epoch 17/50] [Batch 500/516] [D loss: -3.391263, acc:   1%] [G loss: 11.758535, adv: -2.013900, cyc: 0.702039, id: 0.996214] time: 0:07:16.534361 
[Epoch 18/50] [Batch 0/516] [D loss: -3.101617, acc:   2%] [G loss: 11.608786, adv: -2.019851, cyc: 0.696196, id: 0.992942] time: 0:07:17.173526 
[Epoch 18/50] [Batch 100/516] [D loss: -3.442698, acc:   7%] [G loss: 10.832435, adv: -2.407001, cyc: 0.695798, id: 0.986521] time: 0:07:21.175756 
[Epoch 18/50] [Batch 200/516] [D loss: -3.490875, acc:   2%] [G loss: 11.022693, adv: -2.415343, cyc: 0.704568, id: 1.020912] time: 0:07:25.173108 
[Epoch 18/50] [Batch 300/516] [D loss: -3.077984, acc:   0%] [G loss: 9.444345, adv: -3.243288, cyc: 0.707929, id: 1.030131] time: 0:07:29.180663 
[Epoch 18/50] [Batch 400/516] [D loss: -3.341992, acc:   1%] [G loss: 10.404673, adv: -2.570746, cyc: 0.690136, id: 1.001500] time: 0:07:33.186251 
[Epoch 18/50] [Batch 500/516] [D loss: -2.958867, acc:   2%] [G loss: 9.723638, adv: -3.127879, cyc: 0.710585, id: 1.016630] time: 0:07:37.188074 
[Epoch 19/50] [Batch 0/516] [D loss: -3.189488, acc:   0%] [G loss: 10.372061, adv: -2.628739, cyc: 0.694267, id: 1.009083] time: 0:07:37.829819 
[Epoch 19/50] [Batch 100/516] [D loss: -3.211820, acc:   1%] [G loss: 10.984176, adv: -2.459774, cyc: 0.708150, id: 0.994998] time: 0:07:41.827586 
[Epoch 19/50] [Batch 200/516] [D loss: -3.582046, acc:   3%] [G loss: 12.438541, adv: -1.721648, cyc: 0.706457, id: 1.007980] time: 0:07:45.832997 
[Epoch 19/50] [Batch 300/516] [D loss: -3.130074, acc:   0%] [G loss: 11.222125, adv: -2.409781, cyc: 0.713836, id: 1.022234] time: 0:07:49.832391 
[Epoch 19/50] [Batch 400/516] [D loss: -2.732345, acc:   5%] [G loss: 10.101348, adv: -2.814551, cyc: 0.699499, id: 0.997325] time: 0:07:53.826548 
[Epoch 19/50] [Batch 500/516] [D loss: -2.886663, acc:   0%] [G loss: 10.951443, adv: -2.571058, cyc: 0.715888, id: 1.021301] time: 0:07:57.821573 
[Epoch 20/50] [Batch 0/516] [D loss: -2.852545, acc:   1%] [G loss: 11.091747, adv: -2.373765, cyc: 0.704517, id: 1.012727] time: 0:07:58.459777 
[Epoch 20/50] [Batch 100/516] [D loss: -2.890688, acc:   2%] [G loss: 10.970527, adv: -2.512618, cyc: 0.712400, id: 1.003924] time: 0:08:02.462639 
[Epoch 20/50] [Batch 200/516] [D loss: -2.808736, acc:   2%] [G loss: 10.376163, adv: -2.804598, cyc: 0.711446, id: 1.014539] time: 0:08:06.459289 
[Epoch 20/50] [Batch 300/516] [D loss: -3.040541, acc:   0%] [G loss: 11.005662, adv: -2.536468, cyc: 0.715726, id: 1.024000] time: 0:08:10.460412 
[Epoch 20/50] [Batch 400/516] [D loss: -2.865791, acc:   3%] [G loss: 11.135521, adv: -2.338169, cyc: 0.703420, id: 1.005433] time: 0:08:14.458785 
[Epoch 20/50] [Batch 500/516] [D loss: -2.268738, acc:   0%] [G loss: 9.973825, adv: -3.098585, cyc: 0.719512, id: 1.027479] time: 0:08:18.463174 
[Epoch 21/50] [Batch 0/516] [D loss: -2.563824, acc:   0%] [G loss: 9.891155, adv: -2.911900, cyc: 0.698477, id: 1.010021] time: 0:08:19.705741 
[Epoch 21/50] [Batch 100/516] [D loss: -3.222232, acc:   5%] [G loss: 11.806838, adv: -2.118928, cyc: 0.714400, id: 1.010454] time: 0:08:23.705004 
[Epoch 21/50] [Batch 200/516] [D loss: -3.033075, acc:   1%] [G loss: 12.188879, adv: -1.912341, cyc: 0.712998, id: 1.011706] time: 0:08:27.704185 
[Epoch 21/50] [Batch 300/516] [D loss: -2.590222, acc:   2%] [G loss: 10.218619, adv: -2.881109, cyc: 0.710907, id: 1.024005] time: 0:08:31.696657 
[Epoch 21/50] [Batch 400/516] [D loss: -2.469234, acc:   2%] [G loss: 10.142038, adv: -2.844465, cyc: 0.704298, id: 1.007875] time: 0:08:35.689363 
[Epoch 21/50] [Batch 500/516] [D loss: -2.378284, acc:   0%] [G loss: 10.494409, adv: -2.849870, cyc: 0.720868, id: 1.024620] time: 0:08:39.679840 
[Epoch 22/50] [Batch 0/516] [D loss: -2.234156, acc:   0%] [G loss: 8.917322, adv: -3.423521, cyc: 0.700680, id: 1.014239] time: 0:08:40.320110 
[Epoch 22/50] [Batch 100/516] [D loss: -3.013032, acc:   3%] [G loss: 11.477890, adv: -2.317335, cyc: 0.717906, id: 1.011203] time: 0:08:44.325119 
[Epoch 22/50] [Batch 200/516] [D loss: -3.244038, acc:   0%] [G loss: 12.500050, adv: -1.792335, cyc: 0.716107, id: 1.019007] time: 0:08:48.313712 
[Epoch 22/50] [Batch 300/516] [D loss: -2.544695, acc:   0%] [G loss: 9.932137, adv: -3.097279, cyc: 0.717754, id: 1.033516] time: 0:08:52.304936 
[Epoch 22/50] [Batch 400/516] [D loss: -2.470241, acc:   3%] [G loss: 10.462303, adv: -2.656871, cyc: 0.701170, id: 1.015055] time: 0:08:56.300162 
[Epoch 22/50] [Batch 500/516] [D loss: -2.026664, acc:   0%] [G loss: 9.024024, adv: -3.556256, cyc: 0.717924, id: 1.027830] time: 0:09:00.291292 
[Epoch 23/50] [Batch 0/516] [D loss: -2.543923, acc:   0%] [G loss: 10.100905, adv: -2.837929, cyc: 0.701543, id: 1.012876] time: 0:09:00.931578 
[Epoch 23/50] [Batch 100/516] [D loss: -2.680195, acc:   2%] [G loss: 11.135081, adv: -2.472547, cyc: 0.716157, id: 1.014788] time: 0:09:04.926548 
[Epoch 23/50] [Batch 200/516] [D loss: -2.472056, acc:   0%] [G loss: 10.273039, adv: -2.898931, cyc: 0.715052, id: 1.028864] time: 0:09:08.918629 
[Epoch 23/50] [Batch 300/516] [D loss: -2.642760, acc:   0%] [G loss: 10.098490, adv: -3.013205, cyc: 0.717628, id: 1.032874] time: 0:09:12.919669 
[Epoch 23/50] [Batch 400/516] [D loss: -3.107137, acc:   4%] [G loss: 12.337708, adv: -1.690689, cyc: 0.698208, id: 1.016877] time: 0:09:16.912322 
[Epoch 23/50] [Batch 500/516] [D loss: -2.652076, acc:   4%] [G loss: 10.494268, adv: -2.772961, cyc: 0.713045, id: 1.031458] time: 0:09:20.908645 
[Epoch 24/50] [Batch 0/516] [D loss: -2.677994, acc:   0%] [G loss: 10.804587, adv: -2.543194, cyc: 0.707045, id: 1.020831] time: 0:09:21.550717 
[Epoch 24/50] [Batch 100/516] [D loss: -2.729152, acc:   0%] [G loss: 11.299212, adv: -2.426848, cyc: 0.719606, id: 1.019955] time: 0:09:25.547487 
[Epoch 24/50] [Batch 200/516] [D loss: -2.592055, acc:   0%] [G loss: 10.795071, adv: -2.656489, cyc: 0.717115, id: 1.026662] time: 0:09:29.543520 
[Epoch 24/50] [Batch 300/516] [D loss: -2.694589, acc:   0%] [G loss: 10.589083, adv: -2.770961, cyc: 0.717951, id: 1.033862] time: 0:09:33.544216 
[Epoch 24/50] [Batch 400/516] [D loss: -2.559949, acc:   0%] [G loss: 10.955713, adv: -2.487691, cyc: 0.708693, id: 1.020166] time: 0:09:37.544929 
[Epoch 24/50] [Batch 500/516] [D loss: -2.406163, acc:   1%] [G loss: 10.154655, adv: -3.037503, cyc: 0.722227, id: 1.035323] time: 0:09:41.540402 
[Epoch 25/50] [Batch 0/516] [D loss: -2.343500, acc:   0%] [G loss: 9.971170, adv: -2.989577, cyc: 0.710022, id: 1.021263] time: 0:09:42.179354 
[Epoch 25/50] [Batch 100/516] [D loss: -2.567663, acc:   3%] [G loss: 10.514857, adv: -2.795029, cyc: 0.717031, id: 1.022330] time: 0:09:46.176605 
[Epoch 25/50] [Batch 200/516] [D loss: -2.321260, acc:   0%] [G loss: 10.291078, adv: -2.919200, cyc: 0.718155, id: 1.028362] time: 0:09:50.166128 
[Epoch 25/50] [Batch 300/516] [D loss: -2.862833, acc:   0%] [G loss: 10.931950, adv: -2.616558, cyc: 0.719462, id: 1.038029] time: 0:09:54.160663 
[Epoch 25/50] [Batch 400/516] [D loss: -2.513093, acc:   1%] [G loss: 10.726795, adv: -2.633854, cyc: 0.711672, id: 1.023082] time: 0:09:58.155133 
[Epoch 25/50] [Batch 500/516] [D loss: -2.507511, acc:   1%] [G loss: 10.850182, adv: -2.741403, cyc: 0.727332, id: 1.036864] time: 0:10:02.149340 
[Epoch 26/50] [Batch 0/516] [D loss: -2.807910, acc:   0%] [G loss: 11.727793, adv: -2.119001, cyc: 0.710144, id: 1.033809] time: 0:10:03.043159 
[Epoch 26/50] [Batch 100/516] [D loss: -2.700408, acc:   2%] [G loss: 10.847435, adv: -2.671800, cyc: 0.721207, id: 1.025033] time: 0:10:07.064161 
[Epoch 26/50] [Batch 200/516] [D loss: -2.858187, acc:   0%] [G loss: 11.449314, adv: -2.371289, cyc: 0.721002, id: 1.035571] time: 0:10:11.080758 
[Epoch 26/50] [Batch 300/516] [D loss: -2.289251, acc:   0%] [G loss: 9.583702, adv: -3.333209, cyc: 0.723661, id: 1.038563] time: 0:10:15.095343 
[Epoch 26/50] [Batch 400/516] [D loss: -1.680951, acc:   0%] [G loss: 8.098740, adv: -3.962596, cyc: 0.713080, id: 1.025316] time: 0:10:19.112622 
[Epoch 26/50] [Batch 500/516] [D loss: -2.440605, acc:   0%] [G loss: 10.458586, adv: -2.915718, cyc: 0.725198, id: 1.039308] time: 0:10:23.130452 
[Epoch 27/50] [Batch 0/516] [D loss: -2.863080, acc:   0%] [G loss: 11.323414, adv: -2.309865, cyc: 0.709396, id: 1.026193] time: 0:10:23.773802 
[Epoch 27/50] [Batch 100/516] [D loss: -2.371369, acc:   2%] [G loss: 9.468339, adv: -3.322651, cyc: 0.717259, id: 1.027561] time: 0:10:27.788322 
[Epoch 27/50] [Batch 200/516] [D loss: -2.372119, acc:   0%] [G loss: 10.639764, adv: -2.741613, cyc: 0.717355, id: 1.040250] time: 0:10:31.804588 
[Epoch 27/50] [Batch 300/516] [D loss: -2.498194, acc:   0%] [G loss: 10.232651, adv: -3.023521, cyc: 0.725100, id: 1.041770] time: 0:10:35.825182 
[Epoch 27/50] [Batch 400/516] [D loss: -2.352497, acc:   3%] [G loss: 10.574123, adv: -2.704080, cyc: 0.711331, id: 1.020725] time: 0:10:39.842379 
[Epoch 27/50] [Batch 500/516] [D loss: -2.534596, acc:   1%] [G loss: 10.393513, adv: -2.977377, cyc: 0.727990, id: 1.043703] time: 0:10:43.869835 
[Epoch 28/50] [Batch 0/516] [D loss: -2.704469, acc:   0%] [G loss: 11.399441, adv: -2.317189, cyc: 0.714175, id: 1.024895] time: 0:10:44.512462 
[Epoch 28/50] [Batch 100/516] [D loss: -2.773215, acc:   1%] [G loss: 10.675291, adv: -2.700499, cyc: 0.715277, id: 1.031045] time: 0:10:48.523683 
[Epoch 28/50] [Batch 200/516] [D loss: -2.282865, acc:   0%] [G loss: 9.418417, adv: -3.390794, cyc: 0.721601, id: 1.032650] time: 0:10:52.541136 
[Epoch 28/50] [Batch 300/516] [D loss: -2.939022, acc:   0%] [G loss: 11.508742, adv: -2.365422, cyc: 0.722715, id: 1.049711] time: 0:10:56.558743 
[Epoch 28/50] [Batch 400/516] [D loss: -2.324466, acc:   0%] [G loss: 10.277472, adv: -2.911020, cyc: 0.717151, id: 1.023498] time: 0:11:00.568380 
[Epoch 28/50] [Batch 500/516] [D loss: -2.492159, acc:   2%] [G loss: 10.318379, adv: -2.996732, cyc: 0.726310, id: 1.042515] time: 0:11:04.586372 
[Epoch 29/50] [Batch 0/516] [D loss: -2.547520, acc:   0%] [G loss: 11.200422, adv: -2.462533, cyc: 0.718342, id: 1.035001] time: 0:11:05.228824 
[Epoch 29/50] [Batch 100/516] [D loss: -2.440698, acc:   1%] [G loss: 9.834060, adv: -3.150150, cyc: 0.718213, id: 1.032056] time: 0:11:09.240977 
[Epoch 29/50] [Batch 200/516] [D loss: -2.747046, acc:   0%] [G loss: 10.985053, adv: -2.615507, cyc: 0.721882, id: 1.043713] time: 0:11:13.266168 
[Epoch 29/50] [Batch 300/516] [D loss: -2.417957, acc:   0%] [G loss: 10.109507, adv: -3.080104, cyc: 0.724278, id: 1.049725] time: 0:11:17.287219 
[Epoch 29/50] [Batch 400/516] [D loss: -2.459898, acc:   1%] [G loss: 10.800265, adv: -2.642036, cyc: 0.715940, id: 1.032936] time: 0:11:21.306971 
[Epoch 29/50] [Batch 500/516] [D loss: -2.561562, acc:   0%] [G loss: 10.740282, adv: -2.802928, cyc: 0.727743, id: 1.047171] time: 0:11:25.329314 
[Epoch 30/50] [Batch 0/516] [D loss: -2.188585, acc:   0%] [G loss: 9.694932, adv: -3.164191, cyc: 0.713106, id: 1.037754] time: 0:11:25.971932 
[Epoch 30/50] [Batch 100/516] [D loss: -2.252528, acc:   3%] [G loss: 9.804686, adv: -3.188540, cyc: 0.720980, id: 1.024150] time: 0:11:29.982771 
[Epoch 30/50] [Batch 200/516] [D loss: -2.153044, acc:   0%] [G loss: 9.625239, adv: -3.351647, cyc: 0.727414, id: 1.046308] time: 0:11:34.003825 
[Epoch 30/50] [Batch 300/516] [D loss: -2.418332, acc:   0%] [G loss: 9.615197, adv: -3.306239, cyc: 0.722375, id: 1.047524] time: 0:11:38.023052 
[Epoch 30/50] [Batch 400/516] [D loss: -2.104319, acc:   1%] [G loss: 9.469587, adv: -3.311374, cyc: 0.716259, id: 1.035314] time: 0:11:42.041561 
[Epoch 30/50] [Batch 500/516] [D loss: -2.344796, acc:   0%] [G loss: 9.878438, adv: -3.317379, cyc: 0.735714, id: 1.053744] time: 0:11:46.058626 
[Epoch 31/50] [Batch 0/516] [D loss: -2.517224, acc:   0%] [G loss: 10.201768, adv: -2.910229, cyc: 0.713263, id: 1.035203] time: 0:11:46.913429 
[Epoch 31/50] [Batch 100/516] [D loss: -2.778261, acc:   2%] [G loss: 10.917791, adv: -2.665346, cyc: 0.723784, id: 1.036333] time: 0:11:50.934617 
[Epoch 31/50] [Batch 200/516] [D loss: -2.178852, acc:   0%] [G loss: 9.715121, adv: -3.262277, cyc: 0.723122, id: 1.043864] time: 0:11:54.955596 
[Epoch 31/50] [Batch 300/516] [D loss: -2.577763, acc:   0%] [G loss: 10.494633, adv: -2.935766, cyc: 0.729076, id: 1.050187] time: 0:11:58.972996 
[Epoch 31/50] [Batch 400/516] [D loss: -2.253733, acc:   1%] [G loss: 10.739564, adv: -2.730140, cyc: 0.721469, id: 1.038197] time: 0:12:02.997548 
[Epoch 31/50] [Batch 500/516] [D loss: -2.374811, acc:   2%] [G loss: 10.443923, adv: -3.013440, cyc: 0.733828, id: 1.050178] time: 0:12:07.020107 
[Epoch 32/50] [Batch 0/516] [D loss: -2.662486, acc:   0%] [G loss: 11.270809, adv: -2.343711, cyc: 0.709958, id: 1.039728] time: 0:12:07.663816 
[Epoch 32/50] [Batch 100/516] [D loss: -2.732082, acc:   2%] [G loss: 11.208431, adv: -2.573638, cyc: 0.729254, id: 1.035304] time: 0:12:11.683124 
[Epoch 32/50] [Batch 200/516] [D loss: -2.572890, acc:   0%] [G loss: 10.669056, adv: -2.767372, cyc: 0.721003, id: 1.053330] time: 0:12:15.704451 
[Epoch 32/50] [Batch 300/516] [D loss: -2.459032, acc:   0%] [G loss: 10.196101, adv: -3.013553, cyc: 0.721809, id: 1.054738] time: 0:12:19.721421 
[Epoch 32/50] [Batch 400/516] [D loss: -2.657633, acc:   0%] [G loss: 11.140285, adv: -2.495201, cyc: 0.718206, id: 1.034230] time: 0:12:23.740294 
[Epoch 32/50] [Batch 500/516] [D loss: -2.492246, acc:   1%] [G loss: 10.454359, adv: -3.001842, cyc: 0.733108, id: 1.054449] time: 0:12:27.755686 
[Epoch 33/50] [Batch 0/516] [D loss: -2.533388, acc:   1%] [G loss: 10.577177, adv: -2.765720, cyc: 0.717537, id: 1.038522] time: 0:12:28.398385 
[Epoch 33/50] [Batch 100/516] [D loss: -2.581122, acc:   1%] [G loss: 10.882062, adv: -2.661124, cyc: 0.721563, id: 1.036089] time: 0:12:32.416628 
[Epoch 33/50] [Batch 200/516] [D loss: -2.512868, acc:   0%] [G loss: 11.137579, adv: -2.565145, cyc: 0.724262, id: 1.053408] time: 0:12:36.437389 
[Epoch 33/50] [Batch 300/516] [D loss: -2.088476, acc:   0%] [G loss: 9.076313, adv: -3.568796, cyc: 0.721357, id: 1.055739] time: 0:12:40.453187 
[Epoch 33/50] [Batch 400/516] [D loss: -2.170608, acc:   1%] [G loss: 10.118830, adv: -2.968928, cyc: 0.714306, id: 1.041079] time: 0:12:44.472491 
[Epoch 33/50] [Batch 500/516] [D loss: -2.175807, acc:   0%] [G loss: 10.170685, adv: -3.109398, cyc: 0.729751, id: 1.053567] time: 0:12:48.504235 
[Epoch 34/50] [Batch 0/516] [D loss: -2.294890, acc:   0%] [G loss: 9.997786, adv: -3.103351, cyc: 0.722287, id: 1.038828] time: 0:12:49.147960 
[Epoch 34/50] [Batch 100/516] [D loss: -2.169197, acc:   0%] [G loss: 9.559772, adv: -3.327788, cyc: 0.722282, id: 1.034602] time: 0:12:53.171858 
[Epoch 34/50] [Batch 200/516] [D loss: -2.285249, acc:   0%] [G loss: 10.298553, adv: -2.968662, cyc: 0.722892, id: 1.048308] time: 0:12:57.190638 
[Epoch 34/50] [Batch 300/516] [D loss: -2.271983, acc:   0%] [G loss: 9.512611, adv: -3.394860, cyc: 0.725518, id: 1.061057] time: 0:13:01.218813 
[Epoch 34/50] [Batch 400/516] [D loss: -2.519843, acc:   3%] [G loss: 10.721791, adv: -2.669998, cyc: 0.714495, id: 1.042368] time: 0:13:05.242432 
[Epoch 34/50] [Batch 500/516] [D loss: -2.117712, acc:   0%] [G loss: 9.605866, adv: -3.406967, cyc: 0.731282, id: 1.053878] time: 0:13:09.265017 
[Epoch 35/50] [Batch 0/516] [D loss: -1.904864, acc:   0%] [G loss: 9.455821, adv: -3.329911, cyc: 0.717687, id: 1.042041] time: 0:13:09.908564 
[Epoch 35/50] [Batch 100/516] [D loss: -2.321015, acc:   1%] [G loss: 9.556598, adv: -3.304511, cyc: 0.719767, id: 1.035993] time: 0:13:13.937525 
[Epoch 35/50] [Batch 200/516] [D loss: -2.371576, acc:   0%] [G loss: 10.365320, adv: -2.996783, cyc: 0.728834, id: 1.052191] time: 0:13:17.959094 
[Epoch 35/50] [Batch 300/516] [D loss: -2.423581, acc:   0%] [G loss: 9.933572, adv: -3.135826, cyc: 0.720770, id: 1.058989] time: 0:13:21.976666 
[Epoch 35/50] [Batch 400/516] [D loss: -1.975834, acc:   0%] [G loss: 9.751438, adv: -3.185369, cyc: 0.717455, id: 1.043520] time: 0:13:25.999076 
[Epoch 35/50] [Batch 500/516] [D loss: -2.171744, acc:   1%] [G loss: 9.756941, adv: -3.362887, cyc: 0.734293, id: 1.058737] time: 0:13:30.025569 
[Epoch 36/50] [Batch 0/516] [D loss: -1.917628, acc:   0%] [G loss: 9.298285, adv: -3.434623, cyc: 0.720099, id: 1.045803] time: 0:13:30.914253 
[Epoch 36/50] [Batch 100/516] [D loss: -2.427223, acc:   0%] [G loss: 10.254460, adv: -2.984963, cyc: 0.722456, id: 1.042522] time: 0:13:34.936554 
[Epoch 36/50] [Batch 200/516] [D loss: -2.416044, acc:   0%] [G loss: 10.570199, adv: -2.840634, cyc: 0.723325, id: 1.055628] time: 0:13:38.954939 
[Epoch 36/50] [Batch 300/516] [D loss: -1.820692, acc:   0%] [G loss: 8.702166, adv: -3.798063, cyc: 0.725186, id: 1.063591] time: 0:13:42.975213 
[Epoch 36/50] [Batch 400/516] [D loss: -2.391903, acc:   0%] [G loss: 11.001500, adv: -2.555802, cyc: 0.717031, id: 1.044181] time: 0:13:46.996778 
[Epoch 36/50] [Batch 500/516] [D loss: -1.914981, acc:   1%] [G loss: 9.718194, adv: -3.395073, cyc: 0.735617, id: 1.058788] time: 0:13:51.012933 
[Epoch 37/50] [Batch 0/516] [D loss: -2.422514, acc:   0%] [G loss: 10.136770, adv: -3.009812, cyc: 0.719570, id: 1.045950] time: 0:13:51.655919 
[Epoch 37/50] [Batch 100/516] [D loss: -2.578964, acc:   0%] [G loss: 10.319998, adv: -2.941995, cyc: 0.721358, id: 1.044355] time: 0:13:55.674144 
[Epoch 37/50] [Batch 200/516] [D loss: -2.649573, acc:   0%] [G loss: 11.063859, adv: -2.610472, cyc: 0.724859, id: 1.057762] time: 0:13:59.698751 
[Epoch 37/50] [Batch 300/516] [D loss: -2.394412, acc:   0%] [G loss: 9.573215, adv: -3.341084, cyc: 0.723289, id: 1.060095] time: 0:14:03.723621 
[Epoch 37/50] [Batch 400/516] [D loss: -2.207475, acc:   0%] [G loss: 9.842583, adv: -3.145150, cyc: 0.718019, id: 1.043859] time: 0:14:07.750523 
[Epoch 37/50] [Batch 500/516] [D loss: -1.791005, acc:   0%] [G loss: 8.701920, adv: -3.865930, cyc: 0.732003, id: 1.057792] time: 0:14:11.773812 
[Epoch 38/50] [Batch 0/516] [D loss: -2.037281, acc:   0%] [G loss: 9.546338, adv: -3.325805, cyc: 0.721496, id: 1.048559] time: 0:14:12.419692 
[Epoch 38/50] [Batch 100/516] [D loss: -2.217656, acc:   0%] [G loss: 9.400876, adv: -3.393997, cyc: 0.720681, id: 1.044678] time: 0:14:16.449420 
[Epoch 38/50] [Batch 200/516] [D loss: -2.394758, acc:   0%] [G loss: 10.693002, adv: -2.875880, cyc: 0.733071, id: 1.054794] time: 0:14:20.473833 
[Epoch 38/50] [Batch 300/516] [D loss: -2.507722, acc:   0%] [G loss: 10.051021, adv: -3.071421, cyc: 0.720398, id: 1.055779] time: 0:14:24.498468 
[Epoch 38/50] [Batch 400/516] [D loss: -2.169782, acc:   0%] [G loss: 9.642537, adv: -3.233727, cyc: 0.716357, id: 1.051648] time: 0:14:28.523681 
[Epoch 38/50] [Batch 500/516] [D loss: -2.161570, acc:   0%] [G loss: 9.889623, adv: -3.290182, cyc: 0.733438, id: 1.064921] time: 0:14:32.548367 
[Epoch 39/50] [Batch 0/516] [D loss: -1.713462, acc:   0%] [G loss: 8.344078, adv: -3.928478, cyc: 0.721499, id: 1.050102] time: 0:14:33.189594 
[Epoch 39/50] [Batch 100/516] [D loss: -2.331030, acc:   1%] [G loss: 9.592872, adv: -3.304546, cyc: 0.721249, id: 1.046382] time: 0:14:37.216923 
[Epoch 39/50] [Batch 200/516] [D loss: -2.393988, acc:   0%] [G loss: 10.170287, adv: -3.079096, cyc: 0.727195, id: 1.055753] time: 0:14:41.241454 
[Epoch 39/50] [Batch 300/516] [D loss: -2.318793, acc:   0%] [G loss: 9.244997, adv: -3.484408, cyc: 0.720833, id: 1.067701] time: 0:14:45.264038 
[Epoch 39/50] [Batch 400/516] [D loss: -1.869630, acc:   0%] [G loss: 9.326383, adv: -3.389849, cyc: 0.716726, id: 1.040857] time: 0:14:49.276026 
[Epoch 39/50] [Batch 500/516] [D loss: -2.249435, acc:   0%] [G loss: 9.947510, adv: -3.299927, cyc: 0.737481, id: 1.062708] time: 0:14:53.299964 
[Epoch 40/50] [Batch 0/516] [D loss: -2.076955, acc:   0%] [G loss: 9.815340, adv: -3.183599, cyc: 0.720562, id: 1.052262] time: 0:14:53.944769 
[Epoch 40/50] [Batch 100/516] [D loss: -2.001988, acc:   1%] [G loss: 8.840918, adv: -3.681486, cyc: 0.721103, id: 1.051339] time: 0:14:57.966882 
[Epoch 40/50] [Batch 200/516] [D loss: -2.614210, acc:   0%] [G loss: 11.386679, adv: -2.451451, cyc: 0.725048, id: 1.058647] time: 0:15:01.981261 
[Epoch 40/50] [Batch 300/516] [D loss: -2.135114, acc:   0%] [G loss: 9.104624, adv: -3.586615, cyc: 0.724265, id: 1.063742] time: 0:15:06.005779 
[Epoch 40/50] [Batch 400/516] [D loss: -2.174631, acc:   1%] [G loss: 9.709146, adv: -3.260633, cyc: 0.722329, id: 1.052830] time: 0:15:10.025260 
[Epoch 40/50] [Batch 500/516] [D loss: -2.130769, acc:   0%] [G loss: 9.721022, adv: -3.434665, cyc: 0.739563, id: 1.063410] time: 0:15:14.038066 
[Epoch 41/50] [Batch 0/516] [D loss: -2.010875, acc:   0%] [G loss: 9.303412, adv: -3.410383, cyc: 0.717953, id: 1.046246] time: 0:15:14.994430 
[Epoch 41/50] [Batch 100/516] [D loss: -2.296524, acc:   1%] [G loss: 10.031259, adv: -3.069767, cyc: 0.719835, id: 1.042632] time: 0:15:19.005111 
[Epoch 41/50] [Batch 200/516] [D loss: -2.046490, acc:   0%] [G loss: 9.559710, adv: -3.371269, cyc: 0.725246, id: 1.066348] time: 0:15:23.019269 
[Epoch 41/50] [Batch 300/516] [D loss: -2.191018, acc:   0%] [G loss: 9.115626, adv: -3.529544, cyc: 0.719329, id: 1.060838] time: 0:15:27.042198 
[Epoch 41/50] [Batch 400/516] [D loss: -2.258288, acc:   0%] [G loss: 10.534907, adv: -2.814852, cyc: 0.719251, id: 1.050269] time: 0:15:31.062806 
[Epoch 41/50] [Batch 500/516] [D loss: -2.398765, acc:   0%] [G loss: 10.426760, adv: -2.977512, cyc: 0.729308, id: 1.060956] time: 0:15:35.082750 
[Epoch 42/50] [Batch 0/516] [D loss: -1.870589, acc:   0%] [G loss: 8.744327, adv: -3.768956, cyc: 0.725580, id: 1.052897] time: 0:15:35.723278 
[Epoch 42/50] [Batch 100/516] [D loss: -2.445052, acc:   0%] [G loss: 10.061739, adv: -3.106260, cyc: 0.724995, id: 1.043941] time: 0:15:39.741890 
[Epoch 42/50] [Batch 200/516] [D loss: -2.222235, acc:   0%] [G loss: 10.235494, adv: -3.042136, cyc: 0.726269, id: 1.064830] time: 0:15:43.757850 
[Epoch 42/50] [Batch 300/516] [D loss: -1.816972, acc:   0%] [G loss: 8.633570, adv: -3.840637, cyc: 0.726079, id: 1.064430] time: 0:15:47.775386 
[Epoch 42/50] [Batch 400/516] [D loss: -2.291474, acc:   0%] [G loss: 10.470057, adv: -2.854986, cyc: 0.720083, id: 1.047247] time: 0:15:51.789509 
[Epoch 42/50] [Batch 500/516] [D loss: -2.166651, acc:   0%] [G loss: 9.845362, adv: -3.327880, cyc: 0.735274, id: 1.060182] time: 0:15:55.804224 
[Epoch 43/50] [Batch 0/516] [D loss: -1.980994, acc:   0%] [G loss: 9.417226, adv: -3.325246, cyc: 0.715018, id: 1.049064] time: 0:15:56.447152 
[Epoch 43/50] [Batch 100/516] [D loss: -2.410028, acc:   1%] [G loss: 10.230210, adv: -2.978185, cyc: 0.720378, id: 1.048600] time: 0:16:00.472425 
[Epoch 43/50] [Batch 200/516] [D loss: -1.709411, acc:   0%] [G loss: 8.634846, adv: -3.836479, cyc: 0.725673, id: 1.064482] time: 0:16:04.490891 
[Epoch 43/50] [Batch 300/516] [D loss: -1.996383, acc:   0%] [G loss: 9.423036, adv: -3.470528, cyc: 0.728594, id: 1.064070] time: 0:16:08.510450 
[Epoch 43/50] [Batch 400/516] [D loss: -1.940770, acc:   0%] [G loss: 9.033132, adv: -3.572901, cyc: 0.719760, id: 1.054152] time: 0:16:12.525081 
[Epoch 43/50] [Batch 500/516] [D loss: -2.039969, acc:   0%] [G loss: 9.176078, adv: -3.635973, cyc: 0.732404, id: 1.063285] time: 0:16:16.542962 
[Epoch 44/50] [Batch 0/516] [D loss: -2.254011, acc:   0%] [G loss: 10.219774, adv: -2.964027, cyc: 0.718660, id: 1.057008] time: 0:16:17.185026 
[Epoch 44/50] [Batch 100/516] [D loss: -2.034752, acc:   0%] [G loss: 9.402080, adv: -3.406636, cyc: 0.721994, id: 1.044776] time: 0:16:21.207359 
[Epoch 44/50] [Batch 200/516] [D loss: -2.373410, acc:   0%] [G loss: 10.459421, adv: -2.929083, cyc: 0.726469, id: 1.058624] time: 0:16:25.223115 
[Epoch 44/50] [Batch 300/516] [D loss: -2.133815, acc:   0%] [G loss: 9.591054, adv: -3.313047, cyc: 0.721279, id: 1.064511] time: 0:16:29.238558 
[Epoch 44/50] [Batch 400/516] [D loss: -2.369988, acc:   0%] [G loss: 10.909659, adv: -2.637431, cyc: 0.720056, id: 1.050856] time: 0:16:33.253290 
[Epoch 44/50] [Batch 500/516] [D loss: -2.044117, acc:   0%] [G loss: 9.581232, adv: -3.467203, cyc: 0.736135, id: 1.058514] time: 0:16:37.269814 
[Epoch 45/50] [Batch 0/516] [D loss: -1.944725, acc:   0%] [G loss: 9.181097, adv: -3.418468, cyc: 0.712462, id: 1.052329] time: 0:16:37.910690 
[Epoch 45/50] [Batch 100/516] [D loss: -2.359766, acc:   0%] [G loss: 10.040287, adv: -3.149174, cyc: 0.727883, id: 1.050172] time: 0:16:41.922256 
[Epoch 45/50] [Batch 200/516] [D loss: -1.882243, acc:   0%] [G loss: 8.933897, adv: -3.711989, cyc: 0.728353, id: 1.059507] time: 0:16:45.944026 
[Epoch 45/50] [Batch 300/516] [D loss: -1.776259, acc:   0%] [G loss: 8.652458, adv: -3.869778, cyc: 0.730055, id: 1.064598] time: 0:16:49.964345 
[Epoch 45/50] [Batch 400/516] [D loss: -2.002755, acc:   0%] [G loss: 9.615985, adv: -3.296319, cyc: 0.721520, id: 1.048631] time: 0:16:53.984657 
[Epoch 45/50] [Batch 500/516] [D loss: -1.975160, acc:   0%] [G loss: 9.046092, adv: -3.758452, cyc: 0.738165, id: 1.062433] time: 0:16:58.000536 
[Epoch 46/50] [Batch 0/516] [D loss: -2.275070, acc:   0%] [G loss: 10.447644, adv: -2.841545, cyc: 0.717777, id: 1.057347] time: 0:16:58.781075 
[Epoch 46/50] [Batch 100/516] [D loss: -2.398856, acc:   1%] [G loss: 10.222737, adv: -3.005622, cyc: 0.722868, id: 1.047246] time: 0:17:02.797476 
[Epoch 46/50] [Batch 200/516] [D loss: -1.990250, acc:   0%] [G loss: 9.672251, adv: -3.331907, cyc: 0.727470, id: 1.056604] time: 0:17:06.817349 
[Epoch 46/50] [Batch 300/516] [D loss: -1.892253, acc:   0%] [G loss: 8.634976, adv: -3.809106, cyc: 0.722918, id: 1.064002] time: 0:17:10.836684 
[Epoch 46/50] [Batch 400/516] [D loss: -1.921605, acc:   0%] [G loss: 9.844776, adv: -3.249958, cyc: 0.728268, id: 1.048787] time: 0:17:14.860704 
[Epoch 46/50] [Batch 500/516] [D loss: -1.986041, acc:   1%] [G loss: 9.340967, adv: -3.572661, cyc: 0.734303, id: 1.062634] time: 0:17:18.878317 
[Epoch 47/50] [Batch 0/516] [D loss: -1.938790, acc:   0%] [G loss: 9.071511, adv: -3.508681, cyc: 0.715925, id: 1.052480] time: 0:17:19.520993 
[Epoch 47/50] [Batch 100/516] [D loss: -2.047801, acc:   0%] [G loss: 9.189199, adv: -3.519995, cyc: 0.722422, id: 1.053582] time: 0:17:23.537971 
[Epoch 47/50] [Batch 200/516] [D loss: -1.839554, acc:   0%] [G loss: 8.712546, adv: -3.789201, cyc: 0.725015, id: 1.061605] time: 0:17:27.555711 
[Epoch 47/50] [Batch 300/516] [D loss: -1.973786, acc:   0%] [G loss: 9.103584, adv: -3.574538, cyc: 0.723106, id: 1.065313] time: 0:17:31.572378 
[Epoch 47/50] [Batch 400/516] [D loss: -1.848769, acc:   0%] [G loss: 8.937028, adv: -3.610289, cyc: 0.718796, id: 1.049740] time: 0:17:35.602186 
[Epoch 47/50] [Batch 500/516] [D loss: -1.661029, acc:   0%] [G loss: 8.400487, adv: -4.048999, cyc: 0.734773, id: 1.064634] time: 0:17:39.613087 
[Epoch 48/50] [Batch 0/516] [D loss: -1.682272, acc:   0%] [G loss: 8.624943, adv: -3.758147, cyc: 0.718498, id: 1.053196] time: 0:17:40.255592 
[Epoch 48/50] [Batch 100/516] [D loss: -2.012928, acc:   0%] [G loss: 9.423879, adv: -3.405199, cyc: 0.722690, id: 1.050348] time: 0:17:44.271692 
[Epoch 48/50] [Batch 200/516] [D loss: -1.914919, acc:   0%] [G loss: 9.398055, adv: -3.465143, cyc: 0.726512, id: 1.066859] time: 0:17:48.291486 
[Epoch 48/50] [Batch 300/516] [D loss: -2.126378, acc:   0%] [G loss: 9.204341, adv: -3.496564, cyc: 0.720225, id: 1.063549] time: 0:17:52.302690 
[Epoch 48/50] [Batch 400/516] [D loss: -1.540476, acc:   0%] [G loss: 8.646798, adv: -3.738992, cyc: 0.717132, id: 1.049113] time: 0:17:56.324115 
[Epoch 48/50] [Batch 500/516] [D loss: -2.190605, acc:   0%] [G loss: 9.555917, adv: -3.408966, cyc: 0.728415, id: 1.066961] time: 0:18:00.341259 
[Epoch 49/50] [Batch 0/516] [D loss: -1.947574, acc:   0%] [G loss: 9.642930, adv: -3.323237, cyc: 0.725760, id: 1.056275] time: 0:18:00.986415 
[Epoch 49/50] [Batch 100/516] [D loss: -1.923367, acc:   0%] [G loss: 8.903959, adv: -3.655826, cyc: 0.721984, id: 1.047489] time: 0:18:05.006641 
[Epoch 49/50] [Batch 200/516] [D loss: -1.844446, acc:   0%] [G loss: 8.863329, adv: -3.732973, cyc: 0.726527, id: 1.066237] time: 0:18:09.024042 
[Epoch 49/50] [Batch 300/516] [D loss: -2.055653, acc:   0%] [G loss: 8.978776, adv: -3.606599, cyc: 0.720112, id: 1.063234] time: 0:18:13.044959 
[Epoch 49/50] [Batch 400/516] [D loss: -1.758689, acc:   0%] [G loss: 9.062712, adv: -3.601159, cyc: 0.724136, id: 1.050017] time: 0:18:17.063808 
[Epoch 49/50] [Batch 500/516] [D loss: -2.121274, acc:   0%] [G loss: 9.566691, adv: -3.448811, cyc: 0.732939, id: 1.067204] time: 0:18:21.084531 
[Epoch 50/50] [Batch 0/516] [D loss: -1.721462, acc:   0%] [G loss: 8.613335, adv: -3.798501, cyc: 0.721832, id: 1.059591] time: 0:18:21.728971 
[Epoch 50/50] [Batch 100/516] [D loss: -2.064495, acc:   0%] [G loss: 9.398588, adv: -3.397377, cyc: 0.720691, id: 1.051805] time: 0:18:25.747557 
[Epoch 50/50] [Batch 200/516] [D loss: -1.642441, acc:   0%] [G loss: 8.465072, adv: -3.920002, cyc: 0.725574, id: 1.062126] time: 0:18:29.768720 
[Epoch 50/50] [Batch 300/516] [D loss: -1.759717, acc:   0%] [G loss: 8.455081, adv: -3.907983, cyc: 0.724016, id: 1.064616] time: 0:18:33.793342 
[Epoch 50/50] [Batch 400/516] [D loss: -1.967448, acc:   0%] [G loss: 10.095526, adv: -3.111107, cyc: 0.726755, id: 1.053648] time: 0:18:37.812813 
[Epoch 50/50] [Batch 500/516] [D loss: -2.188576, acc:   0%] [G loss: 9.805390, adv: -3.307544, cyc: 0.730755, id: 1.067742] time: 0:18:41.828351 
Train Finished.
