_________________________________________________________________
Layer (type)                 Output Shape              Param #   
=================================================================
input_2 (InputLayer)         (None, 1, 600, 1)         0         
_________________________________________________________________
conv2d_3 (Conv2D)            (None, 1, 600, 64)        256       
_________________________________________________________________
leaky_re_lu_5 (LeakyReLU)    (None, 1, 600, 64)        0         
_________________________________________________________________
conv2d_4 (Conv2D)            (None, 1, 600, 128)       24704     
_________________________________________________________________
leaky_re_lu_6 (LeakyReLU)    (None, 1, 600, 128)       0         
_________________________________________________________________
flatten_2 (Flatten)          (None, 76800)             0         
_________________________________________________________________
dense_3 (Dense)              (None, 512)               39322112  
_________________________________________________________________
leaky_re_lu_7 (LeakyReLU)    (None, 512)               0         
_________________________________________________________________
dense_4 (Dense)              (None, 512)               262656    
_________________________________________________________________
leaky_re_lu_8 (LeakyReLU)    (None, 512)               0         
_________________________________________________________________
D_A_Out (Dense)              (None, 1)                 513       
=================================================================
Total params: 79,220,482
Trainable params: 39,610,241
Non-trainable params: 39,610,241
_________________________________________________________________
_________________________________________________________________
Layer (type)                 Output Shape              Param #   
=================================================================
input_1 (InputLayer)         (None, 1, 600, 1)         0         
_________________________________________________________________
conv2d_1 (Conv2D)            (None, 1, 600, 64)        256       
_________________________________________________________________
leaky_re_lu_1 (LeakyReLU)    (None, 1, 600, 64)        0         
_________________________________________________________________
conv2d_2 (Conv2D)            (None, 1, 600, 128)       24704     
_________________________________________________________________
leaky_re_lu_2 (LeakyReLU)    (None, 1, 600, 128)       0         
_________________________________________________________________
flatten_1 (Flatten)          (None, 76800)             0         
_________________________________________________________________
dense_1 (Dense)              (None, 512)               39322112  
_________________________________________________________________
leaky_re_lu_3 (LeakyReLU)    (None, 512)               0         
_________________________________________________________________
dense_2 (Dense)              (None, 512)               262656    
_________________________________________________________________
leaky_re_lu_4 (LeakyReLU)    (None, 512)               0         
_________________________________________________________________
D_B_Out (Dense)              (None, 1)                 513       
=================================================================
Total params: 79,220,482
Trainable params: 39,610,241
Non-trainable params: 39,610,241
_________________________________________________________________
_________________________________________________________________
Layer (type)                 Output Shape              Param #   
=================================================================
input_5 (InputLayer)         (None, 1, 600, 1)         0         
_________________________________________________________________
flatten_3 (Flatten)          (None, 600)               0         
_________________________________________________________________
gradient_reversal_1 (Gradien (None, 600)               0         
_________________________________________________________________
dense_5 (Dense)              (None, 1024)              615424    
_________________________________________________________________
leaky_re_lu_43 (LeakyReLU)   (None, 1024)              0         
_________________________________________________________________
dense_6 (Dense)              (None, 1024)              1049600   
_________________________________________________________________
leaky_re_lu_44 (LeakyReLU)   (None, 1024)              0         
_________________________________________________________________
Dom_Pred (Dense)             (None, 2)                 2050      
=================================================================
Total params: 3,334,148
Trainable params: 1,667,074
Non-trainable params: 1,667,074
_________________________________________________________________
__________________________________________________________________________________________________
Layer (type)                    Output Shape         Param #     Connected to                     
==================================================================================================
ivec_b (InputLayer)             (None, 1, 600, 1)    0                                            
__________________________________________________________________________________________________
ivec_a (InputLayer)             (None, 1, 600, 1)    0                                            
__________________________________________________________________________________________________
model_4 (Model)                 (None, 1, 600, 1)    653345      ivec_b[0][0]                     
                                                                 model_3[1][0]                    
                                                                 ivec_a[0][0]                     
__________________________________________________________________________________________________
model_3 (Model)                 (None, 1, 600, 1)    653345      ivec_a[0][0]                     
                                                                 model_4[1][0]                    
                                                                 ivec_b[0][0]                     
__________________________________________________________________________________________________
model_2 (Model)                 (None, 1)            39610241    model_4[1][0]                    
__________________________________________________________________________________________________
model_1 (Model)                 (None, 1)            39610241    model_3[1][0]                    
__________________________________________________________________________________________________
model_5 (Model)                 (None, 2)            1667074     model_4[1][0]                    
                                                                 model_3[1][0]                    
==================================================================================================
Total params: 82,194,246
Trainable params: 1,306,690
Non-trainable params: 80,887,556
__________________________________________________________________________________________________
Start CycleGAN training.
[Epoch 1/50] [Batch 0/516] [D loss: 67195.843750, acc:   0%] [G loss: 29063.519531, adv: 14516.691406, cyc: 0.924242, id: 0.968372] [Dompred loss: 0.000000] time: 0:02:06.210045 
[Epoch 1/50] [Batch 100/516] [D loss: 0.266687, acc:  60%] [G loss: 47.577553, adv: 0.749421, cyc: 1.140552, id: 1.172594] [Dompred loss: 0.000000] time: 0:03:22.875337 
[Epoch 1/50] [Batch 200/516] [D loss: 342.023499, acc:  66%] [G loss: 35.550484, adv: 2.769514, cyc: 1.125783, id: 1.154729] [Dompred loss: 16.118095] time: 0:04:39.535461 
[Epoch 1/50] [Batch 300/516] [D loss: 0.014424, acc:  99%] [G loss: 41.621555, adv: 1.006256, cyc: 1.125501, id: 1.157812] [Dompred loss: 16.118095] time: 0:05:56.249275 
[Epoch 1/50] [Batch 400/516] [D loss: 0.086906, acc: 100%] [G loss: 42.431389, adv: 0.865466, cyc: 1.128828, id: 1.160659] [Dompred loss: 16.118095] time: 0:07:13.025295 
[Epoch 1/50] [Batch 500/516] [D loss: 0.779495, acc:  49%] [G loss: 265.735565, adv: 112.474411, cyc: 1.121294, id: 1.152317] [Dompred loss: 16.118095] time: 0:08:29.783297 
[Epoch 2/50] [Batch 0/516] [D loss: 0.039274, acc: 100%] [G loss: 42.880085, adv: 1.014968, cyc: 1.124183, id: 1.154722] [Dompred loss: 16.118095] time: 0:08:42.063611 
[Epoch 2/50] [Batch 100/516] [D loss: 0.938860, acc:  75%] [G loss: 42.823177, adv: 0.899786, cyc: 1.142342, id: 1.183828] [Dompred loss: 16.118095] time: 0:09:58.806920 
[Epoch 2/50] [Batch 200/516] [D loss: 0.054677, acc: 100%] [G loss: 42.125153, adv: 0.627128, cyc: 1.125106, id: 1.158266] [Dompred loss: 16.118095] time: 0:11:15.554147 
[Epoch 2/50] [Batch 300/516] [D loss: 0.149111, acc:  52%] [G loss: 40.625870, adv: 0.925095, cyc: 1.125844, id: 1.157609] [Dompred loss: 16.118095] time: 0:12:32.291205 
[Epoch 2/50] [Batch 400/516] [D loss: 0.003050, acc: 100%] [G loss: 39.881329, adv: 1.080678, cyc: 1.129126, id: 1.160325] [Dompred loss: 16.118095] time: 0:13:48.976458 
[Epoch 2/50] [Batch 500/516] [D loss: 0.009472, acc: 100%] [G loss: 42.054699, adv: 0.948194, cyc: 1.121413, id: 1.152492] [Dompred loss: 16.118095] time: 0:15:05.676658 
[Epoch 3/50] [Batch 0/516] [D loss: 0.028244, acc: 100%] [G loss: 41.957905, adv: 0.768781, cyc: 1.124290, id: 1.154673] [Dompred loss: 16.118095] time: 0:15:17.947468 
[Epoch 3/50] [Batch 100/516] [D loss: 0.229911, acc:  75%] [G loss: 43.072495, adv: 0.912551, cyc: 1.142252, id: 1.183326] [Dompred loss: 16.118095] time: 0:16:34.641077 
[Epoch 3/50] [Batch 200/516] [D loss: 7.334097, acc:  75%] [G loss: 41.969772, adv: 0.674617, cyc: 1.125198, id: 1.157874] [Dompred loss: 16.118095] time: 0:17:51.333214 
[Epoch 3/50] [Batch 300/516] [D loss: 0.330305, acc:  75%] [G loss: 41.457981, adv: 0.608654, cyc: 1.125721, id: 1.158218] [Dompred loss: 16.118095] time: 0:19:08.022244 
[Epoch 3/50] [Batch 400/516] [D loss: 0.019035, acc: 100%] [G loss: 42.688427, adv: 0.995521, cyc: 1.128712, id: 1.159864] [Dompred loss: 16.118095] time: 0:20:24.713690 
[Epoch 3/50] [Batch 500/516] [D loss: 0.049527, acc: 100%] [G loss: 42.310299, adv: 0.969844, cyc: 1.121349, id: 1.152409] [Dompred loss: 16.118095] time: 0:21:41.417860 
[Epoch 4/50] [Batch 0/516] [D loss: 0.000964, acc: 100%] [G loss: 42.940155, adv: 1.040093, cyc: 1.124663, id: 1.154958] [Dompred loss: 16.118095] time: 0:21:53.693617 
[Epoch 4/50] [Batch 100/516] [D loss: 0.008463, acc: 100%] [G loss: 42.741310, adv: 0.949685, cyc: 1.142339, id: 1.183801] [Dompred loss: 16.118095] time: 0:23:10.393357 
[Epoch 4/50] [Batch 200/516] [D loss: 0.000793, acc: 100%] [G loss: 42.884308, adv: 1.004693, cyc: 1.125308, id: 1.158212] [Dompred loss: 16.118095] time: 0:24:27.102614 
[Epoch 4/50] [Batch 300/516] [D loss: 0.001638, acc: 100%] [G loss: 42.631950, adv: 0.872533, cyc: 1.125833, id: 1.158556] [Dompred loss: 16.118095] time: 0:25:43.803371 
[Epoch 4/50] [Batch 400/516] [D loss: 0.032208, acc: 100%] [G loss: 42.442249, adv: 0.742006, cyc: 1.129131, id: 1.160506] [Dompred loss: 16.118095] time: 0:27:00.510053 
[Epoch 4/50] [Batch 500/516] [D loss: 0.934907, acc:  74%] [G loss: 42.915352, adv: 1.062703, cyc: 1.121467, id: 1.152001] [Dompred loss: 16.118095] time: 0:28:17.215029 
[Epoch 5/50] [Batch 0/516] [D loss: 0.018427, acc: 100%] [G loss: 42.379246, adv: 0.764756, cyc: 1.124180, id: 1.154293] [Dompred loss: 16.118095] time: 0:28:29.487626 
[Epoch 5/50] [Batch 100/516] [D loss: 0.002545, acc: 100%] [G loss: 43.178955, adv: 0.963589, cyc: 1.142439, id: 1.183974] [Dompred loss: 16.118095] time: 0:29:46.189291 
[Epoch 5/50] [Batch 200/516] [D loss: 0.014087, acc: 100%] [G loss: 42.433754, adv: 1.000203, cyc: 1.125234, id: 1.157287] [Dompred loss: 16.118095] time: 0:31:02.905645 
[Epoch 5/50] [Batch 300/516] [D loss: 0.049702, acc:  99%] [G loss: 42.230946, adv: 0.775310, cyc: 1.125670, id: 1.157929] [Dompred loss: 16.118095] time: 0:32:19.611331 
[Epoch 5/50] [Batch 400/516] [D loss: 0.020437, acc: 100%] [G loss: 42.314758, adv: 0.986686, cyc: 1.129100, id: 1.160741] [Dompred loss: 16.118095] time: 0:33:36.318707 
[Epoch 5/50] [Batch 500/516] [D loss: 0.007527, acc: 100%] [G loss: 42.585773, adv: 0.900371, cyc: 1.121192, id: 1.152605] [Dompred loss: 16.118095] time: 0:34:53.006292 
[Epoch 6/50] [Batch 0/516] [D loss: 0.059402, acc:  99%] [G loss: 42.544540, adv: 0.935283, cyc: 1.124268, id: 1.154936] [Dompred loss: 16.118095] time: 0:35:11.104806 
[Epoch 6/50] [Batch 100/516] [D loss: 0.001141, acc: 100%] [G loss: 42.948990, adv: 0.974662, cyc: 1.142420, id: 1.184070] [Dompred loss: 16.118095] time: 0:36:27.808297 
[Epoch 6/50] [Batch 200/516] [D loss: 0.022143, acc: 100%] [G loss: 42.310532, adv: 0.844589, cyc: 1.125243, id: 1.157865] [Dompred loss: 16.118095] time: 0:37:44.514313 
[Epoch 6/50] [Batch 300/516] [D loss: 0.098337, acc:  75%] [G loss: 42.557041, adv: 0.962056, cyc: 1.125795, id: 1.157108] [Dompred loss: 16.118095] time: 0:39:01.214491 
[Epoch 6/50] [Batch 400/516] [D loss: 0.036232, acc: 100%] [G loss: 42.329166, adv: 0.812193, cyc: 1.129043, id: 1.160724] [Dompred loss: 16.118095] time: 0:40:17.902819 
[Epoch 6/50] [Batch 500/516] [D loss: 0.115814, acc:  75%] [G loss: 42.491543, adv: 0.950625, cyc: 1.121549, id: 1.152708] [Dompred loss: 16.118095] time: 0:41:34.587467 
[Epoch 7/50] [Batch 0/516] [D loss: 0.141733, acc:  75%] [G loss: 41.516418, adv: 0.544535, cyc: 1.124274, id: 1.154791] [Dompred loss: 16.118095] time: 0:41:46.858383 
[Epoch 7/50] [Batch 100/516] [D loss: 0.027341, acc: 100%] [G loss: 42.400482, adv: 0.673745, cyc: 1.142024, id: 1.183608] [Dompred loss: 16.118095] time: 0:43:03.531177 
[Epoch 7/50] [Batch 200/516] [D loss: 0.112271, acc:  83%] [G loss: 47.181038, adv: 3.280083, cyc: 1.125206, id: 1.158052] [Dompred loss: 16.118095] time: 0:44:20.225823 
[Epoch 7/50] [Batch 300/516] [D loss: 0.001342, acc: 100%] [G loss: 42.999542, adv: 1.057217, cyc: 1.125760, id: 1.158116] [Dompred loss: 16.118095] time: 0:45:36.903724 
[Epoch 7/50] [Batch 400/516] [D loss: 0.019462, acc: 100%] [G loss: 42.601349, adv: 1.052228, cyc: 1.128602, id: 1.161059] [Dompred loss: 16.118095] time: 0:46:53.591300 
[Epoch 7/50] [Batch 500/516] [D loss: 0.005189, acc: 100%] [G loss: 42.196846, adv: 0.808569, cyc: 1.121579, id: 1.151918] [Dompred loss: 16.118095] time: 0:48:10.273664 
[Epoch 8/50] [Batch 0/516] [D loss: 1.250867, acc:  75%] [G loss: 41.682838, adv: 0.743907, cyc: 1.124215, id: 1.154746] [Dompred loss: 16.118095] time: 0:48:22.543231 
[Epoch 8/50] [Batch 100/516] [D loss: 0.003483, acc: 100%] [G loss: 42.765686, adv: 0.995331, cyc: 1.142338, id: 1.183427] [Dompred loss: 16.118095] time: 0:49:39.219347 
[Epoch 8/50] [Batch 200/516] [D loss: 0.000970, acc: 100%] [G loss: 42.608776, adv: 0.998165, cyc: 1.124794, id: 1.157928] [Dompred loss: 16.118095] time: 0:50:55.902992 
[Epoch 8/50] [Batch 300/516] [D loss: 0.006262, acc: 100%] [G loss: 42.545258, adv: 1.029854, cyc: 1.125453, id: 1.157864] [Dompred loss: 16.118095] time: 0:52:12.581933 
[Epoch 8/50] [Batch 400/516] [D loss: 0.036646, acc: 100%] [G loss: 43.559937, adv: 1.306084, cyc: 1.128634, id: 1.159963] [Dompred loss: 16.118095] time: 0:53:29.251429 
[Epoch 8/50] [Batch 500/516] [D loss: 0.053511, acc: 100%] [G loss: 43.263985, adv: 1.348378, cyc: 1.121516, id: 1.152162] [Dompred loss: 16.118095] time: 0:54:45.910922 
[Epoch 9/50] [Batch 0/516] [D loss: 0.069394, acc: 100%] [G loss: 45.347279, adv: 2.371660, cyc: 1.124479, id: 1.154428] [Dompred loss: 16.118095] time: 0:54:58.173822 
[Epoch 9/50] [Batch 100/516] [D loss: 1.586276, acc:  50%] [G loss: 43.289085, adv: 1.215669, cyc: 1.142736, id: 1.183634] [Dompred loss: 16.118095] time: 0:56:14.908563 
[Epoch 9/50] [Batch 200/516] [D loss: 0.016060, acc: 100%] [G loss: 42.524891, adv: 0.931441, cyc: 1.125128, id: 1.158193] [Dompred loss: 16.118095] time: 0:57:31.651608 
[Epoch 9/50] [Batch 300/516] [D loss: 0.006113, acc: 100%] [G loss: 324.792877, adv: 142.048065, cyc: 1.126024, id: 1.158222] [Dompred loss: 16.118095] time: 0:58:48.410489 
[Epoch 9/50] [Batch 400/516] [D loss: 0.000759, acc: 100%] [G loss: 42.498917, adv: 1.002486, cyc: 1.128555, id: 1.161016] [Dompred loss: 16.118095] time: 1:00:05.124399 
[Epoch 9/50] [Batch 500/516] [D loss: 0.057389, acc: 100%] [G loss: 42.239338, adv: 1.197085, cyc: 1.121307, id: 1.152271] [Dompred loss: 16.118095] time: 1:01:21.870579 
[Epoch 10/50] [Batch 0/516] [D loss: 0.001525, acc: 100%] [G loss: 42.370392, adv: 1.009370, cyc: 1.124442, id: 1.154902] [Dompred loss: 16.118095] time: 1:01:34.140424 
[Epoch 10/50] [Batch 100/516] [D loss: 0.001157, acc: 100%] [G loss: 42.514442, adv: 0.852765, cyc: 1.142158, id: 1.183574] [Dompred loss: 16.118095] time: 1:02:50.885364 
[Epoch 10/50] [Batch 200/516] [D loss: 0.017847, acc: 100%] [G loss: 42.542645, adv: 0.942185, cyc: 1.124939, id: 1.157633] [Dompred loss: 16.118095] time: 1:04:07.619078 
[Epoch 10/50] [Batch 300/516] [D loss: 0.498232, acc:  50%] [G loss: 59.950462, adv: 9.532367, cyc: 1.125809, id: 1.157813] [Dompred loss: 16.118095] time: 1:05:24.365097 
[Epoch 10/50] [Batch 400/516] [D loss: 0.022133, acc: 100%] [G loss: 41.519962, adv: 0.834796, cyc: 1.128811, id: 1.160941] [Dompred loss: 16.118095] time: 1:06:41.137285 
[Epoch 10/50] [Batch 500/516] [D loss: 0.023878, acc: 100%] [G loss: 41.105507, adv: 0.695195, cyc: 1.121586, id: 1.152665] [Dompred loss: 16.118095] time: 1:07:57.852925 
[Epoch 11/50] [Batch 0/516] [D loss: 0.075667, acc:  75%] [G loss: 41.297424, adv: 0.709186, cyc: 1.123891, id: 1.154964] [Dompred loss: 16.118095] time: 1:08:11.294840 
[Epoch 11/50] [Batch 100/516] [D loss: 0.040171, acc: 100%] [G loss: 42.897099, adv: 1.290828, cyc: 1.142412, id: 1.182579] [Dompred loss: 16.118095] time: 1:09:28.027476 
[Epoch 11/50] [Batch 200/516] [D loss: 0.013840, acc: 100%] [G loss: 42.482445, adv: 1.020346, cyc: 1.125457, id: 1.158483] [Dompred loss: 16.118095] time: 1:10:44.739684 
[Epoch 11/50] [Batch 300/516] [D loss: 0.001349, acc: 100%] [G loss: 42.007580, adv: 0.991014, cyc: 1.125608, id: 1.158794] [Dompred loss: 16.118095] time: 1:12:01.445937 
[Epoch 11/50] [Batch 400/516] [D loss: 0.138211, acc:  75%] [G loss: 101.350456, adv: 31.851437, cyc: 1.128344, id: 1.160083] [Dompred loss: 16.118095] time: 1:13:18.118888 
[Epoch 11/50] [Batch 500/516] [D loss: 6.290803, acc:  50%] [G loss: 67.488281, adv: 16.240625, cyc: 1.120845, id: 1.151026] [Dompred loss: 16.118095] time: 1:14:34.809755 
[Epoch 12/50] [Batch 0/516] [D loss: 0.058012, acc: 100%] [G loss: 39.808304, adv: 1.215246, cyc: 1.124401, id: 1.155244] [Dompred loss: 16.118095] time: 1:14:47.071791 
[Epoch 12/50] [Batch 100/516] [D loss: 0.002168, acc: 100%] [G loss: 40.887096, adv: 0.988786, cyc: 1.142210, id: 1.183540] [Dompred loss: 16.118095] time: 1:16:03.760447 
[Epoch 12/50] [Batch 200/516] [D loss: 0.002479, acc: 100%] [G loss: 39.905464, adv: 1.046421, cyc: 1.125145, id: 1.158173] [Dompred loss: 16.118095] time: 1:17:20.442129 
[Epoch 12/50] [Batch 300/516] [D loss: 0.007145, acc: 100%] [G loss: 40.028149, adv: 0.902322, cyc: 1.125817, id: 1.156760] [Dompred loss: 16.118095] time: 1:18:37.122604 
[Epoch 12/50] [Batch 400/516] [D loss: 0.002339, acc: 100%] [G loss: 40.376411, adv: 0.991750, cyc: 1.128701, id: 1.159676] [Dompred loss: 16.118095] time: 1:19:53.843146 
[Epoch 12/50] [Batch 500/516] [D loss: 0.184242, acc:  52%] [G loss: 47.873577, adv: 4.149108, cyc: 1.121610, id: 1.151851] [Dompred loss: 16.118095] time: 1:21:10.539180 
[Epoch 13/50] [Batch 0/516] [D loss: 0.125716, acc:  75%] [G loss: 40.141266, adv: 0.939208, cyc: 1.124110, id: 1.155337] [Dompred loss: 16.118095] time: 1:21:22.810840 
[Epoch 13/50] [Batch 100/516] [D loss: 0.004422, acc: 100%] [G loss: 34.916824, adv: 0.800120, cyc: 1.142727, id: 1.182303] [Dompred loss: 16.118095] time: 1:22:39.456847 
[Epoch 13/50] [Batch 200/516] [D loss: 0.008025, acc: 100%] [G loss: 34.747978, adv: 0.955848, cyc: 1.125796, id: 1.158451] [Dompred loss: 16.118095] time: 1:23:56.077393 
[Epoch 13/50] [Batch 300/516] [D loss: 0.082618, acc: 100%] [G loss: 36.046944, adv: 1.596465, cyc: 1.124961, id: 1.156833] [Dompred loss: 16.118095] time: 1:25:12.731231 
[Epoch 13/50] [Batch 400/516] [D loss: 1.789514, acc:  73%] [G loss: 35.625572, adv: 3.349843, cyc: 1.128951, id: 1.156557] [Dompred loss: 16.118095] time: 1:26:29.318988 
[Epoch 13/50] [Batch 500/516] [D loss: 0.107525, acc:  75%] [G loss: 31.333637, adv: 0.474995, cyc: 1.123828, id: 1.152664] [Dompred loss: 16.118095] time: 1:27:45.899534 
[Epoch 14/50] [Batch 0/516] [D loss: 0.009987, acc: 100%] [G loss: 30.933792, adv: 0.749705, cyc: 1.123193, id: 1.155232] [Dompred loss: 16.118095] time: 1:27:58.151834 
[Epoch 14/50] [Batch 100/516] [D loss: 86.500694, acc:  74%] [G loss: 42.326515, adv: 0.537981, cyc: 1.142386, id: 1.183836] [Dompred loss: 16.118095] time: 1:29:14.830995 
[Epoch 14/50] [Batch 200/516] [D loss: 0.016398, acc: 100%] [G loss: 42.340996, adv: 0.735317, cyc: 1.125095, id: 1.157920] [Dompred loss: 16.118095] time: 1:30:31.548614 
[Epoch 14/50] [Batch 300/516] [D loss: 0.034828, acc: 100%] [G loss: 42.488174, adv: 0.801455, cyc: 1.125785, id: 1.157846] [Dompred loss: 16.118095] time: 1:31:48.343486 
[Epoch 14/50] [Batch 400/516] [D loss: 0.838197, acc:  75%] [G loss: 42.324005, adv: 0.685634, cyc: 1.128842, id: 1.160771] [Dompred loss: 16.118095] time: 1:33:05.067303 
[Epoch 14/50] [Batch 500/516] [D loss: 0.109656, acc:  75%] [G loss: 41.531837, adv: 0.371298, cyc: 1.121414, id: 1.152460] [Dompred loss: 16.118095] time: 1:34:21.820361 
[Epoch 15/50] [Batch 0/516] [D loss: 0.020916, acc: 100%] [G loss: 42.104225, adv: 0.626201, cyc: 1.124265, id: 1.154717] [Dompred loss: 16.118095] time: 1:34:34.095856 
[Epoch 15/50] [Batch 100/516] [D loss: 1.862863, acc:  50%] [G loss: 42.549736, adv: 0.649784, cyc: 1.142361, id: 1.183846] [Dompred loss: 16.118095] time: 1:35:50.865812 
[Epoch 15/50] [Batch 200/516] [D loss: 0.040785, acc: 100%] [G loss: 42.525684, adv: 0.827491, cyc: 1.125113, id: 1.157848] [Dompred loss: 16.118095] time: 1:37:07.626043 
[Epoch 15/50] [Batch 300/516] [D loss: 0.157928, acc:  75%] [G loss: 44.360168, adv: 1.737173, cyc: 1.125807, id: 1.157986] [Dompred loss: 16.118095] time: 1:38:24.373636 
[Epoch 15/50] [Batch 400/516] [D loss: 0.006089, acc: 100%] [G loss: 43.170567, adv: 1.110280, cyc: 1.128712, id: 1.160715] [Dompred loss: 16.118095] time: 1:39:41.120069 
[Epoch 15/50] [Batch 500/516] [D loss: 0.065359, acc:  75%] [G loss: 41.715851, adv: 0.464361, cyc: 1.121309, id: 1.152413] [Dompred loss: 16.118095] time: 1:40:57.862631 
[Epoch 16/50] [Batch 0/516] [D loss: 0.051615, acc: 100%] [G loss: 43.979328, adv: 1.563554, cyc: 1.124278, id: 1.154812] [Dompred loss: 16.118095] time: 1:41:11.314940 
[Epoch 16/50] [Batch 100/516] [D loss: 0.001076, acc: 100%] [G loss: 43.232384, adv: 0.991202, cyc: 1.142360, id: 1.183721] [Dompred loss: 16.118095] time: 1:42:28.080540 
[Epoch 16/50] [Batch 200/516] [D loss: 24.473475, acc:  50%] [G loss: 41.862804, adv: 0.495277, cyc: 1.125182, id: 1.157946] [Dompred loss: 16.118095] time: 1:43:44.841591 
[Epoch 16/50] [Batch 300/516] [D loss: 0.059721, acc:  99%] [G loss: 42.512642, adv: 0.813860, cyc: 1.125770, id: 1.157851] [Dompred loss: 16.118095] time: 1:45:01.578586 
[Epoch 16/50] [Batch 400/516] [D loss: 0.014177, acc: 100%] [G loss: 43.147896, adv: 1.096757, cyc: 1.128933, id: 1.160822] [Dompred loss: 16.118095] time: 1:46:18.365852 
[Epoch 16/50] [Batch 500/516] [D loss: 0.029348, acc: 100%] [G loss: 43.082932, adv: 1.147059, cyc: 1.121409, id: 1.152117] [Dompred loss: 16.118095] time: 1:47:35.099800 
[Epoch 17/50] [Batch 0/516] [D loss: 0.023101, acc: 100%] [G loss: 42.697407, adv: 0.922355, cyc: 1.124305, id: 1.154887] [Dompred loss: 16.118095] time: 1:47:47.376472 
[Epoch 17/50] [Batch 100/516] [D loss: 0.068565, acc:  99%] [G loss: 42.818504, adv: 0.783854, cyc: 1.142411, id: 1.183596] [Dompred loss: 16.118095] time: 1:49:04.148460 
[Epoch 17/50] [Batch 200/516] [D loss: 0.035332, acc: 100%] [G loss: 42.697586, adv: 0.913051, cyc: 1.125164, id: 1.157827] [Dompred loss: 16.118095] time: 1:50:20.915188 
[Epoch 17/50] [Batch 300/516] [D loss: 0.094513, acc:  96%] [G loss: 42.566467, adv: 0.840004, cyc: 1.125842, id: 1.157932] [Dompred loss: 16.118095] time: 1:51:37.641428 
[Epoch 17/50] [Batch 400/516] [D loss: 0.176608, acc:  78%] [G loss: 46.880890, adv: 2.962703, cyc: 1.128976, id: 1.160713] [Dompred loss: 16.118095] time: 1:52:54.380310 
[Epoch 17/50] [Batch 500/516] [D loss: 0.661742, acc:  75%] [G loss: 42.580364, adv: 0.895800, cyc: 1.121398, id: 1.152168] [Dompred loss: 16.118095] time: 1:54:11.133658 
[Epoch 18/50] [Batch 0/516] [D loss: 0.020616, acc: 100%] [G loss: 42.810146, adv: 0.979004, cyc: 1.124293, id: 1.154713] [Dompred loss: 16.118095] time: 1:54:23.426220 
[Epoch 18/50] [Batch 100/516] [D loss: 0.001203, acc: 100%] [G loss: 43.236649, adv: 0.992414, cyc: 1.142443, id: 1.183917] [Dompred loss: 16.118095] time: 1:55:40.148610 
[Epoch 18/50] [Batch 200/516] [D loss: 0.002890, acc: 100%] [G loss: 42.868301, adv: 0.997099, cyc: 1.125282, id: 1.157896] [Dompred loss: 16.118095] time: 1:56:56.910733 
[Epoch 18/50] [Batch 300/516] [D loss: 0.438696, acc:  75%] [G loss: 47.949142, adv: 3.532351, cyc: 1.125739, id: 1.157776] [Dompred loss: 16.118095] time: 1:58:13.651165 
[Epoch 18/50] [Batch 400/516] [D loss: 0.444537, acc:  50%] [G loss: 42.046780, adv: 0.548305, cyc: 1.128719, id: 1.160755] [Dompred loss: 16.118095] time: 1:59:30.400249 
[Epoch 18/50] [Batch 500/516] [D loss: 0.027625, acc: 100%] [G loss: 42.765434, adv: 0.988417, cyc: 1.121383, id: 1.152205] [Dompred loss: 16.118095] time: 2:00:47.141849 
[Epoch 19/50] [Batch 0/516] [D loss: 0.361305, acc:  75%] [G loss: 41.863770, adv: 0.505666, cyc: 1.124294, id: 1.154705] [Dompred loss: 16.118095] time: 2:00:59.417876 
[Epoch 19/50] [Batch 100/516] [D loss: 0.002059, acc: 100%] [G loss: 43.140274, adv: 0.945190, cyc: 1.142349, id: 1.183779] [Dompred loss: 16.118095] time: 2:02:16.152865 
[Epoch 19/50] [Batch 200/516] [D loss: 0.011556, acc: 100%] [G loss: 42.695557, adv: 0.913307, cyc: 1.125048, id: 1.157608] [Dompred loss: 16.118095] time: 2:03:32.919663 
[Epoch 19/50] [Batch 300/516] [D loss: 0.314974, acc:  75%] [G loss: 47.262672, adv: 3.189594, cyc: 1.125699, id: 1.157907] [Dompred loss: 16.118095] time: 2:04:49.664551 
[Epoch 19/50] [Batch 400/516] [D loss: 0.039668, acc: 100%] [G loss: 42.361382, adv: 0.705996, cyc: 1.128690, id: 1.160563] [Dompred loss: 16.118095] time: 2:06:06.424326 
[Epoch 19/50] [Batch 500/516] [D loss: 2.960183, acc:  75%] [G loss: 203.908691, adv: 81.559830, cyc: 1.121405, id: 1.152320] [Dompred loss: 16.118095] time: 2:07:23.168168 
[Epoch 20/50] [Batch 0/516] [D loss: 0.031135, acc: 100%] [G loss: 42.693794, adv: 0.923027, cyc: 1.124063, id: 1.154808] [Dompred loss: 16.118095] time: 2:07:35.443650 
[Epoch 20/50] [Batch 100/516] [D loss: 0.001581, acc: 100%] [G loss: 43.254444, adv: 1.002014, cyc: 1.142380, id: 1.183770] [Dompred loss: 16.118095] time: 2:08:52.167010 
[Epoch 20/50] [Batch 200/516] [D loss: 0.005915, acc: 100%] [G loss: 42.491661, adv: 0.811101, cyc: 1.125054, id: 1.157838] [Dompred loss: 16.118095] time: 2:10:08.927145 
[Epoch 20/50] [Batch 300/516] [D loss: 0.897372, acc:  75%] [G loss: 50.096745, adv: 4.606152, cyc: 1.125743, id: 1.157812] [Dompred loss: 16.118095] time: 2:11:25.674211 
[Epoch 20/50] [Batch 400/516] [D loss: 0.021109, acc: 100%] [G loss: 42.999969, adv: 1.024323, cyc: 1.128794, id: 1.160750] [Dompred loss: 16.118095] time: 2:12:42.476665 
[Epoch 20/50] [Batch 500/516] [D loss: 0.397985, acc:  25%] [G loss: 43.125450, adv: 1.167274, cyc: 1.121491, id: 1.152281] [Dompred loss: 16.118095] time: 2:13:59.201914 
[Epoch 21/50] [Batch 0/516] [D loss: 0.022113, acc: 100%] [G loss: 41.765572, adv: 0.457938, cyc: 1.124141, id: 1.154958] [Dompred loss: 16.118095] time: 2:14:12.669706 
[Epoch 21/50] [Batch 100/516] [D loss: 39.794052, acc:  67%] [G loss: 42.316376, adv: 0.533033, cyc: 1.142379, id: 1.183829] [Dompred loss: 16.118095] time: 2:15:29.425863 
[Epoch 21/50] [Batch 200/516] [D loss: 0.005314, acc: 100%] [G loss: 42.936100, adv: 1.033025, cyc: 1.125067, id: 1.158025] [Dompred loss: 16.118095] time: 2:16:46.181812 
[Epoch 21/50] [Batch 300/516] [D loss: 0.015998, acc: 100%] [G loss: 44.015701, adv: 1.565108, cyc: 1.125784, id: 1.157920] [Dompred loss: 16.118095] time: 2:18:02.938536 
[Epoch 21/50] [Batch 400/516] [D loss: 0.022756, acc: 100%] [G loss: 42.160007, adv: 0.603174, cyc: 1.128893, id: 1.160691] [Dompred loss: 16.118095] time: 2:19:19.697645 
[Epoch 21/50] [Batch 500/516] [D loss: 0.146129, acc:  75%] [G loss: 43.874958, adv: 1.542556, cyc: 1.121452, id: 1.152214] [Dompred loss: 16.118095] time: 2:20:36.458222 
[Epoch 22/50] [Batch 0/516] [D loss: 0.240154, acc:  57%] [G loss: 42.165039, adv: 0.656341, cyc: 1.124284, id: 1.154808] [Dompred loss: 16.118095] time: 2:20:48.734206 
[Epoch 22/50] [Batch 100/516] [D loss: 0.007850, acc: 100%] [G loss: 43.586235, adv: 1.167994, cyc: 1.142362, id: 1.183786] [Dompred loss: 16.118095] time: 2:22:05.456933 
[Epoch 22/50] [Batch 200/516] [D loss: 0.011430, acc: 100%] [G loss: 43.260658, adv: 1.194707, cyc: 1.125148, id: 1.157892] [Dompred loss: 16.118095] time: 2:23:22.122727 
[Epoch 22/50] [Batch 300/516] [D loss: 0.001422, acc: 100%] [G loss: 42.990662, adv: 1.051336, cyc: 1.125917, id: 1.157905] [Dompred loss: 16.118095] time: 2:24:38.711430 
[Epoch 22/50] [Batch 400/516] [D loss: 0.001643, acc: 100%] [G loss: 42.958702, adv: 1.005116, cyc: 1.128639, id: 1.160632] [Dompred loss: 16.118095] time: 2:25:55.299479 
[Epoch 22/50] [Batch 500/516] [D loss: 1.375899, acc:  50%] [G loss: 44.096497, adv: 1.654128, cyc: 1.121380, id: 1.152166] [Dompred loss: 16.118095] time: 2:27:11.878074 
[Epoch 23/50] [Batch 0/516] [D loss: 0.070471, acc:  75%] [G loss: 43.506596, adv: 1.324733, cyc: 1.124529, id: 1.154825] [Dompred loss: 16.118095] time: 2:27:24.130452 
[Epoch 23/50] [Batch 100/516] [D loss: 6.343462, acc:  67%] [G loss: 42.411240, adv: 0.581334, cyc: 1.142273, id: 1.183816] [Dompred loss: 16.118095] time: 2:28:40.709282 
[Epoch 23/50] [Batch 200/516] [D loss: 0.053935, acc: 100%] [G loss: 41.430447, adv: 0.278455, cyc: 1.125138, id: 1.157858] [Dompred loss: 16.118095] time: 2:29:57.282821 
[Epoch 23/50] [Batch 300/516] [D loss: 1.696027, acc:  52%] [G loss: 42.255333, adv: 0.557203, cyc: 1.125917, id: 1.157904] [Dompred loss: 16.118095] time: 2:31:13.856433 
[Epoch 23/50] [Batch 400/516] [D loss: 0.005769, acc: 100%] [G loss: 42.667149, adv: 0.966561, cyc: 1.128635, id: 1.160509] [Dompred loss: 16.118095] time: 2:32:30.415190 
[Epoch 23/50] [Batch 500/516] [D loss: 0.034851, acc:  99%] [G loss: 43.754704, adv: 0.971899, cyc: 1.121460, id: 1.152168] [Dompred loss: 16.118095] time: 2:33:46.962798 
[Epoch 24/50] [Batch 0/516] [D loss: 0.044323, acc: 100%] [G loss: 43.536751, adv: 1.087714, cyc: 1.124297, id: 1.154725] [Dompred loss: 16.118095] time: 2:33:59.206660 
[Epoch 24/50] [Batch 100/516] [D loss: 0.010971, acc: 100%] [G loss: 43.284836, adv: 0.637229, cyc: 1.142325, id: 1.183701] [Dompred loss: 16.118095] time: 2:35:15.708555 
[Epoch 24/50] [Batch 200/516] [D loss: 1.517251, acc:  50%] [G loss: 46.144932, adv: 0.931932, cyc: 1.125215, id: 1.157862] [Dompred loss: 16.118095] time: 2:36:32.192637 
[Epoch 24/50] [Batch 300/516] [D loss: 1.998297, acc:  57%] [G loss: 46.544281, adv: 1.437467, cyc: 1.125158, id: 1.157740] [Dompred loss: 16.118095] time: 2:37:48.681833 
[Epoch 24/50] [Batch 400/516] [D loss: 52.562958, acc:  50%] [G loss: 42.481277, adv: 0.764855, cyc: 1.128789, id: 1.160640] [Dompred loss: 16.118095] time: 2:39:05.194970 
[Epoch 24/50] [Batch 500/516] [D loss: 0.129057, acc:  74%] [G loss: 43.369690, adv: 1.290758, cyc: 1.121372, id: 1.152211] [Dompred loss: 16.118095] time: 2:40:21.802689 
[Epoch 25/50] [Batch 0/516] [D loss: 0.002087, acc: 100%] [G loss: 42.804321, adv: 0.977096, cyc: 1.124178, id: 1.154752] [Dompred loss: 16.118095] time: 2:40:34.059824 
[Epoch 25/50] [Batch 100/516] [D loss: 0.002096, acc: 100%] [G loss: 43.034813, adv: 0.893341, cyc: 1.142274, id: 1.183735] [Dompred loss: 16.118095] time: 2:41:50.684453 
[Epoch 25/50] [Batch 200/516] [D loss: 0.171764, acc:  76%] [G loss: 44.599514, adv: 1.865385, cyc: 1.125018, id: 1.157829] [Dompred loss: 16.118095] time: 2:43:07.299893 
[Epoch 25/50] [Batch 300/516] [D loss: 0.158946, acc:  71%] [G loss: 42.550518, adv: 0.832844, cyc: 1.125765, id: 1.157782] [Dompred loss: 16.118095] time: 2:44:23.911960 
[Epoch 25/50] [Batch 400/516] [D loss: 0.001317, acc: 100%] [G loss: 42.905533, adv: 0.976707, cyc: 1.128828, id: 1.160481] [Dompred loss: 16.118095] time: 2:45:40.524403 
[Epoch 25/50] [Batch 500/516] [D loss: 2.057353, acc:  46%] [G loss: 41.465118, adv: 0.337872, cyc: 1.121421, id: 1.152411] [Dompred loss: 16.118095] time: 2:46:57.141204 
[Epoch 26/50] [Batch 0/516] [D loss: 0.001541, acc: 100%] [G loss: 42.937000, adv: 1.043034, cyc: 1.124204, id: 1.154968] [Dompred loss: 16.118095] time: 2:47:10.620916 
[Epoch 26/50] [Batch 100/516] [D loss: 8.111765, acc:  50%] [G loss: 101.375191, adv: 30.061480, cyc: 1.142464, id: 1.183851] [Dompred loss: 16.118095] time: 2:48:27.234595 
[Epoch 26/50] [Batch 200/516] [D loss: 0.039078, acc: 100%] [G loss: 42.709457, adv: 0.918922, cyc: 1.125162, id: 1.157869] [Dompred loss: 16.118095] time: 2:49:43.838175 
[Epoch 26/50] [Batch 300/516] [D loss: 0.462712, acc:  50%] [G loss: 87.072830, adv: 23.093853, cyc: 1.125778, id: 1.157735] [Dompred loss: 16.118095] time: 2:51:00.446963 
[Epoch 26/50] [Batch 400/516] [D loss: 0.049742, acc: 100%] [G loss: 203.182739, adv: 81.115273, cyc: 1.128837, id: 1.160369] [Dompred loss: 16.118095] time: 2:52:17.072211 
[Epoch 26/50] [Batch 500/516] [D loss: 0.193559, acc:  75%] [G loss: 42.108780, adv: 0.661303, cyc: 1.121269, id: 1.152235] [Dompred loss: 16.118095] time: 2:53:33.687861 
[Epoch 27/50] [Batch 0/516] [D loss: 0.002993, acc: 100%] [G loss: 42.879082, adv: 1.014668, cyc: 1.124157, id: 1.154900] [Dompred loss: 16.118095] time: 2:53:45.947016 
[Epoch 27/50] [Batch 100/516] [D loss: 0.742332, acc:  50%] [G loss: 45.666695, adv: 2.207062, cyc: 1.142486, id: 1.183827] [Dompred loss: 16.118095] time: 2:55:02.553566 
[Epoch 27/50] [Batch 200/516] [D loss: 0.045810, acc:  99%] [G loss: 42.768589, adv: 0.948429, cyc: 1.125166, id: 1.157949] [Dompred loss: 16.118095] time: 2:56:19.169816 
[Epoch 27/50] [Batch 300/516] [D loss: 0.341040, acc:  71%] [G loss: 46.391937, adv: 2.752857, cyc: 1.125839, id: 1.157739] [Dompred loss: 16.118095] time: 2:57:35.781863 
[Epoch 27/50] [Batch 400/516] [D loss: 0.097683, acc:  75%] [G loss: 42.863342, adv: 0.955801, cyc: 1.128805, id: 1.160533] [Dompred loss: 16.118095] time: 2:58:52.385770 
[Epoch 27/50] [Batch 500/516] [D loss: 48.933140, acc:  75%] [G loss: 42.944305, adv: 1.077559, cyc: 1.121418, id: 1.152237] [Dompred loss: 16.118095] time: 3:00:09.000135 
[Epoch 28/50] [Batch 0/516] [D loss: 0.133505, acc:  75%] [G loss: 42.572575, adv: 0.860997, cyc: 1.124196, id: 1.154790] [Dompred loss: 16.118095] time: 3:00:21.258925 
[Epoch 28/50] [Batch 100/516] [D loss: 0.003678, acc: 100%] [G loss: 43.401634, adv: 1.074542, cyc: 1.142484, id: 1.183791] [Dompred loss: 16.118095] time: 3:01:37.879539 
[Epoch 28/50] [Batch 200/516] [D loss: 1.941900, acc:  58%] [G loss: 42.562386, adv: 0.844478, cyc: 1.125267, id: 1.157808] [Dompred loss: 16.118095] time: 3:02:54.480251 
[Epoch 28/50] [Batch 300/516] [D loss: 0.084721, acc: 100%] [G loss: 42.525822, adv: 0.820511, cyc: 1.125749, id: 1.157955] [Dompred loss: 16.118095] time: 3:04:11.093159 
[Epoch 28/50] [Batch 400/516] [D loss: 0.001721, acc: 100%] [G loss: 42.865143, adv: 0.956513, cyc: 1.128825, id: 1.160551] [Dompred loss: 16.118095] time: 3:05:27.691279 
[Epoch 28/50] [Batch 500/516] [D loss: 0.003537, acc: 100%] [G loss: 42.726601, adv: 0.968410, cyc: 1.121441, id: 1.152355] [Dompred loss: 16.118095] time: 3:06:44.292527 
[Epoch 29/50] [Batch 0/516] [D loss: 0.005888, acc: 100%] [G loss: 42.750027, adv: 0.949512, cyc: 1.124219, id: 1.154912] [Dompred loss: 16.118095] time: 3:06:56.553864 
[Epoch 29/50] [Batch 100/516] [D loss: 0.244567, acc:  73%] [G loss: 43.239273, adv: 0.995115, cyc: 1.142311, id: 1.183851] [Dompred loss: 16.118095] time: 3:08:13.166016 
[Epoch 29/50] [Batch 200/516] [D loss: 0.007130, acc: 100%] [G loss: 42.325386, adv: 0.728106, cyc: 1.125034, id: 1.158019] [Dompred loss: 16.118095] time: 3:09:29.768717 
[Epoch 29/50] [Batch 300/516] [D loss: 0.080505, acc: 100%] [G loss: 44.354076, adv: 1.735217, cyc: 1.125697, id: 1.158030] [Dompred loss: 16.118095] time: 3:10:46.389170 
[Epoch 29/50] [Batch 400/516] [D loss: 13.855451, acc:  75%] [G loss: 42.012989, adv: 0.530260, cyc: 1.128843, id: 1.160476] [Dompred loss: 16.118095] time: 3:12:03.003116 
[Epoch 29/50] [Batch 500/516] [D loss: 0.001568, acc: 100%] [G loss: 42.776295, adv: 0.993527, cyc: 1.121424, id: 1.152237] [Dompred loss: 16.118095] time: 3:13:19.608351 
[Epoch 30/50] [Batch 0/516] [D loss: 0.093397, acc: 100%] [G loss: 43.993553, adv: 1.571712, cyc: 1.124177, id: 1.154702] [Dompred loss: 16.118095] time: 3:13:31.864568 
[Epoch 30/50] [Batch 100/516] [D loss: 2.164554, acc:  55%] [G loss: 42.250664, adv: 0.500498, cyc: 1.142340, id: 1.183783] [Dompred loss: 16.118095] time: 3:14:48.470937 
[Epoch 30/50] [Batch 200/516] [D loss: 0.111293, acc:  75%] [G loss: 43.090664, adv: 1.109288, cyc: 1.125181, id: 1.157912] [Dompred loss: 16.118095] time: 3:16:05.082254 
[Epoch 30/50] [Batch 300/516] [D loss: 0.008125, acc: 100%] [G loss: 43.204739, adv: 1.161559, cyc: 1.125603, id: 1.157845] [Dompred loss: 16.118095] time: 3:17:21.688892 
[Epoch 30/50] [Batch 400/516] [D loss: 0.005404, acc: 100%] [G loss: 43.006298, adv: 1.026706, cyc: 1.128866, id: 1.160475] [Dompred loss: 16.118095] time: 3:18:38.291387 
[Epoch 30/50] [Batch 500/516] [D loss: 0.030802, acc: 100%] [G loss: 43.143772, adv: 1.177736, cyc: 1.121376, id: 1.152218] [Dompred loss: 16.118095] time: 3:19:54.902826 
[Epoch 31/50] [Batch 0/516] [D loss: 0.158354, acc:  75%] [G loss: 60.334774, adv: 9.742036, cyc: 1.124215, id: 1.154825] [Dompred loss: 16.118095] time: 3:20:08.479341 
[Epoch 31/50] [Batch 100/516] [D loss: 0.057333, acc:  95%] [G loss: 43.184082, adv: 0.966226, cyc: 1.142442, id: 1.183868] [Dompred loss: 16.118095] time: 3:21:25.109323 
[Epoch 31/50] [Batch 200/516] [D loss: 0.025188, acc: 100%] [G loss: 42.113716, adv: 0.622064, cyc: 1.125061, id: 1.157800] [Dompred loss: 16.118095] time: 3:22:41.722657 
[Epoch 31/50] [Batch 300/516] [D loss: 2.797051, acc:  75%] [G loss: 42.807358, adv: 0.961880, cyc: 1.125698, id: 1.157748] [Dompred loss: 16.118095] time: 3:23:58.325074 
[Epoch 31/50] [Batch 400/516] [D loss: 0.004093, acc: 100%] [G loss: 43.559906, adv: 1.303673, cyc: 1.128849, id: 1.160576] [Dompred loss: 16.118095] time: 3:25:14.925510 
[Epoch 31/50] [Batch 500/516] [D loss: 0.014492, acc: 100%] [G loss: 42.453972, adv: 0.834123, cyc: 1.121243, id: 1.152060] [Dompred loss: 16.118095] time: 3:26:31.537055 
[Epoch 32/50] [Batch 0/516] [D loss: 1.453226, acc:  50%] [G loss: 246.306152, adv: 102.728065, cyc: 1.124151, id: 1.155049] [Dompred loss: 16.118095] time: 3:26:43.792090 
[Epoch 32/50] [Batch 100/516] [D loss: 0.032394, acc: 100%] [G loss: 42.362785, adv: 0.556121, cyc: 1.142377, id: 1.184000] [Dompred loss: 16.118095] time: 3:28:00.401305 
[Epoch 32/50] [Batch 200/516] [D loss: 0.002235, acc: 100%] [G loss: 42.948330, adv: 1.039274, cyc: 1.125079, id: 1.157892] [Dompred loss: 16.118095] time: 3:29:17.008480 
[Epoch 32/50] [Batch 300/516] [D loss: 0.161423, acc:  75%] [G loss: 42.908218, adv: 1.012008, cyc: 1.125737, id: 1.157883] [Dompred loss: 16.118095] time: 3:30:33.621599 
[Epoch 32/50] [Batch 400/516] [D loss: 0.036795, acc: 100%] [G loss: 51.843910, adv: 5.445802, cyc: 1.128832, id: 1.160527] [Dompred loss: 16.118095] time: 3:31:50.242390 
[Epoch 32/50] [Batch 500/516] [D loss: 0.036280, acc: 100%] [G loss: 42.220963, adv: 0.716493, cyc: 1.121346, id: 1.152372] [Dompred loss: 16.118095] time: 3:33:06.854009 
[Epoch 33/50] [Batch 0/516] [D loss: 0.001038, acc: 100%] [G loss: 42.839973, adv: 0.993056, cyc: 1.124351, id: 1.154898] [Dompred loss: 16.118095] time: 3:33:19.112011 
[Epoch 33/50] [Batch 100/516] [D loss: 0.030642, acc: 100%] [G loss: 42.594479, adv: 0.671783, cyc: 1.142413, id: 1.183692] [Dompred loss: 16.118095] time: 3:34:35.721700 
[Epoch 33/50] [Batch 200/516] [D loss: 0.314919, acc:  75%] [G loss: 99.835953, adv: 29.482203, cyc: 1.125107, id: 1.157969] [Dompred loss: 16.118095] time: 3:35:52.341030 
[Epoch 33/50] [Batch 300/516] [D loss: 0.825244, acc:  49%] [G loss: 45.239040, adv: 2.177671, cyc: 1.125699, id: 1.157985] [Dompred loss: 16.118095] time: 3:37:08.953970 
[Epoch 33/50] [Batch 400/516] [D loss: 0.085100, acc: 100%] [G loss: 42.931419, adv: 0.990233, cyc: 1.128750, id: 1.160805] [Dompred loss: 16.118095] time: 3:38:25.566895 
[Epoch 33/50] [Batch 500/516] [D loss: 1.128386, acc:  50%] [G loss: 43.266884, adv: 1.238009, cyc: 1.121503, id: 1.152283] [Dompred loss: 16.118095] time: 3:39:42.173627 
[Epoch 34/50] [Batch 0/516] [D loss: 0.001212, acc: 100%] [G loss: 42.718674, adv: 0.933482, cyc: 1.124251, id: 1.154841] [Dompred loss: 16.118095] time: 3:39:54.429507 
[Epoch 34/50] [Batch 100/516] [D loss: 0.010908, acc: 100%] [G loss: 42.707710, adv: 0.729698, cyc: 1.142304, id: 1.183510] [Dompred loss: 16.118095] time: 3:41:11.041274 
[Epoch 34/50] [Batch 200/516] [D loss: 0.008778, acc: 100%] [G loss: 43.310650, adv: 1.218127, cyc: 1.125297, id: 1.158026] [Dompred loss: 16.118095] time: 3:42:27.639736 
[Epoch 34/50] [Batch 300/516] [D loss: 1.476119, acc:  50%] [G loss: 59.950237, adv: 9.531079, cyc: 1.125931, id: 1.157740] [Dompred loss: 16.118095] time: 3:43:44.232655 
[Epoch 34/50] [Batch 400/516] [D loss: 0.011394, acc: 100%] [G loss: 43.545727, adv: 1.297088, cyc: 1.128772, id: 1.161030] [Dompred loss: 16.118095] time: 3:45:00.825234 
[Epoch 34/50] [Batch 500/516] [D loss: 0.002142, acc: 100%] [G loss: 42.490559, adv: 0.953568, cyc: 1.121287, id: 1.152266] [Dompred loss: 16.118095] time: 3:46:17.416484 
[Epoch 35/50] [Batch 0/516] [D loss: 1.463800, acc:  75%] [G loss: 43.039906, adv: 1.093879, cyc: 1.124299, id: 1.154878] [Dompred loss: 16.118095] time: 3:46:29.671686 
[Epoch 35/50] [Batch 100/516] [D loss: 0.439357, acc:  64%] [G loss: 42.515129, adv: 0.632783, cyc: 1.142346, id: 1.183629] [Dompred loss: 16.118095] time: 3:47:46.260188 
[Epoch 35/50] [Batch 200/516] [D loss: 0.032720, acc: 100%] [G loss: 42.730118, adv: 0.930181, cyc: 1.125072, id: 1.157901] [Dompred loss: 16.118095] time: 3:49:02.853400 
[Epoch 35/50] [Batch 300/516] [D loss: 9.025344, acc:  36%] [G loss: 142.019135, adv: 50.568562, cyc: 1.125603, id: 1.157802] [Dompred loss: 16.118095] time: 3:50:19.430294 
[Epoch 35/50] [Batch 400/516] [D loss: 0.497668, acc:  66%] [G loss: 45.698559, adv: 2.371371, cyc: 1.128983, id: 1.160800] [Dompred loss: 16.118095] time: 3:51:36.023847 
[Epoch 35/50] [Batch 500/516] [D loss: 0.501597, acc:  50%] [G loss: 64.960274, adv: 11.834592, cyc: 1.121312, id: 1.152412] [Dompred loss: 16.118095] time: 3:52:52.593693 
[Epoch 36/50] [Batch 0/516] [D loss: 0.003321, acc: 100%] [G loss: 43.014378, adv: 0.951903, cyc: 1.124524, id: 1.154878] [Dompred loss: 16.118095] time: 3:53:06.472703 
[Epoch 36/50] [Batch 100/516] [D loss: 0.016227, acc: 100%] [G loss: 44.565815, adv: 1.023044, cyc: 1.142308, id: 1.183896] [Dompred loss: 16.118095] time: 3:54:23.014546 
[Epoch 36/50] [Batch 200/516] [D loss: 0.931328, acc:  64%] [G loss: 44.858086, adv: 0.977317, cyc: 1.125075, id: 1.158068] [Dompred loss: 16.118095] time: 3:55:39.507612 
[Epoch 36/50] [Batch 300/516] [D loss: 0.083773, acc:  75%] [G loss: 46.550304, adv: 0.611959, cyc: 1.126704, id: 1.157898] [Dompred loss: 16.118095] time: 3:56:55.978407 
[Epoch 36/50] [Batch 400/516] [D loss: 0.002147, acc: 100%] [G loss: 43.150734, adv: 1.099125, cyc: 1.128831, id: 1.160755] [Dompred loss: 16.118095] time: 3:58:12.488761 
[Epoch 36/50] [Batch 500/516] [D loss: 0.440146, acc:  66%] [G loss: 44.723640, adv: 1.967173, cyc: 1.121413, id: 1.152417] [Dompred loss: 16.118095] time: 3:59:29.099990 
[Epoch 37/50] [Batch 0/516] [D loss: 0.106581, acc:  75%] [G loss: 43.044128, adv: 1.096039, cyc: 1.124263, id: 1.155018] [Dompred loss: 16.118095] time: 3:59:41.358592 
[Epoch 37/50] [Batch 100/516] [D loss: 0.121779, acc:  75%] [G loss: 46.454239, adv: 2.602299, cyc: 1.142340, id: 1.183802] [Dompred loss: 16.118095] time: 4:00:57.987249 
[Epoch 37/50] [Batch 200/516] [D loss: 0.007929, acc: 100%] [G loss: 42.985786, adv: 1.056831, cyc: 1.125181, id: 1.157964] [Dompred loss: 16.118095] time: 4:02:14.603212 
[Epoch 37/50] [Batch 300/516] [D loss: 0.357204, acc:  50%] [G loss: 91.298706, adv: 25.207106, cyc: 1.125740, id: 1.157966] [Dompred loss: 16.118095] time: 4:03:31.214401 
[Epoch 37/50] [Batch 400/516] [D loss: 20.202734, acc:  50%] [G loss: 42.046356, adv: 0.547310, cyc: 1.128802, id: 1.160585] [Dompred loss: 16.118095] time: 4:04:47.825614 
[Epoch 37/50] [Batch 500/516] [D loss: 0.005113, acc: 100%] [G loss: 42.818001, adv: 1.014426, cyc: 1.121399, id: 1.152550] [Dompred loss: 16.118095] time: 4:06:04.437688 
[Epoch 38/50] [Batch 0/516] [D loss: 0.072786, acc:  99%] [G loss: 42.088467, adv: 0.618914, cyc: 1.124189, id: 1.155079] [Dompred loss: 16.118095] time: 4:06:16.699027 
[Epoch 38/50] [Batch 100/516] [D loss: 0.019192, acc: 100%] [G loss: 43.717201, adv: 1.233516, cyc: 1.142368, id: 1.183785] [Dompred loss: 16.118095] time: 4:07:33.315302 
[Epoch 38/50] [Batch 200/516] [D loss: 0.116074, acc:  75%] [G loss: 44.804035, adv: 1.965840, cyc: 1.125198, id: 1.157844] [Dompred loss: 16.118095] time: 4:08:49.923281 
[Epoch 38/50] [Batch 300/516] [D loss: 25.257576, acc:  50%] [G loss: 102.151016, adv: 30.633232, cyc: 1.125751, id: 1.157800] [Dompred loss: 16.118095] time: 4:10:06.532334 
[Epoch 38/50] [Batch 400/516] [D loss: 40.818859, acc:  34%] [G loss: 46.355621, adv: 2.701593, cyc: 1.128846, id: 1.160410] [Dompred loss: 16.118095] time: 4:11:23.150021 
[Epoch 38/50] [Batch 500/516] [D loss: 0.003511, acc: 100%] [G loss: 42.768288, adv: 0.990203, cyc: 1.121347, id: 1.152332] [Dompred loss: 16.118095] time: 4:12:39.770635 
[Epoch 39/50] [Batch 0/516] [D loss: 0.035431, acc: 100%] [G loss: 43.071259, adv: 1.110007, cyc: 1.124242, id: 1.154632] [Dompred loss: 16.118095] time: 4:12:52.027336 
[Epoch 39/50] [Batch 100/516] [D loss: 0.140320, acc:  75%] [G loss: 42.763962, adv: 0.757397, cyc: 1.142327, id: 1.183597] [Dompred loss: 16.118095] time: 4:14:08.645589 
[Epoch 39/50] [Batch 200/516] [D loss: 0.480814, acc:  75%] [G loss: 46.604755, adv: 2.866250, cyc: 1.125187, id: 1.157963] [Dompred loss: 16.118095] time: 4:15:25.252729 
[Epoch 39/50] [Batch 300/516] [D loss: 0.008320, acc: 100%] [G loss: 42.354668, adv: 0.735636, cyc: 1.125692, id: 1.157819] [Dompred loss: 16.118095] time: 4:16:41.872333 
[Epoch 39/50] [Batch 400/516] [D loss: 1.368396, acc:  50%] [G loss: 42.231178, adv: 0.639508, cyc: 1.128818, id: 1.160688] [Dompred loss: 16.118095] time: 4:17:58.479960 
[Epoch 39/50] [Batch 500/516] [D loss: 0.474013, acc:  39%] [G loss: 41.929840, adv: 0.571045, cyc: 1.121352, id: 1.152091] [Dompred loss: 16.118095] time: 4:19:15.093654 
[Epoch 40/50] [Batch 0/516] [D loss: 0.260159, acc:  74%] [G loss: 52.965607, adv: 6.056910, cyc: 1.124265, id: 1.154705] [Dompred loss: 16.118095] time: 4:19:27.349554 
[Epoch 40/50] [Batch 100/516] [D loss: 0.006736, acc: 100%] [G loss: 43.260349, adv: 1.005817, cyc: 1.142284, id: 1.183996] [Dompred loss: 16.118095] time: 4:20:43.970188 
[Epoch 40/50] [Batch 200/516] [D loss: 0.842634, acc:  50%] [G loss: 42.172485, adv: 0.650865, cyc: 1.125129, id: 1.157638] [Dompred loss: 16.118095] time: 4:22:00.586203 
[Epoch 40/50] [Batch 300/516] [D loss: 2.997448, acc:  50%] [G loss: 101.698395, adv: 30.407093, cyc: 1.125726, id: 1.157964] [Dompred loss: 16.118095] time: 4:23:17.205877 
[Epoch 40/50] [Batch 400/516] [D loss: 0.002015, acc: 100%] [G loss: 43.159683, adv: 1.103409, cyc: 1.128865, id: 1.160459] [Dompred loss: 16.118095] time: 4:24:33.819002 
[Epoch 40/50] [Batch 500/516] [D loss: 0.627716, acc:  75%] [G loss: 63.869164, adv: 11.541053, cyc: 1.121313, id: 1.152179] [Dompred loss: 16.118095] time: 4:25:50.446291 
[Epoch 41/50] [Batch 0/516] [D loss: 0.469294, acc:  75%] [G loss: 42.694332, adv: 0.921826, cyc: 1.124209, id: 1.154727] [Dompred loss: 16.118095] time: 4:26:04.325381 
[Epoch 41/50] [Batch 100/516] [D loss: 0.102574, acc:  75%] [G loss: 43.238735, adv: 0.993204, cyc: 1.142480, id: 1.183699] [Dompred loss: 16.118095] time: 4:27:20.948716 
[Epoch 41/50] [Batch 200/516] [D loss: 0.035117, acc: 100%] [G loss: 62.128773, adv: 10.628001, cyc: 1.125203, id: 1.158170] [Dompred loss: 16.118095] time: 4:28:37.560049 
[Epoch 41/50] [Batch 300/516] [D loss: 0.249998, acc:  75%] [G loss: 42.997112, adv: 1.055995, cyc: 1.125778, id: 1.157831] [Dompred loss: 16.118095] time: 4:29:54.177660 
[Epoch 41/50] [Batch 400/516] [D loss: 0.001838, acc: 100%] [G loss: 42.915611, adv: 0.981767, cyc: 1.128810, id: 1.160776] [Dompred loss: 16.118095] time: 4:31:10.801916 
[Epoch 41/50] [Batch 500/516] [D loss: 0.057664, acc:  88%] [G loss: 43.971268, adv: 1.591902, cyc: 1.121335, id: 1.152158] [Dompred loss: 16.118095] time: 4:32:27.421143 
[Epoch 42/50] [Batch 0/516] [D loss: 0.013691, acc: 100%] [G loss: 42.746216, adv: 0.947692, cyc: 1.124215, id: 1.154763] [Dompred loss: 16.118095] time: 4:32:39.676798 
[Epoch 42/50] [Batch 100/516] [D loss: 0.017537, acc: 100%] [G loss: 42.353062, adv: 0.550542, cyc: 1.142453, id: 1.183884] [Dompred loss: 16.118095] time: 4:33:56.287338 
[Epoch 42/50] [Batch 200/516] [D loss: 0.023738, acc: 100%] [G loss: 42.147655, adv: 0.638321, cyc: 1.125119, id: 1.158085] [Dompred loss: 16.118095] time: 4:35:12.901829 
[Epoch 42/50] [Batch 300/516] [D loss: 0.686055, acc:  75%] [G loss: 42.839745, adv: 0.977123, cyc: 1.125798, id: 1.157817] [Dompred loss: 16.118095] time: 4:36:29.507295 
[Epoch 42/50] [Batch 400/516] [D loss: 0.873840, acc:  26%] [G loss: 49.843456, adv: 4.446213, cyc: 1.128773, id: 1.160467] [Dompred loss: 16.118095] time: 4:37:46.129919 
[Epoch 42/50] [Batch 500/516] [D loss: 0.107073, acc:  91%] [G loss: 41.842949, adv: 0.527749, cyc: 1.121324, id: 1.152358] [Dompred loss: 16.118095] time: 4:39:02.737349 
[Epoch 43/50] [Batch 0/516] [D loss: 0.956787, acc:  50%] [G loss: 44.382446, adv: 1.765457, cyc: 1.124247, id: 1.154809] [Dompred loss: 16.118095] time: 4:39:14.994189 
[Epoch 43/50] [Batch 100/516] [D loss: 0.009050, acc: 100%] [G loss: 42.773579, adv: 0.761855, cyc: 1.142347, id: 1.183886] [Dompred loss: 16.118095] time: 4:40:31.610268 
[Epoch 43/50] [Batch 200/516] [D loss: 0.648198, acc:  49%] [G loss: 42.583115, adv: 0.855604, cyc: 1.125178, id: 1.157809] [Dompred loss: 16.118095] time: 4:41:48.237047 
[Epoch 43/50] [Batch 300/516] [D loss: 0.006390, acc: 100%] [G loss: 43.062126, adv: 1.089065, cyc: 1.125719, id: 1.157891] [Dompred loss: 16.118095] time: 4:43:04.850229 
[Epoch 43/50] [Batch 400/516] [D loss: 0.295485, acc:  75%] [G loss: 42.820728, adv: 0.933078, cyc: 1.128943, id: 1.160612] [Dompred loss: 16.118095] time: 4:44:21.466771 
[Epoch 43/50] [Batch 500/516] [D loss: 7.135928, acc:  62%] [G loss: 42.401569, adv: 0.806898, cyc: 1.121353, id: 1.152111] [Dompred loss: 16.118095] time: 4:45:38.075934 
[Epoch 44/50] [Batch 0/516] [D loss: 0.319094, acc:  75%] [G loss: 45.664764, adv: 2.406252, cyc: 1.124289, id: 1.154703] [Dompred loss: 16.118095] time: 4:45:50.333745 
[Epoch 44/50] [Batch 100/516] [D loss: 0.203541, acc:  75%] [G loss: 43.225082, adv: 0.987215, cyc: 1.142389, id: 1.183844] [Dompred loss: 16.118095] time: 4:47:06.944416 
[Epoch 44/50] [Batch 200/516] [D loss: 0.055398, acc: 100%] [G loss: 43.193314, adv: 1.160506, cyc: 1.125189, id: 1.157965] [Dompred loss: 16.118095] time: 4:48:23.566159 
[Epoch 44/50] [Batch 300/516] [D loss: 0.080180, acc:  77%] [G loss: 42.557617, adv: 0.836810, cyc: 1.125718, id: 1.157913] [Dompred loss: 16.118095] time: 4:49:40.171357 
[Epoch 44/50] [Batch 400/516] [D loss: 0.016434, acc: 100%] [G loss: 43.015793, adv: 1.032021, cyc: 1.128783, id: 1.160992] [Dompred loss: 16.118095] time: 4:50:56.797176 
[Epoch 44/50] [Batch 500/516] [D loss: 13.319470, acc:  50%] [G loss: 43.653976, adv: 1.432722, cyc: 1.121383, id: 1.152251] [Dompred loss: 16.118095] time: 4:52:13.422100 
[Epoch 45/50] [Batch 0/516] [D loss: 0.109857, acc:  75%] [G loss: 42.781612, adv: 0.964724, cyc: 1.124281, id: 1.154770] [Dompred loss: 16.118095] time: 4:52:25.680540 
[Epoch 45/50] [Batch 100/516] [D loss: 0.039497, acc: 100%] [G loss: 43.163872, adv: 0.957785, cyc: 1.142282, id: 1.183622] [Dompred loss: 16.118095] time: 4:53:42.290900 
[Epoch 45/50] [Batch 200/516] [D loss: 0.771132, acc:  50%] [G loss: 46.801704, adv: 2.965245, cyc: 1.125144, id: 1.157786] [Dompred loss: 16.118095] time: 4:54:58.914045 
[Epoch 45/50] [Batch 300/516] [D loss: 0.053762, acc: 100%] [G loss: 42.988525, adv: 1.052224, cyc: 1.125731, id: 1.157718] [Dompred loss: 16.118095] time: 4:56:15.531738 
[Epoch 45/50] [Batch 400/516] [D loss: 0.008530, acc: 100%] [G loss: 42.741493, adv: 0.895507, cyc: 1.128743, id: 1.160510] [Dompred loss: 16.118095] time: 4:57:32.145459 
[Epoch 45/50] [Batch 500/516] [D loss: 0.037232, acc: 100%] [G loss: 43.124001, adv: 1.166963, cyc: 1.121450, id: 1.152467] [Dompred loss: 16.118095] time: 4:58:48.749608 
[Epoch 46/50] [Batch 0/516] [D loss: 1.803906, acc:  50%] [G loss: 43.651264, adv: 1.400417, cyc: 1.124196, id: 1.154731] [Dompred loss: 16.118095] time: 4:59:02.562859 
[Epoch 46/50] [Batch 100/516] [D loss: 0.061718, acc: 100%] [G loss: 43.335060, adv: 1.041511, cyc: 1.142478, id: 1.183456] [Dompred loss: 16.118095] time: 5:00:19.181943 
[Epoch 46/50] [Batch 200/516] [D loss: 0.156876, acc:  52%] [G loss: 43.918045, adv: 1.522962, cyc: 1.125174, id: 1.158104] [Dompred loss: 16.118095] time: 5:01:35.807673 
[Epoch 46/50] [Batch 300/516] [D loss: 0.009828, acc: 100%] [G loss: 42.299095, adv: 0.707504, cyc: 1.125736, id: 1.157642] [Dompred loss: 16.118095] time: 5:02:52.411100 
[Epoch 46/50] [Batch 400/516] [D loss: 0.001032, acc: 100%] [G loss: 42.915092, adv: 0.982384, cyc: 1.128736, id: 1.160500] [Dompred loss: 16.118095] time: 5:04:09.017780 
[Epoch 46/50] [Batch 500/516] [D loss: 0.008257, acc: 100%] [G loss: 43.240456, adv: 1.225400, cyc: 1.121448, id: 1.152077] [Dompred loss: 16.118095] time: 5:05:25.624071 
[Epoch 47/50] [Batch 0/516] [D loss: 0.084765, acc:  99%] [G loss: 42.477448, adv: 0.813469, cyc: 1.124193, id: 1.154878] [Dompred loss: 16.118095] time: 5:05:37.884925 
[Epoch 47/50] [Batch 100/516] [D loss: 0.003547, acc: 100%] [G loss: 43.068817, adv: 0.908984, cyc: 1.142387, id: 1.184069] [Dompred loss: 16.118095] time: 5:06:54.497464 
[Epoch 47/50] [Batch 200/516] [D loss: 0.253796, acc:  50%] [G loss: 43.931988, adv: 1.530544, cyc: 1.125117, id: 1.158012] [Dompred loss: 16.118095] time: 5:08:11.104940 
[Epoch 47/50] [Batch 300/516] [D loss: 5.726727, acc:  50%] [G loss: 42.999039, adv: 1.056817, cyc: 1.125799, id: 1.157691] [Dompred loss: 16.118095] time: 5:09:27.710846 
[Epoch 47/50] [Batch 400/516] [D loss: 0.691047, acc:  50%] [G loss: 595.119751, adv: 277.083832, cyc: 1.128814, id: 1.160743] [Dompred loss: 16.118095] time: 5:10:44.320558 
[Epoch 47/50] [Batch 500/516] [D loss: 0.024053, acc: 100%] [G loss: 43.876129, adv: 1.544087, cyc: 1.121367, id: 1.151999] [Dompred loss: 16.118095] time: 5:12:00.930680 
[Epoch 48/50] [Batch 0/516] [D loss: 0.014851, acc: 100%] [G loss: 42.400276, adv: 0.887299, cyc: 1.124234, id: 1.154667] [Dompred loss: 16.118095] time: 5:12:13.191981 
[Epoch 48/50] [Batch 100/516] [D loss: 2.854511, acc:  75%] [G loss: 44.248920, adv: 1.500081, cyc: 1.142300, id: 1.183715] [Dompred loss: 16.118095] time: 5:13:29.792920 
[Epoch 48/50] [Batch 200/516] [D loss: 0.889255, acc:  50%] [G loss: 41.843468, adv: 0.485245, cyc: 1.125229, id: 1.157851] [Dompred loss: 16.118095] time: 5:14:46.410313 
[Epoch 48/50] [Batch 300/516] [D loss: 0.100665, acc:  98%] [G loss: 42.439308, adv: 0.776949, cyc: 1.125800, id: 1.157693] [Dompred loss: 16.118095] time: 5:16:03.019307 
[Epoch 48/50] [Batch 400/516] [D loss: 0.096184, acc:  98%] [G loss: 52.560738, adv: 5.804808, cyc: 1.128773, id: 1.160550] [Dompred loss: 16.118095] time: 5:17:19.634354 
[Epoch 48/50] [Batch 500/516] [D loss: 0.005127, acc: 100%] [G loss: 42.660767, adv: 0.935519, cyc: 1.121438, id: 1.152358] [Dompred loss: 16.118095] time: 5:18:36.238796 
[Epoch 49/50] [Batch 0/516] [D loss: 0.977534, acc:  75%] [G loss: 42.508114, adv: 0.827674, cyc: 1.124302, id: 1.154955] [Dompred loss: 16.118095] time: 5:18:48.494195 
[Epoch 49/50] [Batch 100/516] [D loss: 0.149131, acc:  75%] [G loss: 42.833611, adv: 0.790994, cyc: 1.142437, id: 1.183845] [Dompred loss: 16.118095] time: 5:20:05.099922 
[Epoch 49/50] [Batch 200/516] [D loss: 0.001828, acc: 100%] [G loss: 42.864826, adv: 0.996551, cyc: 1.125165, id: 1.157871] [Dompred loss: 16.118095] time: 5:21:21.727392 
[Epoch 49/50] [Batch 300/516] [D loss: 0.063804, acc:  99%] [G loss: 43.107323, adv: 1.111752, cyc: 1.125711, id: 1.157871] [Dompred loss: 16.118095] time: 5:22:38.343141 
[Epoch 49/50] [Batch 400/516] [D loss: 0.479087, acc:  75%] [G loss: 128.923279, adv: 43.986156, cyc: 1.128768, id: 1.160499] [Dompred loss: 16.118095] time: 5:23:54.950828 
[Epoch 49/50] [Batch 500/516] [D loss: 0.642645, acc:  75%] [G loss: 43.199818, adv: 1.205402, cyc: 1.121395, id: 1.152506] [Dompred loss: 16.118095] time: 5:25:11.562602 
[Epoch 50/50] [Batch 0/516] [D loss: 0.012417, acc: 100%] [G loss: 41.921036, adv: 0.535291, cyc: 1.124196, id: 1.154761] [Dompred loss: 16.118095] time: 5:25:23.821454 
[Epoch 50/50] [Batch 100/516] [D loss: 0.012803, acc: 100%] [G loss: 43.081413, adv: 0.916548, cyc: 1.142265, id: 1.183979] [Dompred loss: 16.118095] time: 5:26:40.435645 
[Epoch 50/50] [Batch 200/516] [D loss: 0.005576, acc: 100%] [G loss: 42.848053, adv: 0.986751, cyc: 1.125317, id: 1.157672] [Dompred loss: 16.118095] time: 5:27:57.034173 
[Epoch 50/50] [Batch 300/516] [D loss: 0.025876, acc: 100%] [G loss: 42.825722, adv: 0.968780, cyc: 1.125920, id: 1.158042] [Dompred loss: 16.118095] time: 5:29:13.633315 
[Epoch 50/50] [Batch 400/516] [D loss: 0.024191, acc: 100%] [G loss: 42.429859, adv: 0.739647, cyc: 1.128726, id: 1.160946] [Dompred loss: 16.118095] time: 5:30:30.246615 
[Epoch 50/50] [Batch 500/516] [D loss: 0.034663, acc: 100%] [G loss: 43.506081, adv: 1.358514, cyc: 1.121403, id: 1.152375] [Dompred loss: 16.118095] time: 5:31:46.862061 
Train Finished.
